[INFO] Scanning for projects...
[WARNING] 
[WARNING] Some problems were encountered while building the effective model for org.jclouds.provider:cloudsigma-zrh:bundle:1.2.0-SNAPSHOT
[WARNING] 'parent.relativePath' of POM org.jclouds:jclouds-project:1.2.0-SNAPSHOT (/Users/adriancole/workspace/git/1.2.0/jclouds/project/pom.xml) points at org.jclouds:jclouds-multi instead of org.sonatype.oss:oss-parent, please verify your project structure @ org.jclouds:jclouds-project:1.2.0-SNAPSHOT, /Users/adriancole/workspace/git/1.2.0/jclouds/project/pom.xml, line 24, column 13
[WARNING] 
[WARNING] It is highly recommended to fix these problems because they threaten the stability of your build.
[WARNING] 
[WARNING] For this reason, future Maven versions might no longer support building such malformed projects.
[WARNING] 
[INFO]                                                                         
[INFO] ------------------------------------------------------------------------
[INFO] Building jclouds CloudSigma provider 1.2.0-SNAPSHOT
[INFO] ------------------------------------------------------------------------
[INFO] 
[INFO] --- maven-clean-plugin:2.4.1:clean (default-clean) @ cloudsigma-zrh ---
[INFO] Deleting /Users/adriancole/workspace/git/1.2.0/jclouds/providers/cloudsigma-zrh/target
[INFO] 
[INFO] --- maven-enforcer-plugin:1.0.1:enforce (enforce-maven) @ cloudsigma-zrh ---
[INFO] 
[INFO] --- maven-enforcer-plugin:1.0.1:enforce (enforce-banned-dependencies) @ cloudsigma-zrh ---
[INFO] 
[INFO] --- maven-enforcer-plugin:1.0.1:enforce (enforce-java) @ cloudsigma-zrh ---
[INFO] 
[INFO] --- maven-remote-resources-plugin:1.2:process (process-remote-resources) @ cloudsigma-zrh ---
[INFO] Setting property: classpath.resource.loader.class => 'org.codehaus.plexus.velocity.ContextClassLoaderResourceLoader'.
[INFO] Setting property: velocimacro.messages.on => 'false'.
[INFO] Setting property: resource.loader => 'classpath'.
[INFO] Setting property: resource.manager.logwhenfound => 'false'.
[INFO] 
[INFO] --- maven-resources-plugin:2.4.2:resources (default-resources) @ cloudsigma-zrh ---
[INFO] Using 'UTF-8' encoding to copy filtered resources.
[INFO] skip non existing resourceDirectory /Users/adriancole/workspace/git/1.2.0/jclouds/providers/cloudsigma-zrh/src/main/clojure
[INFO] Copying 1 resource
[INFO] Copying 2 resources
[INFO] 
[INFO] --- maven-compiler-plugin:2.3:compile (default-compile) @ cloudsigma-zrh ---
[INFO] Compiling 4 source files to /Users/adriancole/workspace/git/1.2.0/jclouds/providers/cloudsigma-zrh/target/classes
[INFO] 
[INFO] --- maven-resources-plugin:2.4.2:testResources (default-testResources) @ cloudsigma-zrh ---
[INFO] Using 'UTF-8' encoding to copy filtered resources.
[INFO] skip non existing resourceDirectory /Users/adriancole/workspace/git/1.2.0/jclouds/providers/cloudsigma-zrh/src/test/clojure
[INFO] skip non existing resourceDirectory /Users/adriancole/workspace/git/1.2.0/jclouds/providers/cloudsigma-zrh/src/test/resources
[INFO] Copying 2 resources
[INFO] 
[INFO] --- maven-compiler-plugin:2.3:testCompile (default-testCompile) @ cloudsigma-zrh ---
[INFO] Compiling 4 source files to /Users/adriancole/workspace/git/1.2.0/jclouds/providers/cloudsigma-zrh/target/test-classes
[INFO] 
[INFO] --- maven-surefire-plugin:2.5:test (default-test) @ cloudsigma-zrh ---
[INFO] Surefire report directory: /Users/adriancole/workspace/git/1.2.0/jclouds/providers/cloudsigma-zrh/target/surefire-reports

-------------------------------------------------------
 T E S T S
-------------------------------------------------------
Running TestSuite
Starting test testInRestProperties(org.jclouds.cloudsigma.CloudSigmaZurichProviderTest)
Starting test testWithId(org.jclouds.cloudsigma.CloudSigmaZurichProviderTest)
Starting test testOfTypeContains(org.jclouds.cloudsigma.CloudSigmaZurichProviderTest)
Starting test testAllContains(org.jclouds.cloudsigma.CloudSigmaZurichProviderTest)
[pool-2-thread-3] Test testAllContains(org.jclouds.cloudsigma.CloudSigmaZurichProviderTest) succeeded: 29ms
Test suite progress: tests succeeded: 1, failed: 0, skipped: 0.
[pool-2-thread-2] Test testWithId(org.jclouds.cloudsigma.CloudSigmaZurichProviderTest) succeeded: 32ms
Test suite progress: tests succeeded: 2, failed: 0, skipped: 0.
[pool-2-thread-4] Test testOfTypeContains(org.jclouds.cloudsigma.CloudSigmaZurichProviderTest) succeeded: 31ms
Test suite progress: tests succeeded: 3, failed: 0, skipped: 0.
[pool-2-thread-1] Test testInRestProperties(org.jclouds.cloudsigma.CloudSigmaZurichProviderTest) succeeded: 100ms
Test suite progress: tests succeeded: 4, failed: 0, skipped: 0.
Tests run: 4, Failures: 0, Errors: 0, Skipped: 0, Time elapsed: 0.457 sec

Results :

Tests run: 4, Failures: 0, Errors: 0, Skipped: 0

[INFO] 
[INFO] --- clojure-maven-plugin:1.3.3:test (test-clojure) @ cloudsigma-zrh ---

Testing user

Ran 0 tests containing 0 assertions.
0 failures, 0 errors.
[INFO] 
[INFO] --- maven-bundle-plugin:2.3.4:bundle (default-bundle) @ cloudsigma-zrh ---
[WARNING] Warning building bundle org.jclouds.provider:cloudsigma-zrh:bundle:1.2.0-SNAPSHOT : Instructions in Export-Package that are never used: org\.jclouds\.elastichosts\..*|org\.jclouds\.elastichosts
Classpath: Jar:.,Jar:cloudsigma,Jar:jclouds-compute,Jar:oauth,Jar:aopalliance,Jar:jersey-core,Jar:guice-assistedinject,Jar:guice,Jar:javax.inject,Jar:jsr250-api,Jar:gson,Jar:guava,Jar:jsr305,Jar:jclouds-scriptbuilder,Jar:jclouds-core,Jar:clojure,Jar:tools.logging,Jar:core.incubator

[WARNING] Warning building bundle org.jclouds.provider:cloudsigma-zrh:bundle:1.2.0-SNAPSHOT : Superfluous export-package instructions: [org.jclouds.elastichosts.*]
[INFO] 
[INFO] --- maven-source-plugin:2.1.1:jar-no-fork (attach-sources) @ cloudsigma-zrh ---
[INFO] Building jar: /Users/adriancole/workspace/git/1.2.0/jclouds/providers/cloudsigma-zrh/target/cloudsigma-zrh-1.2.0-SNAPSHOT-sources.jar
[INFO] 
[INFO] --- maven-javadoc-plugin:2.8:jar (javadoc) @ cloudsigma-zrh ---
[INFO] Skipping javadoc generation
[INFO] 
[INFO] --- maven-jar-plugin:2.3.1:test-jar (default) @ cloudsigma-zrh ---
[INFO] Building jar: /Users/adriancole/workspace/git/1.2.0/jclouds/providers/cloudsigma-zrh/target/cloudsigma-zrh-1.2.0-SNAPSHOT-tests.jar
[INFO] 
[INFO] --- maven-surefire-plugin:2.5:test (integration) @ cloudsigma-zrh ---
[INFO] Surefire report directory: /Users/adriancole/workspace/git/1.2.0/jclouds/providers/cloudsigma-zrh/target/surefire-reports

-------------------------------------------------------
 T E S T S
-------------------------------------------------------
Running TestSuite
Starting test testCreateAndDestroyVLAN(org.jclouds.cloudsigma.CloudSigmaZurichClientLiveTest)
Starting test testDefaultTemplateBuilder(org.jclouds.cloudsigma.compute.CloudSigmaZurichTemplateBuilderLiveTest)
Starting test setServiceDefaults(org.jclouds.cloudsigma.compute.CloudSigmaZurichComputeServiceLiveTest)
[pool-2-thread-3] Test setServiceDefaults(org.jclouds.cloudsigma.compute.CloudSigmaZurichComputeServiceLiveTest) succeeded: 0ms
Test suite progress: tests succeeded: 1, failed: 0, skipped: 0.
Starting test testCompareSizes(org.jclouds.cloudsigma.compute.CloudSigmaZurichComputeServiceLiveTest)
[pool-2-thread-2] Test testCreateAndDestroyVLAN(org.jclouds.cloudsigma.CloudSigmaZurichClientLiveTest) failed.
Test suite progress: tests succeeded: 1, failed: 1, skipped: 0.
Starting test testCreateDrive(org.jclouds.cloudsigma.CloudSigmaZurichClientLiveTest)
[pool-2-thread-2] Test testCreateDrive(org.jclouds.cloudsigma.CloudSigmaZurichClientLiveTest) succeeded: 26774ms
Test suite progress: tests succeeded: 2, failed: 1, skipped: 0.
Starting test testGetDrive(org.jclouds.cloudsigma.CloudSigmaZurichClientLiveTest)
Centos 5.5 Linux 64bit Preinstalled System with automated SSH Access
Windows Server Standard 2008 R2 64bit English
Windows Server 2008 Standard 32bit English
Diaspora Pod i686 1.0.1 SuSE Studio Appliance pub
Fedora 15 Linux 64bit Preinstalled System with automated SSH Access pub
CentOS 5 with cPanel Management Software
Centos 6.0 Linux 64bit Preinstalled System with automated SSH Access
CentOS 5.5 Linux 64bit Preinstalled System with Plesk
Fedora 14 Linux 64bit Preinstalled System
CentOS 5.5 Linux 64bit Preinstalled System with AppFirst Monitoring
Ubuntu 10.10 Server Edition LAMP Linux 64bit Preinstalled System
SQL Server Standard 2008 R2 - Windows Server Standard 2008 R2 - 64bit English
Ubuntu 10.10 Desktop Edition 64bit Preinstalled System
Windows Server Web 2008 R2 64bit English pub
Slackware 13.37 - 64bit pub
Debian 5.0 Preinstalled
Oracle Solaris 11 Express Preinstalled System pub
Ubuntu 11.04 Linux Server Edition 64bit Preinstalled System with automated SSH Access
pfSense 2.0 BETA4-20101127-031119 Preinstalled System
Debian 6.0 Micro Linux 64bit Preinstalled System pub
Ubuntu Lucid 64bit -- Root login with SSH enabled pub
FreeBSD 8.1 Preinstalled Base System
Ubuntu 11.04 Desktop Edition Linux 64bit Preinstalled System
FreeBSD 8.2 Preinstalled System
pfSense 2.0-RC3 20110907-130307 pub
Windows Server 2003 Standard 32bit English
Oct 16, 2011 4:00:06 AM org.jclouds.compute.BaseComputeServiceLiveTest testCompareSizes
INFO: smallest [id=cpu=1000.000000,ram=512,disk=10.000000, providerId=cpu=1000.000000,ram=512,disk=10.000000, name=null, processors=[[cores=1.0, speed=1000.0]], ram=512, volumes=[[id=null, type=LOCAL, size=10.0, device=null, durable=true, isBootDevice=true]], supportsImage=sizeLessThanOrEqual(10.0), tags=[]]
Oct 16, 2011 4:00:06 AM org.jclouds.compute.BaseComputeServiceLiveTest testCompareSizes
INFO: fastest [id=cpu=20000.000000,ram=512,disk=200.000000, providerId=cpu=20000.000000,ram=512,disk=200.000000, name=null, processors=[[cores=1.0, speed=20000.0]], ram=512, volumes=[[id=null, type=LOCAL, size=200.0, device=null, durable=true, isBootDevice=true]], supportsImage=sizeLessThanOrEqual(200.0), tags=[]]
Oct 16, 2011 4:00:06 AM org.jclouds.compute.BaseComputeServiceLiveTest testCompareSizes
INFO: biggest [id=cpu=20000.000000,ram=32768,disk=200.000000, providerId=cpu=20000.000000,ram=32768,disk=200.000000, name=null, processors=[[cores=1.0, speed=20000.0]], ram=32768, volumes=[[id=null, type=LOCAL, size=200.0, device=null, durable=true, isBootDevice=true]], supportsImage=sizeLessThanOrEqual(200.0), tags=[]]
[pool-2-thread-3] Test testCompareSizes(org.jclouds.cloudsigma.compute.CloudSigmaZurichComputeServiceLiveTest) succeeded: 318716ms
Test suite progress: tests succeeded: 3, failed: 1, skipped: 0.
Starting test testAScriptExecutionAfterBootWithBasicTemplate(org.jclouds.cloudsigma.compute.CloudSigmaZurichComputeServiceLiveTest)
[pool-2-thread-1] Test testDefaultTemplateBuilder(org.jclouds.cloudsigma.compute.CloudSigmaZurichTemplateBuilderLiveTest) succeeded: 319348ms
Test suite progress: tests succeeded: 4, failed: 1, skipped: 0.
Starting test testCompareSizes(org.jclouds.cloudsigma.compute.CloudSigmaZurichTemplateBuilderLiveTest)
smallest [id=cpu=1000.000000,ram=512,disk=10.000000, providerId=cpu=1000.000000,ram=512,disk=10.000000, name=null, processors=[[cores=1.0, speed=1000.0]], ram=512, volumes=[[id=null, type=LOCAL, size=10.0, device=null, durable=true, isBootDevice=true]], supportsImage=sizeLessThanOrEqual(10.0), tags=[]]
fastest [id=cpu=20000.000000,ram=512,disk=200.000000, providerId=cpu=20000.000000,ram=512,disk=200.000000, name=null, processors=[[cores=1.0, speed=20000.0]], ram=512, volumes=[[id=null, type=LOCAL, size=200.0, device=null, durable=true, isBootDevice=true]], supportsImage=sizeLessThanOrEqual(200.0), tags=[]]
biggest [id=cpu=20000.000000,ram=32768,disk=200.000000, providerId=cpu=20000.000000,ram=32768,disk=200.000000, name=null, processors=[[cores=1.0, speed=20000.0]], ram=32768, volumes=[[id=null, type=LOCAL, size=200.0, device=null, durable=true, isBootDevice=true]], supportsImage=sizeLessThanOrEqual(200.0), tags=[]]
[pool-2-thread-1] Test testCompareSizes(org.jclouds.cloudsigma.compute.CloudSigmaZurichTemplateBuilderLiveTest) succeeded: 1027ms
Test suite progress: tests succeeded: 5, failed: 1, skipped: 0.
Starting test testFromTemplate(org.jclouds.cloudsigma.compute.CloudSigmaZurichTemplateBuilderLiveTest)
[pool-2-thread-1] Test testFromTemplate(org.jclouds.cloudsigma.compute.CloudSigmaZurichTemplateBuilderLiveTest) succeeded: 4ms
Test suite progress: tests succeeded: 6, failed: 1, skipped: 0.
Starting test testGetAssignableLocations(org.jclouds.cloudsigma.compute.CloudSigmaZurichTemplateBuilderLiveTest)
[pool-2-thread-1] Test testGetAssignableLocations(org.jclouds.cloudsigma.compute.CloudSigmaZurichTemplateBuilderLiveTest) succeeded: 1ms
Test suite progress: tests succeeded: 7, failed: 1, skipped: 0.
location [id=cloudsigma-zrh, scope=PROVIDER, description=https://api.cloudsigma.com, parent=null, iso3166Codes=[CH-ZH], metadata={}]
Starting test testTemplateBuilderCanFind(org.jclouds.cloudsigma.compute.CloudSigmaZurichTemplateBuilderLiveTest)
[pool-2-thread-1] Test testTemplateBuilderCanFind(org.jclouds.cloudsigma.compute.CloudSigmaZurichTemplateBuilderLiveTest) succeeded: 2ms
Test suite progress: tests succeeded: 8, failed: 1, skipped: 0.
Starting test testTemplateBuilderCanFind(org.jclouds.cloudsigma.compute.CloudSigmaZurichTemplateBuilderLiveTest)
[pool-2-thread-1] Test testTemplateBuilderCanFind(org.jclouds.cloudsigma.compute.CloudSigmaZurichTemplateBuilderLiveTest) succeeded: 2ms
Test suite progress: tests succeeded: 9, failed: 1, skipped: 0.
Starting test testTemplateBuilderCanFind(org.jclouds.cloudsigma.compute.CloudSigmaZurichTemplateBuilderLiveTest)
[pool-2-thread-1] Test testTemplateBuilderCanFind(org.jclouds.cloudsigma.compute.CloudSigmaZurichTemplateBuilderLiveTest) succeeded: 2ms
Test suite progress: tests succeeded: 10, failed: 1, skipped: 0.
Starting test testTemplateBuilderCanFind(org.jclouds.cloudsigma.compute.CloudSigmaZurichTemplateBuilderLiveTest)
[pool-2-thread-1] Test testTemplateBuilderCanFind(org.jclouds.cloudsigma.compute.CloudSigmaZurichTemplateBuilderLiveTest) succeeded: 1ms
Test suite progress: tests succeeded: 11, failed: 1, skipped: 0.
Starting test testTemplateBuilderCanFind(org.jclouds.cloudsigma.compute.CloudSigmaZurichTemplateBuilderLiveTest)
[pool-2-thread-1] Test testTemplateBuilderCanFind(org.jclouds.cloudsigma.compute.CloudSigmaZurichTemplateBuilderLiveTest) succeeded: 1ms
Test suite progress: tests succeeded: 12, failed: 1, skipped: 0.
Starting test testTemplateBuilderCanFind(org.jclouds.cloudsigma.compute.CloudSigmaZurichTemplateBuilderLiveTest)
[pool-2-thread-1] Test testTemplateBuilderCanFind(org.jclouds.cloudsigma.compute.CloudSigmaZurichTemplateBuilderLiveTest) succeeded: 1ms
Test suite progress: tests succeeded: 13, failed: 1, skipped: 0.
Starting test testTemplateBuilderCanFind(org.jclouds.cloudsigma.compute.CloudSigmaZurichTemplateBuilderLiveTest)
[pool-2-thread-1] Test testTemplateBuilderCanFind(org.jclouds.cloudsigma.compute.CloudSigmaZurichTemplateBuilderLiveTest) succeeded: 2ms
Test suite progress: tests succeeded: 14, failed: 1, skipped: 0.
Starting test testTemplateBuilderCanFind(org.jclouds.cloudsigma.compute.CloudSigmaZurichTemplateBuilderLiveTest)
[pool-2-thread-1] Test testTemplateBuilderCanFind(org.jclouds.cloudsigma.compute.CloudSigmaZurichTemplateBuilderLiveTest) succeeded: 1ms
Test suite progress: tests succeeded: 15, failed: 1, skipped: 0.
Starting test testTemplateBuilderCanFind(org.jclouds.cloudsigma.compute.CloudSigmaZurichTemplateBuilderLiveTest)
[pool-2-thread-1] Test testTemplateBuilderCanFind(org.jclouds.cloudsigma.compute.CloudSigmaZurichTemplateBuilderLiveTest) succeeded: 1ms
Test suite progress: tests succeeded: 16, failed: 1, skipped: 0.
Starting test testTemplateBuilderCanFind(org.jclouds.cloudsigma.compute.CloudSigmaZurichTemplateBuilderLiveTest)
[pool-2-thread-1] Test testTemplateBuilderCanFind(org.jclouds.cloudsigma.compute.CloudSigmaZurichTemplateBuilderLiveTest) succeeded: 1ms
Test suite progress: tests succeeded: 17, failed: 1, skipped: 0.
Starting test testTemplateBuilderCanFind(org.jclouds.cloudsigma.compute.CloudSigmaZurichTemplateBuilderLiveTest)
[pool-2-thread-1] Test testTemplateBuilderCanFind(org.jclouds.cloudsigma.compute.CloudSigmaZurichTemplateBuilderLiveTest) succeeded: 1ms
Test suite progress: tests succeeded: 18, failed: 1, skipped: 0.
Starting test testTemplateBuilderCanFind(org.jclouds.cloudsigma.compute.CloudSigmaZurichTemplateBuilderLiveTest)
[pool-2-thread-1] Test testTemplateBuilderCanFind(org.jclouds.cloudsigma.compute.CloudSigmaZurichTemplateBuilderLiveTest) succeeded: 1ms
Test suite progress: tests succeeded: 19, failed: 1, skipped: 0.
Starting test testTemplateBuilderCanFind(org.jclouds.cloudsigma.compute.CloudSigmaZurichTemplateBuilderLiveTest)
[pool-2-thread-1] Test testTemplateBuilderCanFind(org.jclouds.cloudsigma.compute.CloudSigmaZurichTemplateBuilderLiveTest) succeeded: 1ms
Test suite progress: tests succeeded: 20, failed: 1, skipped: 0.
Starting test testTemplateBuilderCanFind(org.jclouds.cloudsigma.compute.CloudSigmaZurichTemplateBuilderLiveTest)
[pool-2-thread-1] Test testTemplateBuilderCanFind(org.jclouds.cloudsigma.compute.CloudSigmaZurichTemplateBuilderLiveTest) succeeded: 2ms
Test suite progress: tests succeeded: 21, failed: 1, skipped: 0.
Starting test testTemplateBuilderCanFind(org.jclouds.cloudsigma.compute.CloudSigmaZurichTemplateBuilderLiveTest)
[pool-2-thread-1] Test testTemplateBuilderCanFind(org.jclouds.cloudsigma.compute.CloudSigmaZurichTemplateBuilderLiveTest) succeeded: 1ms
Test suite progress: tests succeeded: 22, failed: 1, skipped: 0.
Starting test testTemplateBuilderCanFind(org.jclouds.cloudsigma.compute.CloudSigmaZurichTemplateBuilderLiveTest)
[pool-2-thread-1] Test testTemplateBuilderCanFind(org.jclouds.cloudsigma.compute.CloudSigmaZurichTemplateBuilderLiveTest) succeeded: 1ms
Test suite progress: tests succeeded: 23, failed: 1, skipped: 0.
Starting test testTemplateBuilderCanFind(org.jclouds.cloudsigma.compute.CloudSigmaZurichTemplateBuilderLiveTest)
[pool-2-thread-1] Test testTemplateBuilderCanFind(org.jclouds.cloudsigma.compute.CloudSigmaZurichTemplateBuilderLiveTest) succeeded: 1ms
Test suite progress: tests succeeded: 24, failed: 1, skipped: 0.
Starting test testTemplateBuilderCanFind(org.jclouds.cloudsigma.compute.CloudSigmaZurichTemplateBuilderLiveTest)
[pool-2-thread-1] Test testTemplateBuilderCanFind(org.jclouds.cloudsigma.compute.CloudSigmaZurichTemplateBuilderLiveTest) succeeded: 2ms
Test suite progress: tests succeeded: 25, failed: 1, skipped: 0.
Starting test testTemplateBuilderCanFind(org.jclouds.cloudsigma.compute.CloudSigmaZurichTemplateBuilderLiveTest)
[pool-2-thread-1] Test testTemplateBuilderCanFind(org.jclouds.cloudsigma.compute.CloudSigmaZurichTemplateBuilderLiveTest) succeeded: 1ms
Test suite progress: tests succeeded: 26, failed: 1, skipped: 0.
Starting test testTemplateBuilderCanFind(org.jclouds.cloudsigma.compute.CloudSigmaZurichTemplateBuilderLiveTest)
[pool-2-thread-1] Test testTemplateBuilderCanFind(org.jclouds.cloudsigma.compute.CloudSigmaZurichTemplateBuilderLiveTest) succeeded: 2ms
Test suite progress: tests succeeded: 27, failed: 1, skipped: 0.
Starting test testTemplateBuilderCanFind(org.jclouds.cloudsigma.compute.CloudSigmaZurichTemplateBuilderLiveTest)
[pool-2-thread-1] Test testTemplateBuilderCanFind(org.jclouds.cloudsigma.compute.CloudSigmaZurichTemplateBuilderLiveTest) succeeded: 8ms
Test suite progress: tests succeeded: 28, failed: 1, skipped: 0.
Starting test testTemplateBuilderCanFind(org.jclouds.cloudsigma.compute.CloudSigmaZurichTemplateBuilderLiveTest)
[pool-2-thread-1] Test testTemplateBuilderCanFind(org.jclouds.cloudsigma.compute.CloudSigmaZurichTemplateBuilderLiveTest) succeeded: 1ms
Test suite progress: tests succeeded: 29, failed: 1, skipped: 0.
Starting test testTemplateBuilderCanFind(org.jclouds.cloudsigma.compute.CloudSigmaZurichTemplateBuilderLiveTest)
[pool-2-thread-1] Test testTemplateBuilderCanFind(org.jclouds.cloudsigma.compute.CloudSigmaZurichTemplateBuilderLiveTest) succeeded: 1ms
Test suite progress: tests succeeded: 30, failed: 1, skipped: 0.
Starting test testTemplateBuilderCanFind(org.jclouds.cloudsigma.compute.CloudSigmaZurichTemplateBuilderLiveTest)
[pool-2-thread-1] Test testTemplateBuilderCanFind(org.jclouds.cloudsigma.compute.CloudSigmaZurichTemplateBuilderLiveTest) succeeded: 1ms
Test suite progress: tests succeeded: 31, failed: 1, skipped: 0.
Starting test testTemplateBuilderCanUseImageId(org.jclouds.cloudsigma.compute.CloudSigmaZurichTemplateBuilderLiveTest)
[pool-2-thread-1] Test testTemplateBuilderCanUseImageId(org.jclouds.cloudsigma.compute.CloudSigmaZurichTemplateBuilderLiveTest) succeeded: 2ms
Test suite progress: tests succeeded: 32, failed: 1, skipped: 0.
Starting test testTemplateBuilderCannotFind(org.jclouds.cloudsigma.compute.CloudSigmaZurichTemplateBuilderLiveTest)
[pool-2-thread-1] Test testTemplateBuilderCannotFind(org.jclouds.cloudsigma.compute.CloudSigmaZurichTemplateBuilderLiveTest) succeeded: 4ms
Test suite progress: tests succeeded: 33, failed: 1, skipped: 0.
Starting test testTemplateBuilderCannotFind(org.jclouds.cloudsigma.compute.CloudSigmaZurichTemplateBuilderLiveTest)
[pool-2-thread-1] Test testTemplateBuilderCannotFind(org.jclouds.cloudsigma.compute.CloudSigmaZurichTemplateBuilderLiveTest) succeeded: 1ms
Test suite progress: tests succeeded: 34, failed: 1, skipped: 0.
Starting test testTemplateBuilderCannotFind(org.jclouds.cloudsigma.compute.CloudSigmaZurichTemplateBuilderLiveTest)
[pool-2-thread-1] Test testTemplateBuilderCannotFind(org.jclouds.cloudsigma.compute.CloudSigmaZurichTemplateBuilderLiveTest) succeeded: 1ms
Test suite progress: tests succeeded: 35, failed: 1, skipped: 0.
Starting test testTemplateBuilderCannotFind(org.jclouds.cloudsigma.compute.CloudSigmaZurichTemplateBuilderLiveTest)
[pool-2-thread-1] Test testTemplateBuilderCannotFind(org.jclouds.cloudsigma.compute.CloudSigmaZurichTemplateBuilderLiveTest) succeeded: 1ms
Test suite progress: tests succeeded: 36, failed: 1, skipped: 0.
Starting test testTemplateBuilderCannotFind(org.jclouds.cloudsigma.compute.CloudSigmaZurichTemplateBuilderLiveTest)
[pool-2-thread-1] Test testTemplateBuilderCannotFind(org.jclouds.cloudsigma.compute.CloudSigmaZurichTemplateBuilderLiveTest) succeeded: 1ms
Test suite progress: tests succeeded: 37, failed: 1, skipped: 0.
Starting test testTemplateBuilderCannotFind(org.jclouds.cloudsigma.compute.CloudSigmaZurichTemplateBuilderLiveTest)
[pool-2-thread-1] Test testTemplateBuilderCannotFind(org.jclouds.cloudsigma.compute.CloudSigmaZurichTemplateBuilderLiveTest) succeeded: 0ms
Test suite progress: tests succeeded: 38, failed: 1, skipped: 0.
Starting test testTemplateBuilderCannotFind(org.jclouds.cloudsigma.compute.CloudSigmaZurichTemplateBuilderLiveTest)
[pool-2-thread-1] Test testTemplateBuilderCannotFind(org.jclouds.cloudsigma.compute.CloudSigmaZurichTemplateBuilderLiveTest) succeeded: 1ms
Test suite progress: tests succeeded: 39, failed: 1, skipped: 0.
Starting test testTemplateBuilderCannotFind(org.jclouds.cloudsigma.compute.CloudSigmaZurichTemplateBuilderLiveTest)
[pool-2-thread-1] Test testTemplateBuilderCannotFind(org.jclouds.cloudsigma.compute.CloudSigmaZurichTemplateBuilderLiveTest) succeeded: 1ms
Test suite progress: tests succeeded: 40, failed: 1, skipped: 0.
Starting test testTemplateBuilderCannotFind(org.jclouds.cloudsigma.compute.CloudSigmaZurichTemplateBuilderLiveTest)
[pool-2-thread-1] Test testTemplateBuilderCannotFind(org.jclouds.cloudsigma.compute.CloudSigmaZurichTemplateBuilderLiveTest) succeeded: 1ms
Test suite progress: tests succeeded: 41, failed: 1, skipped: 0.
Starting test testTemplateBuilderCannotFind(org.jclouds.cloudsigma.compute.CloudSigmaZurichTemplateBuilderLiveTest)
[pool-2-thread-1] Test testTemplateBuilderCannotFind(org.jclouds.cloudsigma.compute.CloudSigmaZurichTemplateBuilderLiveTest) succeeded: 1ms
Test suite progress: tests succeeded: 42, failed: 1, skipped: 0.
Starting test testTemplateBuilderCannotFind(org.jclouds.cloudsigma.compute.CloudSigmaZurichTemplateBuilderLiveTest)
[pool-2-thread-1] Test testTemplateBuilderCannotFind(org.jclouds.cloudsigma.compute.CloudSigmaZurichTemplateBuilderLiveTest) succeeded: 1ms
Test suite progress: tests succeeded: 43, failed: 1, skipped: 0.
Starting test testTemplateBuilderCannotFind(org.jclouds.cloudsigma.compute.CloudSigmaZurichTemplateBuilderLiveTest)
[pool-2-thread-1] Test testTemplateBuilderCannotFind(org.jclouds.cloudsigma.compute.CloudSigmaZurichTemplateBuilderLiveTest) succeeded: 9ms
Test suite progress: tests succeeded: 44, failed: 1, skipped: 0.
Starting test testTemplateBuilderCannotFind(org.jclouds.cloudsigma.compute.CloudSigmaZurichTemplateBuilderLiveTest)
[pool-2-thread-1] Test testTemplateBuilderCannotFind(org.jclouds.cloudsigma.compute.CloudSigmaZurichTemplateBuilderLiveTest) succeeded: 1ms
Test suite progress: tests succeeded: 45, failed: 1, skipped: 0.
Starting test testTemplateBuilderCannotFind(org.jclouds.cloudsigma.compute.CloudSigmaZurichTemplateBuilderLiveTest)
[pool-2-thread-1] Test testTemplateBuilderCannotFind(org.jclouds.cloudsigma.compute.CloudSigmaZurichTemplateBuilderLiveTest) succeeded: 1ms
Test suite progress: tests succeeded: 46, failed: 1, skipped: 0.
Starting test testTemplateBuilderCannotFind(org.jclouds.cloudsigma.compute.CloudSigmaZurichTemplateBuilderLiveTest)
[pool-2-thread-1] Test testTemplateBuilderCannotFind(org.jclouds.cloudsigma.compute.CloudSigmaZurichTemplateBuilderLiveTest) succeeded: 1ms
Test suite progress: tests succeeded: 47, failed: 1, skipped: 0.
Starting test testTemplateBuilderCannotFind(org.jclouds.cloudsigma.compute.CloudSigmaZurichTemplateBuilderLiveTest)
[pool-2-thread-1] Test testTemplateBuilderCannotFind(org.jclouds.cloudsigma.compute.CloudSigmaZurichTemplateBuilderLiveTest) succeeded: 1ms
Test suite progress: tests succeeded: 48, failed: 1, skipped: 0.
Starting test testTemplateBuilderCannotFind(org.jclouds.cloudsigma.compute.CloudSigmaZurichTemplateBuilderLiveTest)
[pool-2-thread-1] Test testTemplateBuilderCannotFind(org.jclouds.cloudsigma.compute.CloudSigmaZurichTemplateBuilderLiveTest) succeeded: 1ms
Test suite progress: tests succeeded: 49, failed: 1, skipped: 0.
Starting test testTemplateBuilderCannotFind(org.jclouds.cloudsigma.compute.CloudSigmaZurichTemplateBuilderLiveTest)
[pool-2-thread-1] Test testTemplateBuilderCannotFind(org.jclouds.cloudsigma.compute.CloudSigmaZurichTemplateBuilderLiveTest) succeeded: 1ms
Test suite progress: tests succeeded: 50, failed: 1, skipped: 0.
Starting test testTemplateBuilderCannotFind(org.jclouds.cloudsigma.compute.CloudSigmaZurichTemplateBuilderLiveTest)
[pool-2-thread-1] Test testTemplateBuilderCannotFind(org.jclouds.cloudsigma.compute.CloudSigmaZurichTemplateBuilderLiveTest) succeeded: 1ms
Test suite progress: tests succeeded: 51, failed: 1, skipped: 0.
Starting test testTemplateBuilderCannotFind(org.jclouds.cloudsigma.compute.CloudSigmaZurichTemplateBuilderLiveTest)
[pool-2-thread-1] Test testTemplateBuilderCannotFind(org.jclouds.cloudsigma.compute.CloudSigmaZurichTemplateBuilderLiveTest) succeeded: 1ms
Test suite progress: tests succeeded: 52, failed: 1, skipped: 0.
Starting test testTemplateBuilderCannotFind(org.jclouds.cloudsigma.compute.CloudSigmaZurichTemplateBuilderLiveTest)
[pool-2-thread-1] Test testTemplateBuilderCannotFind(org.jclouds.cloudsigma.compute.CloudSigmaZurichTemplateBuilderLiveTest) succeeded: 1ms
Test suite progress: tests succeeded: 53, failed: 1, skipped: 0.
Starting test testTemplateBuilderCannotFind(org.jclouds.cloudsigma.compute.CloudSigmaZurichTemplateBuilderLiveTest)
[pool-2-thread-1] Test testTemplateBuilderCannotFind(org.jclouds.cloudsigma.compute.CloudSigmaZurichTemplateBuilderLiveTest) succeeded: 1ms
Test suite progress: tests succeeded: 54, failed: 1, skipped: 0.
Starting test testTemplateBuilderCannotFind(org.jclouds.cloudsigma.compute.CloudSigmaZurichTemplateBuilderLiveTest)
[pool-2-thread-1] Test testTemplateBuilderCannotFind(org.jclouds.cloudsigma.compute.CloudSigmaZurichTemplateBuilderLiveTest) succeeded: 3ms
Test suite progress: tests succeeded: 55, failed: 1, skipped: 0.
Starting test testTemplateBuilderCannotFind(org.jclouds.cloudsigma.compute.CloudSigmaZurichTemplateBuilderLiveTest)
[pool-2-thread-1] Test testTemplateBuilderCannotFind(org.jclouds.cloudsigma.compute.CloudSigmaZurichTemplateBuilderLiveTest) succeeded: 2ms
Test suite progress: tests succeeded: 56, failed: 1, skipped: 0.
Starting test testTemplateBuilderCannotFind(org.jclouds.cloudsigma.compute.CloudSigmaZurichTemplateBuilderLiveTest)
[pool-2-thread-1] Test testTemplateBuilderCannotFind(org.jclouds.cloudsigma.compute.CloudSigmaZurichTemplateBuilderLiveTest) succeeded: 2ms
Test suite progress: tests succeeded: 57, failed: 1, skipped: 0.
Starting test testTemplateBuilderCannotFind(org.jclouds.cloudsigma.compute.CloudSigmaZurichTemplateBuilderLiveTest)
[pool-2-thread-1] Test testTemplateBuilderCannotFind(org.jclouds.cloudsigma.compute.CloudSigmaZurichTemplateBuilderLiveTest) succeeded: 2ms
Test suite progress: tests succeeded: 58, failed: 1, skipped: 0.
Starting test testTemplateBuilderCannotFind(org.jclouds.cloudsigma.compute.CloudSigmaZurichTemplateBuilderLiveTest)
[pool-2-thread-1] Test testTemplateBuilderCannotFind(org.jclouds.cloudsigma.compute.CloudSigmaZurichTemplateBuilderLiveTest) succeeded: 1ms
Test suite progress: tests succeeded: 59, failed: 1, skipped: 0.
Starting test testTemplateBuilderCannotFind(org.jclouds.cloudsigma.compute.CloudSigmaZurichTemplateBuilderLiveTest)
[pool-2-thread-1] Test testTemplateBuilderCannotFind(org.jclouds.cloudsigma.compute.CloudSigmaZurichTemplateBuilderLiveTest) succeeded: 2ms
Test suite progress: tests succeeded: 60, failed: 1, skipped: 0.
Starting test testTemplateBuilderCannotFind(org.jclouds.cloudsigma.compute.CloudSigmaZurichTemplateBuilderLiveTest)
[pool-2-thread-1] Test testTemplateBuilderCannotFind(org.jclouds.cloudsigma.compute.CloudSigmaZurichTemplateBuilderLiveTest) succeeded: 1ms
Test suite progress: tests succeeded: 61, failed: 1, skipped: 0.
Starting test testTemplateBuilderCannotFind(org.jclouds.cloudsigma.compute.CloudSigmaZurichTemplateBuilderLiveTest)
[pool-2-thread-1] Test testTemplateBuilderCannotFind(org.jclouds.cloudsigma.compute.CloudSigmaZurichTemplateBuilderLiveTest) succeeded: 2ms
Test suite progress: tests succeeded: 62, failed: 1, skipped: 0.
Starting test testTemplateBuilderCannotFind(org.jclouds.cloudsigma.compute.CloudSigmaZurichTemplateBuilderLiveTest)
[pool-2-thread-1] Test testTemplateBuilderCannotFind(org.jclouds.cloudsigma.compute.CloudSigmaZurichTemplateBuilderLiveTest) succeeded: 1ms
Test suite progress: tests succeeded: 63, failed: 1, skipped: 0.
Starting test testTemplateBuilderCannotFind(org.jclouds.cloudsigma.compute.CloudSigmaZurichTemplateBuilderLiveTest)
[pool-2-thread-1] Test testTemplateBuilderCannotFind(org.jclouds.cloudsigma.compute.CloudSigmaZurichTemplateBuilderLiveTest) succeeded: 1ms
Test suite progress: tests succeeded: 64, failed: 1, skipped: 0.
Starting test testTemplateBuilderCannotFind(org.jclouds.cloudsigma.compute.CloudSigmaZurichTemplateBuilderLiveTest)
[pool-2-thread-1] Test testTemplateBuilderCannotFind(org.jclouds.cloudsigma.compute.CloudSigmaZurichTemplateBuilderLiveTest) succeeded: 1ms
Test suite progress: tests succeeded: 65, failed: 1, skipped: 0.
Starting test testTemplateBuilderCannotFind(org.jclouds.cloudsigma.compute.CloudSigmaZurichTemplateBuilderLiveTest)
[pool-2-thread-1] Test testTemplateBuilderCannotFind(org.jclouds.cloudsigma.compute.CloudSigmaZurichTemplateBuilderLiveTest) succeeded: 1ms
Test suite progress: tests succeeded: 66, failed: 1, skipped: 0.
Starting test testTemplateBuilderCannotFind(org.jclouds.cloudsigma.compute.CloudSigmaZurichTemplateBuilderLiveTest)
[pool-2-thread-1] Test testTemplateBuilderCannotFind(org.jclouds.cloudsigma.compute.CloudSigmaZurichTemplateBuilderLiveTest) succeeded: 2ms
Test suite progress: tests succeeded: 67, failed: 1, skipped: 0.
Starting test testTemplateBuilderCannotFind(org.jclouds.cloudsigma.compute.CloudSigmaZurichTemplateBuilderLiveTest)
[pool-2-thread-1] Test testTemplateBuilderCannotFind(org.jclouds.cloudsigma.compute.CloudSigmaZurichTemplateBuilderLiveTest) succeeded: 0ms
Test suite progress: tests succeeded: 68, failed: 1, skipped: 0.
Starting test testTemplateBuilderCannotFind(org.jclouds.cloudsigma.compute.CloudSigmaZurichTemplateBuilderLiveTest)
[pool-2-thread-1] Test testTemplateBuilderCannotFind(org.jclouds.cloudsigma.compute.CloudSigmaZurichTemplateBuilderLiveTest) succeeded: 2ms
Test suite progress: tests succeeded: 69, failed: 1, skipped: 0.
Starting test testTemplateBuilderCannotFind(org.jclouds.cloudsigma.compute.CloudSigmaZurichTemplateBuilderLiveTest)
[pool-2-thread-1] Test testTemplateBuilderCannotFind(org.jclouds.cloudsigma.compute.CloudSigmaZurichTemplateBuilderLiveTest) succeeded: 2ms
Test suite progress: tests succeeded: 70, failed: 1, skipped: 0.
Starting test testTemplateBuilderCannotFind(org.jclouds.cloudsigma.compute.CloudSigmaZurichTemplateBuilderLiveTest)
[pool-2-thread-1] Test testTemplateBuilderCannotFind(org.jclouds.cloudsigma.compute.CloudSigmaZurichTemplateBuilderLiveTest) succeeded: 0ms
Test suite progress: tests succeeded: 71, failed: 1, skipped: 0.
Starting test testTemplateBuilderCannotFind(org.jclouds.cloudsigma.compute.CloudSigmaZurichTemplateBuilderLiveTest)
[pool-2-thread-1] Test testTemplateBuilderCannotFind(org.jclouds.cloudsigma.compute.CloudSigmaZurichTemplateBuilderLiveTest) succeeded: 2ms
Test suite progress: tests succeeded: 72, failed: 1, skipped: 0.
Starting test testTemplateBuilderCannotFind(org.jclouds.cloudsigma.compute.CloudSigmaZurichTemplateBuilderLiveTest)
[pool-2-thread-1] Test testTemplateBuilderCannotFind(org.jclouds.cloudsigma.compute.CloudSigmaZurichTemplateBuilderLiveTest) succeeded: 1ms
Test suite progress: tests succeeded: 73, failed: 1, skipped: 0.
Starting test testTemplateBuilderCannotFind(org.jclouds.cloudsigma.compute.CloudSigmaZurichTemplateBuilderLiveTest)
[pool-2-thread-1] Test testTemplateBuilderCannotFind(org.jclouds.cloudsigma.compute.CloudSigmaZurichTemplateBuilderLiveTest) succeeded: 1ms
Test suite progress: tests succeeded: 74, failed: 1, skipped: 0.
Starting test testTemplateBuilderCannotFind(org.jclouds.cloudsigma.compute.CloudSigmaZurichTemplateBuilderLiveTest)
[pool-2-thread-1] Test testTemplateBuilderCannotFind(org.jclouds.cloudsigma.compute.CloudSigmaZurichTemplateBuilderLiveTest) succeeded: 0ms
Test suite progress: tests succeeded: 75, failed: 1, skipped: 0.
Starting test testTemplateBuilderCannotFind(org.jclouds.cloudsigma.compute.CloudSigmaZurichTemplateBuilderLiveTest)
[pool-2-thread-1] Test testTemplateBuilderCannotFind(org.jclouds.cloudsigma.compute.CloudSigmaZurichTemplateBuilderLiveTest) succeeded: 1ms
Test suite progress: tests succeeded: 76, failed: 1, skipped: 0.
Starting test testTemplateBuilderCannotFind(org.jclouds.cloudsigma.compute.CloudSigmaZurichTemplateBuilderLiveTest)
[pool-2-thread-1] Test testTemplateBuilderCannotFind(org.jclouds.cloudsigma.compute.CloudSigmaZurichTemplateBuilderLiveTest) succeeded: 1ms
Test suite progress: tests succeeded: 77, failed: 1, skipped: 0.
Starting test testTemplateBuilderCannotFind(org.jclouds.cloudsigma.compute.CloudSigmaZurichTemplateBuilderLiveTest)
[pool-2-thread-1] Test testTemplateBuilderCannotFind(org.jclouds.cloudsigma.compute.CloudSigmaZurichTemplateBuilderLiveTest) succeeded: 0ms
Test suite progress: tests succeeded: 78, failed: 1, skipped: 0.
Starting test testTemplateBuilderCannotFind(org.jclouds.cloudsigma.compute.CloudSigmaZurichTemplateBuilderLiveTest)
[pool-2-thread-1] Test testTemplateBuilderCannotFind(org.jclouds.cloudsigma.compute.CloudSigmaZurichTemplateBuilderLiveTest) succeeded: 1ms
Test suite progress: tests succeeded: 79, failed: 1, skipped: 0.
Starting test testTemplateBuilderCannotFind(org.jclouds.cloudsigma.compute.CloudSigmaZurichTemplateBuilderLiveTest)
[pool-2-thread-1] Test testTemplateBuilderCannotFind(org.jclouds.cloudsigma.compute.CloudSigmaZurichTemplateBuilderLiveTest) succeeded: 1ms
Test suite progress: tests succeeded: 80, failed: 1, skipped: 0.
Starting test testTemplateBuilderCannotFind(org.jclouds.cloudsigma.compute.CloudSigmaZurichTemplateBuilderLiveTest)
[pool-2-thread-1] Test testTemplateBuilderCannotFind(org.jclouds.cloudsigma.compute.CloudSigmaZurichTemplateBuilderLiveTest) succeeded: 0ms
Test suite progress: tests succeeded: 81, failed: 1, skipped: 0.
Starting test testTemplateBuilderCannotFind(org.jclouds.cloudsigma.compute.CloudSigmaZurichTemplateBuilderLiveTest)
[pool-2-thread-1] Test testTemplateBuilderCannotFind(org.jclouds.cloudsigma.compute.CloudSigmaZurichTemplateBuilderLiveTest) succeeded: 1ms
Test suite progress: tests succeeded: 82, failed: 1, skipped: 0.
Starting test testTemplateBuilderCannotFind(org.jclouds.cloudsigma.compute.CloudSigmaZurichTemplateBuilderLiveTest)
[pool-2-thread-1] Test testTemplateBuilderCannotFind(org.jclouds.cloudsigma.compute.CloudSigmaZurichTemplateBuilderLiveTest) succeeded: 0ms
Test suite progress: tests succeeded: 83, failed: 1, skipped: 0.
Starting test testTemplateBuilderCannotFind(org.jclouds.cloudsigma.compute.CloudSigmaZurichTemplateBuilderLiveTest)
[pool-2-thread-1] Test testTemplateBuilderCannotFind(org.jclouds.cloudsigma.compute.CloudSigmaZurichTemplateBuilderLiveTest) succeeded: 1ms
Test suite progress: tests succeeded: 84, failed: 1, skipped: 0.
Starting test testTemplateBuilderCannotFind(org.jclouds.cloudsigma.compute.CloudSigmaZurichTemplateBuilderLiveTest)
[pool-2-thread-1] Test testTemplateBuilderCannotFind(org.jclouds.cloudsigma.compute.CloudSigmaZurichTemplateBuilderLiveTest) succeeded: 0ms
Test suite progress: tests succeeded: 85, failed: 1, skipped: 0.
Starting test testTemplateBuilderCannotFind(org.jclouds.cloudsigma.compute.CloudSigmaZurichTemplateBuilderLiveTest)
[pool-2-thread-1] Test testTemplateBuilderCannotFind(org.jclouds.cloudsigma.compute.CloudSigmaZurichTemplateBuilderLiveTest) succeeded: 0ms
Test suite progress: tests succeeded: 86, failed: 1, skipped: 0.
Starting test testTemplateBuilderCannotFind(org.jclouds.cloudsigma.compute.CloudSigmaZurichTemplateBuilderLiveTest)
[pool-2-thread-1] Test testTemplateBuilderCannotFind(org.jclouds.cloudsigma.compute.CloudSigmaZurichTemplateBuilderLiveTest) succeeded: 1ms
Test suite progress: tests succeeded: 87, failed: 1, skipped: 0.
Starting test testTemplateBuilderCannotFind(org.jclouds.cloudsigma.compute.CloudSigmaZurichTemplateBuilderLiveTest)
[pool-2-thread-1] Test testTemplateBuilderCannotFind(org.jclouds.cloudsigma.compute.CloudSigmaZurichTemplateBuilderLiveTest) succeeded: 0ms
Test suite progress: tests succeeded: 88, failed: 1, skipped: 0.
Starting test testTemplateBuilderCannotFind(org.jclouds.cloudsigma.compute.CloudSigmaZurichTemplateBuilderLiveTest)
[pool-2-thread-1] Test testTemplateBuilderCannotFind(org.jclouds.cloudsigma.compute.CloudSigmaZurichTemplateBuilderLiveTest) succeeded: 1ms
Test suite progress: tests succeeded: 89, failed: 1, skipped: 0.
Starting test testTemplateBuilderCannotFind(org.jclouds.cloudsigma.compute.CloudSigmaZurichTemplateBuilderLiveTest)
[pool-2-thread-1] Test testTemplateBuilderCannotFind(org.jclouds.cloudsigma.compute.CloudSigmaZurichTemplateBuilderLiveTest) succeeded: 1ms
Test suite progress: tests succeeded: 90, failed: 1, skipped: 0.
Debian 6.0 No X Minimal Linux 64bit Preinstalled System
Debian 6.0 No X Full Install Linux 64bit Preinstalled System
Windows Server 2003 Standard 64bit English
Oracle Solaris 10 Preinstalled System pub
Ubuntu 10.04 Linux Server Edition 64bit Preinstalled System with automated SSH Access
Debian 5.0 Preinstalled without X
[pool-2-thread-2] Test testGetDrive(org.jclouds.cloudsigma.CloudSigmaZurichClientLiveTest) succeeded: 316571ms
Test suite progress: tests succeeded: 91, failed: 1, skipped: 0.
Starting test testGetProfileInfo(org.jclouds.cloudsigma.CloudSigmaZurichClientLiveTest)
[pool-2-thread-2] Test testGetProfileInfo(org.jclouds.cloudsigma.CloudSigmaZurichClientLiveTest) succeeded: 995ms
Test suite progress: tests succeeded: 92, failed: 1, skipped: 0.
Starting test testGetServer(org.jclouds.cloudsigma.CloudSigmaZurichClientLiveTest)
[pool-2-thread-2] Test testGetServer(org.jclouds.cloudsigma.CloudSigmaZurichClientLiveTest) succeeded: 2176ms
Test suite progress: tests succeeded: 93, failed: 1, skipped: 0.
Starting test testGetStaticIP(org.jclouds.cloudsigma.CloudSigmaZurichClientLiveTest)
[pool-2-thread-2] Test testGetStaticIP(org.jclouds.cloudsigma.CloudSigmaZurichClientLiveTest) succeeded: 8431ms
Test suite progress: tests succeeded: 94, failed: 1, skipped: 0.
Starting test testGetVLAN(org.jclouds.cloudsigma.CloudSigmaZurichClientLiveTest)
[pool-2-thread-2] Test testGetVLAN(org.jclouds.cloudsigma.CloudSigmaZurichClientLiveTest) succeeded: 991ms
Test suite progress: tests succeeded: 95, failed: 1, skipped: 0.
Starting test testListDriveInfo(org.jclouds.cloudsigma.CloudSigmaZurichClientLiveTest)
[pool-2-thread-2] Test testListDriveInfo(org.jclouds.cloudsigma.CloudSigmaZurichClientLiveTest) succeeded: 3072ms
Test suite progress: tests succeeded: 96, failed: 1, skipped: 0.
Starting test testListDrives(org.jclouds.cloudsigma.CloudSigmaZurichClientLiveTest)
[pool-2-thread-2] Test testListDrives(org.jclouds.cloudsigma.CloudSigmaZurichClientLiveTest) succeeded: 1064ms
Test suite progress: tests succeeded: 97, failed: 1, skipped: 0.
Starting test testListServerInfo(org.jclouds.cloudsigma.CloudSigmaZurichClientLiveTest)
[pool-2-thread-2] Test testListServerInfo(org.jclouds.cloudsigma.CloudSigmaZurichClientLiveTest) succeeded: 1226ms
Test suite progress: tests succeeded: 98, failed: 1, skipped: 0.
Starting test testListServers(org.jclouds.cloudsigma.CloudSigmaZurichClientLiveTest)
[pool-2-thread-2] Test testListServers(org.jclouds.cloudsigma.CloudSigmaZurichClientLiveTest) succeeded: 1002ms
Test suite progress: tests succeeded: 99, failed: 1, skipped: 0.
Starting test testListStandardCds(org.jclouds.cloudsigma.CloudSigmaZurichClientLiveTest)
[pool-2-thread-2] Test testListStandardCds(org.jclouds.cloudsigma.CloudSigmaZurichClientLiveTest) succeeded: 1091ms
Test suite progress: tests succeeded: 100, failed: 1, skipped: 0.
Starting test testListStandardDrives(org.jclouds.cloudsigma.CloudSigmaZurichClientLiveTest)
[pool-2-thread-2] Test testListStandardDrives(org.jclouds.cloudsigma.CloudSigmaZurichClientLiveTest) succeeded: 1039ms
Test suite progress: tests succeeded: 101, failed: 1, skipped: 0.
Starting test testListStandardImages(org.jclouds.cloudsigma.CloudSigmaZurichClientLiveTest)
[pool-2-thread-2] Test testListStandardImages(org.jclouds.cloudsigma.CloudSigmaZurichClientLiveTest) succeeded: 1008ms
Test suite progress: tests succeeded: 102, failed: 1, skipped: 0.
Starting test testListStaticIPInfo(org.jclouds.cloudsigma.CloudSigmaZurichClientLiveTest)
[pool-2-thread-2] Test testListStaticIPInfo(org.jclouds.cloudsigma.CloudSigmaZurichClientLiveTest) succeeded: 1083ms
Test suite progress: tests succeeded: 103, failed: 1, skipped: 0.
Starting test testListStaticIPs(org.jclouds.cloudsigma.CloudSigmaZurichClientLiveTest)
[pool-2-thread-2] Test testListStaticIPs(org.jclouds.cloudsigma.CloudSigmaZurichClientLiveTest) succeeded: 1040ms
Test suite progress: tests succeeded: 104, failed: 1, skipped: 0.
Starting test testListVLANInfo(org.jclouds.cloudsigma.CloudSigmaZurichClientLiveTest)
[pool-2-thread-2] Test testListVLANInfo(org.jclouds.cloudsigma.CloudSigmaZurichClientLiveTest) succeeded: 1847ms
Test suite progress: tests succeeded: 105, failed: 1, skipped: 0.
Starting test testListVLANs(org.jclouds.cloudsigma.CloudSigmaZurichClientLiveTest)
[pool-2-thread-2] Test testListVLANs(org.jclouds.cloudsigma.CloudSigmaZurichClientLiveTest) succeeded: 989ms
Test suite progress: tests succeeded: 106, failed: 1, skipped: 0.
Starting test testSetDriveData(org.jclouds.cloudsigma.CloudSigmaZurichClientLiveTest)
[pool-2-thread-2] Test testSetDriveData(org.jclouds.cloudsigma.CloudSigmaZurichClientLiveTest) succeeded: 1378ms
Test suite progress: tests succeeded: 107, failed: 1, skipped: 0.
Starting test testCreateAndDestroyStaticIP(org.jclouds.cloudsigma.CloudSigmaZurichClientLiveTest)
Oct 16, 2011 4:01:18 AM org.jclouds.cloudsigma.CloudSigmaClientLiveTest testCreateAndDestroyStaticIP
INFO: preparing drive
after prepare[size=8589934592, claimType=exclusive, readers=[], uuid=dcc8a786-eb6e-406e-ab1c-50ebf11e92bc, name=rediculous, use=[general], status=active, user=58ca3c1f-7629-4771-9b71-863f40153ba4, claimed=[], encryptionCipher=null, imaging=null, metrics=[readBytes=4096, readRequests=1, writeBytes=8589938688, writeRequests=2099201]]
Oct 16, 2011 4:01:33 AM org.jclouds.cloudsigma.CloudSigmaClientLiveTest testCreateAndDestroyStaticIP
INFO: starting server
SLF4J: Failed to load class "org.slf4j.impl.StaticLoggerBinder".
SLF4J: Defaulting to no-operation (NOP) logger implementation
SLF4J: See http://www.slf4j.org/codes.html#StaticLoggerBinder for further details.
<< problem applying options to node(2a0047bf-82e5-4a0e-967f-f602769c784c): 
org.jclouds.rest.AuthorizationException: (root:password@178.22.65.201:22) (root:password@178.22.65.201:22) error acquiring SSHClient(timeout=60000): Exhausted available authentication methods
	at org.jclouds.sshj.SshjSshClient.propagate(SshjSshClient.java:413)
	at org.jclouds.sshj.SshjSshClient.acquire(SshjSshClient.java:244)
	at org.jclouds.sshj.SshjSshClient.connect(SshjSshClient.java:255)
	at org.jclouds.compute.callables.RunScriptOnNodeUsingSsh.call(RunScriptOnNodeUsingSsh.java:73)
	at org.jclouds.compute.strategy.RunScriptOnNodeAndAddToGoodMapOrPutExceptionIntoBadMap.call(RunScriptOnNodeAndAddToGoodMapOrPutExceptionIntoBadMap.java:69)
	at org.jclouds.compute.strategy.RunScriptOnNodeAndAddToGoodMapOrPutExceptionIntoBadMap.call(RunScriptOnNodeAndAddToGoodMapOrPutExceptionIntoBadMap.java:44)
	at java.util.concurrent.FutureTask$Sync.innerRun(FutureTask.java:303)
	at java.util.concurrent.FutureTask.run(FutureTask.java:138)
	at java.util.concurrent.ThreadPoolExecutor$Worker.runTask(ThreadPoolExecutor.java:886)
	at java.util.concurrent.ThreadPoolExecutor$Worker.run(ThreadPoolExecutor.java:908)
	at java.lang.Thread.run(Thread.java:680)
Caused by: net.schmizz.sshj.userauth.UserAuthException: Exhausted available authentication methods
	at net.schmizz.sshj.userauth.UserAuthImpl.authenticate(UserAuthImpl.java:114)
	at net.schmizz.sshj.SSHClient.auth(SSHClient.java:204)
	at net.schmizz.sshj.SSHClient.auth(SSHClient.java:189)
	at net.schmizz.sshj.SSHClient.authPassword(SSHClient.java:265)
	at net.schmizz.sshj.SSHClient.authPassword(SSHClient.java:235)
	at net.schmizz.sshj.SSHClient.authPassword(SSHClient.java:219)
	at org.jclouds.sshj.SshjSshClient$1.create(SshjSshClient.java:195)
	at org.jclouds.sshj.SshjSshClient$1.create(SshjSshClient.java:171)
	at org.jclouds.sshj.SshjSshClient.acquire(SshjSshClient.java:220)
	... 9 more
Caused by: net.schmizz.sshj.userauth.UserAuthException: keyboard-interactive auth not allowed by server
	at net.schmizz.sshj.userauth.UserAuthImpl.authenticate(UserAuthImpl.java:81)
	... 17 more
[pool-2-thread-2] Test testCreateAndDestroyStaticIP(org.jclouds.cloudsigma.CloudSigmaZurichClientLiveTest) failed.
Test suite progress: tests succeeded: 107, failed: 2, skipped: 0.
[pool-2-thread-2] Test testCreateAndStartServer(org.jclouds.cloudsigma.CloudSigmaZurichClientLiveTest) skipped.
Test suite progress: tests succeeded: 107, failed: 2, skipped: 1.
[pool-2-thread-2] Test testConnectivity(org.jclouds.cloudsigma.CloudSigmaZurichClientLiveTest) skipped.
Test suite progress: tests succeeded: 107, failed: 2, skipped: 2.
[pool-2-thread-2] Test testLifeCycle(org.jclouds.cloudsigma.CloudSigmaZurichClientLiveTest) skipped.
Test suite progress: tests succeeded: 107, failed: 2, skipped: 3.
[pool-2-thread-2] Test testSetServerConfiguration(org.jclouds.cloudsigma.CloudSigmaZurichClientLiveTest) skipped.
Test suite progress: tests succeeded: 107, failed: 2, skipped: 4.
[pool-2-thread-2] Test testDestroyServer(org.jclouds.cloudsigma.CloudSigmaZurichClientLiveTest) skipped.
Test suite progress: tests succeeded: 107, failed: 2, skipped: 5.
[pool-2-thread-2] Test testDestroyDrive(org.jclouds.cloudsigma.CloudSigmaZurichClientLiveTest) skipped.
Test suite progress: tests succeeded: 107, failed: 2, skipped: 6.
[pool-2-thread-3] Test testAScriptExecutionAfterBootWithBasicTemplate(org.jclouds.cloudsigma.compute.CloudSigmaZurichComputeServiceLiveTest) succeeded: 271906ms
Test suite progress: tests succeeded: 108, failed: 2, skipped: 6.
Starting test testCorrectAuthException(org.jclouds.cloudsigma.compute.CloudSigmaZurichComputeServiceLiveTest)
[pool-2-thread-3] Test testCorrectAuthException(org.jclouds.cloudsigma.compute.CloudSigmaZurichComputeServiceLiveTest) succeeded: 1201ms
Test suite progress: tests succeeded: 109, failed: 2, skipped: 6.
Starting test testCreateAndRunAService(org.jclouds.cloudsigma.compute.CloudSigmaZurichComputeServiceLiveTest)
Oct 16, 2011 4:06:07 AM org.jclouds.compute.BaseComputeServiceLiveTest testCreateAndRunAService
INFO: << available node(706f4440-41dc-4e43-950a-d068364b8834) os([name=Ubuntu 10.04 Linux Server Edition 64bit Preinstalled System with automated SSH Access, family=ubuntu, version=10.04, arch=null, is64Bit=false, description=This is a ready server system drive for instant deployment which offers automated SSH access using the VNC password for initial SSH access.]) in 87s
Oct 16, 2011 4:09:12 AM org.jclouds.compute.BaseComputeServiceLiveTest testCreateAndRunAService
INFO: << configured node(706f4440-41dc-4e43-950a-d068364b8834) with java full version "1.6.0_22-b22" in 179s
Oct 16, 2011 4:09:27 AM org.jclouds.compute.BaseComputeServiceLiveTest trackAvailabilityOfProcessOnNode
INFO: << initial start of jboss on node(706f4440-41dc-4e43-950a-d068364b8834) [backgroundProcessSeconds=8, socketOpenMilliseconds=10558, reportedStartupTimeMilliseconds=3284]
Oct 16, 2011 4:09:42 AM org.jclouds.compute.BaseComputeServiceLiveTest trackAvailabilityOfProcessOnNode
INFO: << warm start of jboss on node(706f4440-41dc-4e43-950a-d068364b8834) [backgroundProcessSeconds=4, socketOpenMilliseconds=6134, reportedStartupTimeMilliseconds=3080]
[pool-2-thread-3] Test testCreateAndRunAService(org.jclouds.cloudsigma.compute.CloudSigmaZurichComputeServiceLiveTest) succeeded: 335595ms
Test suite progress: tests succeeded: 110, failed: 2, skipped: 6.
Starting test testCreateTwoNodesWithRunScript(org.jclouds.cloudsigma.compute.CloudSigmaZurichComputeServiceLiveTest)
[pool-2-thread-3] Test testCreateTwoNodesWithRunScript(org.jclouds.cloudsigma.compute.CloudSigmaZurichComputeServiceLiveTest) succeeded: 716122ms
Test suite progress: tests succeeded: 111, failed: 2, skipped: 6.
Starting test testCreateAnotherNodeWithANewContextToEnsureSharedMemIsntRequired(org.jclouds.cloudsigma.compute.CloudSigmaZurichComputeServiceLiveTest)
Oct 16, 2011 4:22:11 AM org.jclouds.compute.BaseComputeServiceLiveTest testCreateAnotherNodeWithANewContextToEnsureSharedMemIsntRequired
INFO: creating another node based on existing nodes' location: [id=cloudsigma-zrh, scope=PROVIDER, description=https://api.cloudsigma.com, parent=null, iso3166Codes=[CH-ZH], metadata={}]
[pool-2-thread-3] Test testCreateAnotherNodeWithANewContextToEnsureSharedMemIsntRequired(org.jclouds.cloudsigma.compute.CloudSigmaZurichComputeServiceLiveTest) succeeded: 595573ms
Test suite progress: tests succeeded: 112, failed: 2, skipped: 6.
Starting test testCredentialsCache(org.jclouds.cloudsigma.compute.CloudSigmaZurichComputeServiceLiveTest)
[pool-2-thread-3] Test testCredentialsCache(org.jclouds.cloudsigma.compute.CloudSigmaZurichComputeServiceLiveTest) succeeded: 81ms
Test suite progress: tests succeeded: 113, failed: 2, skipped: 6.
Starting test testGet(org.jclouds.cloudsigma.compute.CloudSigmaZurichComputeServiceLiveTest)
[pool-2-thread-3] Test testGet(org.jclouds.cloudsigma.compute.CloudSigmaZurichComputeServiceLiveTest) succeeded: 348089ms
Test suite progress: tests succeeded: 114, failed: 2, skipped: 6.
Starting test testGetAssignableLocations(org.jclouds.cloudsigma.compute.CloudSigmaZurichComputeServiceLiveTest)
Oct 16, 2011 4:37:54 AM org.jclouds.compute.BaseComputeServiceLiveTest testGetAssignableLocations
WARNING: location [id=cloudsigma-zrh, scope=PROVIDER, description=https://api.cloudsigma.com, parent=null, iso3166Codes=[CH-ZH], metadata={}]
[pool-2-thread-3] Test testGetAssignableLocations(org.jclouds.cloudsigma.compute.CloudSigmaZurichComputeServiceLiveTest) succeeded: 1ms
Test suite progress: tests succeeded: 115, failed: 2, skipped: 6.
Starting test testImagesCache(org.jclouds.cloudsigma.compute.CloudSigmaZurichComputeServiceLiveTest)
[pool-2-thread-3] Test testImagesCache(org.jclouds.cloudsigma.compute.CloudSigmaZurichComputeServiceLiveTest) succeeded: 0ms
Test suite progress: tests succeeded: 116, failed: 2, skipped: 6.
Starting test testListImages(org.jclouds.cloudsigma.compute.CloudSigmaZurichComputeServiceLiveTest)
[pool-2-thread-3] Test testListImages(org.jclouds.cloudsigma.compute.CloudSigmaZurichComputeServiceLiveTest) succeeded: 1ms
Test suite progress: tests succeeded: 117, failed: 2, skipped: 6.
Starting test testListSizes(org.jclouds.cloudsigma.compute.CloudSigmaZurichComputeServiceLiveTest)
[pool-2-thread-3] Test testListSizes(org.jclouds.cloudsigma.compute.CloudSigmaZurichComputeServiceLiveTest) succeeded: 1ms
Test suite progress: tests succeeded: 118, failed: 2, skipped: 6.
Starting test testReboot(org.jclouds.cloudsigma.compute.CloudSigmaZurichComputeServiceLiveTest)
[pool-2-thread-3] Test testReboot(org.jclouds.cloudsigma.compute.CloudSigmaZurichComputeServiceLiveTest) succeeded: 18052ms
Test suite progress: tests succeeded: 119, failed: 2, skipped: 6.
Starting test testSuspendResume(org.jclouds.cloudsigma.compute.CloudSigmaZurichComputeServiceLiveTest)
[pool-2-thread-3] Test testSuspendResume(org.jclouds.cloudsigma.compute.CloudSigmaZurichComputeServiceLiveTest) succeeded: 131587ms
Test suite progress: tests succeeded: 120, failed: 2, skipped: 6.
Starting test testGetNodesWithDetails(org.jclouds.cloudsigma.compute.CloudSigmaZurichComputeServiceLiveTest)
[pool-2-thread-3] Test testGetNodesWithDetails(org.jclouds.cloudsigma.compute.CloudSigmaZurichComputeServiceLiveTest) succeeded: 1430ms
Test suite progress: tests succeeded: 121, failed: 2, skipped: 6.
Starting test testListNodes(org.jclouds.cloudsigma.compute.CloudSigmaZurichComputeServiceLiveTest)
[pool-2-thread-3] Test testListNodes(org.jclouds.cloudsigma.compute.CloudSigmaZurichComputeServiceLiveTest) succeeded: 1771ms
Test suite progress: tests succeeded: 122, failed: 2, skipped: 6.
Starting test testDestroyNodes(org.jclouds.cloudsigma.compute.CloudSigmaZurichComputeServiceLiveTest)
[pool-2-thread-3] Test testDestroyNodes(org.jclouds.cloudsigma.compute.CloudSigmaZurichComputeServiceLiveTest) succeeded: 40757ms
Test suite progress: tests succeeded: 123, failed: 2, skipped: 6.
Starting test testTemplateMatch(org.jclouds.cloudsigma.compute.CloudSigmaZurichComputeServiceLiveTest)
[pool-2-thread-3] Test testTemplateMatch(org.jclouds.cloudsigma.compute.CloudSigmaZurichComputeServiceLiveTest) succeeded: 3ms
Test suite progress: tests succeeded: 124, failed: 2, skipped: 6.
Starting test testCorrectExceptionRunningNodesNotFound(org.jclouds.cloudsigma.compute.CloudSigmaZurichComputeServiceLiveTest)
[pool-2-thread-3] Test testCorrectExceptionRunningNodesNotFound(org.jclouds.cloudsigma.compute.CloudSigmaZurichComputeServiceLiveTest) succeeded: 1008ms
Test suite progress: tests succeeded: 125, failed: 2, skipped: 6.
Starting test testOptionToNotBlock(org.jclouds.cloudsigma.compute.CloudSigmaZurichComputeServiceLiveTest)
[pool-2-thread-3] Test testOptionToNotBlock(org.jclouds.cloudsigma.compute.CloudSigmaZurichComputeServiceLiveTest) succeeded: 0ms
Test suite progress: tests succeeded: 126, failed: 2, skipped: 6.
Tests run: 134, Failures: 2, Errors: 0, Skipped: 6, Time elapsed: 2,789.526 sec <<< FAILURE!

Results :

Failed tests: 
  testCreateAndDestroyVLAN(org.jclouds.cloudsigma.CloudSigmaZurichClientLiveTest)
  testCreateAndDestroyStaticIP(org.jclouds.cloudsigma.CloudSigmaZurichClientLiveTest)

Tests run: 134, Failures: 2, Errors: 0, Skipped: 6

[INFO] ------------------------------------------------------------------------
[INFO] BUILD FAILURE
[INFO] ------------------------------------------------------------------------
[INFO] Total time: 46:47.687s
[INFO] Finished at: Sun Oct 16 04:41:13 PDT 2011
[INFO] Final Memory: 21M/125M
[INFO] ------------------------------------------------------------------------
[ERROR] Failed to execute goal org.apache.maven.plugins:maven-surefire-plugin:2.5:test (integration) on project cloudsigma-zrh: There are test failures.
[ERROR] 
[ERROR] Please refer to /Users/adriancole/workspace/git/1.2.0/jclouds/providers/cloudsigma-zrh/target/surefire-reports for the individual test results.
[ERROR] -> [Help 1]
[ERROR] 
[ERROR] To see the full stack trace of the errors, re-run Maven with the -e switch.
[ERROR] Re-run Maven using the -X switch to enable full debug logging.
[ERROR] 
[ERROR] For more information about the errors and possible solutions, please read the following articles:
[ERROR] [Help 1] http://cwiki.apache.org/confluence/display/MAVEN/MojoFailureException
