[INFO] Scanning for projects...
[WARNING] 
[WARNING] Some problems were encountered while building the effective model for org.jclouds.provider:greenhousedata-element-vcloud:bundle:1.2.0-SNAPSHOT
[WARNING] 'parent.relativePath' of POM org.jclouds:jclouds-project:1.2.0-SNAPSHOT (/Users/adriancole/workspace/git/1.2.0/jclouds/project/pom.xml) points at org.jclouds:jclouds-multi instead of org.sonatype.oss:oss-parent, please verify your project structure @ org.jclouds:jclouds-project:1.2.0-SNAPSHOT, /Users/adriancole/workspace/git/1.2.0/jclouds/project/pom.xml, line 24, column 13
[WARNING] 
[WARNING] It is highly recommended to fix these problems because they threaten the stability of your build.
[WARNING] 
[WARNING] For this reason, future Maven versions might no longer support building such malformed projects.
[WARNING] 
[INFO]                                                                         
[INFO] ------------------------------------------------------------------------
[INFO] Building jclouds Green House Data Element vCloud provider 1.2.0-SNAPSHOT
[INFO] ------------------------------------------------------------------------
[INFO] 
[INFO] --- maven-clean-plugin:2.4.1:clean (default-clean) @ greenhousedata-element-vcloud ---
[INFO] Deleting /Users/adriancole/workspace/git/1.2.0/jclouds/providers/greenhousedata-element-vcloud/target
[INFO] 
[INFO] --- maven-enforcer-plugin:1.0.1:enforce (enforce-maven) @ greenhousedata-element-vcloud ---
[INFO] 
[INFO] --- maven-enforcer-plugin:1.0.1:enforce (enforce-banned-dependencies) @ greenhousedata-element-vcloud ---
[INFO] 
[INFO] --- maven-enforcer-plugin:1.0.1:enforce (enforce-java) @ greenhousedata-element-vcloud ---
[INFO] 
[INFO] --- maven-remote-resources-plugin:1.2:process (process-remote-resources) @ greenhousedata-element-vcloud ---
[INFO] Setting property: classpath.resource.loader.class => 'org.codehaus.plexus.velocity.ContextClassLoaderResourceLoader'.
[INFO] Setting property: velocimacro.messages.on => 'false'.
[INFO] Setting property: resource.loader => 'classpath'.
[INFO] Setting property: resource.manager.logwhenfound => 'false'.
[INFO] 
[INFO] --- maven-resources-plugin:2.4.2:resources (default-resources) @ greenhousedata-element-vcloud ---
[INFO] Using 'UTF-8' encoding to copy filtered resources.
[INFO] skip non existing resourceDirectory /Users/adriancole/workspace/git/1.2.0/jclouds/providers/greenhousedata-element-vcloud/src/main/clojure
[INFO] Copying 1 resource
[INFO] Copying 2 resources
[INFO] 
[INFO] --- maven-compiler-plugin:2.3:compile (default-compile) @ greenhousedata-element-vcloud ---
[INFO] Compiling 5 source files to /Users/adriancole/workspace/git/1.2.0/jclouds/providers/greenhousedata-element-vcloud/target/classes
[INFO] 
[INFO] --- maven-resources-plugin:2.4.2:testResources (default-testResources) @ greenhousedata-element-vcloud ---
[INFO] Using 'UTF-8' encoding to copy filtered resources.
[INFO] skip non existing resourceDirectory /Users/adriancole/workspace/git/1.2.0/jclouds/providers/greenhousedata-element-vcloud/src/test/clojure
[INFO] Copying 1 resource
[INFO] Copying 2 resources
[INFO] 
[INFO] --- maven-compiler-plugin:2.3:testCompile (default-testCompile) @ greenhousedata-element-vcloud ---
[INFO] Compiling 12 source files to /Users/adriancole/workspace/git/1.2.0/jclouds/providers/greenhousedata-element-vcloud/target/test-classes
[INFO] 
[INFO] --- maven-surefire-plugin:2.5:test (default-test) @ greenhousedata-element-vcloud ---
[INFO] Surefire report directory: /Users/adriancole/workspace/git/1.2.0/jclouds/providers/greenhousedata-element-vcloud/target/surefire-reports

-------------------------------------------------------
 T E S T S
-------------------------------------------------------
Running TestSuite
Starting test testInRestProperties(org.jclouds.greenhousedata.element.vcloud.GreenHouseDataElementVCloudProviderTest)
Starting test testWithId(org.jclouds.greenhousedata.element.vcloud.GreenHouseDataElementVCloudProviderTest)
Starting test testAllContains(org.jclouds.greenhousedata.element.vcloud.GreenHouseDataElementVCloudProviderTest)
Starting test testOfTypeContains(org.jclouds.greenhousedata.element.vcloud.GreenHouseDataElementVCloudProviderTest)
[pool-2-thread-3] Test testAllContains(org.jclouds.greenhousedata.element.vcloud.GreenHouseDataElementVCloudProviderTest) succeeded: 24ms
Test suite progress: tests succeeded: 1, failed: 0, skipped: 0.
[pool-2-thread-4] Test testOfTypeContains(org.jclouds.greenhousedata.element.vcloud.GreenHouseDataElementVCloudProviderTest) succeeded: 30ms
Test suite progress: tests succeeded: 2, failed: 0, skipped: 0.
[pool-2-thread-2] Test testWithId(org.jclouds.greenhousedata.element.vcloud.GreenHouseDataElementVCloudProviderTest) succeeded: 35ms
Test suite progress: tests succeeded: 3, failed: 0, skipped: 0.
[pool-2-thread-1] Test testInRestProperties(org.jclouds.greenhousedata.element.vcloud.GreenHouseDataElementVCloudProviderTest) succeeded: 173ms
Test suite progress: tests succeeded: 4, failed: 0, skipped: 0.
Tests run: 4, Failures: 0, Errors: 0, Skipped: 0, Time elapsed: 0.698 sec

Results :

Tests run: 4, Failures: 0, Errors: 0, Skipped: 0

[INFO] 
[INFO] --- clojure-maven-plugin:1.3.3:test (test-clojure) @ greenhousedata-element-vcloud ---

Testing user

Ran 0 tests containing 0 assertions.
0 failures, 0 errors.
[INFO] 
[INFO] --- maven-bundle-plugin:2.3.4:bundle (default-bundle) @ greenhousedata-element-vcloud ---
[INFO] 
[INFO] --- maven-source-plugin:2.1.1:jar-no-fork (attach-sources) @ greenhousedata-element-vcloud ---
[INFO] Building jar: /Users/adriancole/workspace/git/1.2.0/jclouds/providers/greenhousedata-element-vcloud/target/greenhousedata-element-vcloud-1.2.0-SNAPSHOT-sources.jar
[INFO] 
[INFO] --- maven-javadoc-plugin:2.8:jar (javadoc) @ greenhousedata-element-vcloud ---
[INFO] Skipping javadoc generation
[INFO] 
[INFO] --- maven-jar-plugin:2.3.1:test-jar (default) @ greenhousedata-element-vcloud ---
[INFO] Building jar: /Users/adriancole/workspace/git/1.2.0/jclouds/providers/greenhousedata-element-vcloud/target/greenhousedata-element-vcloud-1.2.0-SNAPSHOT-tests.jar
[INFO] 
[INFO] --- maven-surefire-plugin:2.5:test (integration) @ greenhousedata-element-vcloud ---
[INFO] Surefire report directory: /Users/adriancole/workspace/git/1.2.0/jclouds/providers/greenhousedata-element-vcloud/target/surefire-reports

-------------------------------------------------------
 T E S T S
-------------------------------------------------------
Running TestSuite
Starting test testCaptureVApp(org.jclouds.greenhousedata.element.vcloud.features.GreenHouseDataElementVCloudVAppTemplateClientLiveTest)
Starting test testListOrgs(org.jclouds.greenhousedata.element.vcloud.features.GreenHouseDataElementVCloudOrgClientLiveTest)
Starting test testExtendedOptionsWithCustomizationScript(org.jclouds.greenhousedata.element.vcloud.features.GreenHouseDataElementVCloudVmClientLiveTest)
Starting test testCompareSizes(org.jclouds.greenhousedata.element.vcloud.compute.GreenHouseDataElementVCloudComputeServiceLiveTest)
Starting test testCatalog(org.jclouds.greenhousedata.element.vcloud.DeprecatedGreenHouseDataElementVCloudClientLiveTest)
[pool-2-thread-1] Test testListOrgs(org.jclouds.greenhousedata.element.vcloud.features.GreenHouseDataElementVCloudOrgClientLiveTest) succeeded: 14275ms
Test suite progress: tests succeeded: 1, failed: 0, skipped: 0.
Starting test testGetVApp(org.jclouds.greenhousedata.element.vcloud.features.GreenHouseDataElementVCloudVAppClientLiveTest)
[pool-2-thread-4] Test testCatalog(org.jclouds.greenhousedata.element.vcloud.DeprecatedGreenHouseDataElementVCloudClientLiveTest) succeeded: 6038ms
Test suite progress: tests succeeded: 2, failed: 0, skipped: 0.
Starting test testDefaultTasksList(org.jclouds.greenhousedata.element.vcloud.DeprecatedGreenHouseDataElementVCloudClientLiveTest)
[pool-2-thread-4] Test testDefaultTasksList(org.jclouds.greenhousedata.element.vcloud.DeprecatedGreenHouseDataElementVCloudClientLiveTest) succeeded: 1268ms
Test suite progress: tests succeeded: 3, failed: 0, skipped: 0.
Starting test testDefaultVDC(org.jclouds.greenhousedata.element.vcloud.DeprecatedGreenHouseDataElementVCloudClientLiveTest)
[pool-2-thread-4] Test testDefaultVDC(org.jclouds.greenhousedata.element.vcloud.DeprecatedGreenHouseDataElementVCloudClientLiveTest) succeeded: 2016ms
Test suite progress: tests succeeded: 4, failed: 0, skipped: 0.
Starting test testFindCatalogItem(org.jclouds.greenhousedata.element.vcloud.DeprecatedGreenHouseDataElementVCloudClientLiveTest)
[pool-2-thread-1] Test testGetVApp(org.jclouds.greenhousedata.element.vcloud.features.GreenHouseDataElementVCloudVAppClientLiveTest) succeeded: 5602ms
Test suite progress: tests succeeded: 5, failed: 0, skipped: 0.
Starting test testFindCatalogIsWriteable(org.jclouds.greenhousedata.element.vcloud.features.GreenHouseDataElementVCloudCatalogClientLiveTest)
Oct 15, 2011 11:42:38 AM org.jclouds.compute.BaseComputeServiceLiveTest testCompareSizes
INFO: smallest [id=https://mycloud.greenhousedata.com/api/v1.0/vAppTemplate/vappTemplate-62614244, providerId=https://mycloud.greenhousedata.com/api/v1.0/vAppTemplate/vappTemplate-62614244, name=Ubuntu_Server_x64_2GB, processors=[[cores=1.0, speed=1.0]], ram=256, volumes=[[id=0, type=LOCAL, size=2.0, device=null, durable=true, isBootDevice=true]], supportsImage=idEquals(https://mycloud.greenhousedata.com/api/v1.0/vAppTemplate/vappTemplate-62614244), tags=[]]
Oct 15, 2011 11:42:38 AM org.jclouds.compute.BaseComputeServiceLiveTest testCompareSizes
INFO: fastest [id=https://mycloud.greenhousedata.com/api/v1.0/vAppTemplate/vappTemplate-455742327, providerId=https://mycloud.greenhousedata.com/api/v1.0/vAppTemplate/vappTemplate-455742327, name=CentOS-W-Network, processors=[[cores=2.0, speed=1.0]], ram=2048, volumes=[[id=0, type=LOCAL, size=30.0, device=null, durable=true, isBootDevice=true]], supportsImage=idEquals(https://mycloud.greenhousedata.com/api/v1.0/vAppTemplate/vappTemplate-455742327), tags=[]]
Oct 15, 2011 11:42:38 AM org.jclouds.compute.BaseComputeServiceLiveTest testCompareSizes
INFO: biggest [id=https://mycloud.greenhousedata.com/api/v1.0/vAppTemplate/vappTemplate-455742327, providerId=https://mycloud.greenhousedata.com/api/v1.0/vAppTemplate/vappTemplate-455742327, name=CentOS-W-Network, processors=[[cores=2.0, speed=1.0]], ram=2048, volumes=[[id=0, type=LOCAL, size=30.0, device=null, durable=true, isBootDevice=true]], supportsImage=idEquals(https://mycloud.greenhousedata.com/api/v1.0/vAppTemplate/vappTemplate-455742327), tags=[]]
[pool-2-thread-2] Test testCompareSizes(org.jclouds.greenhousedata.element.vcloud.compute.GreenHouseDataElementVCloudComputeServiceLiveTest) succeeded: 11455ms
Test suite progress: tests succeeded: 6, failed: 0, skipped: 0.
Starting test testAScriptExecutionAfterBootWithBasicTemplate(org.jclouds.greenhousedata.element.vcloud.compute.GreenHouseDataElementVCloudComputeServiceLiveTest)
[pool-2-thread-1] Test testFindCatalogIsWriteable(org.jclouds.greenhousedata.element.vcloud.features.GreenHouseDataElementVCloudCatalogClientLiveTest) succeeded: 2761ms
Test suite progress: tests succeeded: 7, failed: 0, skipped: 0.
Starting test testGetCatalog(org.jclouds.greenhousedata.element.vcloud.features.GreenHouseDataElementVCloudCatalogClientLiveTest)
[pool-2-thread-1] Test testGetCatalog(org.jclouds.greenhousedata.element.vcloud.features.GreenHouseDataElementVCloudCatalogClientLiveTest) succeeded: 1316ms
Test suite progress: tests succeeded: 8, failed: 0, skipped: 0.
Starting test testCompareSizes(org.jclouds.greenhousedata.element.vcloud.compute.GreenHouseDataElementVCloudTemplateBuilderLiveTest)
smallest [id=https://mycloud.greenhousedata.com/api/v1.0/vAppTemplate/vappTemplate-62614244, providerId=https://mycloud.greenhousedata.com/api/v1.0/vAppTemplate/vappTemplate-62614244, name=Ubuntu_Server_x64_2GB, processors=[[cores=1.0, speed=1.0]], ram=256, volumes=[[id=0, type=LOCAL, size=2.0, device=null, durable=true, isBootDevice=true]], supportsImage=idEquals(https://mycloud.greenhousedata.com/api/v1.0/vAppTemplate/vappTemplate-62614244), tags=[]]
fastest [id=https://mycloud.greenhousedata.com/api/v1.0/vAppTemplate/vappTemplate-455742327, providerId=https://mycloud.greenhousedata.com/api/v1.0/vAppTemplate/vappTemplate-455742327, name=CentOS-W-Network, processors=[[cores=2.0, speed=1.0]], ram=2048, volumes=[[id=0, type=LOCAL, size=30.0, device=null, durable=true, isBootDevice=true]], supportsImage=idEquals(https://mycloud.greenhousedata.com/api/v1.0/vAppTemplate/vappTemplate-455742327), tags=[]]
biggest [id=https://mycloud.greenhousedata.com/api/v1.0/vAppTemplate/vappTemplate-455742327, providerId=https://mycloud.greenhousedata.com/api/v1.0/vAppTemplate/vappTemplate-455742327, name=CentOS-W-Network, processors=[[cores=2.0, speed=1.0]], ram=2048, volumes=[[id=0, type=LOCAL, size=30.0, device=null, durable=true, isBootDevice=true]], supportsImage=idEquals(https://mycloud.greenhousedata.com/api/v1.0/vAppTemplate/vappTemplate-455742327), tags=[]]
[pool-2-thread-1] Test testCompareSizes(org.jclouds.greenhousedata.element.vcloud.compute.GreenHouseDataElementVCloudTemplateBuilderLiveTest) succeeded: 9188ms
Test suite progress: tests succeeded: 9, failed: 0, skipped: 0.
Starting test testFromTemplate(org.jclouds.greenhousedata.element.vcloud.compute.GreenHouseDataElementVCloudTemplateBuilderLiveTest)
[pool-2-thread-1] Test testFromTemplate(org.jclouds.greenhousedata.element.vcloud.compute.GreenHouseDataElementVCloudTemplateBuilderLiveTest) succeeded: 1ms
Test suite progress: tests succeeded: 10, failed: 0, skipped: 0.
Starting test testGetAssignableLocations(org.jclouds.greenhousedata.element.vcloud.compute.GreenHouseDataElementVCloudTemplateBuilderLiveTest)
[pool-2-thread-1] Test testGetAssignableLocations(org.jclouds.greenhousedata.element.vcloud.compute.GreenHouseDataElementVCloudTemplateBuilderLiveTest) succeeded: 19ms
Test suite progress: tests succeeded: 11, failed: 0, skipped: 0.
location [id=https://mycloud.greenhousedata.com/api/v1.0/vdc/1080012384, scope=ZONE, description=orgVDC-cloudsoft-Tier1-PAYG, parent=https://mycloud.greenhousedata.com/api/v1.0/org/1220014941, iso3166Codes=[], metadata={}]
Starting test testTemplateBuilderCanFind(org.jclouds.greenhousedata.element.vcloud.compute.GreenHouseDataElementVCloudTemplateBuilderLiveTest)
[pool-2-thread-1] Test testTemplateBuilderCanFind(org.jclouds.greenhousedata.element.vcloud.compute.GreenHouseDataElementVCloudTemplateBuilderLiveTest) succeeded: 0ms
Test suite progress: tests succeeded: 12, failed: 0, skipped: 0.
Starting test testTemplateBuilderCanUseImageId(org.jclouds.greenhousedata.element.vcloud.compute.GreenHouseDataElementVCloudTemplateBuilderLiveTest)
[pool-2-thread-1] Test testTemplateBuilderCanUseImageId(org.jclouds.greenhousedata.element.vcloud.compute.GreenHouseDataElementVCloudTemplateBuilderLiveTest) succeeded: 1ms
Test suite progress: tests succeeded: 13, failed: 0, skipped: 0.
Starting test testTemplateBuilderCannotFind(org.jclouds.greenhousedata.element.vcloud.compute.GreenHouseDataElementVCloudTemplateBuilderLiveTest)
[pool-2-thread-1] Test testTemplateBuilderCannotFind(org.jclouds.greenhousedata.element.vcloud.compute.GreenHouseDataElementVCloudTemplateBuilderLiveTest) succeeded: 3ms
Test suite progress: tests succeeded: 14, failed: 0, skipped: 0.
Starting test testTemplateBuilderCannotFind(org.jclouds.greenhousedata.element.vcloud.compute.GreenHouseDataElementVCloudTemplateBuilderLiveTest)
[pool-2-thread-1] Test testTemplateBuilderCannotFind(org.jclouds.greenhousedata.element.vcloud.compute.GreenHouseDataElementVCloudTemplateBuilderLiveTest) succeeded: 3ms
Test suite progress: tests succeeded: 15, failed: 0, skipped: 0.
Starting test testTemplateBuilderCannotFind(org.jclouds.greenhousedata.element.vcloud.compute.GreenHouseDataElementVCloudTemplateBuilderLiveTest)
[pool-2-thread-1] Test testTemplateBuilderCannotFind(org.jclouds.greenhousedata.element.vcloud.compute.GreenHouseDataElementVCloudTemplateBuilderLiveTest) succeeded: 3ms
Test suite progress: tests succeeded: 16, failed: 0, skipped: 0.
Starting test testTemplateBuilderCannotFind(org.jclouds.greenhousedata.element.vcloud.compute.GreenHouseDataElementVCloudTemplateBuilderLiveTest)
[pool-2-thread-1] Test testTemplateBuilderCannotFind(org.jclouds.greenhousedata.element.vcloud.compute.GreenHouseDataElementVCloudTemplateBuilderLiveTest) succeeded: 0ms
Test suite progress: tests succeeded: 17, failed: 0, skipped: 0.
Starting test testTemplateBuilderCannotFind(org.jclouds.greenhousedata.element.vcloud.compute.GreenHouseDataElementVCloudTemplateBuilderLiveTest)
[pool-2-thread-1] Test testTemplateBuilderCannotFind(org.jclouds.greenhousedata.element.vcloud.compute.GreenHouseDataElementVCloudTemplateBuilderLiveTest) succeeded: 0ms
Test suite progress: tests succeeded: 18, failed: 0, skipped: 0.
Starting test testTemplateBuilderCannotFind(org.jclouds.greenhousedata.element.vcloud.compute.GreenHouseDataElementVCloudTemplateBuilderLiveTest)
[pool-2-thread-1] Test testTemplateBuilderCannotFind(org.jclouds.greenhousedata.element.vcloud.compute.GreenHouseDataElementVCloudTemplateBuilderLiveTest) succeeded: 1ms
Test suite progress: tests succeeded: 19, failed: 0, skipped: 0.
Starting test testTemplateBuilderCannotFind(org.jclouds.greenhousedata.element.vcloud.compute.GreenHouseDataElementVCloudTemplateBuilderLiveTest)
[pool-2-thread-1] Test testTemplateBuilderCannotFind(org.jclouds.greenhousedata.element.vcloud.compute.GreenHouseDataElementVCloudTemplateBuilderLiveTest) succeeded: 1ms
Test suite progress: tests succeeded: 20, failed: 0, skipped: 0.
Starting test testTemplateBuilderCannotFind(org.jclouds.greenhousedata.element.vcloud.compute.GreenHouseDataElementVCloudTemplateBuilderLiveTest)
[pool-2-thread-1] Test testTemplateBuilderCannotFind(org.jclouds.greenhousedata.element.vcloud.compute.GreenHouseDataElementVCloudTemplateBuilderLiveTest) succeeded: 6ms
Test suite progress: tests succeeded: 21, failed: 0, skipped: 0.
Starting test testTemplateBuilderCannotFind(org.jclouds.greenhousedata.element.vcloud.compute.GreenHouseDataElementVCloudTemplateBuilderLiveTest)
[pool-2-thread-1] Test testTemplateBuilderCannotFind(org.jclouds.greenhousedata.element.vcloud.compute.GreenHouseDataElementVCloudTemplateBuilderLiveTest) succeeded: 0ms
Test suite progress: tests succeeded: 22, failed: 0, skipped: 0.
Starting test testTemplateBuilderCannotFind(org.jclouds.greenhousedata.element.vcloud.compute.GreenHouseDataElementVCloudTemplateBuilderLiveTest)
[pool-2-thread-1] Test testTemplateBuilderCannotFind(org.jclouds.greenhousedata.element.vcloud.compute.GreenHouseDataElementVCloudTemplateBuilderLiveTest) succeeded: 0ms
Test suite progress: tests succeeded: 23, failed: 0, skipped: 0.
Starting test testTemplateBuilderCannotFind(org.jclouds.greenhousedata.element.vcloud.compute.GreenHouseDataElementVCloudTemplateBuilderLiveTest)
[pool-2-thread-1] Test testTemplateBuilderCannotFind(org.jclouds.greenhousedata.element.vcloud.compute.GreenHouseDataElementVCloudTemplateBuilderLiveTest) succeeded: 1ms
Test suite progress: tests succeeded: 24, failed: 0, skipped: 0.
Starting test testTemplateBuilderCannotFind(org.jclouds.greenhousedata.element.vcloud.compute.GreenHouseDataElementVCloudTemplateBuilderLiveTest)
[pool-2-thread-1] Test testTemplateBuilderCannotFind(org.jclouds.greenhousedata.element.vcloud.compute.GreenHouseDataElementVCloudTemplateBuilderLiveTest) succeeded: 1ms
Test suite progress: tests succeeded: 25, failed: 0, skipped: 0.
Starting test testTemplateBuilderCannotFind(org.jclouds.greenhousedata.element.vcloud.compute.GreenHouseDataElementVCloudTemplateBuilderLiveTest)
[pool-2-thread-1] Test testTemplateBuilderCannotFind(org.jclouds.greenhousedata.element.vcloud.compute.GreenHouseDataElementVCloudTemplateBuilderLiveTest) succeeded: 1ms
Test suite progress: tests succeeded: 26, failed: 0, skipped: 0.
Starting test testTemplateBuilderCannotFind(org.jclouds.greenhousedata.element.vcloud.compute.GreenHouseDataElementVCloudTemplateBuilderLiveTest)
[pool-2-thread-1] Test testTemplateBuilderCannotFind(org.jclouds.greenhousedata.element.vcloud.compute.GreenHouseDataElementVCloudTemplateBuilderLiveTest) succeeded: 0ms
Test suite progress: tests succeeded: 27, failed: 0, skipped: 0.
Starting test testTemplateBuilderCannotFind(org.jclouds.greenhousedata.element.vcloud.compute.GreenHouseDataElementVCloudTemplateBuilderLiveTest)
[pool-2-thread-1] Test testTemplateBuilderCannotFind(org.jclouds.greenhousedata.element.vcloud.compute.GreenHouseDataElementVCloudTemplateBuilderLiveTest) succeeded: 32ms
Test suite progress: tests succeeded: 28, failed: 0, skipped: 0.
Starting test testTemplateBuilderCannotFind(org.jclouds.greenhousedata.element.vcloud.compute.GreenHouseDataElementVCloudTemplateBuilderLiveTest)
[pool-2-thread-1] Test testTemplateBuilderCannotFind(org.jclouds.greenhousedata.element.vcloud.compute.GreenHouseDataElementVCloudTemplateBuilderLiveTest) succeeded: 1ms
Test suite progress: tests succeeded: 29, failed: 0, skipped: 0.
Starting test testTemplateBuilderCannotFind(org.jclouds.greenhousedata.element.vcloud.compute.GreenHouseDataElementVCloudTemplateBuilderLiveTest)
[pool-2-thread-1] Test testTemplateBuilderCannotFind(org.jclouds.greenhousedata.element.vcloud.compute.GreenHouseDataElementVCloudTemplateBuilderLiveTest) succeeded: 0ms
Test suite progress: tests succeeded: 30, failed: 0, skipped: 0.
Starting test testTemplateBuilderCannotFind(org.jclouds.greenhousedata.element.vcloud.compute.GreenHouseDataElementVCloudTemplateBuilderLiveTest)
[pool-2-thread-1] Test testTemplateBuilderCannotFind(org.jclouds.greenhousedata.element.vcloud.compute.GreenHouseDataElementVCloudTemplateBuilderLiveTest) succeeded: 1ms
Test suite progress: tests succeeded: 31, failed: 0, skipped: 0.
Starting test testTemplateBuilderCannotFind(org.jclouds.greenhousedata.element.vcloud.compute.GreenHouseDataElementVCloudTemplateBuilderLiveTest)
[pool-2-thread-1] Test testTemplateBuilderCannotFind(org.jclouds.greenhousedata.element.vcloud.compute.GreenHouseDataElementVCloudTemplateBuilderLiveTest) succeeded: 0ms
Test suite progress: tests succeeded: 32, failed: 0, skipped: 0.
Starting test testTemplateBuilderCannotFind(org.jclouds.greenhousedata.element.vcloud.compute.GreenHouseDataElementVCloudTemplateBuilderLiveTest)
[pool-2-thread-1] Test testTemplateBuilderCannotFind(org.jclouds.greenhousedata.element.vcloud.compute.GreenHouseDataElementVCloudTemplateBuilderLiveTest) succeeded: 2ms
Test suite progress: tests succeeded: 33, failed: 0, skipped: 0.
Starting test testTemplateBuilderCannotFind(org.jclouds.greenhousedata.element.vcloud.compute.GreenHouseDataElementVCloudTemplateBuilderLiveTest)
[pool-2-thread-1] Test testTemplateBuilderCannotFind(org.jclouds.greenhousedata.element.vcloud.compute.GreenHouseDataElementVCloudTemplateBuilderLiveTest) succeeded: 0ms
Test suite progress: tests succeeded: 34, failed: 0, skipped: 0.
Starting test testTemplateBuilderCannotFind(org.jclouds.greenhousedata.element.vcloud.compute.GreenHouseDataElementVCloudTemplateBuilderLiveTest)
[pool-2-thread-1] Test testTemplateBuilderCannotFind(org.jclouds.greenhousedata.element.vcloud.compute.GreenHouseDataElementVCloudTemplateBuilderLiveTest) succeeded: 0ms
Test suite progress: tests succeeded: 35, failed: 0, skipped: 0.
Starting test testTemplateBuilderCannotFind(org.jclouds.greenhousedata.element.vcloud.compute.GreenHouseDataElementVCloudTemplateBuilderLiveTest)
[pool-2-thread-1] Test testTemplateBuilderCannotFind(org.jclouds.greenhousedata.element.vcloud.compute.GreenHouseDataElementVCloudTemplateBuilderLiveTest) succeeded: 3ms
Test suite progress: tests succeeded: 36, failed: 0, skipped: 0.
Starting test testTemplateBuilderCannotFind(org.jclouds.greenhousedata.element.vcloud.compute.GreenHouseDataElementVCloudTemplateBuilderLiveTest)
[pool-2-thread-1] Test testTemplateBuilderCannotFind(org.jclouds.greenhousedata.element.vcloud.compute.GreenHouseDataElementVCloudTemplateBuilderLiveTest) succeeded: 4ms
Test suite progress: tests succeeded: 37, failed: 0, skipped: 0.
Starting test testTemplateBuilderCannotFind(org.jclouds.greenhousedata.element.vcloud.compute.GreenHouseDataElementVCloudTemplateBuilderLiveTest)
[pool-2-thread-1] Test testTemplateBuilderCannotFind(org.jclouds.greenhousedata.element.vcloud.compute.GreenHouseDataElementVCloudTemplateBuilderLiveTest) succeeded: 1ms
Test suite progress: tests succeeded: 38, failed: 0, skipped: 0.
Starting test testTemplateBuilderCannotFind(org.jclouds.greenhousedata.element.vcloud.compute.GreenHouseDataElementVCloudTemplateBuilderLiveTest)
[pool-2-thread-1] Test testTemplateBuilderCannotFind(org.jclouds.greenhousedata.element.vcloud.compute.GreenHouseDataElementVCloudTemplateBuilderLiveTest) succeeded: 1ms
Test suite progress: tests succeeded: 39, failed: 0, skipped: 0.
Starting test testTemplateBuilderCannotFind(org.jclouds.greenhousedata.element.vcloud.compute.GreenHouseDataElementVCloudTemplateBuilderLiveTest)
[pool-2-thread-1] Test testTemplateBuilderCannotFind(org.jclouds.greenhousedata.element.vcloud.compute.GreenHouseDataElementVCloudTemplateBuilderLiveTest) succeeded: 4ms
Test suite progress: tests succeeded: 40, failed: 0, skipped: 0.
Starting test testTemplateBuilderCannotFind(org.jclouds.greenhousedata.element.vcloud.compute.GreenHouseDataElementVCloudTemplateBuilderLiveTest)
[pool-2-thread-1] Test testTemplateBuilderCannotFind(org.jclouds.greenhousedata.element.vcloud.compute.GreenHouseDataElementVCloudTemplateBuilderLiveTest) succeeded: 0ms
Test suite progress: tests succeeded: 41, failed: 0, skipped: 0.
Starting test testTemplateBuilderCannotFind(org.jclouds.greenhousedata.element.vcloud.compute.GreenHouseDataElementVCloudTemplateBuilderLiveTest)
[pool-2-thread-1] Test testTemplateBuilderCannotFind(org.jclouds.greenhousedata.element.vcloud.compute.GreenHouseDataElementVCloudTemplateBuilderLiveTest) succeeded: 1ms
Test suite progress: tests succeeded: 42, failed: 0, skipped: 0.
Starting test testTemplateBuilderCannotFind(org.jclouds.greenhousedata.element.vcloud.compute.GreenHouseDataElementVCloudTemplateBuilderLiveTest)
[pool-2-thread-1] Test testTemplateBuilderCannotFind(org.jclouds.greenhousedata.element.vcloud.compute.GreenHouseDataElementVCloudTemplateBuilderLiveTest) succeeded: 0ms
Test suite progress: tests succeeded: 43, failed: 0, skipped: 0.
Starting test testTemplateBuilderCannotFind(org.jclouds.greenhousedata.element.vcloud.compute.GreenHouseDataElementVCloudTemplateBuilderLiveTest)
[pool-2-thread-1] Test testTemplateBuilderCannotFind(org.jclouds.greenhousedata.element.vcloud.compute.GreenHouseDataElementVCloudTemplateBuilderLiveTest) succeeded: 0ms
Test suite progress: tests succeeded: 44, failed: 0, skipped: 0.
Starting test testTemplateBuilderCannotFind(org.jclouds.greenhousedata.element.vcloud.compute.GreenHouseDataElementVCloudTemplateBuilderLiveTest)
[pool-2-thread-1] Test testTemplateBuilderCannotFind(org.jclouds.greenhousedata.element.vcloud.compute.GreenHouseDataElementVCloudTemplateBuilderLiveTest) succeeded: 0ms
Test suite progress: tests succeeded: 45, failed: 0, skipped: 0.
Starting test testTemplateBuilderCannotFind(org.jclouds.greenhousedata.element.vcloud.compute.GreenHouseDataElementVCloudTemplateBuilderLiveTest)
[pool-2-thread-1] Test testTemplateBuilderCannotFind(org.jclouds.greenhousedata.element.vcloud.compute.GreenHouseDataElementVCloudTemplateBuilderLiveTest) succeeded: 0ms
Test suite progress: tests succeeded: 46, failed: 0, skipped: 0.
Starting test testTemplateBuilderCannotFind(org.jclouds.greenhousedata.element.vcloud.compute.GreenHouseDataElementVCloudTemplateBuilderLiveTest)
[pool-2-thread-1] Test testTemplateBuilderCannotFind(org.jclouds.greenhousedata.element.vcloud.compute.GreenHouseDataElementVCloudTemplateBuilderLiveTest) succeeded: 1ms
Test suite progress: tests succeeded: 47, failed: 0, skipped: 0.
Starting test testTemplateBuilderCannotFind(org.jclouds.greenhousedata.element.vcloud.compute.GreenHouseDataElementVCloudTemplateBuilderLiveTest)
[pool-2-thread-1] Test testTemplateBuilderCannotFind(org.jclouds.greenhousedata.element.vcloud.compute.GreenHouseDataElementVCloudTemplateBuilderLiveTest) succeeded: 0ms
Test suite progress: tests succeeded: 48, failed: 0, skipped: 0.
Starting test testTemplateBuilderCannotFind(org.jclouds.greenhousedata.element.vcloud.compute.GreenHouseDataElementVCloudTemplateBuilderLiveTest)
[pool-2-thread-1] Test testTemplateBuilderCannotFind(org.jclouds.greenhousedata.element.vcloud.compute.GreenHouseDataElementVCloudTemplateBuilderLiveTest) succeeded: 1ms
Test suite progress: tests succeeded: 49, failed: 0, skipped: 0.
Starting test testTemplateBuilderCannotFind(org.jclouds.greenhousedata.element.vcloud.compute.GreenHouseDataElementVCloudTemplateBuilderLiveTest)
[pool-2-thread-1] Test testTemplateBuilderCannotFind(org.jclouds.greenhousedata.element.vcloud.compute.GreenHouseDataElementVCloudTemplateBuilderLiveTest) succeeded: 0ms
Test suite progress: tests succeeded: 50, failed: 0, skipped: 0.
Starting test testTemplateBuilderCannotFind(org.jclouds.greenhousedata.element.vcloud.compute.GreenHouseDataElementVCloudTemplateBuilderLiveTest)
[pool-2-thread-1] Test testTemplateBuilderCannotFind(org.jclouds.greenhousedata.element.vcloud.compute.GreenHouseDataElementVCloudTemplateBuilderLiveTest) succeeded: 0ms
Test suite progress: tests succeeded: 51, failed: 0, skipped: 0.
Starting test testTemplateBuilderCannotFind(org.jclouds.greenhousedata.element.vcloud.compute.GreenHouseDataElementVCloudTemplateBuilderLiveTest)
[pool-2-thread-1] Test testTemplateBuilderCannotFind(org.jclouds.greenhousedata.element.vcloud.compute.GreenHouseDataElementVCloudTemplateBuilderLiveTest) succeeded: 0ms
Test suite progress: tests succeeded: 52, failed: 0, skipped: 0.
Starting test testTemplateBuilderCannotFind(org.jclouds.greenhousedata.element.vcloud.compute.GreenHouseDataElementVCloudTemplateBuilderLiveTest)
[pool-2-thread-1] Test testTemplateBuilderCannotFind(org.jclouds.greenhousedata.element.vcloud.compute.GreenHouseDataElementVCloudTemplateBuilderLiveTest) succeeded: 1ms
Test suite progress: tests succeeded: 53, failed: 0, skipped: 0.
Starting test testTemplateBuilderCannotFind(org.jclouds.greenhousedata.element.vcloud.compute.GreenHouseDataElementVCloudTemplateBuilderLiveTest)
[pool-2-thread-1] Test testTemplateBuilderCannotFind(org.jclouds.greenhousedata.element.vcloud.compute.GreenHouseDataElementVCloudTemplateBuilderLiveTest) succeeded: 0ms
Test suite progress: tests succeeded: 54, failed: 0, skipped: 0.
Starting test testTemplateBuilderCannotFind(org.jclouds.greenhousedata.element.vcloud.compute.GreenHouseDataElementVCloudTemplateBuilderLiveTest)
[pool-2-thread-1] Test testTemplateBuilderCannotFind(org.jclouds.greenhousedata.element.vcloud.compute.GreenHouseDataElementVCloudTemplateBuilderLiveTest) succeeded: 1ms
Test suite progress: tests succeeded: 55, failed: 0, skipped: 0.
Starting test testTemplateBuilderCannotFind(org.jclouds.greenhousedata.element.vcloud.compute.GreenHouseDataElementVCloudTemplateBuilderLiveTest)
[pool-2-thread-1] Test testTemplateBuilderCannotFind(org.jclouds.greenhousedata.element.vcloud.compute.GreenHouseDataElementVCloudTemplateBuilderLiveTest) succeeded: 0ms
Test suite progress: tests succeeded: 56, failed: 0, skipped: 0.
Starting test testTemplateBuilderCannotFind(org.jclouds.greenhousedata.element.vcloud.compute.GreenHouseDataElementVCloudTemplateBuilderLiveTest)
[pool-2-thread-1] Test testTemplateBuilderCannotFind(org.jclouds.greenhousedata.element.vcloud.compute.GreenHouseDataElementVCloudTemplateBuilderLiveTest) succeeded: 1ms
Test suite progress: tests succeeded: 57, failed: 0, skipped: 0.
Starting test testTemplateBuilderCannotFind(org.jclouds.greenhousedata.element.vcloud.compute.GreenHouseDataElementVCloudTemplateBuilderLiveTest)
[pool-2-thread-1] Test testTemplateBuilderCannotFind(org.jclouds.greenhousedata.element.vcloud.compute.GreenHouseDataElementVCloudTemplateBuilderLiveTest) succeeded: 2ms
Test suite progress: tests succeeded: 58, failed: 0, skipped: 0.
Starting test testTemplateBuilderCannotFind(org.jclouds.greenhousedata.element.vcloud.compute.GreenHouseDataElementVCloudTemplateBuilderLiveTest)
[pool-2-thread-1] Test testTemplateBuilderCannotFind(org.jclouds.greenhousedata.element.vcloud.compute.GreenHouseDataElementVCloudTemplateBuilderLiveTest) succeeded: 1ms
Test suite progress: tests succeeded: 59, failed: 0, skipped: 0.
Starting test testTemplateBuilderCannotFind(org.jclouds.greenhousedata.element.vcloud.compute.GreenHouseDataElementVCloudTemplateBuilderLiveTest)
[pool-2-thread-1] Test testTemplateBuilderCannotFind(org.jclouds.greenhousedata.element.vcloud.compute.GreenHouseDataElementVCloudTemplateBuilderLiveTest) succeeded: 0ms
Test suite progress: tests succeeded: 60, failed: 0, skipped: 0.
Starting test testTemplateBuilderCannotFind(org.jclouds.greenhousedata.element.vcloud.compute.GreenHouseDataElementVCloudTemplateBuilderLiveTest)
[pool-2-thread-1] Test testTemplateBuilderCannotFind(org.jclouds.greenhousedata.element.vcloud.compute.GreenHouseDataElementVCloudTemplateBuilderLiveTest) succeeded: 1ms
Test suite progress: tests succeeded: 61, failed: 0, skipped: 0.
Starting test testTemplateBuilderCannotFind(org.jclouds.greenhousedata.element.vcloud.compute.GreenHouseDataElementVCloudTemplateBuilderLiveTest)
[pool-2-thread-1] Test testTemplateBuilderCannotFind(org.jclouds.greenhousedata.element.vcloud.compute.GreenHouseDataElementVCloudTemplateBuilderLiveTest) succeeded: 0ms
Test suite progress: tests succeeded: 62, failed: 0, skipped: 0.
Starting test testTemplateBuilderCannotFind(org.jclouds.greenhousedata.element.vcloud.compute.GreenHouseDataElementVCloudTemplateBuilderLiveTest)
[pool-2-thread-1] Test testTemplateBuilderCannotFind(org.jclouds.greenhousedata.element.vcloud.compute.GreenHouseDataElementVCloudTemplateBuilderLiveTest) succeeded: 0ms
Test suite progress: tests succeeded: 63, failed: 0, skipped: 0.
Starting test testTemplateBuilderCannotFind(org.jclouds.greenhousedata.element.vcloud.compute.GreenHouseDataElementVCloudTemplateBuilderLiveTest)
[pool-2-thread-1] Test testTemplateBuilderCannotFind(org.jclouds.greenhousedata.element.vcloud.compute.GreenHouseDataElementVCloudTemplateBuilderLiveTest) succeeded: 1ms
Test suite progress: tests succeeded: 64, failed: 0, skipped: 0.
Starting test testTemplateBuilderCannotFind(org.jclouds.greenhousedata.element.vcloud.compute.GreenHouseDataElementVCloudTemplateBuilderLiveTest)
[pool-2-thread-1] Test testTemplateBuilderCannotFind(org.jclouds.greenhousedata.element.vcloud.compute.GreenHouseDataElementVCloudTemplateBuilderLiveTest) succeeded: 1ms
Test suite progress: tests succeeded: 65, failed: 0, skipped: 0.
Starting test testTemplateBuilderCannotFind(org.jclouds.greenhousedata.element.vcloud.compute.GreenHouseDataElementVCloudTemplateBuilderLiveTest)
[pool-2-thread-1] Test testTemplateBuilderCannotFind(org.jclouds.greenhousedata.element.vcloud.compute.GreenHouseDataElementVCloudTemplateBuilderLiveTest) succeeded: 0ms
Test suite progress: tests succeeded: 66, failed: 0, skipped: 0.
Starting test testTemplateBuilderCannotFind(org.jclouds.greenhousedata.element.vcloud.compute.GreenHouseDataElementVCloudTemplateBuilderLiveTest)
[pool-2-thread-1] Test testTemplateBuilderCannotFind(org.jclouds.greenhousedata.element.vcloud.compute.GreenHouseDataElementVCloudTemplateBuilderLiveTest) succeeded: 1ms
Test suite progress: tests succeeded: 67, failed: 0, skipped: 0.
Starting test testTemplateBuilderCannotFind(org.jclouds.greenhousedata.element.vcloud.compute.GreenHouseDataElementVCloudTemplateBuilderLiveTest)
[pool-2-thread-1] Test testTemplateBuilderCannotFind(org.jclouds.greenhousedata.element.vcloud.compute.GreenHouseDataElementVCloudTemplateBuilderLiveTest) succeeded: 1ms
Test suite progress: tests succeeded: 68, failed: 0, skipped: 0.
Starting test testTemplateBuilderCannotFind(org.jclouds.greenhousedata.element.vcloud.compute.GreenHouseDataElementVCloudTemplateBuilderLiveTest)
[pool-2-thread-1] Test testTemplateBuilderCannotFind(org.jclouds.greenhousedata.element.vcloud.compute.GreenHouseDataElementVCloudTemplateBuilderLiveTest) succeeded: 1ms
Test suite progress: tests succeeded: 69, failed: 0, skipped: 0.
Starting test testTemplateBuilderCannotFind(org.jclouds.greenhousedata.element.vcloud.compute.GreenHouseDataElementVCloudTemplateBuilderLiveTest)
[pool-2-thread-1] Test testTemplateBuilderCannotFind(org.jclouds.greenhousedata.element.vcloud.compute.GreenHouseDataElementVCloudTemplateBuilderLiveTest) succeeded: 0ms
Test suite progress: tests succeeded: 70, failed: 0, skipped: 0.
Starting test testTemplateBuilderCannotFind(org.jclouds.greenhousedata.element.vcloud.compute.GreenHouseDataElementVCloudTemplateBuilderLiveTest)
[pool-2-thread-1] Test testTemplateBuilderCannotFind(org.jclouds.greenhousedata.element.vcloud.compute.GreenHouseDataElementVCloudTemplateBuilderLiveTest) succeeded: 0ms
Test suite progress: tests succeeded: 71, failed: 0, skipped: 0.
Starting test testTemplateBuilderCannotFind(org.jclouds.greenhousedata.element.vcloud.compute.GreenHouseDataElementVCloudTemplateBuilderLiveTest)
[pool-2-thread-1] Test testTemplateBuilderCannotFind(org.jclouds.greenhousedata.element.vcloud.compute.GreenHouseDataElementVCloudTemplateBuilderLiveTest) succeeded: 1ms
Test suite progress: tests succeeded: 72, failed: 0, skipped: 0.
Starting test testTemplateBuilderCannotFind(org.jclouds.greenhousedata.element.vcloud.compute.GreenHouseDataElementVCloudTemplateBuilderLiveTest)
[pool-2-thread-1] Test testTemplateBuilderCannotFind(org.jclouds.greenhousedata.element.vcloud.compute.GreenHouseDataElementVCloudTemplateBuilderLiveTest) succeeded: 5ms
Test suite progress: tests succeeded: 73, failed: 0, skipped: 0.
Starting test testTemplateBuilderCannotFind(org.jclouds.greenhousedata.element.vcloud.compute.GreenHouseDataElementVCloudTemplateBuilderLiveTest)
[pool-2-thread-1] Test testTemplateBuilderCannotFind(org.jclouds.greenhousedata.element.vcloud.compute.GreenHouseDataElementVCloudTemplateBuilderLiveTest) succeeded: 0ms
Test suite progress: tests succeeded: 74, failed: 0, skipped: 0.
Starting test testTemplateBuilderCannotFind(org.jclouds.greenhousedata.element.vcloud.compute.GreenHouseDataElementVCloudTemplateBuilderLiveTest)
[pool-2-thread-1] Test testTemplateBuilderCannotFind(org.jclouds.greenhousedata.element.vcloud.compute.GreenHouseDataElementVCloudTemplateBuilderLiveTest) succeeded: 0ms
Test suite progress: tests succeeded: 75, failed: 0, skipped: 0.
Starting test testTemplateBuilderCannotFind(org.jclouds.greenhousedata.element.vcloud.compute.GreenHouseDataElementVCloudTemplateBuilderLiveTest)
[pool-2-thread-1] Test testTemplateBuilderCannotFind(org.jclouds.greenhousedata.element.vcloud.compute.GreenHouseDataElementVCloudTemplateBuilderLiveTest) succeeded: 4ms
Test suite progress: tests succeeded: 76, failed: 0, skipped: 0.
Starting test testTemplateBuilderCannotFind(org.jclouds.greenhousedata.element.vcloud.compute.GreenHouseDataElementVCloudTemplateBuilderLiveTest)
[pool-2-thread-1] Test testTemplateBuilderCannotFind(org.jclouds.greenhousedata.element.vcloud.compute.GreenHouseDataElementVCloudTemplateBuilderLiveTest) succeeded: 1ms
Test suite progress: tests succeeded: 77, failed: 0, skipped: 0.
Starting test testTemplateBuilderCannotFind(org.jclouds.greenhousedata.element.vcloud.compute.GreenHouseDataElementVCloudTemplateBuilderLiveTest)
[pool-2-thread-1] Test testTemplateBuilderCannotFind(org.jclouds.greenhousedata.element.vcloud.compute.GreenHouseDataElementVCloudTemplateBuilderLiveTest) succeeded: 0ms
Test suite progress: tests succeeded: 78, failed: 0, skipped: 0.
Starting test testTemplateBuilderCannotFind(org.jclouds.greenhousedata.element.vcloud.compute.GreenHouseDataElementVCloudTemplateBuilderLiveTest)
[pool-2-thread-1] Test testTemplateBuilderCannotFind(org.jclouds.greenhousedata.element.vcloud.compute.GreenHouseDataElementVCloudTemplateBuilderLiveTest) succeeded: 0ms
Test suite progress: tests succeeded: 79, failed: 0, skipped: 0.
Starting test testTemplateBuilderCannotFind(org.jclouds.greenhousedata.element.vcloud.compute.GreenHouseDataElementVCloudTemplateBuilderLiveTest)
[pool-2-thread-1] Test testTemplateBuilderCannotFind(org.jclouds.greenhousedata.element.vcloud.compute.GreenHouseDataElementVCloudTemplateBuilderLiveTest) succeeded: 1ms
Test suite progress: tests succeeded: 80, failed: 0, skipped: 0.
Starting test testTemplateBuilderCannotFind(org.jclouds.greenhousedata.element.vcloud.compute.GreenHouseDataElementVCloudTemplateBuilderLiveTest)
[pool-2-thread-1] Test testTemplateBuilderCannotFind(org.jclouds.greenhousedata.element.vcloud.compute.GreenHouseDataElementVCloudTemplateBuilderLiveTest) succeeded: 0ms
Test suite progress: tests succeeded: 81, failed: 0, skipped: 0.
Starting test testTemplateBuilderCannotFind(org.jclouds.greenhousedata.element.vcloud.compute.GreenHouseDataElementVCloudTemplateBuilderLiveTest)
[pool-2-thread-1] Test testTemplateBuilderCannotFind(org.jclouds.greenhousedata.element.vcloud.compute.GreenHouseDataElementVCloudTemplateBuilderLiveTest) succeeded: 2ms
Test suite progress: tests succeeded: 82, failed: 0, skipped: 0.
Starting test testTemplateBuilderCannotFind(org.jclouds.greenhousedata.element.vcloud.compute.GreenHouseDataElementVCloudTemplateBuilderLiveTest)
[pool-2-thread-1] Test testTemplateBuilderCannotFind(org.jclouds.greenhousedata.element.vcloud.compute.GreenHouseDataElementVCloudTemplateBuilderLiveTest) succeeded: 1ms
Test suite progress: tests succeeded: 83, failed: 0, skipped: 0.
Starting test testTemplateBuilderCannotFind(org.jclouds.greenhousedata.element.vcloud.compute.GreenHouseDataElementVCloudTemplateBuilderLiveTest)
[pool-2-thread-1] Test testTemplateBuilderCannotFind(org.jclouds.greenhousedata.element.vcloud.compute.GreenHouseDataElementVCloudTemplateBuilderLiveTest) succeeded: 1ms
Test suite progress: tests succeeded: 84, failed: 0, skipped: 0.
Starting test testTemplateBuilderCannotFind(org.jclouds.greenhousedata.element.vcloud.compute.GreenHouseDataElementVCloudTemplateBuilderLiveTest)
[pool-2-thread-1] Test testTemplateBuilderCannotFind(org.jclouds.greenhousedata.element.vcloud.compute.GreenHouseDataElementVCloudTemplateBuilderLiveTest) succeeded: 0ms
Test suite progress: tests succeeded: 85, failed: 0, skipped: 0.
Starting test testTemplateBuilderCannotFind(org.jclouds.greenhousedata.element.vcloud.compute.GreenHouseDataElementVCloudTemplateBuilderLiveTest)
[pool-2-thread-1] Test testTemplateBuilderCannotFind(org.jclouds.greenhousedata.element.vcloud.compute.GreenHouseDataElementVCloudTemplateBuilderLiveTest) succeeded: 3ms
Test suite progress: tests succeeded: 86, failed: 0, skipped: 0.
Starting test testTemplateBuilderCannotFind(org.jclouds.greenhousedata.element.vcloud.compute.GreenHouseDataElementVCloudTemplateBuilderLiveTest)
[pool-2-thread-1] Test testTemplateBuilderCannotFind(org.jclouds.greenhousedata.element.vcloud.compute.GreenHouseDataElementVCloudTemplateBuilderLiveTest) succeeded: 1ms
Test suite progress: tests succeeded: 87, failed: 0, skipped: 0.
Starting test testTemplateBuilderCannotFind(org.jclouds.greenhousedata.element.vcloud.compute.GreenHouseDataElementVCloudTemplateBuilderLiveTest)
[pool-2-thread-1] Test testTemplateBuilderCannotFind(org.jclouds.greenhousedata.element.vcloud.compute.GreenHouseDataElementVCloudTemplateBuilderLiveTest) succeeded: 3ms
Test suite progress: tests succeeded: 88, failed: 0, skipped: 0.
Starting test testTemplateBuilderCannotFind(org.jclouds.greenhousedata.element.vcloud.compute.GreenHouseDataElementVCloudTemplateBuilderLiveTest)
[pool-2-thread-1] Test testTemplateBuilderCannotFind(org.jclouds.greenhousedata.element.vcloud.compute.GreenHouseDataElementVCloudTemplateBuilderLiveTest) succeeded: 0ms
Test suite progress: tests succeeded: 89, failed: 0, skipped: 0.
Starting test testTemplateBuilderCannotFind(org.jclouds.greenhousedata.element.vcloud.compute.GreenHouseDataElementVCloudTemplateBuilderLiveTest)
[pool-2-thread-1] Test testTemplateBuilderCannotFind(org.jclouds.greenhousedata.element.vcloud.compute.GreenHouseDataElementVCloudTemplateBuilderLiveTest) succeeded: 0ms
Test suite progress: tests succeeded: 90, failed: 0, skipped: 0.
Starting test testTemplateBuilderCannotFind(org.jclouds.greenhousedata.element.vcloud.compute.GreenHouseDataElementVCloudTemplateBuilderLiveTest)
[pool-2-thread-1] Test testTemplateBuilderCannotFind(org.jclouds.greenhousedata.element.vcloud.compute.GreenHouseDataElementVCloudTemplateBuilderLiveTest) succeeded: 1ms
Test suite progress: tests succeeded: 91, failed: 0, skipped: 0.
Starting test testTemplateBuilderCannotFind(org.jclouds.greenhousedata.element.vcloud.compute.GreenHouseDataElementVCloudTemplateBuilderLiveTest)
[pool-2-thread-1] Test testTemplateBuilderCannotFind(org.jclouds.greenhousedata.element.vcloud.compute.GreenHouseDataElementVCloudTemplateBuilderLiveTest) succeeded: 1ms
Test suite progress: tests succeeded: 92, failed: 0, skipped: 0.
Starting test testDefaultTemplateBuilder(org.jclouds.greenhousedata.element.vcloud.compute.GreenHouseDataElementVCloudTemplateBuilderLiveTest)
[pool-2-thread-1] Test testDefaultTemplateBuilder(org.jclouds.greenhousedata.element.vcloud.compute.GreenHouseDataElementVCloudTemplateBuilderLiveTest) succeeded: 1ms
Test suite progress: tests succeeded: 93, failed: 0, skipped: 0.
[pool-2-thread-4] Test testFindCatalogItem(org.jclouds.greenhousedata.element.vcloud.DeprecatedGreenHouseDataElementVCloudClientLiveTest) succeeded: 23585ms
Test suite progress: tests succeeded: 94, failed: 0, skipped: 0.
Starting test testFindVAppTemplate(org.jclouds.greenhousedata.element.vcloud.DeprecatedGreenHouseDataElementVCloudClientLiveTest)
[pool-2-thread-4] Test testFindVAppTemplate(org.jclouds.greenhousedata.element.vcloud.DeprecatedGreenHouseDataElementVCloudClientLiveTest) succeeded: 24348ms
Test suite progress: tests succeeded: 95, failed: 0, skipped: 0.
Starting test testGetCatalogItem(org.jclouds.greenhousedata.element.vcloud.DeprecatedGreenHouseDataElementVCloudClientLiveTest)
[pool-2-thread-4] Test testGetCatalogItem(org.jclouds.greenhousedata.element.vcloud.DeprecatedGreenHouseDataElementVCloudClientLiveTest) succeeded: 10065ms
Test suite progress: tests succeeded: 96, failed: 0, skipped: 0.
Starting test testGetOrgNetwork(org.jclouds.greenhousedata.element.vcloud.DeprecatedGreenHouseDataElementVCloudClientLiveTest)
[pool-2-thread-4] Test testGetOrgNetwork(org.jclouds.greenhousedata.element.vcloud.DeprecatedGreenHouseDataElementVCloudClientLiveTest) succeeded: 1724ms
Test suite progress: tests succeeded: 97, failed: 0, skipped: 0.
Starting test testGetOvfEnvelopeForVAppTemplate(org.jclouds.greenhousedata.element.vcloud.DeprecatedGreenHouseDataElementVCloudClientLiveTest)
[pool-2-thread-4] Test testGetOvfEnvelopeForVAppTemplate(org.jclouds.greenhousedata.element.vcloud.DeprecatedGreenHouseDataElementVCloudClientLiveTest) succeeded: 14999ms
Test suite progress: tests succeeded: 98, failed: 0, skipped: 0.
Starting test testGetTask(org.jclouds.greenhousedata.element.vcloud.DeprecatedGreenHouseDataElementVCloudClientLiveTest)
[pool-2-thread-4] Test testGetTask(org.jclouds.greenhousedata.element.vcloud.DeprecatedGreenHouseDataElementVCloudClientLiveTest) succeeded: 1404ms
Test suite progress: tests succeeded: 99, failed: 0, skipped: 0.
Starting test testGetThumbnailOfVm(org.jclouds.greenhousedata.element.vcloud.DeprecatedGreenHouseDataElementVCloudClientLiveTest)
[pool-2-thread-4] Test testGetThumbnailOfVm(org.jclouds.greenhousedata.element.vcloud.DeprecatedGreenHouseDataElementVCloudClientLiveTest) succeeded: 7242ms
Test suite progress: tests succeeded: 100, failed: 0, skipped: 0.
Starting test testGetVApp(org.jclouds.greenhousedata.element.vcloud.DeprecatedGreenHouseDataElementVCloudClientLiveTest)
[pool-2-thread-4] Test testGetVApp(org.jclouds.greenhousedata.element.vcloud.DeprecatedGreenHouseDataElementVCloudClientLiveTest) succeeded: 5137ms
Test suite progress: tests succeeded: 101, failed: 0, skipped: 0.
Starting test testGetVAppTemplate(org.jclouds.greenhousedata.element.vcloud.DeprecatedGreenHouseDataElementVCloudClientLiveTest)
[pool-2-thread-4] Test testGetVAppTemplate(org.jclouds.greenhousedata.element.vcloud.DeprecatedGreenHouseDataElementVCloudClientLiveTest) succeeded: 14509ms
Test suite progress: tests succeeded: 102, failed: 0, skipped: 0.
Starting test testGetVDCNetwork(org.jclouds.greenhousedata.element.vcloud.DeprecatedGreenHouseDataElementVCloudClientLiveTest)
[pool-2-thread-4] Test testGetVDCNetwork(org.jclouds.greenhousedata.element.vcloud.DeprecatedGreenHouseDataElementVCloudClientLiveTest) succeeded: 5152ms
Test suite progress: tests succeeded: 103, failed: 0, skipped: 0.
Starting test testGetVm(org.jclouds.greenhousedata.element.vcloud.DeprecatedGreenHouseDataElementVCloudClientLiveTest)
[pool-2-thread-4] Test testGetVm(org.jclouds.greenhousedata.element.vcloud.DeprecatedGreenHouseDataElementVCloudClientLiveTest) succeeded: 12960ms
Test suite progress: tests succeeded: 104, failed: 0, skipped: 0.
Starting test testListOrgs(org.jclouds.greenhousedata.element.vcloud.DeprecatedGreenHouseDataElementVCloudClientLiveTest)
[pool-2-thread-4] Test testListOrgs(org.jclouds.greenhousedata.element.vcloud.DeprecatedGreenHouseDataElementVCloudClientLiveTest) succeeded: 1373ms
Test suite progress: tests succeeded: 105, failed: 0, skipped: 0.
Starting test testOrg(org.jclouds.greenhousedata.element.vcloud.DeprecatedGreenHouseDataElementVCloudClientLiveTest)
[pool-2-thread-4] Test testOrg(org.jclouds.greenhousedata.element.vcloud.DeprecatedGreenHouseDataElementVCloudClientLiveTest) succeeded: 911ms
Test suite progress: tests succeeded: 106, failed: 0, skipped: 0.
Starting test testPropertiesCanOverrideDefaultCatalog(org.jclouds.greenhousedata.element.vcloud.DeprecatedGreenHouseDataElementVCloudClientLiveTest)
[pool-2-thread-4] Test testPropertiesCanOverrideDefaultCatalog(org.jclouds.greenhousedata.element.vcloud.DeprecatedGreenHouseDataElementVCloudClientLiveTest) succeeded: 6254ms
Test suite progress: tests succeeded: 107, failed: 0, skipped: 0.
Starting test testPropertiesCanOverrideDefaultNetwork(org.jclouds.greenhousedata.element.vcloud.DeprecatedGreenHouseDataElementVCloudClientLiveTest)
[pool-2-thread-4] Test testPropertiesCanOverrideDefaultNetwork(org.jclouds.greenhousedata.element.vcloud.DeprecatedGreenHouseDataElementVCloudClientLiveTest) succeeded: 11545ms
Test suite progress: tests succeeded: 108, failed: 0, skipped: 0.
Starting test testPropertiesCanOverrideDefaultOrg(org.jclouds.greenhousedata.element.vcloud.DeprecatedGreenHouseDataElementVCloudClientLiveTest)
[pool-2-thread-4] Test testPropertiesCanOverrideDefaultOrg(org.jclouds.greenhousedata.element.vcloud.DeprecatedGreenHouseDataElementVCloudClientLiveTest) succeeded: 2322ms
Test suite progress: tests succeeded: 109, failed: 0, skipped: 0.
Starting test testPropertiesCanOverrideDefaultVDC(org.jclouds.greenhousedata.element.vcloud.DeprecatedGreenHouseDataElementVCloudClientLiveTest)
[pool-2-thread-4] Test testPropertiesCanOverrideDefaultVDC(org.jclouds.greenhousedata.element.vcloud.DeprecatedGreenHouseDataElementVCloudClientLiveTest) succeeded: 3532ms
Test suite progress: tests succeeded: 110, failed: 0, skipped: 0.
SLF4J: Failed to load class "org.slf4j.impl.StaticLoggerBinder".
SLF4J: Defaulting to no-operation (NOP) logger implementation
SLF4J: See http://www.slf4j.org/codes.html#StaticLoggerBinder for further details.
<< problem applying options to node(https://mycloud.greenhousedata.com/api/v1.0/vApp/vapp-621941022): 
org.jclouds.rest.AuthorizationException: (root:password@68.168.252.115:22) (root:password@68.168.252.115:22) error acquiring SSHClient(timeout=60000): Exhausted available authentication methods
	at org.jclouds.sshj.SshjSshClient.propagate(SshjSshClient.java:413)
	at org.jclouds.sshj.SshjSshClient.acquire(SshjSshClient.java:244)
	at org.jclouds.sshj.SshjSshClient.connect(SshjSshClient.java:255)
	at org.jclouds.compute.callables.RunScriptOnNodeUsingSsh.call(RunScriptOnNodeUsingSsh.java:73)
	at org.jclouds.compute.strategy.RunScriptOnNodeAndAddToGoodMapOrPutExceptionIntoBadMap.call(RunScriptOnNodeAndAddToGoodMapOrPutExceptionIntoBadMap.java:69)
	at org.jclouds.compute.strategy.RunScriptOnNodeAndAddToGoodMapOrPutExceptionIntoBadMap.call(RunScriptOnNodeAndAddToGoodMapOrPutExceptionIntoBadMap.java:44)
	at java.util.concurrent.FutureTask$Sync.innerRun(FutureTask.java:303)
	at java.util.concurrent.FutureTask.run(FutureTask.java:138)
	at java.util.concurrent.ThreadPoolExecutor$Worker.runTask(ThreadPoolExecutor.java:886)
	at java.util.concurrent.ThreadPoolExecutor$Worker.run(ThreadPoolExecutor.java:908)
	at java.lang.Thread.run(Thread.java:680)
Caused by: net.schmizz.sshj.userauth.UserAuthException: Exhausted available authentication methods
	at net.schmizz.sshj.userauth.UserAuthImpl.authenticate(UserAuthImpl.java:114)
	at net.schmizz.sshj.SSHClient.auth(SSHClient.java:204)
	at net.schmizz.sshj.SSHClient.auth(SSHClient.java:189)
	at net.schmizz.sshj.SSHClient.authPassword(SSHClient.java:265)
	at net.schmizz.sshj.SSHClient.authPassword(SSHClient.java:235)
	at net.schmizz.sshj.SSHClient.authPassword(SSHClient.java:219)
	at org.jclouds.sshj.SshjSshClient$1.create(SshjSshClient.java:195)
	at org.jclouds.sshj.SshjSshClient$1.create(SshjSshClient.java:171)
	at org.jclouds.sshj.SshjSshClient.acquire(SshjSshClient.java:220)
	... 9 more
Caused by: net.schmizz.sshj.userauth.UserAuthException: keyboard-interactive auth not allowed by server
	at net.schmizz.sshj.userauth.UserAuthImpl.authenticate(UserAuthImpl.java:81)
	... 17 more
[pool-2-thread-3] Test testExtendedOptionsWithCustomizationScript(org.jclouds.greenhousedata.element.vcloud.features.GreenHouseDataElementVCloudVmClientLiveTest) succeeded: 193501ms
Test suite progress: tests succeeded: 111, failed: 0, skipped: 0.
Starting test testGetThumbnailOfVm(org.jclouds.greenhousedata.element.vcloud.features.GreenHouseDataElementVCloudVmClientLiveTest)
[pool-2-thread-3] Test testGetThumbnailOfVm(org.jclouds.greenhousedata.element.vcloud.features.GreenHouseDataElementVCloudVmClientLiveTest) succeeded: 6505ms
Test suite progress: tests succeeded: 112, failed: 0, skipped: 0.
Starting test testGetVm(org.jclouds.greenhousedata.element.vcloud.features.GreenHouseDataElementVCloudVmClientLiveTest)
[pool-2-thread-3] Test testGetVm(org.jclouds.greenhousedata.element.vcloud.features.GreenHouseDataElementVCloudVmClientLiveTest) succeeded: 7627ms
Test suite progress: tests succeeded: 113, failed: 0, skipped: 0.
[pool-2-thread-5] Test testCaptureVApp(org.jclouds.greenhousedata.element.vcloud.features.GreenHouseDataElementVCloudVAppTemplateClientLiveTest) succeeded: 272477ms
Test suite progress: tests succeeded: 114, failed: 0, skipped: 0.
Starting test testFindVAppTemplate(org.jclouds.greenhousedata.element.vcloud.features.GreenHouseDataElementVCloudVAppTemplateClientLiveTest)
[pool-2-thread-5] Test testFindVAppTemplate(org.jclouds.greenhousedata.element.vcloud.features.GreenHouseDataElementVCloudVAppTemplateClientLiveTest) succeeded: 23681ms
Test suite progress: tests succeeded: 115, failed: 0, skipped: 0.
Starting test testGetOvfEnvelopeForVAppTemplate(org.jclouds.greenhousedata.element.vcloud.features.GreenHouseDataElementVCloudVAppTemplateClientLiveTest)
[pool-2-thread-5] Test testGetOvfEnvelopeForVAppTemplate(org.jclouds.greenhousedata.element.vcloud.features.GreenHouseDataElementVCloudVAppTemplateClientLiveTest) succeeded: 14496ms
Test suite progress: tests succeeded: 116, failed: 0, skipped: 0.
Starting test testGetVAppTemplate(org.jclouds.greenhousedata.element.vcloud.features.GreenHouseDataElementVCloudVAppTemplateClientLiveTest)
[pool-2-thread-2] Test testAScriptExecutionAfterBootWithBasicTemplate(org.jclouds.greenhousedata.element.vcloud.compute.GreenHouseDataElementVCloudComputeServiceLiveTest) succeeded: 300856ms
Test suite progress: tests succeeded: 117, failed: 0, skipped: 0.
Starting test testCorrectAuthException(org.jclouds.greenhousedata.element.vcloud.compute.GreenHouseDataElementVCloudComputeServiceLiveTest)
[pool-2-thread-2] Test testCorrectAuthException(org.jclouds.greenhousedata.element.vcloud.compute.GreenHouseDataElementVCloudComputeServiceLiveTest) succeeded: 1030ms
Test suite progress: tests succeeded: 118, failed: 0, skipped: 0.
Starting test testCreateAndRunAService(org.jclouds.greenhousedata.element.vcloud.compute.GreenHouseDataElementVCloudComputeServiceLiveTest)
[pool-2-thread-5] Test testGetVAppTemplate(org.jclouds.greenhousedata.element.vcloud.features.GreenHouseDataElementVCloudVAppTemplateClientLiveTest) succeeded: 14665ms
Test suite progress: tests succeeded: 119, failed: 0, skipped: 0.
Exception in thread "user thread 39" java.lang.IllegalStateException: interrupted calling get() on [[method=VAppTemplateAsyncClient.getVAppTemplate, request=GET https://mycloud.greenhousedata.com/api/v1.0/vAppTemplate/vappTemplate-773475143 HTTP/1.1]], so could not run listeners
	at org.jclouds.concurrent.Futures$CallGetAndRunExecutionList.run(Futures.java:66)
	at java.util.concurrent.ThreadPoolExecutor$Worker.runTask(ThreadPoolExecutor.java:886)
	at java.util.concurrent.ThreadPoolExecutor$Worker.run(ThreadPoolExecutor.java:908)
	at java.lang.Thread.run(Thread.java:680)
Caused by: java.lang.InterruptedException
	at java.util.concurrent.locks.AbstractQueuedSynchronizer.doAcquireSharedInterruptibly(AbstractQueuedSynchronizer.java:979)
	at java.util.concurrent.locks.AbstractQueuedSynchronizer.acquireSharedInterruptibly(AbstractQueuedSynchronizer.java:1281)
	at java.util.concurrent.FutureTask$Sync.innerGet(FutureTask.java:218)
	at java.util.concurrent.FutureTask.get(FutureTask.java:83)
	at org.jclouds.concurrent.config.ExecutorServiceModule$DescribedFuture.get(ExecutorServiceModule.java:237)
	at org.jclouds.concurrent.Futures$CallGetAndRunExecutionList.run(Futures.java:59)
	... 3 more
Caused by: java.util.concurrent.ExecutionException: task submitted from the following trace
	at org.jclouds.concurrent.config.ExecutorServiceModule$DescribedFuture.ensureCauseHasSubmissionTrace(ExecutorServiceModule.java:270)
	at org.jclouds.concurrent.config.ExecutorServiceModule$DescribedFuture.get(ExecutorServiceModule.java:241)
	... 4 more
Oct 15, 2011 11:49:44 AM org.jclouds.compute.BaseComputeServiceLiveTest testCreateAndRunAService
INFO: << available node(https://mycloud.greenhousedata.com/api/v1.0/vApp/vapp-128495779) os([osType=UBUNTU_64, arch=null, description=Ubuntu Linux (64-bit), family=ubuntu, is64Bit=true, name=Ubuntu 64-Bit, version=]) in 121s
Oct 15, 2011 11:51:26 AM org.jclouds.compute.BaseComputeServiceLiveTest testCreateAndRunAService
INFO: << configured node(https://mycloud.greenhousedata.com/api/v1.0/vApp/vapp-128495779) with java full version "1.6.0_20-b20" in 98s
Oct 15, 2011 11:51:35 AM org.jclouds.compute.BaseComputeServiceLiveTest trackAvailabilityOfProcessOnNode
INFO: << initial start of jboss on node(https://mycloud.greenhousedata.com/api/v1.0/vApp/vapp-128495779) [backgroundProcessSeconds=3, socketOpenMilliseconds=7137, reportedStartupTimeMilliseconds=5331]
Oct 15, 2011 11:51:43 AM org.jclouds.compute.BaseComputeServiceLiveTest trackAvailabilityOfProcessOnNode
INFO: << warm start of jboss on node(https://mycloud.greenhousedata.com/api/v1.0/vApp/vapp-128495779) [backgroundProcessSeconds=2, socketOpenMilliseconds=4085, reportedStartupTimeMilliseconds=3687]
[pool-2-thread-2] Test testCreateAndRunAService(org.jclouds.greenhousedata.element.vcloud.compute.GreenHouseDataElementVCloudComputeServiceLiveTest) succeeded: 269627ms
Test suite progress: tests succeeded: 120, failed: 0, skipped: 0.
Starting test testCreateTwoNodesWithRunScript(org.jclouds.greenhousedata.element.vcloud.compute.GreenHouseDataElementVCloudComputeServiceLiveTest)
[pool-2-thread-2] Test testCreateTwoNodesWithRunScript(org.jclouds.greenhousedata.element.vcloud.compute.GreenHouseDataElementVCloudComputeServiceLiveTest) succeeded: 245157ms
Test suite progress: tests succeeded: 121, failed: 0, skipped: 0.
Starting test testCreateAnotherNodeWithANewContextToEnsureSharedMemIsntRequired(org.jclouds.greenhousedata.element.vcloud.compute.GreenHouseDataElementVCloudComputeServiceLiveTest)
Oct 15, 2011 11:56:17 AM org.jclouds.compute.BaseComputeServiceLiveTest testCreateAnotherNodeWithANewContextToEnsureSharedMemIsntRequired
INFO: creating another node based on existing nodes' location: [id=https://mycloud.greenhousedata.com/api/v1.0/vdc/1080012384, scope=ZONE, description=orgVDC-cloudsoft-Tier1-PAYG, parent=https://mycloud.greenhousedata.com/api/v1.0/org/1220014941, iso3166Codes=[], metadata={}]
[pool-2-thread-2] Test testCreateAnotherNodeWithANewContextToEnsureSharedMemIsntRequired(org.jclouds.greenhousedata.element.vcloud.compute.GreenHouseDataElementVCloudComputeServiceLiveTest) succeeded: 219625ms
Test suite progress: tests succeeded: 122, failed: 0, skipped: 0.
Starting test testCredentialsCache(org.jclouds.greenhousedata.element.vcloud.compute.GreenHouseDataElementVCloudComputeServiceLiveTest)
[pool-2-thread-2] Test testCredentialsCache(org.jclouds.greenhousedata.element.vcloud.compute.GreenHouseDataElementVCloudComputeServiceLiveTest) succeeded: 163ms
Test suite progress: tests succeeded: 123, failed: 0, skipped: 0.
Starting test testGet(org.jclouds.greenhousedata.element.vcloud.compute.GreenHouseDataElementVCloudComputeServiceLiveTest)
[pool-2-thread-2] Test testGet(org.jclouds.greenhousedata.element.vcloud.compute.GreenHouseDataElementVCloudComputeServiceLiveTest) succeeded: 7600ms
Test suite progress: tests succeeded: 124, failed: 0, skipped: 0.
Starting test testGetAssignableLocations(org.jclouds.greenhousedata.element.vcloud.compute.GreenHouseDataElementVCloudComputeServiceLiveTest)
Oct 15, 2011 12:00:02 PM org.jclouds.compute.BaseComputeServiceLiveTest testGetAssignableLocations
WARNING: location [id=https://mycloud.greenhousedata.com/api/v1.0/vdc/1080012384, scope=ZONE, description=orgVDC-cloudsoft-Tier1-PAYG, parent=https://mycloud.greenhousedata.com/api/v1.0/org/1220014941, iso3166Codes=[], metadata={}]
[pool-2-thread-2] Test testGetAssignableLocations(org.jclouds.greenhousedata.element.vcloud.compute.GreenHouseDataElementVCloudComputeServiceLiveTest) succeeded: 1ms
Test suite progress: tests succeeded: 125, failed: 0, skipped: 0.
Starting test testImagesCache(org.jclouds.greenhousedata.element.vcloud.compute.GreenHouseDataElementVCloudComputeServiceLiveTest)
[pool-2-thread-2] Test testImagesCache(org.jclouds.greenhousedata.element.vcloud.compute.GreenHouseDataElementVCloudComputeServiceLiveTest) succeeded: 3958ms
Test suite progress: tests succeeded: 126, failed: 0, skipped: 0.
Starting test testListImages(org.jclouds.greenhousedata.element.vcloud.compute.GreenHouseDataElementVCloudComputeServiceLiveTest)
[pool-2-thread-2] Test testListImages(org.jclouds.greenhousedata.element.vcloud.compute.GreenHouseDataElementVCloudComputeServiceLiveTest) succeeded: 0ms
Test suite progress: tests succeeded: 127, failed: 0, skipped: 0.
Starting test testListSizes(org.jclouds.greenhousedata.element.vcloud.compute.GreenHouseDataElementVCloudComputeServiceLiveTest)
[pool-2-thread-2] Test testListSizes(org.jclouds.greenhousedata.element.vcloud.compute.GreenHouseDataElementVCloudComputeServiceLiveTest) succeeded: 3866ms
Test suite progress: tests succeeded: 128, failed: 0, skipped: 0.
Starting test testOptionToNotBlock(org.jclouds.greenhousedata.element.vcloud.compute.GreenHouseDataElementVCloudComputeServiceLiveTest)
[pool-2-thread-2] Test testOptionToNotBlock(org.jclouds.greenhousedata.element.vcloud.compute.GreenHouseDataElementVCloudComputeServiceLiveTest) succeeded: 108864ms
Test suite progress: tests succeeded: 129, failed: 0, skipped: 0.
Starting test testReboot(org.jclouds.greenhousedata.element.vcloud.compute.GreenHouseDataElementVCloudComputeServiceLiveTest)
[pool-2-thread-2] Test testReboot(org.jclouds.greenhousedata.element.vcloud.compute.GreenHouseDataElementVCloudComputeServiceLiveTest) succeeded: 42384ms
Test suite progress: tests succeeded: 130, failed: 0, skipped: 0.
Starting test testSuspendResume(org.jclouds.greenhousedata.element.vcloud.compute.GreenHouseDataElementVCloudComputeServiceLiveTest)
[pool-2-thread-2] Test testSuspendResume(org.jclouds.greenhousedata.element.vcloud.compute.GreenHouseDataElementVCloudComputeServiceLiveTest) succeeded: 114564ms
Test suite progress: tests succeeded: 131, failed: 0, skipped: 0.
Starting test testTemplateMatch(org.jclouds.greenhousedata.element.vcloud.compute.GreenHouseDataElementVCloudComputeServiceLiveTest)
[pool-2-thread-2] Test testTemplateMatch(org.jclouds.greenhousedata.element.vcloud.compute.GreenHouseDataElementVCloudComputeServiceLiveTest) succeeded: 1ms
Test suite progress: tests succeeded: 132, failed: 0, skipped: 0.
Starting test setServiceDefaults(org.jclouds.greenhousedata.element.vcloud.compute.GreenHouseDataElementVCloudComputeServiceLiveTest)
[pool-2-thread-2] Test setServiceDefaults(org.jclouds.greenhousedata.element.vcloud.compute.GreenHouseDataElementVCloudComputeServiceLiveTest) succeeded: 0ms
Test suite progress: tests succeeded: 133, failed: 0, skipped: 0.
Starting test testGetNodesWithDetails(org.jclouds.greenhousedata.element.vcloud.compute.GreenHouseDataElementVCloudComputeServiceLiveTest)
[pool-2-thread-2] Test testGetNodesWithDetails(org.jclouds.greenhousedata.element.vcloud.compute.GreenHouseDataElementVCloudComputeServiceLiveTest) succeeded: 3062ms
Test suite progress: tests succeeded: 134, failed: 0, skipped: 0.
Starting test testListNodes(org.jclouds.greenhousedata.element.vcloud.compute.GreenHouseDataElementVCloudComputeServiceLiveTest)
[id=https://mycloud.greenhousedata.com/api/v1.0/vApp/vapp-733911904, providerId=https://mycloud.greenhousedata.com/api/v1.0/vApp/vapp-733911904, name=director--621, processors=[[cores=1.0, speed=1.0]], ram=256, volumes=[[id=0, type=LOCAL, size=2.0, device=null, durable=true, isBootDevice=true]], supportsImage=idEquals(https://mycloud.greenhousedata.com/api/v1.0/vApp/vapp-733911904), tags=[]]
[id=https://mycloud.greenhousedata.com/api/v1.0/vApp/vapp-1543917105, providerId=https://mycloud.greenhousedata.com/api/v1.0/vApp/vapp-1543917105, name=director--f7b, processors=[[cores=1.0, speed=1.0]], ram=256, volumes=[[id=0, type=LOCAL, size=2.0, device=null, durable=true, isBootDevice=true]], supportsImage=idEquals(https://mycloud.greenhousedata.com/api/v1.0/vApp/vapp-1543917105), tags=[]]
[id=https://mycloud.greenhousedata.com/api/v1.0/vApp/vapp-1626761348, providerId=https://mycloud.greenhousedata.com/api/v1.0/vApp/vapp-1626761348, name=director--9be, processors=[[cores=1.0, speed=1.0]], ram=256, volumes=[[id=0, type=LOCAL, size=2.0, device=null, durable=true, isBootDevice=true]], supportsImage=idEquals(https://mycloud.greenhousedata.com/api/v1.0/vApp/vapp-1626761348), tags=[]]
[pool-2-thread-2] Test testListNodes(org.jclouds.greenhousedata.element.vcloud.compute.GreenHouseDataElementVCloudComputeServiceLiveTest) succeeded: 13844ms
Test suite progress: tests succeeded: 135, failed: 0, skipped: 0.
Starting test testDestroyNodes(org.jclouds.greenhousedata.element.vcloud.compute.GreenHouseDataElementVCloudComputeServiceLiveTest)
[pool-2-thread-2] Test testDestroyNodes(org.jclouds.greenhousedata.element.vcloud.compute.GreenHouseDataElementVCloudComputeServiceLiveTest) succeeded: 9597ms
Test suite progress: tests succeeded: 136, failed: 0, skipped: 0.
Starting test testCorrectExceptionRunningNodesNotFound(org.jclouds.greenhousedata.element.vcloud.compute.GreenHouseDataElementVCloudComputeServiceLiveTest)
[pool-2-thread-2] Test testCorrectExceptionRunningNodesNotFound(org.jclouds.greenhousedata.element.vcloud.compute.GreenHouseDataElementVCloudComputeServiceLiveTest) succeeded: 2820ms
Test suite progress: tests succeeded: 137, failed: 0, skipped: 0.
Starting test testAssignability(org.jclouds.greenhousedata.element.vcloud.compute.GreenHouseDataElementVCloudComputeServiceLiveTest)
[pool-2-thread-2] Test testAssignability(org.jclouds.greenhousedata.element.vcloud.compute.GreenHouseDataElementVCloudComputeServiceLiveTest) succeeded: 125ms
Test suite progress: tests succeeded: 138, failed: 0, skipped: 0.
Tests run: 138, Failures: 0, Errors: 0, Skipped: 0, Time elapsed: 1,386.859 sec

Results :

Tests run: 138, Failures: 0, Errors: 0, Skipped: 0

[INFO] 
[INFO] --- maven-install-plugin:2.3:install (default-install) @ greenhousedata-element-vcloud ---
[INFO] Installing /Users/adriancole/workspace/git/1.2.0/jclouds/providers/greenhousedata-element-vcloud/target/greenhousedata-element-vcloud-1.2.0-SNAPSHOT.jar to /Users/adriancole/.m2/repository/org/jclouds/provider/greenhousedata-element-vcloud/1.2.0-SNAPSHOT/greenhousedata-element-vcloud-1.2.0-SNAPSHOT.jar
[INFO] Installing /Users/adriancole/workspace/git/1.2.0/jclouds/providers/greenhousedata-element-vcloud/pom.xml to /Users/adriancole/.m2/repository/org/jclouds/provider/greenhousedata-element-vcloud/1.2.0-SNAPSHOT/greenhousedata-element-vcloud-1.2.0-SNAPSHOT.pom
[INFO] Installing /Users/adriancole/workspace/git/1.2.0/jclouds/providers/greenhousedata-element-vcloud/target/greenhousedata-element-vcloud-1.2.0-SNAPSHOT-sources.jar to /Users/adriancole/.m2/repository/org/jclouds/provider/greenhousedata-element-vcloud/1.2.0-SNAPSHOT/greenhousedata-element-vcloud-1.2.0-SNAPSHOT-sources.jar
[INFO] Installing /Users/adriancole/workspace/git/1.2.0/jclouds/providers/greenhousedata-element-vcloud/target/greenhousedata-element-vcloud-1.2.0-SNAPSHOT-tests.jar to /Users/adriancole/.m2/repository/org/jclouds/provider/greenhousedata-element-vcloud/1.2.0-SNAPSHOT/greenhousedata-element-vcloud-1.2.0-SNAPSHOT-tests.jar
[INFO] 
[INFO] --- maven-bundle-plugin:2.3.4:install (default-install) @ greenhousedata-element-vcloud ---
[INFO] Installing org/jclouds/provider/greenhousedata-element-vcloud/1.2.0-SNAPSHOT/greenhousedata-element-vcloud-1.2.0-SNAPSHOT.jar
[INFO] Writing OBR metadata
[INFO] ------------------------------------------------------------------------
[INFO] BUILD SUCCESS
[INFO] ------------------------------------------------------------------------
[INFO] Total time: 23:43.142s
[INFO] Finished at: Sat Oct 15 12:05:28 PDT 2011
[INFO] Final Memory: 20M/125M
[INFO] ------------------------------------------------------------------------
