[INFO] Scanning for projects...
[WARNING] 
[WARNING] Some problems were encountered while building the effective model for org.jclouds.provider:ninefold-storage:bundle:1.2.0-SNAPSHOT
[WARNING] 'parent.relativePath' of POM org.jclouds:jclouds-project:1.2.0-SNAPSHOT (/Users/adriancole/workspace/git/1.2.0/jclouds/project/pom.xml) points at org.jclouds:jclouds-multi instead of org.sonatype.oss:oss-parent, please verify your project structure @ org.jclouds:jclouds-project:1.2.0-SNAPSHOT, /Users/adriancole/workspace/git/1.2.0/jclouds/project/pom.xml, line 24, column 13
[WARNING] 
[WARNING] It is highly recommended to fix these problems because they threaten the stability of your build.
[WARNING] 
[WARNING] For this reason, future Maven versions might no longer support building such malformed projects.
[WARNING] 
[INFO]                                                                         
[INFO] ------------------------------------------------------------------------
[INFO] Building jclouds ninefold storage provider 1.2.0-SNAPSHOT
[INFO] ------------------------------------------------------------------------
[INFO] 
[INFO] --- maven-clean-plugin:2.4.1:clean (default-clean) @ ninefold-storage ---
[INFO] Deleting /Users/adriancole/workspace/git/1.2.0/jclouds/providers/ninefold-storage/target
[INFO] 
[INFO] --- maven-enforcer-plugin:1.0.1:enforce (enforce-maven) @ ninefold-storage ---
[INFO] 
[INFO] --- maven-enforcer-plugin:1.0.1:enforce (enforce-banned-dependencies) @ ninefold-storage ---
[INFO] 
[INFO] --- maven-enforcer-plugin:1.0.1:enforce (enforce-java) @ ninefold-storage ---
[INFO] 
[INFO] --- maven-remote-resources-plugin:1.2:process (process-remote-resources) @ ninefold-storage ---
[INFO] Setting property: classpath.resource.loader.class => 'org.codehaus.plexus.velocity.ContextClassLoaderResourceLoader'.
[INFO] Setting property: velocimacro.messages.on => 'false'.
[INFO] Setting property: resource.loader => 'classpath'.
[INFO] Setting property: resource.manager.logwhenfound => 'false'.
[INFO] 
[INFO] --- maven-resources-plugin:2.4.2:resources (default-resources) @ ninefold-storage ---
[INFO] Using 'UTF-8' encoding to copy filtered resources.
[INFO] skip non existing resourceDirectory /Users/adriancole/workspace/git/1.2.0/jclouds/providers/ninefold-storage/src/main/clojure
[INFO] Copying 1 resource
[INFO] Copying 2 resources
[INFO] 
[INFO] --- maven-compiler-plugin:2.3:compile (default-compile) @ ninefold-storage ---
[INFO] Compiling 2 source files to /Users/adriancole/workspace/git/1.2.0/jclouds/providers/ninefold-storage/target/classes
[INFO] 
[INFO] --- maven-resources-plugin:2.4.2:testResources (default-testResources) @ ninefold-storage ---
[INFO] Using 'UTF-8' encoding to copy filtered resources.
[INFO] skip non existing resourceDirectory /Users/adriancole/workspace/git/1.2.0/jclouds/providers/ninefold-storage/src/test/clojure
[INFO] skip non existing resourceDirectory /Users/adriancole/workspace/git/1.2.0/jclouds/providers/ninefold-storage/src/test/resources
[INFO] Copying 2 resources
[INFO] 
[INFO] --- maven-compiler-plugin:2.3:testCompile (default-testCompile) @ ninefold-storage ---
[INFO] Compiling 12 source files to /Users/adriancole/workspace/git/1.2.0/jclouds/providers/ninefold-storage/target/test-classes
[INFO] 
[INFO] --- maven-surefire-plugin:2.5:test (default-test) @ ninefold-storage ---
[INFO] Surefire report directory: /Users/adriancole/workspace/git/1.2.0/jclouds/providers/ninefold-storage/target/surefire-reports

-------------------------------------------------------
 T E S T S
-------------------------------------------------------
Running TestSuite
Starting test testAllContains(org.jclouds.ninefold.storage.NinefoldStorageProviderTest)
Starting test testOfTypeContains(org.jclouds.ninefold.storage.NinefoldStorageProviderTest)
Starting test testInRestProperties(org.jclouds.ninefold.storage.NinefoldStorageProviderTest)
Starting test testWithId(org.jclouds.ninefold.storage.NinefoldStorageProviderTest)
[pool-2-thread-3] Test testAllContains(org.jclouds.ninefold.storage.NinefoldStorageProviderTest) succeeded: 74ms
Test suite progress: tests succeeded: 1, failed: 0, skipped: 0.
[pool-2-thread-4] Test testOfTypeContains(org.jclouds.ninefold.storage.NinefoldStorageProviderTest) succeeded: 198ms
Test suite progress: tests succeeded: 2, failed: 0, skipped: 0.
[pool-2-thread-2] Test testWithId(org.jclouds.ninefold.storage.NinefoldStorageProviderTest) succeeded: 295ms
Test suite progress: tests succeeded: 3, failed: 0, skipped: 0.
[pool-2-thread-1] Test testInRestProperties(org.jclouds.ninefold.storage.NinefoldStorageProviderTest) succeeded: 310ms
Test suite progress: tests succeeded: 4, failed: 0, skipped: 0.
Starting test testCreateFile(org.jclouds.ninefold.storage.NinefoldStorageAsyncClientTest)
Starting test testListDirectory(org.jclouds.ninefold.storage.NinefoldStorageAsyncClientTest)
Starting test testGetSystemMetadata(org.jclouds.ninefold.storage.NinefoldStorageAsyncClientTest)
Starting test testDeletePath(org.jclouds.ninefold.storage.NinefoldStorageAsyncClientTest)
Starting test testReadFile(org.jclouds.ninefold.storage.NinefoldStorageAsyncClientTest)
[pool-3-thread-1] Test testListDirectory(org.jclouds.ninefold.storage.NinefoldStorageAsyncClientTest) succeeded: 423ms
Test suite progress: tests succeeded: 5, failed: 0, skipped: 0.
Starting test testListDirectoriesOptions(org.jclouds.ninefold.storage.NinefoldStorageAsyncClientTest)
[pool-3-thread-5] Test testDeletePath(org.jclouds.ninefold.storage.NinefoldStorageAsyncClientTest) succeeded: 447ms
Test suite progress: tests succeeded: 6, failed: 0, skipped: 0.
Starting test testCreateDirectory(org.jclouds.ninefold.storage.NinefoldStorageAsyncClientTest)
[pool-3-thread-2] Test testReadFile(org.jclouds.ninefold.storage.NinefoldStorageAsyncClientTest) succeeded: 450ms
Test suite progress: tests succeeded: 7, failed: 0, skipped: 0.
[pool-3-thread-3] Test testGetSystemMetadata(org.jclouds.ninefold.storage.NinefoldStorageAsyncClientTest) succeeded: 451ms
Test suite progress: tests succeeded: 8, failed: 0, skipped: 0.
Starting test testCreateFileOptions(org.jclouds.ninefold.storage.NinefoldStorageAsyncClientTest)
Starting test testListDirectoryOptions(org.jclouds.ninefold.storage.NinefoldStorageAsyncClientTest)
[pool-3-thread-3] Test testListDirectoryOptions(org.jclouds.ninefold.storage.NinefoldStorageAsyncClientTest) succeeded: 3ms
Test suite progress: tests succeeded: 9, failed: 0, skipped: 0.
Starting test testIsPublic(org.jclouds.ninefold.storage.NinefoldStorageAsyncClientTest)
[pool-3-thread-3] Test testIsPublic(org.jclouds.ninefold.storage.NinefoldStorageAsyncClientTest) succeeded: 17ms
Test suite progress: tests succeeded: 10, failed: 0, skipped: 0.
Starting test testCreateDirectoryOptions(org.jclouds.ninefold.storage.NinefoldStorageAsyncClientTest)
[pool-3-thread-1] Test testListDirectoriesOptions(org.jclouds.ninefold.storage.NinefoldStorageAsyncClientTest) succeeded: 66ms
Test suite progress: tests succeeded: 11, failed: 0, skipped: 0.
Starting test testUpdateFileOptions(org.jclouds.ninefold.storage.NinefoldStorageAsyncClientTest)
[pool-3-thread-3] Test testCreateDirectoryOptions(org.jclouds.ninefold.storage.NinefoldStorageAsyncClientTest) succeeded: 24ms
Test suite progress: tests succeeded: 12, failed: 0, skipped: 0.
Starting test testNewObject(org.jclouds.ninefold.storage.NinefoldStorageAsyncClientTest)
[pool-3-thread-3] Test testNewObject(org.jclouds.ninefold.storage.NinefoldStorageAsyncClientTest) succeeded: 0ms
Test suite progress: tests succeeded: 13, failed: 0, skipped: 0.
Starting test testListDirectories(org.jclouds.ninefold.storage.NinefoldStorageAsyncClientTest)
[pool-3-thread-3] Test testListDirectories(org.jclouds.ninefold.storage.NinefoldStorageAsyncClientTest) succeeded: 2ms
Test suite progress: tests succeeded: 14, failed: 0, skipped: 0.
Starting test testUpdateFile(org.jclouds.ninefold.storage.NinefoldStorageAsyncClientTest)
[pool-3-thread-5] Test testCreateDirectory(org.jclouds.ninefold.storage.NinefoldStorageAsyncClientTest) succeeded: 52ms
Test suite progress: tests succeeded: 15, failed: 0, skipped: 0.
[pool-3-thread-3] Test testUpdateFile(org.jclouds.ninefold.storage.NinefoldStorageAsyncClientTest) succeeded: 314ms
Test suite progress: tests succeeded: 16, failed: 0, skipped: 0.
[pool-3-thread-1] Test testUpdateFileOptions(org.jclouds.ninefold.storage.NinefoldStorageAsyncClientTest) succeeded: 324ms
Test suite progress: tests succeeded: 17, failed: 0, skipped: 0.
[pool-3-thread-4] Test testCreateFile(org.jclouds.ninefold.storage.NinefoldStorageAsyncClientTest) succeeded: 816ms
Test suite progress: tests succeeded: 18, failed: 0, skipped: 0.
[pool-3-thread-2] Test testCreateFileOptions(org.jclouds.ninefold.storage.NinefoldStorageAsyncClientTest) succeeded: 364ms
Test suite progress: tests succeeded: 19, failed: 0, skipped: 0.
Tests run: 19, Failures: 0, Errors: 0, Skipped: 0, Time elapsed: 3.465 sec

Results :

Tests run: 19, Failures: 0, Errors: 0, Skipped: 0

[INFO] 
[INFO] --- clojure-maven-plugin:1.3.3:test (test-clojure) @ ninefold-storage ---

Testing user

Ran 0 tests containing 0 assertions.
0 failures, 0 errors.
[INFO] 
[INFO] --- maven-bundle-plugin:2.3.4:bundle (default-bundle) @ ninefold-storage ---
[INFO] 
[INFO] --- maven-source-plugin:2.1.1:jar-no-fork (attach-sources) @ ninefold-storage ---
[INFO] Building jar: /Users/adriancole/workspace/git/1.2.0/jclouds/providers/ninefold-storage/target/ninefold-storage-1.2.0-SNAPSHOT-sources.jar
[INFO] 
[INFO] --- maven-javadoc-plugin:2.8:jar (javadoc) @ ninefold-storage ---
[INFO] Skipping javadoc generation
[INFO] 
[INFO] --- maven-jar-plugin:2.3.1:test-jar (default) @ ninefold-storage ---
[INFO] Building jar: /Users/adriancole/workspace/git/1.2.0/jclouds/providers/ninefold-storage/target/ninefold-storage-1.2.0-SNAPSHOT-tests.jar
[INFO] 
[INFO] --- maven-surefire-plugin:2.5:test (integration) @ ninefold-storage ---
[INFO] Surefire report directory: /Users/adriancole/workspace/git/1.2.0/jclouds/providers/ninefold-storage/target/surefire-reports

-------------------------------------------------------
 T E S T S
-------------------------------------------------------
Running TestSuite
*** containers to test: [adriancole-blobstore0, adriancole-blobstore1, adriancole-blobstore2, adriancole-blobstore3, adriancole-blobstore4, adriancole-blobstore5, adriancole-blobstore6, adriancole-blobstore7, adriancole-blobstore8, adriancole-blobstore9]
Starting test testCopyUrl(org.jclouds.ninefold.storage.blobstore.integration.NinefoldStorageBlobLiveTest)
Starting test testPublicAccess(org.jclouds.ninefold.storage.blobstore.integration.NinefoldStorageContainerLiveTest)
Starting test testEntrySet(org.jclouds.ninefold.storage.blobstore.integration.NinefoldStorageInputStreamMapIntegrationLiveTest)
Starting test testCreateDirectory(org.jclouds.ninefold.storage.NinefoldStorageClientLiveTest)
Starting test testContains(org.jclouds.ninefold.storage.blobstore.integration.NinefoldStorageBlobMapIntegrationLiveTest)
[pool-4-thread-3] Test testContains(org.jclouds.ninefold.storage.blobstore.integration.NinefoldStorageBlobMapIntegrationLiveTest) succeeded: 0ms
Test suite progress: tests succeeded: 1, failed: 0, skipped: 0.
Starting test testEntrySet(org.jclouds.ninefold.storage.blobstore.integration.NinefoldStorageBlobMapIntegrationLiveTest)
[pool-4-thread-5] Test testCreateDirectory(org.jclouds.ninefold.storage.NinefoldStorageClientLiveTest) failed.
Test suite progress: tests succeeded: 1, failed: 1, skipped: 0.
Starting test testListDirectorys(org.jclouds.ninefold.storage.NinefoldStorageClientLiveTest)
[pool-4-thread-5] Test testListDirectorys(org.jclouds.ninefold.storage.NinefoldStorageClientLiveTest) succeeded: 822ms
Test suite progress: tests succeeded: 2, failed: 1, skipped: 0.
[pool-4-thread-5] Test testListOptions(org.jclouds.ninefold.storage.NinefoldStorageClientLiveTest) skipped.
Test suite progress: tests succeeded: 2, failed: 1, skipped: 1.
[pool-4-thread-5] Test testFileOperations(org.jclouds.ninefold.storage.NinefoldStorageClientLiveTest) skipped.
Test suite progress: tests succeeded: 2, failed: 1, skipped: 2.
Starting test testListContainerMarker(org.jclouds.ninefold.storage.blobstore.integration.NinefoldStorageContainerIntegrationLiveTest)
[pool-4-thread-5] Test testListContainerMarker(org.jclouds.ninefold.storage.blobstore.integration.NinefoldStorageContainerIntegrationLiveTest) succeeded: 0ms
Test suite progress: tests succeeded: 3, failed: 1, skipped: 2.
Starting test testListContainerMaxResults(org.jclouds.ninefold.storage.blobstore.integration.NinefoldStorageContainerIntegrationLiveTest)
[pool-4-thread-5] Test testListContainerMaxResults(org.jclouds.ninefold.storage.blobstore.integration.NinefoldStorageContainerIntegrationLiveTest) succeeded: 0ms
Test suite progress: tests succeeded: 4, failed: 1, skipped: 2.
Starting test containerDoesntExist(org.jclouds.ninefold.storage.blobstore.integration.NinefoldStorageContainerIntegrationLiveTest)
[pool-4-thread-5] Test containerDoesntExist(org.jclouds.ninefold.storage.blobstore.integration.NinefoldStorageContainerIntegrationLiveTest) succeeded: 1526ms
Test suite progress: tests succeeded: 5, failed: 1, skipped: 2.
Starting test containerExists(org.jclouds.ninefold.storage.blobstore.integration.NinefoldStorageContainerIntegrationLiveTest)
*** allocated new container adriancole-blobstore0...
[pool-4-thread-5] Test containerExists(org.jclouds.ninefold.storage.blobstore.integration.NinefoldStorageContainerIntegrationLiveTest) succeeded: 7740ms
Test suite progress: tests succeeded: 6, failed: 1, skipped: 2.
Starting test deleteContainerIfEmpty(org.jclouds.ninefold.storage.blobstore.integration.NinefoldStorageContainerIntegrationLiveTest)
*** allocated new container adriancole-blobstore011...
[pool-4-thread-2] Test testPublicAccess(org.jclouds.ninefold.storage.blobstore.integration.NinefoldStorageContainerLiveTest) succeeded: 18899ms
Test suite progress: tests succeeded: 7, failed: 1, skipped: 2.
Starting test testSignGetUrl(org.jclouds.ninefold.storage.blobstore.integration.NinefoldStorageBlobSignerLiveTest)
*** allocated new container adriancole-blobstore5...
[pool-4-thread-1] Test testCopyUrl(org.jclouds.ninefold.storage.blobstore.integration.NinefoldStorageBlobLiveTest) succeeded: 24981ms
Test suite progress: tests succeeded: 8, failed: 1, skipped: 2.
Starting test testPutObjectStream(org.jclouds.ninefold.storage.blobstore.integration.NinefoldStorageBlobIntegrationLiveTest)
[pool-4-thread-5] Test deleteContainerIfEmpty(org.jclouds.ninefold.storage.blobstore.integration.NinefoldStorageContainerIntegrationLiveTest) succeeded: 12030ms
Test suite progress: tests succeeded: 9, failed: 1, skipped: 2.
Starting test deleteContainerWithContents(org.jclouds.ninefold.storage.blobstore.integration.NinefoldStorageContainerIntegrationLiveTest)
[pool-4-thread-3] Test testEntrySet(org.jclouds.ninefold.storage.blobstore.integration.NinefoldStorageBlobMapIntegrationLiveTest) succeeded: 29756ms
Test suite progress: tests succeeded: 10, failed: 1, skipped: 2.
Starting test testPut(org.jclouds.ninefold.storage.blobstore.integration.NinefoldStorageBlobMapIntegrationLiveTest)
[pool-4-thread-4] Test testEntrySet(org.jclouds.ninefold.storage.blobstore.integration.NinefoldStorageInputStreamMapIntegrationLiveTest) succeeded: 31643ms
Test suite progress: tests succeeded: 11, failed: 1, skipped: 2.
Starting test testPutAll(org.jclouds.ninefold.storage.blobstore.integration.NinefoldStorageInputStreamMapIntegrationLiveTest)
[pool-4-thread-2] Test testSignGetUrl(org.jclouds.ninefold.storage.blobstore.integration.NinefoldStorageBlobSignerLiveTest) succeeded: 14255ms
Test suite progress: tests succeeded: 12, failed: 1, skipped: 2.
Starting test testSignGetUrlOptions(org.jclouds.ninefold.storage.blobstore.integration.NinefoldStorageBlobSignerLiveTest)
[pool-4-thread-1] Test testPutObjectStream(org.jclouds.ninefold.storage.blobstore.integration.NinefoldStorageBlobIntegrationLiveTest) succeeded: 12712ms
Test suite progress: tests succeeded: 13, failed: 1, skipped: 2.
Starting test blobNotFound(org.jclouds.ninefold.storage.blobstore.integration.NinefoldStorageBlobIntegrationLiveTest)
*** allocated new container adriancole-blobstore8...
[pool-4-thread-5] Test deleteContainerWithContents(org.jclouds.ninefold.storage.blobstore.integration.NinefoldStorageContainerIntegrationLiveTest) succeeded: 18780ms
Test suite progress: tests succeeded: 14, failed: 1, skipped: 2.
Starting test testClearWhenContentsUnderPath(org.jclouds.ninefold.storage.blobstore.integration.NinefoldStorageContainerIntegrationLiveTest)
[pool-4-thread-1] Test blobNotFound(org.jclouds.ninefold.storage.blobstore.integration.NinefoldStorageBlobIntegrationLiveTest) succeeded: 8497ms
Test suite progress: tests succeeded: 15, failed: 1, skipped: 2.
Starting test deleteObject(org.jclouds.ninefold.storage.blobstore.integration.NinefoldStorageBlobIntegrationLiveTest)
[pool-4-thread-3] Test testPut(org.jclouds.ninefold.storage.blobstore.integration.NinefoldStorageBlobMapIntegrationLiveTest) succeeded: 17530ms
Test suite progress: tests succeeded: 16, failed: 1, skipped: 2.
Starting test testPutAll(org.jclouds.ninefold.storage.blobstore.integration.NinefoldStorageBlobMapIntegrationLiveTest)
[pool-4-thread-4] Test testPutAll(org.jclouds.ninefold.storage.blobstore.integration.NinefoldStorageInputStreamMapIntegrationLiveTest) succeeded: 16113ms
Test suite progress: tests succeeded: 17, failed: 1, skipped: 2.
Starting test testPutAllBytes(org.jclouds.ninefold.storage.blobstore.integration.NinefoldStorageInputStreamMapIntegrationLiveTest)
[pool-4-thread-2] Test testSignGetUrlOptions(org.jclouds.ninefold.storage.blobstore.integration.NinefoldStorageBlobSignerLiveTest) succeeded: 14896ms
Test suite progress: tests succeeded: 18, failed: 1, skipped: 2.
Starting test testSignPutUrl(org.jclouds.ninefold.storage.blobstore.integration.NinefoldStorageBlobSignerLiveTest)
[pool-4-thread-2] Test testSignPutUrl(org.jclouds.ninefold.storage.blobstore.integration.NinefoldStorageBlobSignerLiveTest) succeeded: 9197ms
Test suite progress: tests succeeded: 19, failed: 1, skipped: 2.
Starting test testSignRemoveUrl(org.jclouds.ninefold.storage.blobstore.integration.NinefoldStorageBlobSignerLiveTest)
[pool-4-thread-1] Test deleteObject(org.jclouds.ninefold.storage.blobstore.integration.NinefoldStorageBlobIntegrationLiveTest) succeeded: 15361ms
Test suite progress: tests succeeded: 20, failed: 1, skipped: 2.
Starting test deleteObjectNoContainer(org.jclouds.ninefold.storage.blobstore.integration.NinefoldStorageBlobIntegrationLiveTest)
[pool-4-thread-3] Test testPutAll(org.jclouds.ninefold.storage.blobstore.integration.NinefoldStorageBlobMapIntegrationLiveTest) succeeded: 16302ms
Test suite progress: tests succeeded: 21, failed: 1, skipped: 2.
Starting test testPutMoreThanSingleListing(org.jclouds.ninefold.storage.blobstore.integration.NinefoldStorageBlobMapIntegrationLiveTest)
[pool-4-thread-4] Test testPutAllBytes(org.jclouds.ninefold.storage.blobstore.integration.NinefoldStorageInputStreamMapIntegrationLiveTest) succeeded: 16260ms
Test suite progress: tests succeeded: 22, failed: 1, skipped: 2.
Starting test testPutAllFiles(org.jclouds.ninefold.storage.blobstore.integration.NinefoldStorageInputStreamMapIntegrationLiveTest)
[pool-4-thread-1] Test deleteObjectNoContainer(org.jclouds.ninefold.storage.blobstore.integration.NinefoldStorageBlobIntegrationLiveTest) succeeded: 4605ms
Test suite progress: tests succeeded: 23, failed: 1, skipped: 2.
Starting test deleteObjectNotFound(org.jclouds.ninefold.storage.blobstore.integration.NinefoldStorageBlobIntegrationLiveTest)
[pool-4-thread-2] Test testSignRemoveUrl(org.jclouds.ninefold.storage.blobstore.integration.NinefoldStorageBlobSignerLiveTest) succeeded: 15628ms
Test suite progress: tests succeeded: 24, failed: 1, skipped: 2.
Starting test containerDoesntExist(org.jclouds.ninefold.storage.blobstore.integration.NinefoldStorageServiceIntegrationLiveTest)
[pool-4-thread-2] Test containerDoesntExist(org.jclouds.ninefold.storage.blobstore.integration.NinefoldStorageServiceIntegrationLiveTest) succeeded: 856ms
Test suite progress: tests succeeded: 25, failed: 1, skipped: 2.
Starting test testAllLocations(org.jclouds.ninefold.storage.blobstore.integration.NinefoldStorageServiceIntegrationLiveTest)
[pool-4-thread-1] Test deleteObjectNotFound(org.jclouds.ninefold.storage.blobstore.integration.NinefoldStorageBlobIntegrationLiveTest) succeeded: 12178ms
Test suite progress: tests succeeded: 26, failed: 1, skipped: 2.
Starting test testBigFileGets(org.jclouds.ninefold.storage.blobstore.integration.NinefoldStorageBlobIntegrationLiveTest)
[pool-4-thread-4] Test testPutAllFiles(org.jclouds.ninefold.storage.blobstore.integration.NinefoldStorageInputStreamMapIntegrationLiveTest) succeeded: 17561ms
Test suite progress: tests succeeded: 27, failed: 1, skipped: 2.
Starting test testPutAllStrings(org.jclouds.ninefold.storage.blobstore.integration.NinefoldStorageInputStreamMapIntegrationLiveTest)
*** allocated new container adriancole-blobstore7...
 >> creating container in location [id=ninefold-storage, scope=PROVIDER, description=http://onlinestorage.ninefold.com, parent=null, iso3166Codes=[AU-NSW], metadata={}]
 << call complete.. checking
*** allocated new container adriancole-blobstore715...
[pool-4-thread-2] Test testAllLocations(org.jclouds.ninefold.storage.blobstore.integration.NinefoldStorageServiceIntegrationLiveTest) succeeded: 12934ms
Test suite progress: tests succeeded: 28, failed: 1, skipped: 2.
Starting test testGetAssignableLocations(org.jclouds.ninefold.storage.blobstore.integration.NinefoldStorageServiceIntegrationLiveTest)
location [id=ninefold-storage, scope=PROVIDER, description=http://onlinestorage.ninefold.com, parent=null, iso3166Codes=[AU-NSW], metadata={}]
[pool-4-thread-2] Test testGetAssignableLocations(org.jclouds.ninefold.storage.blobstore.integration.NinefoldStorageServiceIntegrationLiveTest) succeeded: 1ms
Test suite progress: tests succeeded: 29, failed: 1, skipped: 2.
[pool-4-thread-4] Test testPutAllStrings(org.jclouds.ninefold.storage.blobstore.integration.NinefoldStorageInputStreamMapIntegrationLiveTest) succeeded: 18057ms
Test suite progress: tests succeeded: 30, failed: 1, skipped: 2.
Starting test testPutMoreThanSingleListing(org.jclouds.ninefold.storage.blobstore.integration.NinefoldStorageInputStreamMapIntegrationLiveTest)
[pool-4-thread-3] Test testPutMoreThanSingleListing(org.jclouds.ninefold.storage.blobstore.integration.NinefoldStorageBlobMapIntegrationLiveTest) succeeded: 51610ms
Test suite progress: tests succeeded: 31, failed: 1, skipped: 2.
Starting test testRemove(org.jclouds.ninefold.storage.blobstore.integration.NinefoldStorageBlobMapIntegrationLiveTest)
[pool-4-thread-3] Test testRemove(org.jclouds.ninefold.storage.blobstore.integration.NinefoldStorageBlobMapIntegrationLiveTest) succeeded: 34664ms
Test suite progress: tests succeeded: 32, failed: 1, skipped: 2.
Starting test testValues(org.jclouds.ninefold.storage.blobstore.integration.NinefoldStorageBlobMapIntegrationLiveTest)
[pool-4-thread-1] Test testBigFileGets(org.jclouds.ninefold.storage.blobstore.integration.NinefoldStorageBlobIntegrationLiveTest) succeeded: 78557ms
Test suite progress: tests succeeded: 33, failed: 1, skipped: 2.
Starting test testPutFileParallel(org.jclouds.ninefold.storage.blobstore.integration.NinefoldStorageBlobIntegrationLiveTest)
[pool-4-thread-4] Test testPutMoreThanSingleListing(org.jclouds.ninefold.storage.blobstore.integration.NinefoldStorageInputStreamMapIntegrationLiveTest) succeeded: 65678ms
Test suite progress: tests succeeded: 34, failed: 1, skipped: 2.
Starting test testRemove(org.jclouds.ninefold.storage.blobstore.integration.NinefoldStorageInputStreamMapIntegrationLiveTest)
[pool-4-thread-3] Test testValues(org.jclouds.ninefold.storage.blobstore.integration.NinefoldStorageBlobMapIntegrationLiveTest) succeeded: 34984ms
Test suite progress: tests succeeded: 35, failed: 1, skipped: 2.
Starting test testClear(org.jclouds.ninefold.storage.blobstore.integration.NinefoldStorageBlobMapIntegrationLiveTest)
[pool-4-thread-4] Test testRemove(org.jclouds.ninefold.storage.blobstore.integration.NinefoldStorageInputStreamMapIntegrationLiveTest) succeeded: 30124ms
Test suite progress: tests succeeded: 36, failed: 1, skipped: 2.
Starting test testValues(org.jclouds.ninefold.storage.blobstore.integration.NinefoldStorageInputStreamMapIntegrationLiveTest)
[pool-4-thread-1] Test testPutFileParallel(org.jclouds.ninefold.storage.blobstore.integration.NinefoldStorageBlobIntegrationLiveTest) succeeded: 39324ms
Test suite progress: tests succeeded: 37, failed: 1, skipped: 2.
Starting test testPutObject(org.jclouds.ninefold.storage.blobstore.integration.NinefoldStorageBlobIntegrationLiveTest)
[pool-4-thread-5] Test testClearWhenContentsUnderPath(org.jclouds.ninefold.storage.blobstore.integration.NinefoldStorageContainerIntegrationLiveTest) succeeded: 161872ms
Test suite progress: tests succeeded: 38, failed: 1, skipped: 2.
Starting test testDirectory(org.jclouds.ninefold.storage.blobstore.integration.NinefoldStorageContainerIntegrationLiveTest)
[pool-4-thread-3] Test testClear(org.jclouds.ninefold.storage.blobstore.integration.NinefoldStorageBlobMapIntegrationLiveTest) succeeded: 25926ms
Test suite progress: tests succeeded: 39, failed: 1, skipped: 2.
Starting test testContainsKey(org.jclouds.ninefold.storage.blobstore.integration.NinefoldStorageBlobMapIntegrationLiveTest)
[pool-4-thread-4] Test testValues(org.jclouds.ninefold.storage.blobstore.integration.NinefoldStorageInputStreamMapIntegrationLiveTest) succeeded: 22553ms
Test suite progress: tests succeeded: 40, failed: 1, skipped: 2.
ERROR: get constitution, completed: 0/10, errors: 1, rate: 9120ms/op
java.util.concurrent.ExecutionException: java.lang.NullPointerException
	at com.google.common.util.concurrent.AbstractFuture$Sync.getValue(AbstractFuture.java:328)
	at com.google.common.util.concurrent.AbstractFuture$Sync.get(AbstractFuture.java:315)
	at com.google.common.util.concurrent.AbstractFuture.get(AbstractFuture.java:113)
	at com.google.common.util.concurrent.Futures$ChainingListenableFuture.get(Futures.java:732)
	at org.jclouds.concurrent.FutureIterables$1.run(FutureIterables.java:126)
	at java.util.concurrent.ThreadPoolExecutor$Worker.runTask(ThreadPoolExecutor.java:886)
	at java.util.concurrent.ThreadPoolExecutor$Worker.run(ThreadPoolExecutor.java:908)
	at java.lang.Thread.run(Thread.java:680)
Caused by: java.lang.NullPointerException
	at org.jclouds.blobstore.integration.internal.BaseBlobIntegrationTest$2.apply(BaseBlobIntegrationTest.java:188)
	at org.jclouds.blobstore.integration.internal.BaseBlobIntegrationTest$2.apply(BaseBlobIntegrationTest.java:183)
	at com.google.common.util.concurrent.Futures$4.apply(Futures.java:477)
	at com.google.common.util.concurrent.Futures$4.apply(Futures.java:475)
	at com.google.common.util.concurrent.Futures$ChainingListenableFuture.run(Futures.java:826)
	... 3 more
Starting test testClear(org.jclouds.ninefold.storage.blobstore.integration.NinefoldStorageInputStreamMapIntegrationLiveTest)
ERROR: get constitution, completed: 0/10, errors: 2, rate: 9320ms/op
java.util.concurrent.ExecutionException: java.lang.NullPointerException
	at com.google.common.util.concurrent.AbstractFuture$Sync.getValue(AbstractFuture.java:328)
	at com.google.common.util.concurrent.AbstractFuture$Sync.get(AbstractFuture.java:315)
	at com.google.common.util.concurrent.AbstractFuture.get(AbstractFuture.java:113)
	at com.google.common.util.concurrent.Futures$ChainingListenableFuture.get(Futures.java:732)
	at org.jclouds.concurrent.FutureIterables$1.run(FutureIterables.java:126)
	at java.util.concurrent.ThreadPoolExecutor$Worker.runTask(ThreadPoolExecutor.java:886)
	at java.util.concurrent.ThreadPoolExecutor$Worker.run(ThreadPoolExecutor.java:908)
	at java.lang.Thread.run(Thread.java:680)
Caused by: java.lang.NullPointerException
	at org.jclouds.blobstore.integration.internal.BaseBlobIntegrationTest$2.apply(BaseBlobIntegrationTest.java:188)
	at org.jclouds.blobstore.integration.internal.BaseBlobIntegrationTest$2.apply(BaseBlobIntegrationTest.java:183)
	at com.google.common.util.concurrent.Futures$4.apply(Futures.java:477)
	at com.google.common.util.concurrent.Futures$4.apply(Futures.java:475)
	at com.google.common.util.concurrent.Futures$ChainingListenableFuture.run(Futures.java:826)
	... 3 more
ERROR: get constitution, completed: 0/10, errors: 3, rate: 9526ms/op
java.util.concurrent.ExecutionException: java.lang.NullPointerException
	at com.google.common.util.concurrent.AbstractFuture$Sync.getValue(AbstractFuture.java:328)
	at com.google.common.util.concurrent.AbstractFuture$Sync.get(AbstractFuture.java:315)
	at com.google.common.util.concurrent.AbstractFuture.get(AbstractFuture.java:113)
	at com.google.common.util.concurrent.Futures$ChainingListenableFuture.get(Futures.java:732)
	at org.jclouds.concurrent.FutureIterables$1.run(FutureIterables.java:126)
	at java.util.concurrent.ThreadPoolExecutor$Worker.runTask(ThreadPoolExecutor.java:886)
	at java.util.concurrent.ThreadPoolExecutor$Worker.run(ThreadPoolExecutor.java:908)
	at java.lang.Thread.run(Thread.java:680)
Caused by: java.lang.NullPointerException
	at org.jclouds.blobstore.integration.internal.BaseBlobIntegrationTest$2.apply(BaseBlobIntegrationTest.java:188)
	at org.jclouds.blobstore.integration.internal.BaseBlobIntegrationTest$2.apply(BaseBlobIntegrationTest.java:183)
	at com.google.common.util.concurrent.Futures$4.apply(Futures.java:477)
	at com.google.common.util.concurrent.Futures$4.apply(Futures.java:475)
	at com.google.common.util.concurrent.Futures$ChainingListenableFuture.run(Futures.java:826)
	... 3 more
ERROR: get constitution, completed: 0/10, errors: 4, rate: 9637ms/op
java.util.concurrent.ExecutionException: java.lang.NullPointerException
	at com.google.common.util.concurrent.AbstractFuture$Sync.getValue(AbstractFuture.java:328)
	at com.google.common.util.concurrent.AbstractFuture$Sync.get(AbstractFuture.java:315)
	at com.google.common.util.concurrent.AbstractFuture.get(AbstractFuture.java:113)
	at com.google.common.util.concurrent.Futures$ChainingListenableFuture.get(Futures.java:732)
	at org.jclouds.concurrent.FutureIterables$1.run(FutureIterables.java:126)
	at java.util.concurrent.ThreadPoolExecutor$Worker.runTask(ThreadPoolExecutor.java:886)
	at java.util.concurrent.ThreadPoolExecutor$Worker.run(ThreadPoolExecutor.java:908)
	at java.lang.Thread.run(Thread.java:680)
Caused by: java.lang.NullPointerException
	at org.jclouds.blobstore.integration.internal.BaseBlobIntegrationTest$2.apply(BaseBlobIntegrationTest.java:188)
	at org.jclouds.blobstore.integration.internal.BaseBlobIntegrationTest$2.apply(BaseBlobIntegrationTest.java:183)
	at com.google.common.util.concurrent.Futures$4.apply(Futures.java:477)
	at com.google.common.util.concurrent.Futures$4.apply(Futures.java:475)
	at com.google.common.util.concurrent.Futures$ChainingListenableFuture.run(Futures.java:826)
	... 3 more
ERROR: get constitution, completed: 0/10, errors: 5, rate: 9728ms/op
java.util.concurrent.ExecutionException: java.lang.NullPointerException
	at com.google.common.util.concurrent.AbstractFuture$Sync.getValue(AbstractFuture.java:328)
	at com.google.common.util.concurrent.AbstractFuture$Sync.get(AbstractFuture.java:315)
	at com.google.common.util.concurrent.AbstractFuture.get(AbstractFuture.java:113)
	at com.google.common.util.concurrent.Futures$ChainingListenableFuture.get(Futures.java:732)
	at org.jclouds.concurrent.FutureIterables$1.run(FutureIterables.java:126)
	at java.util.concurrent.ThreadPoolExecutor$Worker.runTask(ThreadPoolExecutor.java:886)
	at java.util.concurrent.ThreadPoolExecutor$Worker.run(ThreadPoolExecutor.java:908)
	at java.lang.Thread.run(Thread.java:680)
Caused by: java.lang.NullPointerException
	at org.jclouds.blobstore.integration.internal.BaseBlobIntegrationTest$2.apply(BaseBlobIntegrationTest.java:188)
	at org.jclouds.blobstore.integration.internal.BaseBlobIntegrationTest$2.apply(BaseBlobIntegrationTest.java:183)
	at com.google.common.util.concurrent.Futures$4.apply(Futures.java:477)
	at com.google.common.util.concurrent.Futures$4.apply(Futures.java:475)
	at com.google.common.util.concurrent.Futures$ChainingListenableFuture.run(Futures.java:826)
	... 3 more
ERROR: get constitution, completed: 0/10, errors: 6, rate: 9872ms/op
java.util.concurrent.ExecutionException: java.lang.NullPointerException
	at com.google.common.util.concurrent.AbstractFuture$Sync.getValue(AbstractFuture.java:328)
	at com.google.common.util.concurrent.AbstractFuture$Sync.get(AbstractFuture.java:315)
	at com.google.common.util.concurrent.AbstractFuture.get(AbstractFuture.java:113)
	at com.google.common.util.concurrent.Futures$ChainingListenableFuture.get(Futures.java:732)
	at org.jclouds.concurrent.FutureIterables$1.run(FutureIterables.java:126)
	at java.util.concurrent.ThreadPoolExecutor$Worker.runTask(ThreadPoolExecutor.java:886)
	at java.util.concurrent.ThreadPoolExecutor$Worker.run(ThreadPoolExecutor.java:908)
	at java.lang.Thread.run(Thread.java:680)
Caused by: java.lang.NullPointerException
	at org.jclouds.blobstore.integration.internal.BaseBlobIntegrationTest$2.apply(BaseBlobIntegrationTest.java:188)
	at org.jclouds.blobstore.integration.internal.BaseBlobIntegrationTest$2.apply(BaseBlobIntegrationTest.java:183)
	at com.google.common.util.concurrent.Futures$4.apply(Futures.java:477)
	at com.google.common.util.concurrent.Futures$4.apply(Futures.java:475)
	at com.google.common.util.concurrent.Futures$ChainingListenableFuture.run(Futures.java:826)
	... 3 more
ERROR: get constitution, completed: 0/10, errors: 7, rate: 9879ms/op
java.util.concurrent.ExecutionException: java.lang.NullPointerException
	at com.google.common.util.concurrent.AbstractFuture$Sync.getValue(AbstractFuture.java:328)
	at com.google.common.util.concurrent.AbstractFuture$Sync.get(AbstractFuture.java:315)
	at com.google.common.util.concurrent.AbstractFuture.get(AbstractFuture.java:113)
	at com.google.common.util.concurrent.Futures$ChainingListenableFuture.get(Futures.java:732)
	at org.jclouds.concurrent.FutureIterables$1.run(FutureIterables.java:126)
	at java.util.concurrent.ThreadPoolExecutor$Worker.runTask(ThreadPoolExecutor.java:886)
	at java.util.concurrent.ThreadPoolExecutor$Worker.run(ThreadPoolExecutor.java:908)
	at java.lang.Thread.run(Thread.java:680)
Caused by: java.lang.NullPointerException
	at org.jclouds.blobstore.integration.internal.BaseBlobIntegrationTest$2.apply(BaseBlobIntegrationTest.java:188)
	at org.jclouds.blobstore.integration.internal.BaseBlobIntegrationTest$2.apply(BaseBlobIntegrationTest.java:183)
	at com.google.common.util.concurrent.Futures$4.apply(Futures.java:477)
	at com.google.common.util.concurrent.Futures$4.apply(Futures.java:475)
	at com.google.common.util.concurrent.Futures$ChainingListenableFuture.run(Futures.java:826)
	... 3 more
ERROR: putFileParallel, completed: 0/10, errors: 1, rate: 5957ms/op
java.util.concurrent.ExecutionException: java.lang.NullPointerException
	at java.util.concurrent.FutureTask$Sync.innerGet(FutureTask.java:222)
	at java.util.concurrent.FutureTask.get(FutureTask.java:83)
	at org.jclouds.concurrent.FutureIterables$1.run(FutureIterables.java:126)
	at java.util.concurrent.ThreadPoolExecutor$Worker.runTask(ThreadPoolExecutor.java:886)
	at java.util.concurrent.ThreadPoolExecutor$Worker.run(ThreadPoolExecutor.java:908)
	at java.lang.Thread.run(Thread.java:680)
Caused by: java.lang.NullPointerException
	at org.jclouds.blobstore.integration.internal.BaseBlobIntegrationTest$1.call(BaseBlobIntegrationTest.java:152)
	at org.jclouds.blobstore.integration.internal.BaseBlobIntegrationTest$1.call(BaseBlobIntegrationTest.java:140)
	at java.util.concurrent.FutureTask$Sync.innerRun(FutureTask.java:303)
	at java.util.concurrent.FutureTask.run(FutureTask.java:138)
	... 3 more
ERROR: get constitution, completed: 0/10, errors: 8, rate: 9890ms/op
java.util.concurrent.ExecutionException: java.lang.NullPointerException
	at com.google.common.util.concurrent.AbstractFuture$Sync.getValue(AbstractFuture.java:328)
	at com.google.common.util.concurrent.AbstractFuture$Sync.get(AbstractFuture.java:315)
	at com.google.common.util.concurrent.AbstractFuture.get(AbstractFuture.java:113)
	at com.google.common.util.concurrent.Futures$ChainingListenableFuture.get(Futures.java:732)
	at org.jclouds.concurrent.FutureIterables$1.run(FutureIterables.java:126)
	at java.util.concurrent.ThreadPoolExecutor$Worker.runTask(ThreadPoolExecutor.java:886)
	at java.util.concurrent.ThreadPoolExecutor$Worker.run(ThreadPoolExecutor.java:908)
	at java.lang.Thread.run(Thread.java:680)
Caused by: java.lang.NullPointerException
	at org.jclouds.blobstore.integration.internal.BaseBlobIntegrationTest$2.apply(BaseBlobIntegrationTest.java:188)
	at org.jclouds.blobstore.integration.internal.BaseBlobIntegrationTest$2.apply(BaseBlobIntegrationTest.java:183)
	at com.google.common.util.concurrent.Futures$4.apply(Futures.java:477)
	at com.google.common.util.concurrent.Futures$4.apply(Futures.java:475)
	at com.google.common.util.concurrent.Futures$ChainingListenableFuture.run(Futures.java:826)
	... 3 more
ERROR: putFileParallel, completed: 0/10, errors: 2, rate: 5977ms/op
java.util.concurrent.ExecutionException: java.lang.NullPointerException
	at java.util.concurrent.FutureTask$Sync.innerGet(FutureTask.java:222)
	at java.util.concurrent.FutureTask.get(FutureTask.java:83)
	at org.jclouds.concurrent.FutureIterables$1.run(FutureIterables.java:126)
	at java.util.concurrent.ThreadPoolExecutor$Worker.runTask(ThreadPoolExecutor.java:886)
	at java.util.concurrent.ThreadPoolExecutor$Worker.run(ThreadPoolExecutor.java:908)
	at java.lang.Thread.run(Thread.java:680)
Caused by: java.lang.NullPointerException
	at org.jclouds.blobstore.integration.internal.BaseBlobIntegrationTest$1.call(BaseBlobIntegrationTest.java:152)
	at org.jclouds.blobstore.integration.internal.BaseBlobIntegrationTest$1.call(BaseBlobIntegrationTest.java:140)
	at java.util.concurrent.FutureTask$Sync.innerRun(FutureTask.java:303)
	at java.util.concurrent.FutureTask.run(FutureTask.java:138)
	... 3 more
ERROR: putFileParallel, completed: 0/10, errors: 3, rate: 6057ms/op
java.util.concurrent.ExecutionException: java.lang.NullPointerException
	at java.util.concurrent.FutureTask$Sync.innerGet(FutureTask.java:222)
	at java.util.concurrent.FutureTask.get(FutureTask.java:83)
	at org.jclouds.concurrent.FutureIterables$1.run(FutureIterables.java:126)
	at java.util.concurrent.ThreadPoolExecutor$Worker.runTask(ThreadPoolExecutor.java:886)
	at java.util.concurrent.ThreadPoolExecutor$Worker.run(ThreadPoolExecutor.java:908)
	at java.lang.Thread.run(Thread.java:680)
Caused by: java.lang.NullPointerException
	at org.jclouds.blobstore.integration.internal.BaseBlobIntegrationTest$1.call(BaseBlobIntegrationTest.java:152)
	at org.jclouds.blobstore.integration.internal.BaseBlobIntegrationTest$1.call(BaseBlobIntegrationTest.java:140)
	at java.util.concurrent.FutureTask$Sync.innerRun(FutureTask.java:303)
	at java.util.concurrent.FutureTask.run(FutureTask.java:138)
	... 3 more
ERROR: get constitution, completed: 0/10, errors: 9, rate: 9990ms/op
java.util.concurrent.ExecutionException: java.lang.NullPointerException
	at com.google.common.util.concurrent.AbstractFuture$Sync.getValue(AbstractFuture.java:328)
	at com.google.common.util.concurrent.AbstractFuture$Sync.get(AbstractFuture.java:315)
	at com.google.common.util.concurrent.AbstractFuture.get(AbstractFuture.java:113)
	at com.google.common.util.concurrent.Futures$ChainingListenableFuture.get(Futures.java:732)
	at org.jclouds.concurrent.FutureIterables$1.run(FutureIterables.java:126)
	at java.util.concurrent.ThreadPoolExecutor$Worker.runTask(ThreadPoolExecutor.java:886)
	at java.util.concurrent.ThreadPoolExecutor$Worker.run(ThreadPoolExecutor.java:908)
	at java.lang.Thread.run(Thread.java:680)
Caused by: java.lang.NullPointerException
	at org.jclouds.blobstore.integration.internal.BaseBlobIntegrationTest$2.apply(BaseBlobIntegrationTest.java:188)
	at org.jclouds.blobstore.integration.internal.BaseBlobIntegrationTest$2.apply(BaseBlobIntegrationTest.java:183)
	at com.google.common.util.concurrent.Futures$4.apply(Futures.java:477)
	at com.google.common.util.concurrent.Futures$4.apply(Futures.java:475)
	at com.google.common.util.concurrent.Futures$ChainingListenableFuture.run(Futures.java:826)
	... 3 more
ERROR: putFileParallel, completed: 0/10, errors: 4, rate: 6061ms/op
java.util.concurrent.ExecutionException: java.lang.NullPointerException
	at java.util.concurrent.FutureTask$Sync.innerGet(FutureTask.java:222)
	at java.util.concurrent.FutureTask.get(FutureTask.java:83)
	at org.jclouds.concurrent.FutureIterables$1.run(FutureIterables.java:126)
	at java.util.concurrent.ThreadPoolExecutor$Worker.runTask(ThreadPoolExecutor.java:886)
	at java.util.concurrent.ThreadPoolExecutor$Worker.run(ThreadPoolExecutor.java:908)
	at java.lang.Thread.run(Thread.java:680)
Caused by: java.lang.NullPointerException
	at org.jclouds.blobstore.integration.internal.BaseBlobIntegrationTest$1.call(BaseBlobIntegrationTest.java:152)
	at org.jclouds.blobstore.integration.internal.BaseBlobIntegrationTest$1.call(BaseBlobIntegrationTest.java:140)
	at java.util.concurrent.FutureTask$Sync.innerRun(FutureTask.java:303)
	at java.util.concurrent.FutureTask.run(FutureTask.java:138)
	... 3 more
ERROR: putFileParallel, completed: 0/10, errors: 5, rate: 6087ms/op
java.util.concurrent.ExecutionException: java.lang.NullPointerException
	at java.util.concurrent.FutureTask$Sync.innerGet(FutureTask.java:222)
	at java.util.concurrent.FutureTask.get(FutureTask.java:83)
	at org.jclouds.concurrent.FutureIterables$1.run(FutureIterables.java:126)
	at java.util.concurrent.ThreadPoolExecutor$Worker.runTask(ThreadPoolExecutor.java:886)
	at java.util.concurrent.ThreadPoolExecutor$Worker.run(ThreadPoolExecutor.java:908)
	at java.lang.Thread.run(Thread.java:680)
Caused by: java.lang.NullPointerException
	at org.jclouds.blobstore.integration.internal.BaseBlobIntegrationTest$1.call(BaseBlobIntegrationTest.java:152)
	at org.jclouds.blobstore.integration.internal.BaseBlobIntegrationTest$1.call(BaseBlobIntegrationTest.java:140)
	at java.util.concurrent.FutureTask$Sync.innerRun(FutureTask.java:303)
	at java.util.concurrent.FutureTask.run(FutureTask.java:138)
	... 3 more
ERROR: putFileParallel, completed: 0/10, errors: 6, rate: 6118ms/op
java.util.concurrent.ExecutionException: java.lang.NullPointerException
	at java.util.concurrent.FutureTask$Sync.innerGet(FutureTask.java:222)
	at java.util.concurrent.FutureTask.get(FutureTask.java:83)
	at org.jclouds.concurrent.FutureIterables$1.run(FutureIterables.java:126)
	at java.util.concurrent.ThreadPoolExecutor$Worker.runTask(ThreadPoolExecutor.java:886)
	at java.util.concurrent.ThreadPoolExecutor$Worker.run(ThreadPoolExecutor.java:908)
	at java.lang.Thread.run(Thread.java:680)
Caused by: java.lang.NullPointerException
	at org.jclouds.blobstore.integration.internal.BaseBlobIntegrationTest$1.call(BaseBlobIntegrationTest.java:152)
	at org.jclouds.blobstore.integration.internal.BaseBlobIntegrationTest$1.call(BaseBlobIntegrationTest.java:140)
	at java.util.concurrent.FutureTask$Sync.innerRun(FutureTask.java:303)
	at java.util.concurrent.FutureTask.run(FutureTask.java:138)
	... 3 more
ERROR: get constitution, completed: 0/10, errors: 10, rate: 10100ms/op
java.util.concurrent.ExecutionException: java.lang.NullPointerException
	at com.google.common.util.concurrent.AbstractFuture$Sync.getValue(AbstractFuture.java:328)
	at com.google.common.util.concurrent.AbstractFuture$Sync.get(AbstractFuture.java:315)
	at com.google.common.util.concurrent.AbstractFuture.get(AbstractFuture.java:113)
	at com.google.common.util.concurrent.Futures$ChainingListenableFuture.get(Futures.java:732)
	at org.jclouds.concurrent.FutureIterables$1.run(FutureIterables.java:126)
	at java.util.concurrent.ThreadPoolExecutor$Worker.runTask(ThreadPoolExecutor.java:886)
	at java.util.concurrent.ThreadPoolExecutor$Worker.run(ThreadPoolExecutor.java:908)
	at java.lang.Thread.run(Thread.java:680)
Caused by: java.lang.NullPointerException
	at org.jclouds.blobstore.integration.internal.BaseBlobIntegrationTest$2.apply(BaseBlobIntegrationTest.java:188)
	at org.jclouds.blobstore.integration.internal.BaseBlobIntegrationTest$2.apply(BaseBlobIntegrationTest.java:183)
	at com.google.common.util.concurrent.Futures$4.apply(Futures.java:477)
	at com.google.common.util.concurrent.Futures$4.apply(Futures.java:475)
	at com.google.common.util.concurrent.Futures$ChainingListenableFuture.run(Futures.java:826)
	... 3 more
ERROR: putFileParallel, completed: 0/10, errors: 7, rate: 6199ms/op
java.util.concurrent.ExecutionException: java.lang.NullPointerException
	at java.util.concurrent.FutureTask$Sync.innerGet(FutureTask.java:222)
	at java.util.concurrent.FutureTask.get(FutureTask.java:83)
	at org.jclouds.concurrent.FutureIterables$1.run(FutureIterables.java:126)
	at java.util.concurrent.ThreadPoolExecutor$Worker.runTask(ThreadPoolExecutor.java:886)
	at java.util.concurrent.ThreadPoolExecutor$Worker.run(ThreadPoolExecutor.java:908)
	at java.lang.Thread.run(Thread.java:680)
Caused by: java.lang.NullPointerException
	at org.jclouds.blobstore.integration.internal.BaseBlobIntegrationTest$1.call(BaseBlobIntegrationTest.java:152)
	at org.jclouds.blobstore.integration.internal.BaseBlobIntegrationTest$1.call(BaseBlobIntegrationTest.java:140)
	at java.util.concurrent.FutureTask$Sync.innerRun(FutureTask.java:303)
	at java.util.concurrent.FutureTask.run(FutureTask.java:138)
	... 3 more
[pool-4-thread-3] Test testContainsKey(org.jclouds.ninefold.storage.blobstore.integration.NinefoldStorageBlobMapIntegrationLiveTest) succeeded: 18542ms
Test suite progress: tests succeeded: 41, failed: 1, skipped: 2.
Starting test testDirectory(org.jclouds.ninefold.storage.blobstore.integration.NinefoldStorageBlobMapIntegrationLiveTest)
ERROR: putFileParallel, completed: 0/10, errors: 8, rate: 6357ms/op
java.util.concurrent.ExecutionException: java.lang.NullPointerException
	at java.util.concurrent.FutureTask$Sync.innerGet(FutureTask.java:222)
	at java.util.concurrent.FutureTask.get(FutureTask.java:83)
	at org.jclouds.concurrent.FutureIterables$1.run(FutureIterables.java:126)
	at java.util.concurrent.ThreadPoolExecutor$Worker.runTask(ThreadPoolExecutor.java:886)
	at java.util.concurrent.ThreadPoolExecutor$Worker.run(ThreadPoolExecutor.java:908)
	at java.lang.Thread.run(Thread.java:680)
Caused by: java.lang.NullPointerException
	at org.jclouds.blobstore.integration.internal.BaseBlobIntegrationTest$1.call(BaseBlobIntegrationTest.java:152)
	at org.jclouds.blobstore.integration.internal.BaseBlobIntegrationTest$1.call(BaseBlobIntegrationTest.java:140)
	at java.util.concurrent.FutureTask$Sync.innerRun(FutureTask.java:303)
	at java.util.concurrent.FutureTask.run(FutureTask.java:138)
	... 3 more
[pool-4-thread-1] Test testPutObject(org.jclouds.ninefold.storage.blobstore.integration.NinefoldStorageBlobIntegrationLiveTest) succeeded: 34689ms
Test suite progress: tests succeeded: 42, failed: 1, skipped: 2.
Starting test testPutObject(org.jclouds.ninefold.storage.blobstore.integration.NinefoldStorageBlobIntegrationLiveTest)
ERROR: putFileParallel, completed: 0/10, errors: 9, rate: 6478ms/op
java.util.concurrent.ExecutionException: java.lang.NullPointerException
	at java.util.concurrent.FutureTask$Sync.innerGet(FutureTask.java:222)
	at java.util.concurrent.FutureTask.get(FutureTask.java:83)
	at org.jclouds.concurrent.FutureIterables$1.run(FutureIterables.java:126)
	at java.util.concurrent.ThreadPoolExecutor$Worker.runTask(ThreadPoolExecutor.java:886)
	at java.util.concurrent.ThreadPoolExecutor$Worker.run(ThreadPoolExecutor.java:908)
	at java.lang.Thread.run(Thread.java:680)
Caused by: java.lang.NullPointerException
	at org.jclouds.blobstore.integration.internal.BaseBlobIntegrationTest$1.call(BaseBlobIntegrationTest.java:152)
	at org.jclouds.blobstore.integration.internal.BaseBlobIntegrationTest$1.call(BaseBlobIntegrationTest.java:140)
	at java.util.concurrent.FutureTask$Sync.innerRun(FutureTask.java:303)
	at java.util.concurrent.FutureTask.run(FutureTask.java:138)
	... 3 more
ERROR: putFileParallel, completed: 0/10, errors: 10, rate: 6636ms/op
java.util.concurrent.ExecutionException: java.lang.NullPointerException
	at java.util.concurrent.FutureTask$Sync.innerGet(FutureTask.java:222)
	at java.util.concurrent.FutureTask.get(FutureTask.java:83)
	at org.jclouds.concurrent.FutureIterables$1.run(FutureIterables.java:126)
	at java.util.concurrent.ThreadPoolExecutor$Worker.runTask(ThreadPoolExecutor.java:886)
	at java.util.concurrent.ThreadPoolExecutor$Worker.run(ThreadPoolExecutor.java:908)
	at java.lang.Thread.run(Thread.java:680)
Caused by: java.lang.NullPointerException
	at org.jclouds.blobstore.integration.internal.BaseBlobIntegrationTest$1.call(BaseBlobIntegrationTest.java:152)
	at org.jclouds.blobstore.integration.internal.BaseBlobIntegrationTest$1.call(BaseBlobIntegrationTest.java:140)
	at java.util.concurrent.FutureTask$Sync.innerRun(FutureTask.java:303)
	at java.util.concurrent.FutureTask.run(FutureTask.java:138)
	... 3 more
[pool-4-thread-4] Test testClear(org.jclouds.ninefold.storage.blobstore.integration.NinefoldStorageInputStreamMapIntegrationLiveTest) succeeded: 18325ms
Test suite progress: tests succeeded: 43, failed: 1, skipped: 2.
Starting test testContainsKey(org.jclouds.ninefold.storage.blobstore.integration.NinefoldStorageInputStreamMapIntegrationLiveTest)
[pool-4-thread-1] Test testPutObject(org.jclouds.ninefold.storage.blobstore.integration.NinefoldStorageBlobIntegrationLiveTest) succeeded: 15465ms
Test suite progress: tests succeeded: 44, failed: 1, skipped: 2.
Starting test testPutObject(org.jclouds.ninefold.storage.blobstore.integration.NinefoldStorageBlobIntegrationLiveTest)
[pool-4-thread-4] Test testContainsKey(org.jclouds.ninefold.storage.blobstore.integration.NinefoldStorageInputStreamMapIntegrationLiveTest) succeeded: 15849ms
Test suite progress: tests succeeded: 45, failed: 1, skipped: 2.
Starting test testDirectory(org.jclouds.ninefold.storage.blobstore.integration.NinefoldStorageInputStreamMapIntegrationLiveTest)
[pool-4-thread-1] Test testPutObject(org.jclouds.ninefold.storage.blobstore.integration.NinefoldStorageBlobIntegrationLiveTest) succeeded: 15805ms
Test suite progress: tests succeeded: 46, failed: 1, skipped: 2.
[pool-4-thread-5] Test testDirectory(org.jclouds.ninefold.storage.blobstore.integration.NinefoldStorageContainerIntegrationLiveTest) succeeded: 89458ms
Test suite progress: tests succeeded: 47, failed: 1, skipped: 2.
Starting test testListContainer(org.jclouds.ninefold.storage.blobstore.integration.NinefoldStorageContainerIntegrationLiveTest)
[pool-4-thread-3] Test testDirectory(org.jclouds.ninefold.storage.blobstore.integration.NinefoldStorageBlobMapIntegrationLiveTest) failed.
Test suite progress: tests succeeded: 47, failed: 2, skipped: 2.
Starting test testIsEmpty(org.jclouds.ninefold.storage.blobstore.integration.NinefoldStorageBlobMapIntegrationLiveTest)
[pool-4-thread-4] Test testDirectory(org.jclouds.ninefold.storage.blobstore.integration.NinefoldStorageInputStreamMapIntegrationLiveTest) failed.
Test suite progress: tests succeeded: 47, failed: 3, skipped: 2.
Starting test testIsEmpty(org.jclouds.ninefold.storage.blobstore.integration.NinefoldStorageInputStreamMapIntegrationLiveTest)
[pool-4-thread-3] Test testIsEmpty(org.jclouds.ninefold.storage.blobstore.integration.NinefoldStorageBlobMapIntegrationLiveTest) succeeded: 15468ms
Test suite progress: tests succeeded: 48, failed: 3, skipped: 2.
Starting test testKeySet(org.jclouds.ninefold.storage.blobstore.integration.NinefoldStorageBlobMapIntegrationLiveTest)
[pool-4-thread-5] Test testListContainer(org.jclouds.ninefold.storage.blobstore.integration.NinefoldStorageContainerIntegrationLiveTest) succeeded: 95594ms
Test suite progress: tests succeeded: 49, failed: 3, skipped: 2.
Starting test testListContainerPrefix(org.jclouds.ninefold.storage.blobstore.integration.NinefoldStorageContainerIntegrationLiveTest)
[pool-4-thread-3] Test testKeySet(org.jclouds.ninefold.storage.blobstore.integration.NinefoldStorageBlobMapIntegrationLiveTest) succeeded: 15119ms
Test suite progress: tests succeeded: 50, failed: 3, skipped: 2.
Starting test testListContainer(org.jclouds.ninefold.storage.blobstore.integration.NinefoldStorageBlobMapIntegrationLiveTest)
[pool-4-thread-4] Test testIsEmpty(org.jclouds.ninefold.storage.blobstore.integration.NinefoldStorageInputStreamMapIntegrationLiveTest) succeeded: 15287ms
Test suite progress: tests succeeded: 51, failed: 3, skipped: 2.
Starting test testKeySet(org.jclouds.ninefold.storage.blobstore.integration.NinefoldStorageInputStreamMapIntegrationLiveTest)
[pool-4-thread-3] Test testListContainer(org.jclouds.ninefold.storage.blobstore.integration.NinefoldStorageBlobMapIntegrationLiveTest) succeeded: 10614ms
Test suite progress: tests succeeded: 52, failed: 3, skipped: 2.
[pool-4-thread-4] Test testKeySet(org.jclouds.ninefold.storage.blobstore.integration.NinefoldStorageInputStreamMapIntegrationLiveTest) succeeded: 15713ms
Test suite progress: tests succeeded: 53, failed: 3, skipped: 2.
Starting test testListContainer(org.jclouds.ninefold.storage.blobstore.integration.NinefoldStorageInputStreamMapIntegrationLiveTest)
[pool-4-thread-4] Test testListContainer(org.jclouds.ninefold.storage.blobstore.integration.NinefoldStorageInputStreamMapIntegrationLiveTest) succeeded: 9887ms
Test suite progress: tests succeeded: 54, failed: 3, skipped: 2.
[pool-4-thread-5] Test testListContainerPrefix(org.jclouds.ninefold.storage.blobstore.integration.NinefoldStorageContainerIntegrationLiveTest) failed.
Test suite progress: tests succeeded: 54, failed: 4, skipped: 2.
Starting test testListRootUsesDelimiter(org.jclouds.ninefold.storage.blobstore.integration.NinefoldStorageContainerIntegrationLiveTest)
[pool-4-thread-5] Test testListRootUsesDelimiter(org.jclouds.ninefold.storage.blobstore.integration.NinefoldStorageContainerIntegrationLiveTest) succeeded: 153196ms
Test suite progress: tests succeeded: 55, failed: 4, skipped: 2.
Starting test testPutTwiceIsOkAndDoesntOverwrite(org.jclouds.ninefold.storage.blobstore.integration.NinefoldStorageContainerIntegrationLiveTest)
[pool-4-thread-5] Test testPutTwiceIsOkAndDoesntOverwrite(org.jclouds.ninefold.storage.blobstore.integration.NinefoldStorageContainerIntegrationLiveTest) succeeded: 25871ms
Test suite progress: tests succeeded: 56, failed: 4, skipped: 2.
Starting test testWithDetails(org.jclouds.ninefold.storage.blobstore.integration.NinefoldStorageContainerIntegrationLiveTest)
[pool-4-thread-5] Test testWithDetails(org.jclouds.ninefold.storage.blobstore.integration.NinefoldStorageContainerIntegrationLiveTest) succeeded: 15553ms
Test suite progress: tests succeeded: 57, failed: 4, skipped: 2.
Tests run: 63, Failures: 4, Errors: 0, Skipped: 2, Time elapsed: 790.993 sec <<< FAILURE!

Results :

Failed tests: 
  testCreateDirectory(org.jclouds.ninefold.storage.NinefoldStorageClientLiveTest)
  testDirectory(org.jclouds.ninefold.storage.blobstore.integration.NinefoldStorageBlobMapIntegrationLiveTest)
  testDirectory(org.jclouds.ninefold.storage.blobstore.integration.NinefoldStorageInputStreamMapIntegrationLiveTest)
  testListContainerPrefix(org.jclouds.ninefold.storage.blobstore.integration.NinefoldStorageContainerIntegrationLiveTest)

Tests run: 63, Failures: 4, Errors: 0, Skipped: 2

[INFO] ------------------------------------------------------------------------
[INFO] BUILD FAILURE
[INFO] ------------------------------------------------------------------------
[INFO] Total time: 13:39.575s
[INFO] Finished at: Sat Oct 15 13:30:32 PDT 2011
[INFO] Final Memory: 19M/125M
[INFO] ------------------------------------------------------------------------
[ERROR] Failed to execute goal org.apache.maven.plugins:maven-surefire-plugin:2.5:test (integration) on project ninefold-storage: There are test failures.
[ERROR] 
[ERROR] Please refer to /Users/adriancole/workspace/git/1.2.0/jclouds/providers/ninefold-storage/target/surefire-reports for the individual test results.
[ERROR] -> [Help 1]
[ERROR] 
[ERROR] To see the full stack trace of the errors, re-run Maven with the -e switch.
[ERROR] Re-run Maven using the -X switch to enable full debug logging.
[ERROR] 
[ERROR] For more information about the errors and possible solutions, please read the following articles:
[ERROR] [Help 1] http://cwiki.apache.org/confluence/display/MAVEN/MojoFailureException
