[INFO] Scanning for projects...
[WARNING] 
[WARNING] Some problems were encountered while building the effective model for org.jclouds.provider:rimuhosting:bundle:1.2.0-SNAPSHOT
[WARNING] 'parent.relativePath' of POM org.jclouds:jclouds-project:1.2.0-SNAPSHOT (/Users/adriancole/workspace/git/1.2.0/jclouds/project/pom.xml) points at org.jclouds:jclouds-multi instead of org.sonatype.oss:oss-parent, please verify your project structure @ org.jclouds:jclouds-project:1.2.0-SNAPSHOT, /Users/adriancole/workspace/git/1.2.0/jclouds/project/pom.xml, line 24, column 13
[WARNING] 
[WARNING] It is highly recommended to fix these problems because they threaten the stability of your build.
[WARNING] 
[WARNING] For this reason, future Maven versions might no longer support building such malformed projects.
[WARNING] 
[INFO]                                                                         
[INFO] ------------------------------------------------------------------------
[INFO] Building jclouds RimuHosting provider 1.2.0-SNAPSHOT
[INFO] ------------------------------------------------------------------------
[INFO] 
[INFO] --- maven-clean-plugin:2.4.1:clean (default-clean) @ rimuhosting ---
[INFO] Deleting /Users/adriancole/workspace/git/1.2.0/jclouds/providers/rimuhosting/target
[INFO] 
[INFO] --- maven-enforcer-plugin:1.0.1:enforce (enforce-maven) @ rimuhosting ---
[INFO] 
[INFO] --- maven-enforcer-plugin:1.0.1:enforce (enforce-banned-dependencies) @ rimuhosting ---
[INFO] 
[INFO] --- maven-enforcer-plugin:1.0.1:enforce (enforce-java) @ rimuhosting ---
[INFO] 
[INFO] --- maven-remote-resources-plugin:1.2:process (process-remote-resources) @ rimuhosting ---
[INFO] Setting property: classpath.resource.loader.class => 'org.codehaus.plexus.velocity.ContextClassLoaderResourceLoader'.
[INFO] Setting property: velocimacro.messages.on => 'false'.
[INFO] Setting property: resource.loader => 'classpath'.
[INFO] Setting property: resource.manager.logwhenfound => 'false'.
[INFO] 
[INFO] --- maven-resources-plugin:2.4.2:resources (default-resources) @ rimuhosting ---
[INFO] Using 'UTF-8' encoding to copy filtered resources.
[INFO] skip non existing resourceDirectory /Users/adriancole/workspace/git/1.2.0/jclouds/providers/rimuhosting/src/main/clojure
[INFO] Copying 1 resource
[INFO] Copying 2 resources
[INFO] 
[INFO] --- maven-compiler-plugin:2.3:compile (default-compile) @ rimuhosting ---
[INFO] Compiling 57 source files to /Users/adriancole/workspace/git/1.2.0/jclouds/providers/rimuhosting/target/classes
[INFO] 
[INFO] --- maven-resources-plugin:2.4.2:testResources (default-testResources) @ rimuhosting ---
[INFO] Using 'UTF-8' encoding to copy filtered resources.
[INFO] skip non existing resourceDirectory /Users/adriancole/workspace/git/1.2.0/jclouds/providers/rimuhosting/src/test/clojure
[INFO] Copying 2 resources
[INFO] Copying 2 resources
[INFO] 
[INFO] --- maven-compiler-plugin:2.3:testCompile (default-testCompile) @ rimuhosting ---
[INFO] Compiling 8 source files to /Users/adriancole/workspace/git/1.2.0/jclouds/providers/rimuhosting/target/test-classes
[INFO] 
[INFO] --- maven-surefire-plugin:2.5:test (default-test) @ rimuhosting ---
[INFO] Surefire report directory: /Users/adriancole/workspace/git/1.2.0/jclouds/providers/rimuhosting/target/surefire-reports

-------------------------------------------------------
 T E S T S
-------------------------------------------------------
Running TestSuite
Starting test testCancelled(org.jclouds.rimuhosting.miro.functions.ParseServerFromJsonResponseTest)
Starting test testAllStatusCovered(org.jclouds.rimuhosting.miro.compute.config.RimuHostingComputeServiceContextModuleTest)
Starting test testSupportedProviders(org.jclouds.rimuhosting.miro.ProvidersInPropertiesTest)
Starting test testSupportedComputeServiceProviders(org.jclouds.rimuhosting.miro.ProvidersInPropertiesTest)
[pool-2-thread-3] Test testSupportedProviders(org.jclouds.rimuhosting.miro.ProvidersInPropertiesTest) succeeded: 89ms
Test suite progress: tests succeeded: 1, failed: 0, skipped: 0.
[pool-2-thread-2] Test testAllStatusCovered(org.jclouds.rimuhosting.miro.compute.config.RimuHostingComputeServiceContextModuleTest) succeeded: 104ms
Test suite progress: tests succeeded: 2, failed: 0, skipped: 0.
[pool-2-thread-4] Test testSupportedComputeServiceProviders(org.jclouds.rimuhosting.miro.ProvidersInPropertiesTest) succeeded: 119ms
Test suite progress: tests succeeded: 3, failed: 0, skipped: 0.
[pool-2-thread-1] Test testCancelled(org.jclouds.rimuhosting.miro.functions.ParseServerFromJsonResponseTest) succeeded: 314ms
Test suite progress: tests succeeded: 4, failed: 0, skipped: 0.
Starting test testGetServerList(org.jclouds.rimuhosting.miro.RimuHostingAsyncClientTest)
Starting test testCreateServer(org.jclouds.rimuhosting.miro.RimuHostingAsyncClientTest)
[pool-3-thread-2] Test testGetServerList(org.jclouds.rimuhosting.miro.RimuHostingAsyncClientTest) succeeded: 65ms
Test suite progress: tests succeeded: 5, failed: 0, skipped: 0.
[pool-3-thread-1] Test testCreateServer(org.jclouds.rimuhosting.miro.RimuHostingAsyncClientTest) succeeded: 67ms
Test suite progress: tests succeeded: 6, failed: 0, skipped: 0.
Starting test testInRestProperties(org.jclouds.rimuhosting.miro.RimuHostingProviderTest)
Starting test testWithId(org.jclouds.rimuhosting.miro.RimuHostingProviderTest)
Starting test testAllContains(org.jclouds.rimuhosting.miro.RimuHostingProviderTest)
[pool-4-thread-3] Test testAllContains(org.jclouds.rimuhosting.miro.RimuHostingProviderTest) succeeded: 1ms
Test suite progress: tests succeeded: 7, failed: 0, skipped: 0.
Starting test testOfTypeContains(org.jclouds.rimuhosting.miro.RimuHostingProviderTest)
[pool-4-thread-2] Test testWithId(org.jclouds.rimuhosting.miro.RimuHostingProviderTest) succeeded: 4ms
Test suite progress: tests succeeded: 8, failed: 0, skipped: 0.
[pool-4-thread-1] Test testInRestProperties(org.jclouds.rimuhosting.miro.RimuHostingProviderTest) succeeded: 16ms
Test suite progress: tests succeeded: 9, failed: 0, skipped: 0.
[pool-4-thread-4] Test testOfTypeContains(org.jclouds.rimuhosting.miro.RimuHostingProviderTest) succeeded: 1ms
Test suite progress: tests succeeded: 10, failed: 0, skipped: 0.
Tests run: 10, Failures: 0, Errors: 0, Skipped: 0, Time elapsed: 1.654 sec

Results :

Tests run: 10, Failures: 0, Errors: 0, Skipped: 0

[INFO] 
[INFO] --- clojure-maven-plugin:1.3.3:test (test-clojure) @ rimuhosting ---

Testing user

Ran 0 tests containing 0 assertions.
0 failures, 0 errors.
[INFO] 
[INFO] --- maven-bundle-plugin:2.3.4:bundle (default-bundle) @ rimuhosting ---
[INFO] 
[INFO] --- maven-source-plugin:2.1.1:jar-no-fork (attach-sources) @ rimuhosting ---
[INFO] Building jar: /Users/adriancole/workspace/git/1.2.0/jclouds/providers/rimuhosting/target/rimuhosting-1.2.0-SNAPSHOT-sources.jar
[INFO] 
[INFO] --- maven-javadoc-plugin:2.8:jar (javadoc) @ rimuhosting ---
[INFO] Skipping javadoc generation
[INFO] 
[INFO] --- maven-jar-plugin:2.3.1:test-jar (default) @ rimuhosting ---
[INFO] Building jar: /Users/adriancole/workspace/git/1.2.0/jclouds/providers/rimuhosting/target/rimuhosting-1.2.0-SNAPSHOT-tests.jar
[INFO] 
[INFO] --- maven-surefire-plugin:2.5:test (integration) @ rimuhosting ---
[INFO] Surefire report directory: /Users/adriancole/workspace/git/1.2.0/jclouds/providers/rimuhosting/target/surefire-reports

-------------------------------------------------------
 T E S T S
-------------------------------------------------------
Running TestSuite
Starting test setServiceDefaults(org.jclouds.rimuhosting.miro.compute.RimuHostingComputeServiceLiveTest)
[pool-2-thread-1] Test setServiceDefaults(org.jclouds.rimuhosting.miro.compute.RimuHostingComputeServiceLiveTest) succeeded: 0ms
Test suite progress: tests succeeded: 1, failed: 0, skipped: 0.
Starting test testCompareSizes(org.jclouds.rimuhosting.miro.compute.RimuHostingComputeServiceLiveTest)
Oct 15, 2011 12:12:59 PM org.jclouds.compute.BaseComputeServiceLiveTest testCompareSizes
INFO: smallest [id=MIRO4B, providerId=MIRO4B, name=null, processors=[[cores=1.0, speed=1.0]], ram=1150, volumes=[[id=null, type=LOCAL, size=4.0, device=null, durable=true, isBootDevice=true]], supportsImage=ALWAYS_TRUE, tags=[]]
Oct 15, 2011 12:12:59 PM org.jclouds.compute.BaseComputeServiceLiveTest testCompareSizes
INFO: fastest [id=MIRO1B, providerId=MIRO1B, name=null, processors=[[cores=1.0, speed=1.0]], ram=160, volumes=[[id=null, type=LOCAL, size=4.0, device=null, durable=true, isBootDevice=true]], supportsImage=ALWAYS_TRUE, tags=[]]
Oct 15, 2011 12:12:59 PM org.jclouds.compute.BaseComputeServiceLiveTest testCompareSizes
INFO: biggest [id=MIRO4B, providerId=MIRO4B, name=null, processors=[[cores=1.0, speed=1.0]], ram=1150, volumes=[[id=null, type=LOCAL, size=4.0, device=null, durable=true, isBootDevice=true]], supportsImage=ALWAYS_TRUE, tags=[]]
[pool-2-thread-1] Test testCompareSizes(org.jclouds.rimuhosting.miro.compute.RimuHostingComputeServiceLiveTest) succeeded: 5104ms
Test suite progress: tests succeeded: 2, failed: 0, skipped: 0.
Starting test testAScriptExecutionAfterBootWithBasicTemplate(org.jclouds.rimuhosting.miro.compute.RimuHostingComputeServiceLiveTest)
<< problem applying options to node(623662102): 
org.jclouds.rest.AuthorizationException: (root:password@74.50.61.181:22) (root:password@74.50.61.181:22) error acquiring Session(timeout=2400000): Auth fail
	at org.jclouds.ssh.jsch.JschSshClient.propagate(JschSshClient.java:361)
	at org.jclouds.ssh.jsch.JschSshClient.acquire(JschSshClient.java:213)
	at org.jclouds.ssh.jsch.JschSshClient.connect(JschSshClient.java:227)
	at org.jclouds.compute.callables.RunScriptOnNodeUsingSsh.call(RunScriptOnNodeUsingSsh.java:73)
	at org.jclouds.compute.strategy.RunScriptOnNodeAndAddToGoodMapOrPutExceptionIntoBadMap.call(RunScriptOnNodeAndAddToGoodMapOrPutExceptionIntoBadMap.java:69)
	at org.jclouds.compute.strategy.RunScriptOnNodeAndAddToGoodMapOrPutExceptionIntoBadMap.call(RunScriptOnNodeAndAddToGoodMapOrPutExceptionIntoBadMap.java:44)
	at java.util.concurrent.FutureTask$Sync.innerRun(FutureTask.java:303)
	at java.util.concurrent.FutureTask.run(FutureTask.java:138)
	at java.util.concurrent.ThreadPoolExecutor$Worker.runTask(ThreadPoolExecutor.java:886)
	at java.util.concurrent.ThreadPoolExecutor$Worker.run(ThreadPoolExecutor.java:908)
	at java.lang.Thread.run(Thread.java:680)
Caused by: com.jcraft.jsch.JSchException: Auth fail
	at com.jcraft.jsch.Session.connect(Session.java:461)
	at org.jclouds.ssh.jsch.JschSshClient$1.create(JschSshClient.java:190)
	at org.jclouds.ssh.jsch.JschSshClient$1.create(JschSshClient.java:162)
	at org.jclouds.ssh.jsch.JschSshClient.acquire(JschSshClient.java:206)
	... 9 more
[pool-2-thread-1] Test testAScriptExecutionAfterBootWithBasicTemplate(org.jclouds.rimuhosting.miro.compute.RimuHostingComputeServiceLiveTest) succeeded: 362751ms
Test suite progress: tests succeeded: 3, failed: 0, skipped: 0.
Starting test testCorrectAuthException(org.jclouds.rimuhosting.miro.compute.RimuHostingComputeServiceLiveTest)
[pool-2-thread-1] Test testCorrectAuthException(org.jclouds.rimuhosting.miro.compute.RimuHostingComputeServiceLiveTest) succeeded: 541ms
Test suite progress: tests succeeded: 4, failed: 0, skipped: 0.
Starting test testCreateAndRunAService(org.jclouds.rimuhosting.miro.compute.RimuHostingComputeServiceLiveTest)
Oct 15, 2011 12:23:16 PM org.jclouds.compute.BaseComputeServiceLiveTest testCreateAndRunAService
INFO: << available node(343662102) os([name=ubuntu1104.64, family=ubuntu, version=11.04, arch=null, is64Bit=true, description=Ubuntu 11.04 64-bit (Natty Narwhal)]) in 253s
Oct 15, 2011 12:24:30 PM org.jclouds.compute.BaseComputeServiceLiveTest testCreateAndRunAService
INFO: << configured node(343662102) with java full version "1.6.0_22-b22" in 72s
Oct 15, 2011 12:24:36 PM org.jclouds.compute.BaseComputeServiceLiveTest trackAvailabilityOfProcessOnNode
INFO: << initial start of jboss on node(343662102) [backgroundProcessSeconds=3, socketOpenMilliseconds=4166, reportedStartupTimeMilliseconds=1796]
Oct 15, 2011 12:24:41 PM org.jclouds.compute.BaseComputeServiceLiveTest trackAvailabilityOfProcessOnNode
INFO: << warm start of jboss on node(343662102) [backgroundProcessSeconds=2, socketOpenMilliseconds=2815, reportedStartupTimeMilliseconds=1771]
[pool-2-thread-1] Test testCreateAndRunAService(org.jclouds.rimuhosting.miro.compute.RimuHostingComputeServiceLiveTest) succeeded: 342350ms
Test suite progress: tests succeeded: 5, failed: 0, skipped: 0.
Starting test testCreateTwoNodesWithRunScript(org.jclouds.rimuhosting.miro.compute.RimuHostingComputeServiceLiveTest)
[pool-2-thread-1] Test testCreateTwoNodesWithRunScript(org.jclouds.rimuhosting.miro.compute.RimuHostingComputeServiceLiveTest) failed.
Test suite progress: tests succeeded: 5, failed: 1, skipped: 0.
[pool-2-thread-1] Test testCreateAnotherNodeWithANewContextToEnsureSharedMemIsntRequired(org.jclouds.rimuhosting.miro.compute.RimuHostingComputeServiceLiveTest) skipped.
Test suite progress: tests succeeded: 5, failed: 1, skipped: 1.
[pool-2-thread-1] Test testCredentialsCache(org.jclouds.rimuhosting.miro.compute.RimuHostingComputeServiceLiveTest) skipped.
Test suite progress: tests succeeded: 5, failed: 1, skipped: 2.
[pool-2-thread-1] Test testGet(org.jclouds.rimuhosting.miro.compute.RimuHostingComputeServiceLiveTest) skipped.
Test suite progress: tests succeeded: 5, failed: 1, skipped: 3.
Starting test testGetAssignableLocations(org.jclouds.rimuhosting.miro.compute.RimuHostingComputeServiceLiveTest)
Oct 15, 2011 1:04:52 PM org.jclouds.compute.BaseComputeServiceLiveTest testGetAssignableLocations
WARNING: location [id=DCAUCKLAND, scope=ZONE, description=Auckland, parent=rimuhosting, iso3166Codes=[NZ-AUK], metadata={}]
Oct 15, 2011 1:04:52 PM org.jclouds.compute.BaseComputeServiceLiveTest testGetAssignableLocations
WARNING: location [id=DCBRISBANE, scope=ZONE, description=Brisbane, parent=rimuhosting, iso3166Codes=[], metadata={}]
Oct 15, 2011 1:04:52 PM org.jclouds.compute.BaseComputeServiceLiveTest testGetAssignableLocations
WARNING: location [id=DCLONDON, scope=ZONE, description=London, parent=rimuhosting, iso3166Codes=[GB-LND], metadata={}]
Oct 15, 2011 1:04:52 PM org.jclouds.compute.BaseComputeServiceLiveTest testGetAssignableLocations
WARNING: location [id=DCDALLAS, scope=ZONE, description=Dallas, parent=rimuhosting, iso3166Codes=[US-TX], metadata={}]
Oct 15, 2011 1:04:52 PM org.jclouds.compute.BaseComputeServiceLiveTest testGetAssignableLocations
WARNING: location [id=DCNY, scope=ZONE, description=New York, parent=rimuhosting, iso3166Codes=[], metadata={}]
Oct 15, 2011 1:04:52 PM org.jclouds.compute.BaseComputeServiceLiveTest testGetAssignableLocations
WARNING: location [id=DCSYDNEY, scope=ZONE, description=Sydney, parent=rimuhosting, iso3166Codes=[AU-NSW], metadata={}]
[pool-2-thread-1] Test testGetAssignableLocations(org.jclouds.rimuhosting.miro.compute.RimuHostingComputeServiceLiveTest) succeeded: 956ms
Test suite progress: tests succeeded: 6, failed: 1, skipped: 3.
Starting test testImagesCache(org.jclouds.rimuhosting.miro.compute.RimuHostingComputeServiceLiveTest)
[pool-2-thread-1] Test testImagesCache(org.jclouds.rimuhosting.miro.compute.RimuHostingComputeServiceLiveTest) succeeded: 498ms
Test suite progress: tests succeeded: 7, failed: 1, skipped: 3.
Starting test testListImages(org.jclouds.rimuhosting.miro.compute.RimuHostingComputeServiceLiveTest)
[pool-2-thread-1] Test testListImages(org.jclouds.rimuhosting.miro.compute.RimuHostingComputeServiceLiveTest) succeeded: 11ms
Test suite progress: tests succeeded: 8, failed: 1, skipped: 3.
Starting test testListSizes(org.jclouds.rimuhosting.miro.compute.RimuHostingComputeServiceLiveTest)
[pool-2-thread-1] Test testListSizes(org.jclouds.rimuhosting.miro.compute.RimuHostingComputeServiceLiveTest) succeeded: 555ms
Test suite progress: tests succeeded: 9, failed: 1, skipped: 3.
[pool-2-thread-1] Test testReboot(org.jclouds.rimuhosting.miro.compute.RimuHostingComputeServiceLiveTest) skipped.
Test suite progress: tests succeeded: 9, failed: 1, skipped: 4.
[pool-2-thread-1] Test testSuspendResume(org.jclouds.rimuhosting.miro.compute.RimuHostingComputeServiceLiveTest) skipped.
Test suite progress: tests succeeded: 9, failed: 1, skipped: 5.
[pool-2-thread-1] Test testGetNodesWithDetails(org.jclouds.rimuhosting.miro.compute.RimuHostingComputeServiceLiveTest) skipped.
Test suite progress: tests succeeded: 9, failed: 1, skipped: 6.
[pool-2-thread-1] Test testListNodes(org.jclouds.rimuhosting.miro.compute.RimuHostingComputeServiceLiveTest) skipped.
Test suite progress: tests succeeded: 9, failed: 1, skipped: 7.
[pool-2-thread-1] Test testDestroyNodes(org.jclouds.rimuhosting.miro.compute.RimuHostingComputeServiceLiveTest) skipped.
Test suite progress: tests succeeded: 9, failed: 1, skipped: 8.
Starting test testTemplateMatch(org.jclouds.rimuhosting.miro.compute.RimuHostingComputeServiceLiveTest)
[pool-2-thread-1] Test testTemplateMatch(org.jclouds.rimuhosting.miro.compute.RimuHostingComputeServiceLiveTest) succeeded: 81ms
Test suite progress: tests succeeded: 10, failed: 1, skipped: 8.
Starting test testOptionToNotBlock(org.jclouds.rimuhosting.miro.compute.RimuHostingComputeServiceLiveTest)
[pool-2-thread-1] Test testOptionToNotBlock(org.jclouds.rimuhosting.miro.compute.RimuHostingComputeServiceLiveTest) succeeded: 0ms
Test suite progress: tests succeeded: 11, failed: 1, skipped: 8.
Starting test testCorrectExceptionRunningNodesNotFound(org.jclouds.rimuhosting.miro.compute.RimuHostingComputeServiceLiveTest)
[pool-2-thread-1] Test testCorrectExceptionRunningNodesNotFound(org.jclouds.rimuhosting.miro.compute.RimuHostingComputeServiceLiveTest) succeeded: 1016ms
Test suite progress: tests succeeded: 12, failed: 1, skipped: 8.
Starting test testCompareSizes(org.jclouds.rimuhosting.miro.compute.RimuHostingTemplateBuilderLiveTest)
smallest [id=MIRO4B, providerId=MIRO4B, name=null, processors=[[cores=1.0, speed=1.0]], ram=1150, volumes=[[id=null, type=LOCAL, size=4.0, device=null, durable=true, isBootDevice=true]], supportsImage=ALWAYS_TRUE, tags=[]]
fastest [id=MIRO1B, providerId=MIRO1B, name=null, processors=[[cores=1.0, speed=1.0]], ram=160, volumes=[[id=null, type=LOCAL, size=4.0, device=null, durable=true, isBootDevice=true]], supportsImage=ALWAYS_TRUE, tags=[]]
biggest [id=MIRO4B, providerId=MIRO4B, name=null, processors=[[cores=1.0, speed=1.0]], ram=1150, volumes=[[id=null, type=LOCAL, size=4.0, device=null, durable=true, isBootDevice=true]], supportsImage=ALWAYS_TRUE, tags=[]]
[pool-2-thread-1] Test testCompareSizes(org.jclouds.rimuhosting.miro.compute.RimuHostingTemplateBuilderLiveTest) succeeded: 1945ms
Test suite progress: tests succeeded: 13, failed: 1, skipped: 8.
Starting test testDefaultTemplateBuilder(org.jclouds.rimuhosting.miro.compute.RimuHostingTemplateBuilderLiveTest)
[pool-2-thread-1] Test testDefaultTemplateBuilder(org.jclouds.rimuhosting.miro.compute.RimuHostingTemplateBuilderLiveTest) succeeded: 2ms
Test suite progress: tests succeeded: 14, failed: 1, skipped: 8.
Starting test testFromTemplate(org.jclouds.rimuhosting.miro.compute.RimuHostingTemplateBuilderLiveTest)
[pool-2-thread-1] Test testFromTemplate(org.jclouds.rimuhosting.miro.compute.RimuHostingTemplateBuilderLiveTest) succeeded: 4ms
Test suite progress: tests succeeded: 15, failed: 1, skipped: 8.
Starting test testGetAssignableLocations(org.jclouds.rimuhosting.miro.compute.RimuHostingTemplateBuilderLiveTest)
location [id=DCAUCKLAND, scope=ZONE, description=Auckland, parent=rimuhosting, iso3166Codes=[NZ-AUK], metadata={}]
location [id=DCBRISBANE, scope=ZONE, description=Brisbane, parent=rimuhosting, iso3166Codes=[], metadata={}]
location [id=DCLONDON, scope=ZONE, description=London, parent=rimuhosting, iso3166Codes=[GB-LND], metadata={}]
location [id=DCDALLAS, scope=ZONE, description=Dallas, parent=rimuhosting, iso3166Codes=[US-TX], metadata={}]
[pool-2-thread-1] Test testGetAssignableLocations(org.jclouds.rimuhosting.miro.compute.RimuHostingTemplateBuilderLiveTest) succeeded: 1ms
Test suite progress: tests succeeded: 16, failed: 1, skipped: 8.
Starting test testTemplateBuilderCanFind(org.jclouds.rimuhosting.miro.compute.RimuHostingTemplateBuilderLiveTest)
[pool-2-thread-1] Test testTemplateBuilderCanFind(org.jclouds.rimuhosting.miro.compute.RimuHostingTemplateBuilderLiveTest) succeeded: 1ms
Test suite progress: tests succeeded: 17, failed: 1, skipped: 8.
Starting test testTemplateBuilderCanFind(org.jclouds.rimuhosting.miro.compute.RimuHostingTemplateBuilderLiveTest)
[pool-2-thread-1] Test testTemplateBuilderCanFind(org.jclouds.rimuhosting.miro.compute.RimuHostingTemplateBuilderLiveTest) succeeded: 1ms
Test suite progress: tests succeeded: 18, failed: 1, skipped: 8.
Starting test testTemplateBuilderCanFind(org.jclouds.rimuhosting.miro.compute.RimuHostingTemplateBuilderLiveTest)
[pool-2-thread-1] Test testTemplateBuilderCanFind(org.jclouds.rimuhosting.miro.compute.RimuHostingTemplateBuilderLiveTest) succeeded: 1ms
Test suite progress: tests succeeded: 19, failed: 1, skipped: 8.
Starting test testTemplateBuilderCanFind(org.jclouds.rimuhosting.miro.compute.RimuHostingTemplateBuilderLiveTest)
[pool-2-thread-1] Test testTemplateBuilderCanFind(org.jclouds.rimuhosting.miro.compute.RimuHostingTemplateBuilderLiveTest) succeeded: 1ms
Test suite progress: tests succeeded: 20, failed: 1, skipped: 8.
Starting test testTemplateBuilderCanFind(org.jclouds.rimuhosting.miro.compute.RimuHostingTemplateBuilderLiveTest)
[pool-2-thread-1] Test testTemplateBuilderCanFind(org.jclouds.rimuhosting.miro.compute.RimuHostingTemplateBuilderLiveTest) succeeded: 0ms
Test suite progress: tests succeeded: 21, failed: 1, skipped: 8.
Starting test testTemplateBuilderCanFind(org.jclouds.rimuhosting.miro.compute.RimuHostingTemplateBuilderLiveTest)
[pool-2-thread-1] Test testTemplateBuilderCanFind(org.jclouds.rimuhosting.miro.compute.RimuHostingTemplateBuilderLiveTest) succeeded: 0ms
Test suite progress: tests succeeded: 22, failed: 1, skipped: 8.
Starting test testTemplateBuilderCanFind(org.jclouds.rimuhosting.miro.compute.RimuHostingTemplateBuilderLiveTest)
[pool-2-thread-1] Test testTemplateBuilderCanFind(org.jclouds.rimuhosting.miro.compute.RimuHostingTemplateBuilderLiveTest) succeeded: 1ms
Test suite progress: tests succeeded: 23, failed: 1, skipped: 8.
Starting test testTemplateBuilderCanFind(org.jclouds.rimuhosting.miro.compute.RimuHostingTemplateBuilderLiveTest)
[pool-2-thread-1] Test testTemplateBuilderCanFind(org.jclouds.rimuhosting.miro.compute.RimuHostingTemplateBuilderLiveTest) succeeded: 1ms
Test suite progress: tests succeeded: 24, failed: 1, skipped: 8.
Starting test testTemplateBuilderCanFind(org.jclouds.rimuhosting.miro.compute.RimuHostingTemplateBuilderLiveTest)
[pool-2-thread-1] Test testTemplateBuilderCanFind(org.jclouds.rimuhosting.miro.compute.RimuHostingTemplateBuilderLiveTest) succeeded: 1ms
Test suite progress: tests succeeded: 25, failed: 1, skipped: 8.
Starting test testTemplateBuilderCanFind(org.jclouds.rimuhosting.miro.compute.RimuHostingTemplateBuilderLiveTest)
[pool-2-thread-1] Test testTemplateBuilderCanFind(org.jclouds.rimuhosting.miro.compute.RimuHostingTemplateBuilderLiveTest) succeeded: 1ms
Test suite progress: tests succeeded: 26, failed: 1, skipped: 8.
Starting test testTemplateBuilderCanFind(org.jclouds.rimuhosting.miro.compute.RimuHostingTemplateBuilderLiveTest)
[pool-2-thread-1] Test testTemplateBuilderCanFind(org.jclouds.rimuhosting.miro.compute.RimuHostingTemplateBuilderLiveTest) succeeded: 1ms
Test suite progress: tests succeeded: 27, failed: 1, skipped: 8.
Starting test testTemplateBuilderCanFind(org.jclouds.rimuhosting.miro.compute.RimuHostingTemplateBuilderLiveTest)
[pool-2-thread-1] Test testTemplateBuilderCanFind(org.jclouds.rimuhosting.miro.compute.RimuHostingTemplateBuilderLiveTest) succeeded: 2ms
Test suite progress: tests succeeded: 28, failed: 1, skipped: 8.
Starting test testTemplateBuilderCanFind(org.jclouds.rimuhosting.miro.compute.RimuHostingTemplateBuilderLiveTest)
[pool-2-thread-1] Test testTemplateBuilderCanFind(org.jclouds.rimuhosting.miro.compute.RimuHostingTemplateBuilderLiveTest) succeeded: 2ms
Test suite progress: tests succeeded: 29, failed: 1, skipped: 8.
Starting test testTemplateBuilderCanFind(org.jclouds.rimuhosting.miro.compute.RimuHostingTemplateBuilderLiveTest)
[pool-2-thread-1] Test testTemplateBuilderCanFind(org.jclouds.rimuhosting.miro.compute.RimuHostingTemplateBuilderLiveTest) succeeded: 4ms
Test suite progress: tests succeeded: 30, failed: 1, skipped: 8.
Starting test testTemplateBuilderCanFind(org.jclouds.rimuhosting.miro.compute.RimuHostingTemplateBuilderLiveTest)
[pool-2-thread-1] Test testTemplateBuilderCanFind(org.jclouds.rimuhosting.miro.compute.RimuHostingTemplateBuilderLiveTest) succeeded: 1ms
Test suite progress: tests succeeded: 31, failed: 1, skipped: 8.
Starting test testTemplateBuilderCanFind(org.jclouds.rimuhosting.miro.compute.RimuHostingTemplateBuilderLiveTest)
[pool-2-thread-1] Test testTemplateBuilderCanFind(org.jclouds.rimuhosting.miro.compute.RimuHostingTemplateBuilderLiveTest) succeeded: 1ms
Test suite progress: tests succeeded: 32, failed: 1, skipped: 8.
Starting test testTemplateBuilderCanUseImageId(org.jclouds.rimuhosting.miro.compute.RimuHostingTemplateBuilderLiveTest)
[pool-2-thread-1] Test testTemplateBuilderCanUseImageId(org.jclouds.rimuhosting.miro.compute.RimuHostingTemplateBuilderLiveTest) succeeded: 16ms
Test suite progress: tests succeeded: 33, failed: 1, skipped: 8.
Starting test testTemplateBuilderCannotFind(org.jclouds.rimuhosting.miro.compute.RimuHostingTemplateBuilderLiveTest)
[pool-2-thread-1] Test testTemplateBuilderCannotFind(org.jclouds.rimuhosting.miro.compute.RimuHostingTemplateBuilderLiveTest) succeeded: 33ms
Test suite progress: tests succeeded: 34, failed: 1, skipped: 8.
Starting test testTemplateBuilderCannotFind(org.jclouds.rimuhosting.miro.compute.RimuHostingTemplateBuilderLiveTest)
[pool-2-thread-1] Test testTemplateBuilderCannotFind(org.jclouds.rimuhosting.miro.compute.RimuHostingTemplateBuilderLiveTest) succeeded: 0ms
Test suite progress: tests succeeded: 35, failed: 1, skipped: 8.
Starting test testTemplateBuilderCannotFind(org.jclouds.rimuhosting.miro.compute.RimuHostingTemplateBuilderLiveTest)
[pool-2-thread-1] Test testTemplateBuilderCannotFind(org.jclouds.rimuhosting.miro.compute.RimuHostingTemplateBuilderLiveTest) succeeded: 0ms
Test suite progress: tests succeeded: 36, failed: 1, skipped: 8.
location [id=DCNY, scope=ZONE, description=New York, parent=rimuhosting, iso3166Codes=[], metadata={}]
location [id=DCSYDNEY, scope=ZONE, description=Sydney, parent=rimuhosting, iso3166Codes=[AU-NSW], metadata={}]
Starting test testTemplateBuilderCannotFind(org.jclouds.rimuhosting.miro.compute.RimuHostingTemplateBuilderLiveTest)
[pool-2-thread-1] Test testTemplateBuilderCannotFind(org.jclouds.rimuhosting.miro.compute.RimuHostingTemplateBuilderLiveTest) succeeded: 1ms
Test suite progress: tests succeeded: 37, failed: 1, skipped: 8.
Starting test testTemplateBuilderCannotFind(org.jclouds.rimuhosting.miro.compute.RimuHostingTemplateBuilderLiveTest)
[pool-2-thread-1] Test testTemplateBuilderCannotFind(org.jclouds.rimuhosting.miro.compute.RimuHostingTemplateBuilderLiveTest) succeeded: 1ms
Test suite progress: tests succeeded: 38, failed: 1, skipped: 8.
Starting test testTemplateBuilderCannotFind(org.jclouds.rimuhosting.miro.compute.RimuHostingTemplateBuilderLiveTest)
[pool-2-thread-1] Test testTemplateBuilderCannotFind(org.jclouds.rimuhosting.miro.compute.RimuHostingTemplateBuilderLiveTest) succeeded: 80ms
Test suite progress: tests succeeded: 39, failed: 1, skipped: 8.
Starting test testTemplateBuilderCannotFind(org.jclouds.rimuhosting.miro.compute.RimuHostingTemplateBuilderLiveTest)
[pool-2-thread-1] Test testTemplateBuilderCannotFind(org.jclouds.rimuhosting.miro.compute.RimuHostingTemplateBuilderLiveTest) succeeded: 0ms
Test suite progress: tests succeeded: 40, failed: 1, skipped: 8.
Starting test testTemplateBuilderCannotFind(org.jclouds.rimuhosting.miro.compute.RimuHostingTemplateBuilderLiveTest)
[pool-2-thread-1] Test testTemplateBuilderCannotFind(org.jclouds.rimuhosting.miro.compute.RimuHostingTemplateBuilderLiveTest) succeeded: 0ms
Test suite progress: tests succeeded: 41, failed: 1, skipped: 8.
Starting test testTemplateBuilderCannotFind(org.jclouds.rimuhosting.miro.compute.RimuHostingTemplateBuilderLiveTest)
[pool-2-thread-1] Test testTemplateBuilderCannotFind(org.jclouds.rimuhosting.miro.compute.RimuHostingTemplateBuilderLiveTest) succeeded: 1ms
Test suite progress: tests succeeded: 42, failed: 1, skipped: 8.
Starting test testTemplateBuilderCannotFind(org.jclouds.rimuhosting.miro.compute.RimuHostingTemplateBuilderLiveTest)
[pool-2-thread-1] Test testTemplateBuilderCannotFind(org.jclouds.rimuhosting.miro.compute.RimuHostingTemplateBuilderLiveTest) succeeded: 2ms
Test suite progress: tests succeeded: 43, failed: 1, skipped: 8.
Starting test testTemplateBuilderCannotFind(org.jclouds.rimuhosting.miro.compute.RimuHostingTemplateBuilderLiveTest)
[pool-2-thread-1] Test testTemplateBuilderCannotFind(org.jclouds.rimuhosting.miro.compute.RimuHostingTemplateBuilderLiveTest) succeeded: 1ms
Test suite progress: tests succeeded: 44, failed: 1, skipped: 8.
Starting test testTemplateBuilderCannotFind(org.jclouds.rimuhosting.miro.compute.RimuHostingTemplateBuilderLiveTest)
[pool-2-thread-1] Test testTemplateBuilderCannotFind(org.jclouds.rimuhosting.miro.compute.RimuHostingTemplateBuilderLiveTest) succeeded: 1ms
Test suite progress: tests succeeded: 45, failed: 1, skipped: 8.
Starting test testTemplateBuilderCannotFind(org.jclouds.rimuhosting.miro.compute.RimuHostingTemplateBuilderLiveTest)
[pool-2-thread-1] Test testTemplateBuilderCannotFind(org.jclouds.rimuhosting.miro.compute.RimuHostingTemplateBuilderLiveTest) succeeded: 0ms
Test suite progress: tests succeeded: 46, failed: 1, skipped: 8.
Starting test testTemplateBuilderCannotFind(org.jclouds.rimuhosting.miro.compute.RimuHostingTemplateBuilderLiveTest)
[pool-2-thread-1] Test testTemplateBuilderCannotFind(org.jclouds.rimuhosting.miro.compute.RimuHostingTemplateBuilderLiveTest) succeeded: 0ms
Test suite progress: tests succeeded: 47, failed: 1, skipped: 8.
Starting test testTemplateBuilderCannotFind(org.jclouds.rimuhosting.miro.compute.RimuHostingTemplateBuilderLiveTest)
[pool-2-thread-1] Test testTemplateBuilderCannotFind(org.jclouds.rimuhosting.miro.compute.RimuHostingTemplateBuilderLiveTest) succeeded: 1ms
Test suite progress: tests succeeded: 48, failed: 1, skipped: 8.
Starting test testTemplateBuilderCannotFind(org.jclouds.rimuhosting.miro.compute.RimuHostingTemplateBuilderLiveTest)
[pool-2-thread-1] Test testTemplateBuilderCannotFind(org.jclouds.rimuhosting.miro.compute.RimuHostingTemplateBuilderLiveTest) succeeded: 1ms
Test suite progress: tests succeeded: 49, failed: 1, skipped: 8.
Starting test testTemplateBuilderCannotFind(org.jclouds.rimuhosting.miro.compute.RimuHostingTemplateBuilderLiveTest)
[pool-2-thread-1] Test testTemplateBuilderCannotFind(org.jclouds.rimuhosting.miro.compute.RimuHostingTemplateBuilderLiveTest) succeeded: 1ms
Test suite progress: tests succeeded: 50, failed: 1, skipped: 8.
Starting test testTemplateBuilderCannotFind(org.jclouds.rimuhosting.miro.compute.RimuHostingTemplateBuilderLiveTest)
[pool-2-thread-1] Test testTemplateBuilderCannotFind(org.jclouds.rimuhosting.miro.compute.RimuHostingTemplateBuilderLiveTest) succeeded: 1ms
Test suite progress: tests succeeded: 51, failed: 1, skipped: 8.
Starting test testTemplateBuilderCannotFind(org.jclouds.rimuhosting.miro.compute.RimuHostingTemplateBuilderLiveTest)
[pool-2-thread-1] Test testTemplateBuilderCannotFind(org.jclouds.rimuhosting.miro.compute.RimuHostingTemplateBuilderLiveTest) succeeded: 0ms
Test suite progress: tests succeeded: 52, failed: 1, skipped: 8.
Starting test testTemplateBuilderCannotFind(org.jclouds.rimuhosting.miro.compute.RimuHostingTemplateBuilderLiveTest)
[pool-2-thread-1] Test testTemplateBuilderCannotFind(org.jclouds.rimuhosting.miro.compute.RimuHostingTemplateBuilderLiveTest) succeeded: 1ms
Test suite progress: tests succeeded: 53, failed: 1, skipped: 8.
Starting test testTemplateBuilderCannotFind(org.jclouds.rimuhosting.miro.compute.RimuHostingTemplateBuilderLiveTest)
[pool-2-thread-1] Test testTemplateBuilderCannotFind(org.jclouds.rimuhosting.miro.compute.RimuHostingTemplateBuilderLiveTest) succeeded: 2ms
Test suite progress: tests succeeded: 54, failed: 1, skipped: 8.
Starting test testTemplateBuilderCannotFind(org.jclouds.rimuhosting.miro.compute.RimuHostingTemplateBuilderLiveTest)
[pool-2-thread-1] Test testTemplateBuilderCannotFind(org.jclouds.rimuhosting.miro.compute.RimuHostingTemplateBuilderLiveTest) succeeded: 0ms
Test suite progress: tests succeeded: 55, failed: 1, skipped: 8.
Starting test testTemplateBuilderCannotFind(org.jclouds.rimuhosting.miro.compute.RimuHostingTemplateBuilderLiveTest)
[pool-2-thread-1] Test testTemplateBuilderCannotFind(org.jclouds.rimuhosting.miro.compute.RimuHostingTemplateBuilderLiveTest) succeeded: 0ms
Test suite progress: tests succeeded: 56, failed: 1, skipped: 8.
Starting test testTemplateBuilderCannotFind(org.jclouds.rimuhosting.miro.compute.RimuHostingTemplateBuilderLiveTest)
[pool-2-thread-1] Test testTemplateBuilderCannotFind(org.jclouds.rimuhosting.miro.compute.RimuHostingTemplateBuilderLiveTest) succeeded: 1ms
Test suite progress: tests succeeded: 57, failed: 1, skipped: 8.
Starting test testTemplateBuilderCannotFind(org.jclouds.rimuhosting.miro.compute.RimuHostingTemplateBuilderLiveTest)
[pool-2-thread-1] Test testTemplateBuilderCannotFind(org.jclouds.rimuhosting.miro.compute.RimuHostingTemplateBuilderLiveTest) succeeded: 1ms
Test suite progress: tests succeeded: 58, failed: 1, skipped: 8.
Starting test testTemplateBuilderCannotFind(org.jclouds.rimuhosting.miro.compute.RimuHostingTemplateBuilderLiveTest)
[pool-2-thread-1] Test testTemplateBuilderCannotFind(org.jclouds.rimuhosting.miro.compute.RimuHostingTemplateBuilderLiveTest) succeeded: 1ms
Test suite progress: tests succeeded: 59, failed: 1, skipped: 8.
Starting test testTemplateBuilderCannotFind(org.jclouds.rimuhosting.miro.compute.RimuHostingTemplateBuilderLiveTest)
[pool-2-thread-1] Test testTemplateBuilderCannotFind(org.jclouds.rimuhosting.miro.compute.RimuHostingTemplateBuilderLiveTest) succeeded: 1ms
Test suite progress: tests succeeded: 60, failed: 1, skipped: 8.
Starting test testTemplateBuilderCannotFind(org.jclouds.rimuhosting.miro.compute.RimuHostingTemplateBuilderLiveTest)
[pool-2-thread-1] Test testTemplateBuilderCannotFind(org.jclouds.rimuhosting.miro.compute.RimuHostingTemplateBuilderLiveTest) succeeded: 2ms
Test suite progress: tests succeeded: 61, failed: 1, skipped: 8.
Starting test testTemplateBuilderCannotFind(org.jclouds.rimuhosting.miro.compute.RimuHostingTemplateBuilderLiveTest)
[pool-2-thread-1] Test testTemplateBuilderCannotFind(org.jclouds.rimuhosting.miro.compute.RimuHostingTemplateBuilderLiveTest) succeeded: 2ms
Test suite progress: tests succeeded: 62, failed: 1, skipped: 8.
Starting test testTemplateBuilderCannotFind(org.jclouds.rimuhosting.miro.compute.RimuHostingTemplateBuilderLiveTest)
[pool-2-thread-1] Test testTemplateBuilderCannotFind(org.jclouds.rimuhosting.miro.compute.RimuHostingTemplateBuilderLiveTest) succeeded: 1ms
Test suite progress: tests succeeded: 63, failed: 1, skipped: 8.
Starting test testTemplateBuilderCannotFind(org.jclouds.rimuhosting.miro.compute.RimuHostingTemplateBuilderLiveTest)
[pool-2-thread-1] Test testTemplateBuilderCannotFind(org.jclouds.rimuhosting.miro.compute.RimuHostingTemplateBuilderLiveTest) succeeded: 2ms
Test suite progress: tests succeeded: 64, failed: 1, skipped: 8.
Starting test testTemplateBuilderCannotFind(org.jclouds.rimuhosting.miro.compute.RimuHostingTemplateBuilderLiveTest)
[pool-2-thread-1] Test testTemplateBuilderCannotFind(org.jclouds.rimuhosting.miro.compute.RimuHostingTemplateBuilderLiveTest) succeeded: 1ms
Test suite progress: tests succeeded: 65, failed: 1, skipped: 8.
Starting test testTemplateBuilderCannotFind(org.jclouds.rimuhosting.miro.compute.RimuHostingTemplateBuilderLiveTest)
[pool-2-thread-1] Test testTemplateBuilderCannotFind(org.jclouds.rimuhosting.miro.compute.RimuHostingTemplateBuilderLiveTest) succeeded: 1ms
Test suite progress: tests succeeded: 66, failed: 1, skipped: 8.
Starting test testTemplateBuilderCannotFind(org.jclouds.rimuhosting.miro.compute.RimuHostingTemplateBuilderLiveTest)
[pool-2-thread-1] Test testTemplateBuilderCannotFind(org.jclouds.rimuhosting.miro.compute.RimuHostingTemplateBuilderLiveTest) succeeded: 1ms
Test suite progress: tests succeeded: 67, failed: 1, skipped: 8.
Starting test testTemplateBuilderCannotFind(org.jclouds.rimuhosting.miro.compute.RimuHostingTemplateBuilderLiveTest)
[pool-2-thread-1] Test testTemplateBuilderCannotFind(org.jclouds.rimuhosting.miro.compute.RimuHostingTemplateBuilderLiveTest) succeeded: 0ms
Test suite progress: tests succeeded: 68, failed: 1, skipped: 8.
Starting test testTemplateBuilderCannotFind(org.jclouds.rimuhosting.miro.compute.RimuHostingTemplateBuilderLiveTest)
[pool-2-thread-1] Test testTemplateBuilderCannotFind(org.jclouds.rimuhosting.miro.compute.RimuHostingTemplateBuilderLiveTest) succeeded: 2ms
Test suite progress: tests succeeded: 69, failed: 1, skipped: 8.
Starting test testTemplateBuilderCannotFind(org.jclouds.rimuhosting.miro.compute.RimuHostingTemplateBuilderLiveTest)
[pool-2-thread-1] Test testTemplateBuilderCannotFind(org.jclouds.rimuhosting.miro.compute.RimuHostingTemplateBuilderLiveTest) succeeded: 1ms
Test suite progress: tests succeeded: 70, failed: 1, skipped: 8.
Starting test testTemplateBuilderCannotFind(org.jclouds.rimuhosting.miro.compute.RimuHostingTemplateBuilderLiveTest)
[pool-2-thread-1] Test testTemplateBuilderCannotFind(org.jclouds.rimuhosting.miro.compute.RimuHostingTemplateBuilderLiveTest) succeeded: 0ms
Test suite progress: tests succeeded: 71, failed: 1, skipped: 8.
Starting test testTemplateBuilderCannotFind(org.jclouds.rimuhosting.miro.compute.RimuHostingTemplateBuilderLiveTest)
[pool-2-thread-1] Test testTemplateBuilderCannotFind(org.jclouds.rimuhosting.miro.compute.RimuHostingTemplateBuilderLiveTest) succeeded: 0ms
Test suite progress: tests succeeded: 72, failed: 1, skipped: 8.
Starting test testTemplateBuilderCannotFind(org.jclouds.rimuhosting.miro.compute.RimuHostingTemplateBuilderLiveTest)
[pool-2-thread-1] Test testTemplateBuilderCannotFind(org.jclouds.rimuhosting.miro.compute.RimuHostingTemplateBuilderLiveTest) succeeded: 1ms
Test suite progress: tests succeeded: 73, failed: 1, skipped: 8.
Starting test testTemplateBuilderCannotFind(org.jclouds.rimuhosting.miro.compute.RimuHostingTemplateBuilderLiveTest)
[pool-2-thread-1] Test testTemplateBuilderCannotFind(org.jclouds.rimuhosting.miro.compute.RimuHostingTemplateBuilderLiveTest) succeeded: 0ms
Test suite progress: tests succeeded: 74, failed: 1, skipped: 8.
Starting test testTemplateBuilderCannotFind(org.jclouds.rimuhosting.miro.compute.RimuHostingTemplateBuilderLiveTest)
[pool-2-thread-1] Test testTemplateBuilderCannotFind(org.jclouds.rimuhosting.miro.compute.RimuHostingTemplateBuilderLiveTest) succeeded: 1ms
Test suite progress: tests succeeded: 75, failed: 1, skipped: 8.
Starting test testTemplateBuilderCannotFind(org.jclouds.rimuhosting.miro.compute.RimuHostingTemplateBuilderLiveTest)
[pool-2-thread-1] Test testTemplateBuilderCannotFind(org.jclouds.rimuhosting.miro.compute.RimuHostingTemplateBuilderLiveTest) succeeded: 0ms
Test suite progress: tests succeeded: 76, failed: 1, skipped: 8.
Starting test testTemplateBuilderCannotFind(org.jclouds.rimuhosting.miro.compute.RimuHostingTemplateBuilderLiveTest)
[pool-2-thread-1] Test testTemplateBuilderCannotFind(org.jclouds.rimuhosting.miro.compute.RimuHostingTemplateBuilderLiveTest) succeeded: 1ms
Test suite progress: tests succeeded: 77, failed: 1, skipped: 8.
Starting test testTemplateBuilderCannotFind(org.jclouds.rimuhosting.miro.compute.RimuHostingTemplateBuilderLiveTest)
[pool-2-thread-1] Test testTemplateBuilderCannotFind(org.jclouds.rimuhosting.miro.compute.RimuHostingTemplateBuilderLiveTest) succeeded: 1ms
Test suite progress: tests succeeded: 78, failed: 1, skipped: 8.
Starting test testTemplateBuilderCannotFind(org.jclouds.rimuhosting.miro.compute.RimuHostingTemplateBuilderLiveTest)
[pool-2-thread-1] Test testTemplateBuilderCannotFind(org.jclouds.rimuhosting.miro.compute.RimuHostingTemplateBuilderLiveTest) succeeded: 0ms
Test suite progress: tests succeeded: 79, failed: 1, skipped: 8.
Starting test testTemplateBuilderCannotFind(org.jclouds.rimuhosting.miro.compute.RimuHostingTemplateBuilderLiveTest)
[pool-2-thread-1] Test testTemplateBuilderCannotFind(org.jclouds.rimuhosting.miro.compute.RimuHostingTemplateBuilderLiveTest) succeeded: 1ms
Test suite progress: tests succeeded: 80, failed: 1, skipped: 8.
Starting test testTemplateBuilderCannotFind(org.jclouds.rimuhosting.miro.compute.RimuHostingTemplateBuilderLiveTest)
[pool-2-thread-1] Test testTemplateBuilderCannotFind(org.jclouds.rimuhosting.miro.compute.RimuHostingTemplateBuilderLiveTest) succeeded: 1ms
Test suite progress: tests succeeded: 81, failed: 1, skipped: 8.
Starting test testTemplateBuilderCannotFind(org.jclouds.rimuhosting.miro.compute.RimuHostingTemplateBuilderLiveTest)
[pool-2-thread-1] Test testTemplateBuilderCannotFind(org.jclouds.rimuhosting.miro.compute.RimuHostingTemplateBuilderLiveTest) succeeded: 1ms
Test suite progress: tests succeeded: 82, failed: 1, skipped: 8.
Starting test testTemplateBuilderCannotFind(org.jclouds.rimuhosting.miro.compute.RimuHostingTemplateBuilderLiveTest)
[pool-2-thread-1] Test testTemplateBuilderCannotFind(org.jclouds.rimuhosting.miro.compute.RimuHostingTemplateBuilderLiveTest) succeeded: 0ms
Test suite progress: tests succeeded: 83, failed: 1, skipped: 8.
Starting test testTemplateBuilderCannotFind(org.jclouds.rimuhosting.miro.compute.RimuHostingTemplateBuilderLiveTest)
[pool-2-thread-1] Test testTemplateBuilderCannotFind(org.jclouds.rimuhosting.miro.compute.RimuHostingTemplateBuilderLiveTest) succeeded: 0ms
Test suite progress: tests succeeded: 84, failed: 1, skipped: 8.
Starting test testTemplateBuilderCannotFind(org.jclouds.rimuhosting.miro.compute.RimuHostingTemplateBuilderLiveTest)
[pool-2-thread-1] Test testTemplateBuilderCannotFind(org.jclouds.rimuhosting.miro.compute.RimuHostingTemplateBuilderLiveTest) succeeded: 1ms
Test suite progress: tests succeeded: 85, failed: 1, skipped: 8.
Starting test testTemplateBuilderCannotFind(org.jclouds.rimuhosting.miro.compute.RimuHostingTemplateBuilderLiveTest)
[pool-2-thread-1] Test testTemplateBuilderCannotFind(org.jclouds.rimuhosting.miro.compute.RimuHostingTemplateBuilderLiveTest) succeeded: 0ms
Test suite progress: tests succeeded: 86, failed: 1, skipped: 8.
Starting test testTemplateBuilderCannotFind(org.jclouds.rimuhosting.miro.compute.RimuHostingTemplateBuilderLiveTest)
[pool-2-thread-1] Test testTemplateBuilderCannotFind(org.jclouds.rimuhosting.miro.compute.RimuHostingTemplateBuilderLiveTest) succeeded: 0ms
Test suite progress: tests succeeded: 87, failed: 1, skipped: 8.
Starting test testTemplateBuilderCannotFind(org.jclouds.rimuhosting.miro.compute.RimuHostingTemplateBuilderLiveTest)
[pool-2-thread-1] Test testTemplateBuilderCannotFind(org.jclouds.rimuhosting.miro.compute.RimuHostingTemplateBuilderLiveTest) succeeded: 0ms
Test suite progress: tests succeeded: 88, failed: 1, skipped: 8.
Starting test testTemplateBuilderCannotFind(org.jclouds.rimuhosting.miro.compute.RimuHostingTemplateBuilderLiveTest)
[pool-2-thread-1] Test testTemplateBuilderCannotFind(org.jclouds.rimuhosting.miro.compute.RimuHostingTemplateBuilderLiveTest) succeeded: 1ms
Test suite progress: tests succeeded: 89, failed: 1, skipped: 8.
Starting test testTemplateBuilderCannotFind(org.jclouds.rimuhosting.miro.compute.RimuHostingTemplateBuilderLiveTest)
[pool-2-thread-1] Test testTemplateBuilderCannotFind(org.jclouds.rimuhosting.miro.compute.RimuHostingTemplateBuilderLiveTest) succeeded: 5ms
Test suite progress: tests succeeded: 90, failed: 1, skipped: 8.
Starting test testTemplateBuilderCannotFind(org.jclouds.rimuhosting.miro.compute.RimuHostingTemplateBuilderLiveTest)
[pool-2-thread-1] Test testTemplateBuilderCannotFind(org.jclouds.rimuhosting.miro.compute.RimuHostingTemplateBuilderLiveTest) succeeded: 1ms
Test suite progress: tests succeeded: 91, failed: 1, skipped: 8.
Starting test testTemplateBuilderCannotFind(org.jclouds.rimuhosting.miro.compute.RimuHostingTemplateBuilderLiveTest)
[pool-2-thread-1] Test testTemplateBuilderCannotFind(org.jclouds.rimuhosting.miro.compute.RimuHostingTemplateBuilderLiveTest) succeeded: 1ms
Test suite progress: tests succeeded: 92, failed: 1, skipped: 8.
Starting test testTemplateBuilderCannotFind(org.jclouds.rimuhosting.miro.compute.RimuHostingTemplateBuilderLiveTest)
[pool-2-thread-1] Test testTemplateBuilderCannotFind(org.jclouds.rimuhosting.miro.compute.RimuHostingTemplateBuilderLiveTest) succeeded: 0ms
Test suite progress: tests succeeded: 93, failed: 1, skipped: 8.
Starting test testTemplateBuilderCannotFind(org.jclouds.rimuhosting.miro.compute.RimuHostingTemplateBuilderLiveTest)
[pool-2-thread-1] Test testTemplateBuilderCannotFind(org.jclouds.rimuhosting.miro.compute.RimuHostingTemplateBuilderLiveTest) succeeded: 1ms
Test suite progress: tests succeeded: 94, failed: 1, skipped: 8.
Starting test testTemplateBuilderCannotFind(org.jclouds.rimuhosting.miro.compute.RimuHostingTemplateBuilderLiveTest)
[pool-2-thread-1] Test testTemplateBuilderCannotFind(org.jclouds.rimuhosting.miro.compute.RimuHostingTemplateBuilderLiveTest) succeeded: 1ms
Test suite progress: tests succeeded: 95, failed: 1, skipped: 8.
Starting test testTemplateBuilderCannotFind(org.jclouds.rimuhosting.miro.compute.RimuHostingTemplateBuilderLiveTest)
[pool-2-thread-1] Test testTemplateBuilderCannotFind(org.jclouds.rimuhosting.miro.compute.RimuHostingTemplateBuilderLiveTest) succeeded: 0ms
Test suite progress: tests succeeded: 96, failed: 1, skipped: 8.
Starting test testTemplateBuilderCannotFind(org.jclouds.rimuhosting.miro.compute.RimuHostingTemplateBuilderLiveTest)
[pool-2-thread-1] Test testTemplateBuilderCannotFind(org.jclouds.rimuhosting.miro.compute.RimuHostingTemplateBuilderLiveTest) succeeded: 0ms
Test suite progress: tests succeeded: 97, failed: 1, skipped: 8.
Starting test testTemplateBuilder(org.jclouds.rimuhosting.miro.compute.RimuHostingTemplateBuilderLiveTest)
[pool-2-thread-1] Test testTemplateBuilder(org.jclouds.rimuhosting.miro.compute.RimuHostingTemplateBuilderLiveTest) succeeded: 3ms
Test suite progress: tests succeeded: 98, failed: 1, skipped: 8.
Starting test testImages(org.jclouds.rimuhosting.miro.RimuHostingClientLiveTest)
[pool-2-thread-1] Test testImages(org.jclouds.rimuhosting.miro.RimuHostingClientLiveTest) succeeded: 551ms
Test suite progress: tests succeeded: 99, failed: 1, skipped: 8.
Starting test testLifeCycle(org.jclouds.rimuhosting.miro.RimuHostingClientLiveTest)
[pool-2-thread-1] Test testLifeCycle(org.jclouds.rimuhosting.miro.RimuHostingClientLiveTest) succeeded: 266433ms
Test suite progress: tests succeeded: 100, failed: 1, skipped: 8.
Starting test testPricingPlans(org.jclouds.rimuhosting.miro.RimuHostingClientLiveTest)
[pool-2-thread-1] Test testPricingPlans(org.jclouds.rimuhosting.miro.RimuHostingClientLiveTest) succeeded: 928ms
Test suite progress: tests succeeded: 101, failed: 1, skipped: 8.
Tests run: 111, Failures: 2, Errors: 0, Skipped: 8, Time elapsed: 3,404.437 sec <<< FAILURE!

Results :

Failed tests: 
  testCreateTwoNodesWithRunScript(org.jclouds.rimuhosting.miro.compute.RimuHostingComputeServiceLiveTest)
  cleanup(org.jclouds.rimuhosting.miro.compute.RimuHostingComputeServiceLiveTest)

Tests run: 111, Failures: 2, Errors: 0, Skipped: 8

[INFO] ------------------------------------------------------------------------
[INFO] BUILD FAILURE
[INFO] ------------------------------------------------------------------------
[INFO] Total time: 57:05.578s
[INFO] Finished at: Sat Oct 15 13:09:34 PDT 2011
[INFO] Final Memory: 20M/125M
[INFO] ------------------------------------------------------------------------
[ERROR] Failed to execute goal org.apache.maven.plugins:maven-surefire-plugin:2.5:test (integration) on project rimuhosting: There are test failures.
[ERROR] 
[ERROR] Please refer to /Users/adriancole/workspace/git/1.2.0/jclouds/providers/rimuhosting/target/surefire-reports for the individual test results.
[ERROR] -> [Help 1]
[ERROR] 
[ERROR] To see the full stack trace of the errors, re-run Maven with the -e switch.
[ERROR] Re-run Maven using the -X switch to enable full debug logging.
[ERROR] 
[ERROR] For more information about the errors and possible solutions, please read the following articles:
[ERROR] [Help 1] http://cwiki.apache.org/confluence/display/MAVEN/MojoFailureException
