[INFO] Scanning for projects...
[WARNING] 
[WARNING] Some problems were encountered while building the effective model for org.jclouds.provider:serverlove-z1-man:bundle:1.2.0-SNAPSHOT
[WARNING] 'parent.relativePath' of POM org.jclouds:jclouds-project:1.2.0-SNAPSHOT (/Users/adriancole/workspace/git/1.2.0/jclouds/project/pom.xml) points at org.jclouds:jclouds-multi instead of org.sonatype.oss:oss-parent, please verify your project structure @ org.jclouds:jclouds-project:1.2.0-SNAPSHOT, /Users/adriancole/workspace/git/1.2.0/jclouds/project/pom.xml, line 24, column 13
[WARNING] 
[WARNING] It is highly recommended to fix these problems because they threaten the stability of your build.
[WARNING] 
[WARNING] For this reason, future Maven versions might no longer support building such malformed projects.
[WARNING] 
[INFO]                                                                         
[INFO] ------------------------------------------------------------------------
[INFO] Building jclouds Serverlove Manchester provider 1.2.0-SNAPSHOT
[INFO] ------------------------------------------------------------------------
[INFO] 
[INFO] --- maven-clean-plugin:2.4.1:clean (default-clean) @ serverlove-z1-man ---
[INFO] Deleting /Users/adriancole/workspace/git/1.2.0/jclouds/providers/serverlove-z1-man/target
[INFO] 
[INFO] --- maven-enforcer-plugin:1.0.1:enforce (enforce-maven) @ serverlove-z1-man ---
[INFO] 
[INFO] --- maven-enforcer-plugin:1.0.1:enforce (enforce-banned-dependencies) @ serverlove-z1-man ---
[INFO] 
[INFO] --- maven-enforcer-plugin:1.0.1:enforce (enforce-java) @ serverlove-z1-man ---
[INFO] 
[INFO] --- maven-remote-resources-plugin:1.2:process (process-remote-resources) @ serverlove-z1-man ---
[INFO] Setting property: classpath.resource.loader.class => 'org.codehaus.plexus.velocity.ContextClassLoaderResourceLoader'.
[INFO] Setting property: velocimacro.messages.on => 'false'.
[INFO] Setting property: resource.loader => 'classpath'.
[INFO] Setting property: resource.manager.logwhenfound => 'false'.
[INFO] 
[INFO] --- maven-resources-plugin:2.4.2:resources (default-resources) @ serverlove-z1-man ---
[INFO] Using 'UTF-8' encoding to copy filtered resources.
[INFO] skip non existing resourceDirectory /Users/adriancole/workspace/git/1.2.0/jclouds/providers/serverlove-z1-man/src/main/clojure
[INFO] Copying 2 resources
[INFO] Copying 2 resources
[INFO] 
[INFO] --- maven-compiler-plugin:2.3:compile (default-compile) @ serverlove-z1-man ---
[INFO] Compiling 4 source files to /Users/adriancole/workspace/git/1.2.0/jclouds/providers/serverlove-z1-man/target/classes
[INFO] 
[INFO] --- maven-resources-plugin:2.4.2:testResources (default-testResources) @ serverlove-z1-man ---
[INFO] Using 'UTF-8' encoding to copy filtered resources.
[INFO] skip non existing resourceDirectory /Users/adriancole/workspace/git/1.2.0/jclouds/providers/serverlove-z1-man/src/test/clojure
[INFO] skip non existing resourceDirectory /Users/adriancole/workspace/git/1.2.0/jclouds/providers/serverlove-z1-man/src/test/resources
[INFO] Copying 2 resources
[INFO] 
[INFO] --- maven-compiler-plugin:2.3:testCompile (default-testCompile) @ serverlove-z1-man ---
[INFO] Compiling 4 source files to /Users/adriancole/workspace/git/1.2.0/jclouds/providers/serverlove-z1-man/target/test-classes
[INFO] 
[INFO] --- maven-surefire-plugin:2.5:test (default-test) @ serverlove-z1-man ---
[INFO] Surefire report directory: /Users/adriancole/workspace/git/1.2.0/jclouds/providers/serverlove-z1-man/target/surefire-reports

-------------------------------------------------------
 T E S T S
-------------------------------------------------------
Running TestSuite
Starting test testInRestProperties(org.jclouds.serverlove.ServerloveManchesterProviderTest)
Starting test testWithId(org.jclouds.serverlove.ServerloveManchesterProviderTest)
Starting test testAllContains(org.jclouds.serverlove.ServerloveManchesterProviderTest)
Starting test testOfTypeContains(org.jclouds.serverlove.ServerloveManchesterProviderTest)
[pool-2-thread-4] Test testOfTypeContains(org.jclouds.serverlove.ServerloveManchesterProviderTest) succeeded: 29ms
Test suite progress: tests succeeded: 1, failed: 0, skipped: 0.
[pool-2-thread-3] Test testAllContains(org.jclouds.serverlove.ServerloveManchesterProviderTest) succeeded: 34ms
Test suite progress: tests succeeded: 2, failed: 0, skipped: 0.
[pool-2-thread-2] Test testWithId(org.jclouds.serverlove.ServerloveManchesterProviderTest) succeeded: 40ms
Test suite progress: tests succeeded: 3, failed: 0, skipped: 0.
[pool-2-thread-1] Test testInRestProperties(org.jclouds.serverlove.ServerloveManchesterProviderTest) succeeded: 82ms
Test suite progress: tests succeeded: 4, failed: 0, skipped: 0.
Tests run: 4, Failures: 0, Errors: 0, Skipped: 0, Time elapsed: 0.339 sec

Results :

Tests run: 4, Failures: 0, Errors: 0, Skipped: 0

[INFO] 
[INFO] --- clojure-maven-plugin:1.3.3:test (test-clojure) @ serverlove-z1-man ---

Testing user

Ran 0 tests containing 0 assertions.
0 failures, 0 errors.
[INFO] 
[INFO] --- maven-bundle-plugin:2.3.4:bundle (default-bundle) @ serverlove-z1-man ---
[INFO] 
[INFO] --- maven-source-plugin:2.1.1:jar-no-fork (attach-sources) @ serverlove-z1-man ---
[INFO] Building jar: /Users/adriancole/workspace/git/1.2.0/jclouds/providers/serverlove-z1-man/target/serverlove-z1-man-1.2.0-SNAPSHOT-sources.jar
[INFO] 
[INFO] --- maven-javadoc-plugin:2.8:jar (javadoc) @ serverlove-z1-man ---
[INFO] Skipping javadoc generation
[INFO] 
[INFO] --- maven-jar-plugin:2.3.1:test-jar (default) @ serverlove-z1-man ---
[INFO] Building jar: /Users/adriancole/workspace/git/1.2.0/jclouds/providers/serverlove-z1-man/target/serverlove-z1-man-1.2.0-SNAPSHOT-tests.jar
[INFO] 
[INFO] --- maven-surefire-plugin:2.5:test (integration) @ serverlove-z1-man ---
[INFO] Surefire report directory: /Users/adriancole/workspace/git/1.2.0/jclouds/providers/serverlove-z1-man/target/surefire-reports

-------------------------------------------------------
 T E S T S
-------------------------------------------------------
Running TestSuite
Starting test testCreateDrive(org.jclouds.serverlove.ServerloveManchesterClientLiveTest)
Starting test setServiceDefaults(org.jclouds.serverlove.compute.ServerloveManchesterComputeServiceLiveTest)
[pool-2-thread-1] Test setServiceDefaults(org.jclouds.serverlove.compute.ServerloveManchesterComputeServiceLiveTest) succeeded: 1ms
Test suite progress: tests succeeded: 1, failed: 0, skipped: 0.
Starting test testCompareSizes(org.jclouds.serverlove.compute.ServerloveManchesterComputeServiceLiveTest)
[pool-2-thread-2] Test testCreateDrive(org.jclouds.serverlove.ServerloveManchesterClientLiveTest) succeeded: 6485ms
Test suite progress: tests succeeded: 2, failed: 0, skipped: 0.
Starting test testSetDriveData(org.jclouds.serverlove.ServerloveManchesterClientLiveTest)
[pool-2-thread-2] Test testSetDriveData(org.jclouds.serverlove.ServerloveManchesterClientLiveTest) succeeded: 1256ms
Test suite progress: tests succeeded: 3, failed: 0, skipped: 0.
Starting test testCreateAndStartServer(org.jclouds.serverlove.ServerloveManchesterClientLiveTest)
Oct 15, 2011 5:18:43 PM org.jclouds.elasticstack.ElasticStackClientLiveTest testCreateAndStartServer
INFO: preparing drive
Oct 15, 2011 5:18:43 PM org.jclouds.compute.BaseComputeServiceLiveTest testCompareSizes
INFO: smallest [id=cpu=1000.000000,ram=512,disk=1.000000, providerId=cpu=1000.000000,ram=512,disk=1.000000, name=null, processors=[[cores=1.0, speed=1000.0]], ram=512, volumes=[[id=null, type=LOCAL, size=1.0, device=null, durable=true, isBootDevice=true]], supportsImage=sizeLessThanOrEqual(1.0), tags=[]]
Oct 15, 2011 5:18:43 PM org.jclouds.compute.BaseComputeServiceLiveTest testCompareSizes
INFO: fastest [id=cpu=20000.000000,ram=512,disk=20.000000, providerId=cpu=20000.000000,ram=512,disk=20.000000, name=null, processors=[[cores=1.0, speed=20000.0]], ram=512, volumes=[[id=null, type=LOCAL, size=20.0, device=null, durable=true, isBootDevice=true]], supportsImage=sizeLessThanOrEqual(20.0), tags=[]]
Oct 15, 2011 5:18:43 PM org.jclouds.compute.BaseComputeServiceLiveTest testCompareSizes
INFO: biggest [id=cpu=20000.000000,ram=8192,disk=20.000000, providerId=cpu=20000.000000,ram=8192,disk=20.000000, name=null, processors=[[cores=1.0, speed=20000.0]], ram=8192, volumes=[[id=null, type=LOCAL, size=20.0, device=null, durable=true, isBootDevice=true]], supportsImage=sizeLessThanOrEqual(20.0), tags=[]]
[pool-2-thread-1] Test testCompareSizes(org.jclouds.serverlove.compute.ServerloveManchesterComputeServiceLiveTest) succeeded: 7682ms
Test suite progress: tests succeeded: 4, failed: 0, skipped: 0.
Starting test testAScriptExecutionAfterBootWithBasicTemplate(org.jclouds.serverlove.compute.ServerloveManchesterComputeServiceLiveTest)
before prepare[size=1073741824, claimType=shared, readers=[ffffffff-ffff-ffff-ffff-ffffffffffff], uuid=6cb03d28-c62a-4117-82bf-0c0b43e59f19, name=rediculous, tags=[networking, security, gateway], userMetadata={foo=bar}, status=active, user=a1b7181f-ae16-497f-9b82-abcde554bff0, claimed=[], encryptionCipher=aes-xts-plain, imaging=null, metrics=[readBytes=4096, readRequests=1, writeBytes=4096, writeRequests=1]]
after prepare[size=1073741824, claimType=shared, readers=[ffffffff-ffff-ffff-ffff-ffffffffffff], uuid=6cb03d28-c62a-4117-82bf-0c0b43e59f19, name=rediculous, tags=[networking, security, gateway], userMetadata={foo=bar}, status=active, user=a1b7181f-ae16-497f-9b82-abcde554bff0, claimed=[], encryptionCipher=aes-xts-plain, imaging=null, metrics=[readBytes=4096, readRequests=1, writeBytes=717459456, writeRequests=175333]]
Oct 15, 2011 5:19:09 PM org.jclouds.elasticstack.ElasticStackClientLiveTest testCreateAndStartServer
INFO: starting server
{"status":"ACTIVE","started":"Jan 15, 1970 10:18:44 PM","user":"a1b7181f-ae16-497f-9b82-abcde554bff0","metrics":{"txPackets":0,"tx":0,"rxPackets":0,"rx":0,"driveMetrics":{"ide:0:0":{"readBytes":204800,"readRequests":50,"writeBytes":0,"writeRequests":0}}},"cpu":1000,"smp":1,"mem":512,"persistent":true,"devices":{"ide:0:0":{"bus":0,"unit":0,"driveUuid":"6cb03d28-c62a-4117-82bf-0c0b43e59f19","mediaType":"DISK"}},"bootDeviceIds":["ide:0:0"],"nics":[{"dhcp":"178.250.53.205","model":"E1000","block":[]}],"vnc":{"ip":"178.250.53.205","password":"Il0veVNC","tls":false},"uuid":"9084ce0e-11b7-4ebe-9951-3a4380c5d76d","name":"adriancole.test","tags":[],"userMetadata":{}}
[pool-2-thread-2] Test testCreateAndStartServer(org.jclouds.serverlove.ServerloveManchesterClientLiveTest) succeeded: 32918ms
Test suite progress: tests succeeded: 5, failed: 0, skipped: 0.
Starting test testConnectivity(org.jclouds.serverlove.ServerloveManchesterClientLiveTest)
Oct 15, 2011 5:19:16 PM org.jclouds.elasticstack.ElasticStackClientLiveTest testConnectivity
INFO: awaiting vnc: [address=178.250.53.205, port=5900]
Oct 15, 2011 5:19:16 PM org.jclouds.elasticstack.ElasticStackClientLiveTest testConnectivity
INFO: awaiting ssh: [address=178.250.53.205, port=22]
SLF4J: Failed to load class "org.slf4j.impl.StaticLoggerBinder".
SLF4J: Defaulting to no-operation (NOP) logger implementation
SLF4J: See http://www.slf4j.org/codes.html#StaticLoggerBinder for further details.
Filesystem           1K-blocks      Used Available Use% Mounted on
/dev/sda               1033848    548872    436840  56% /
none                    248436       160    248276   1% /dev
none                    252964         0    252964   0% /dev/shm
none                    252964        40    252924   1% /var/run
none                    252964         0    252964   0% /var/lock
none                    252964         0    252964   0% /lib/init/rw

/dev/sda on / type ext3 (rw,noatime)
proc on /proc type proc (rw)
none on /sys type sysfs (rw,noexec,nosuid,nodev)
none on /sys/fs/fuse/connections type fusectl (rw)
none on /sys/kernel/debug type debugfs (rw)
none on /sys/kernel/security type securityfs (rw)
none on /dev type devtmpfs (rw,mode=0755)
none on /dev/pts type devpts (rw,noexec,nosuid,gid=5,mode=0620)
none on /dev/shm type tmpfs (rw,nosuid,nodev)
none on /var/run type tmpfs (rw,nosuid,mode=0755)
none on /var/lock type tmpfs (rw,noexec,nosuid,nodev)
none on /lib/init/rw type tmpfs (rw,nosuid,mode=0755)
none on /var/lib/ureadahead/debugfs type debugfs (rw,relatime)

Linux ubuntu 2.6.32-34-generic #77-Ubuntu SMP Tue Sep 13 19:39:17 UTC 2011 x86_64 GNU/Linux

[pool-2-thread-2] Test testConnectivity(org.jclouds.serverlove.ServerloveManchesterClientLiveTest) succeeded: 12317ms
Test suite progress: tests succeeded: 6, failed: 0, skipped: 0.
Starting test testLifeCycle(org.jclouds.serverlove.ServerloveManchesterClientLiveTest)
[pool-2-thread-2] Test testLifeCycle(org.jclouds.serverlove.ServerloveManchesterClientLiveTest) succeeded: 10596ms
Test suite progress: tests succeeded: 7, failed: 0, skipped: 0.
Starting test testSetServerConfiguration(org.jclouds.serverlove.ServerloveManchesterClientLiveTest)
[pool-2-thread-2] Test testSetServerConfiguration(org.jclouds.serverlove.ServerloveManchesterClientLiveTest) succeeded: 4005ms
Test suite progress: tests succeeded: 8, failed: 0, skipped: 0.
Starting test testDestroyServer(org.jclouds.serverlove.ServerloveManchesterClientLiveTest)
[pool-2-thread-2] Test testDestroyServer(org.jclouds.serverlove.ServerloveManchesterClientLiveTest) succeeded: 1822ms
Test suite progress: tests succeeded: 9, failed: 0, skipped: 0.
Starting test testDestroyDrive(org.jclouds.serverlove.ServerloveManchesterClientLiveTest)
[pool-2-thread-2] Test testDestroyDrive(org.jclouds.serverlove.ServerloveManchesterClientLiveTest) succeeded: 2087ms
Test suite progress: tests succeeded: 10, failed: 0, skipped: 0.
Starting test testWeCanReadAndWriteToDrive(org.jclouds.serverlove.ServerloveManchesterClientLiveTest)
[pool-2-thread-2] Test testWeCanReadAndWriteToDrive(org.jclouds.serverlove.ServerloveManchesterClientLiveTest) succeeded: 4073ms
Test suite progress: tests succeeded: 11, failed: 0, skipped: 0.
Starting test testWeCopyADriveContentsViaGzip(org.jclouds.serverlove.ServerloveManchesterClientLiveTest)
<< problem applying options to node(90872309-60c4-49a4-baba-1744ab55a63d): 
org.jclouds.rest.AuthorizationException: (root:password@178.250.53.5:22) (root:password@178.250.53.5:22) error acquiring SSHClient(timeout=60000): Exhausted available authentication methods
	at org.jclouds.sshj.SshjSshClient.propagate(SshjSshClient.java:413)
	at org.jclouds.sshj.SshjSshClient.acquire(SshjSshClient.java:244)
	at org.jclouds.sshj.SshjSshClient.connect(SshjSshClient.java:255)
	at org.jclouds.compute.callables.RunScriptOnNodeUsingSsh.call(RunScriptOnNodeUsingSsh.java:73)
	at org.jclouds.compute.strategy.RunScriptOnNodeAndAddToGoodMapOrPutExceptionIntoBadMap.call(RunScriptOnNodeAndAddToGoodMapOrPutExceptionIntoBadMap.java:69)
	at org.jclouds.compute.strategy.RunScriptOnNodeAndAddToGoodMapOrPutExceptionIntoBadMap.call(RunScriptOnNodeAndAddToGoodMapOrPutExceptionIntoBadMap.java:44)
	at java.util.concurrent.FutureTask$Sync.innerRun(FutureTask.java:303)
	at java.util.concurrent.FutureTask.run(FutureTask.java:138)
	at java.util.concurrent.ThreadPoolExecutor$Worker.runTask(ThreadPoolExecutor.java:886)
	at java.util.concurrent.ThreadPoolExecutor$Worker.run(ThreadPoolExecutor.java:908)
	at java.lang.Thread.run(Thread.java:680)
Caused by: net.schmizz.sshj.userauth.UserAuthException: Exhausted available authentication methods
	at net.schmizz.sshj.userauth.UserAuthImpl.authenticate(UserAuthImpl.java:114)
	at net.schmizz.sshj.SSHClient.auth(SSHClient.java:204)
	at net.schmizz.sshj.SSHClient.auth(SSHClient.java:189)
	at net.schmizz.sshj.SSHClient.authPassword(SSHClient.java:265)
	at net.schmizz.sshj.SSHClient.authPassword(SSHClient.java:235)
	at net.schmizz.sshj.SSHClient.authPassword(SSHClient.java:219)
	at org.jclouds.sshj.SshjSshClient$1.create(SshjSshClient.java:195)
	at org.jclouds.sshj.SshjSshClient$1.create(SshjSshClient.java:171)
	at org.jclouds.sshj.SshjSshClient.acquire(SshjSshClient.java:220)
	... 9 more
Caused by: net.schmizz.sshj.userauth.UserAuthException: keyboard-interactive auth not allowed by server
	at net.schmizz.sshj.userauth.UserAuthImpl.authenticate(UserAuthImpl.java:81)
	... 17 more
before image; drive 2[size=4194304, claimType=exclusive, readers=[], uuid=988943dd-06e4-43ad-a2ff-b9ac90b7eaeb, name=adriancole.test2, tags=[], userMetadata={}, status=active, user=a1b7181f-ae16-497f-9b82-abcde554bff0, claimed=[], encryptionCipher=aes-xts-plain, imaging=null, metrics=[readBytes=8192, readRequests=2, writeBytes=8192, writeRequests=3]]
before image; drive 3[size=4194304, claimType=exclusive, readers=[], uuid=a5928331-8f0e-4eed-b43b-7aa4e4668873, name=adriancole.test3, tags=[], userMetadata={}, status=active, user=a1b7181f-ae16-497f-9b82-abcde554bff0, claimed=[], encryptionCipher=aes-xts-plain, imaging=null, metrics=[readBytes=4096, readRequests=1, writeBytes=4096, writeRequests=1]]
after image; drive 2[size=4194304, claimType=exclusive, readers=[], uuid=988943dd-06e4-43ad-a2ff-b9ac90b7eaeb, name=adriancole.test2, tags=[], userMetadata={}, status=active, user=a1b7181f-ae16-497f-9b82-abcde554bff0, claimed=[], encryptionCipher=aes-xts-plain, imaging=null, metrics=[readBytes=4202496, readRequests=1026, writeBytes=8192, writeRequests=3]]
after image; drive 3[size=4194304, claimType=exclusive, readers=[], uuid=a5928331-8f0e-4eed-b43b-7aa4e4668873, name=adriancole.test3, tags=[], userMetadata={}, status=active, user=a1b7181f-ae16-497f-9b82-abcde554bff0, claimed=[], encryptionCipher=aes-xts-plain, imaging=null, metrics=[readBytes=4096, readRequests=1, writeBytes=4198400, writeRequests=1026]]
[pool-2-thread-2] Test testWeCopyADriveContentsViaGzip(org.jclouds.serverlove.ServerloveManchesterClientLiveTest) succeeded: 12387ms
Test suite progress: tests succeeded: 12, failed: 0, skipped: 0.
Starting test testCompareSizes(org.jclouds.serverlove.compute.ServerloveManchesterTemplateBuilderLiveTest)
smallest [id=cpu=1000.000000,ram=512,disk=1.000000, providerId=cpu=1000.000000,ram=512,disk=1.000000, name=null, processors=[[cores=1.0, speed=1000.0]], ram=512, volumes=[[id=null, type=LOCAL, size=1.0, device=null, durable=true, isBootDevice=true]], supportsImage=sizeLessThanOrEqual(1.0), tags=[]]
fastest [id=cpu=20000.000000,ram=512,disk=20.000000, providerId=cpu=20000.000000,ram=512,disk=20.000000, name=null, processors=[[cores=1.0, speed=20000.0]], ram=512, volumes=[[id=null, type=LOCAL, size=20.0, device=null, durable=true, isBootDevice=true]], supportsImage=sizeLessThanOrEqual(20.0), tags=[]]
biggest [id=cpu=20000.000000,ram=8192,disk=20.000000, providerId=cpu=20000.000000,ram=8192,disk=20.000000, name=null, processors=[[cores=1.0, speed=20000.0]], ram=8192, volumes=[[id=null, type=LOCAL, size=20.0, device=null, durable=true, isBootDevice=true]], supportsImage=sizeLessThanOrEqual(20.0), tags=[]]
[pool-2-thread-2] Test testCompareSizes(org.jclouds.serverlove.compute.ServerloveManchesterTemplateBuilderLiveTest) succeeded: 4927ms
Test suite progress: tests succeeded: 13, failed: 0, skipped: 0.
Starting test testDefaultTemplateBuilder(org.jclouds.serverlove.compute.ServerloveManchesterTemplateBuilderLiveTest)
[pool-2-thread-2] Test testDefaultTemplateBuilder(org.jclouds.serverlove.compute.ServerloveManchesterTemplateBuilderLiveTest) succeeded: 2ms
Test suite progress: tests succeeded: 14, failed: 0, skipped: 0.
Starting test testFromTemplate(org.jclouds.serverlove.compute.ServerloveManchesterTemplateBuilderLiveTest)
[pool-2-thread-2] Test testFromTemplate(org.jclouds.serverlove.compute.ServerloveManchesterTemplateBuilderLiveTest) succeeded: 4ms
Test suite progress: tests succeeded: 15, failed: 0, skipped: 0.
Starting test testGetAssignableLocations(org.jclouds.serverlove.compute.ServerloveManchesterTemplateBuilderLiveTest)
[pool-2-thread-2] Test testGetAssignableLocations(org.jclouds.serverlove.compute.ServerloveManchesterTemplateBuilderLiveTest) succeeded: 2ms
Test suite progress: tests succeeded: 16, failed: 0, skipped: 0.
location [id=serverlove-z1-man, scope=PROVIDER, description=https://api.z1-man.serverlove.com, parent=null, iso3166Codes=[GB-MAN], metadata={}]
Starting test testTemplateBuilderCanFind(org.jclouds.serverlove.compute.ServerloveManchesterTemplateBuilderLiveTest)
[pool-2-thread-2] Test testTemplateBuilderCanFind(org.jclouds.serverlove.compute.ServerloveManchesterTemplateBuilderLiveTest) succeeded: 1ms
Test suite progress: tests succeeded: 17, failed: 0, skipped: 0.
Starting test testTemplateBuilderCanFind(org.jclouds.serverlove.compute.ServerloveManchesterTemplateBuilderLiveTest)
[pool-2-thread-2] Test testTemplateBuilderCanFind(org.jclouds.serverlove.compute.ServerloveManchesterTemplateBuilderLiveTest) succeeded: 2ms
Test suite progress: tests succeeded: 18, failed: 0, skipped: 0.
Starting test testTemplateBuilderCanFind(org.jclouds.serverlove.compute.ServerloveManchesterTemplateBuilderLiveTest)
[pool-2-thread-2] Test testTemplateBuilderCanFind(org.jclouds.serverlove.compute.ServerloveManchesterTemplateBuilderLiveTest) succeeded: 2ms
Test suite progress: tests succeeded: 19, failed: 0, skipped: 0.
Starting test testTemplateBuilderCanFind(org.jclouds.serverlove.compute.ServerloveManchesterTemplateBuilderLiveTest)
[pool-2-thread-2] Test testTemplateBuilderCanFind(org.jclouds.serverlove.compute.ServerloveManchesterTemplateBuilderLiveTest) succeeded: 1ms
Test suite progress: tests succeeded: 20, failed: 0, skipped: 0.
Starting test testTemplateBuilderCanFind(org.jclouds.serverlove.compute.ServerloveManchesterTemplateBuilderLiveTest)
[pool-2-thread-2] Test testTemplateBuilderCanFind(org.jclouds.serverlove.compute.ServerloveManchesterTemplateBuilderLiveTest) succeeded: 2ms
Test suite progress: tests succeeded: 21, failed: 0, skipped: 0.
Starting test testTemplateBuilderCanFind(org.jclouds.serverlove.compute.ServerloveManchesterTemplateBuilderLiveTest)
[pool-2-thread-2] Test testTemplateBuilderCanFind(org.jclouds.serverlove.compute.ServerloveManchesterTemplateBuilderLiveTest) succeeded: 1ms
Test suite progress: tests succeeded: 22, failed: 0, skipped: 0.
Starting test testTemplateBuilderCanFind(org.jclouds.serverlove.compute.ServerloveManchesterTemplateBuilderLiveTest)
[pool-2-thread-2] Test testTemplateBuilderCanFind(org.jclouds.serverlove.compute.ServerloveManchesterTemplateBuilderLiveTest) succeeded: 1ms
Test suite progress: tests succeeded: 23, failed: 0, skipped: 0.
Starting test testTemplateBuilderCanFind(org.jclouds.serverlove.compute.ServerloveManchesterTemplateBuilderLiveTest)
[pool-2-thread-2] Test testTemplateBuilderCanFind(org.jclouds.serverlove.compute.ServerloveManchesterTemplateBuilderLiveTest) succeeded: 1ms
Test suite progress: tests succeeded: 24, failed: 0, skipped: 0.
Starting test testTemplateBuilderCanUseImageId(org.jclouds.serverlove.compute.ServerloveManchesterTemplateBuilderLiveTest)
[pool-2-thread-2] Test testTemplateBuilderCanUseImageId(org.jclouds.serverlove.compute.ServerloveManchesterTemplateBuilderLiveTest) succeeded: 2ms
Test suite progress: tests succeeded: 25, failed: 0, skipped: 0.
Starting test testTemplateBuilderCannotFind(org.jclouds.serverlove.compute.ServerloveManchesterTemplateBuilderLiveTest)
[pool-2-thread-2] Test testTemplateBuilderCannotFind(org.jclouds.serverlove.compute.ServerloveManchesterTemplateBuilderLiveTest) succeeded: 2ms
Test suite progress: tests succeeded: 26, failed: 0, skipped: 0.
Starting test testTemplateBuilderCannotFind(org.jclouds.serverlove.compute.ServerloveManchesterTemplateBuilderLiveTest)
[pool-2-thread-2] Test testTemplateBuilderCannotFind(org.jclouds.serverlove.compute.ServerloveManchesterTemplateBuilderLiveTest) succeeded: 0ms
Test suite progress: tests succeeded: 27, failed: 0, skipped: 0.
Starting test testTemplateBuilderCannotFind(org.jclouds.serverlove.compute.ServerloveManchesterTemplateBuilderLiveTest)
[pool-2-thread-2] Test testTemplateBuilderCannotFind(org.jclouds.serverlove.compute.ServerloveManchesterTemplateBuilderLiveTest) succeeded: 0ms
Test suite progress: tests succeeded: 28, failed: 0, skipped: 0.
Starting test testTemplateBuilderCannotFind(org.jclouds.serverlove.compute.ServerloveManchesterTemplateBuilderLiveTest)
[pool-2-thread-2] Test testTemplateBuilderCannotFind(org.jclouds.serverlove.compute.ServerloveManchesterTemplateBuilderLiveTest) succeeded: 1ms
Test suite progress: tests succeeded: 29, failed: 0, skipped: 0.
Starting test testTemplateBuilderCannotFind(org.jclouds.serverlove.compute.ServerloveManchesterTemplateBuilderLiveTest)
[pool-2-thread-2] Test testTemplateBuilderCannotFind(org.jclouds.serverlove.compute.ServerloveManchesterTemplateBuilderLiveTest) succeeded: 1ms
Test suite progress: tests succeeded: 30, failed: 0, skipped: 0.
Starting test testTemplateBuilderCannotFind(org.jclouds.serverlove.compute.ServerloveManchesterTemplateBuilderLiveTest)
[pool-2-thread-2] Test testTemplateBuilderCannotFind(org.jclouds.serverlove.compute.ServerloveManchesterTemplateBuilderLiveTest) succeeded: 1ms
Test suite progress: tests succeeded: 31, failed: 0, skipped: 0.
Starting test testTemplateBuilderCannotFind(org.jclouds.serverlove.compute.ServerloveManchesterTemplateBuilderLiveTest)
[pool-2-thread-2] Test testTemplateBuilderCannotFind(org.jclouds.serverlove.compute.ServerloveManchesterTemplateBuilderLiveTest) succeeded: 1ms
Test suite progress: tests succeeded: 32, failed: 0, skipped: 0.
Starting test testTemplateBuilderCannotFind(org.jclouds.serverlove.compute.ServerloveManchesterTemplateBuilderLiveTest)
[pool-2-thread-2] Test testTemplateBuilderCannotFind(org.jclouds.serverlove.compute.ServerloveManchesterTemplateBuilderLiveTest) succeeded: 1ms
Test suite progress: tests succeeded: 33, failed: 0, skipped: 0.
Starting test testTemplateBuilderCannotFind(org.jclouds.serverlove.compute.ServerloveManchesterTemplateBuilderLiveTest)
[pool-2-thread-2] Test testTemplateBuilderCannotFind(org.jclouds.serverlove.compute.ServerloveManchesterTemplateBuilderLiveTest) succeeded: 1ms
Test suite progress: tests succeeded: 34, failed: 0, skipped: 0.
Starting test testTemplateBuilderCannotFind(org.jclouds.serverlove.compute.ServerloveManchesterTemplateBuilderLiveTest)
[pool-2-thread-2] Test testTemplateBuilderCannotFind(org.jclouds.serverlove.compute.ServerloveManchesterTemplateBuilderLiveTest) succeeded: 1ms
Test suite progress: tests succeeded: 35, failed: 0, skipped: 0.
Starting test testTemplateBuilderCannotFind(org.jclouds.serverlove.compute.ServerloveManchesterTemplateBuilderLiveTest)
[pool-2-thread-2] Test testTemplateBuilderCannotFind(org.jclouds.serverlove.compute.ServerloveManchesterTemplateBuilderLiveTest) succeeded: 1ms
Test suite progress: tests succeeded: 36, failed: 0, skipped: 0.
Starting test testTemplateBuilderCannotFind(org.jclouds.serverlove.compute.ServerloveManchesterTemplateBuilderLiveTest)
[pool-2-thread-2] Test testTemplateBuilderCannotFind(org.jclouds.serverlove.compute.ServerloveManchesterTemplateBuilderLiveTest) succeeded: 0ms
Test suite progress: tests succeeded: 37, failed: 0, skipped: 0.
Starting test testTemplateBuilderCannotFind(org.jclouds.serverlove.compute.ServerloveManchesterTemplateBuilderLiveTest)
[pool-2-thread-2] Test testTemplateBuilderCannotFind(org.jclouds.serverlove.compute.ServerloveManchesterTemplateBuilderLiveTest) succeeded: 0ms
Test suite progress: tests succeeded: 38, failed: 0, skipped: 0.
Starting test testTemplateBuilderCannotFind(org.jclouds.serverlove.compute.ServerloveManchesterTemplateBuilderLiveTest)
[pool-2-thread-2] Test testTemplateBuilderCannotFind(org.jclouds.serverlove.compute.ServerloveManchesterTemplateBuilderLiveTest) succeeded: 1ms
Test suite progress: tests succeeded: 39, failed: 0, skipped: 0.
Starting test testTemplateBuilderCannotFind(org.jclouds.serverlove.compute.ServerloveManchesterTemplateBuilderLiveTest)
[pool-2-thread-2] Test testTemplateBuilderCannotFind(org.jclouds.serverlove.compute.ServerloveManchesterTemplateBuilderLiveTest) succeeded: 1ms
Test suite progress: tests succeeded: 40, failed: 0, skipped: 0.
Starting test testTemplateBuilderCannotFind(org.jclouds.serverlove.compute.ServerloveManchesterTemplateBuilderLiveTest)
[pool-2-thread-2] Test testTemplateBuilderCannotFind(org.jclouds.serverlove.compute.ServerloveManchesterTemplateBuilderLiveTest) succeeded: 1ms
Test suite progress: tests succeeded: 41, failed: 0, skipped: 0.
Starting test testTemplateBuilderCannotFind(org.jclouds.serverlove.compute.ServerloveManchesterTemplateBuilderLiveTest)
[pool-2-thread-2] Test testTemplateBuilderCannotFind(org.jclouds.serverlove.compute.ServerloveManchesterTemplateBuilderLiveTest) succeeded: 1ms
Test suite progress: tests succeeded: 42, failed: 0, skipped: 0.
Starting test testTemplateBuilderCannotFind(org.jclouds.serverlove.compute.ServerloveManchesterTemplateBuilderLiveTest)
[pool-2-thread-2] Test testTemplateBuilderCannotFind(org.jclouds.serverlove.compute.ServerloveManchesterTemplateBuilderLiveTest) succeeded: 1ms
Test suite progress: tests succeeded: 43, failed: 0, skipped: 0.
Starting test testTemplateBuilderCannotFind(org.jclouds.serverlove.compute.ServerloveManchesterTemplateBuilderLiveTest)
[pool-2-thread-2] Test testTemplateBuilderCannotFind(org.jclouds.serverlove.compute.ServerloveManchesterTemplateBuilderLiveTest) succeeded: 0ms
Test suite progress: tests succeeded: 44, failed: 0, skipped: 0.
Starting test testTemplateBuilderCannotFind(org.jclouds.serverlove.compute.ServerloveManchesterTemplateBuilderLiveTest)
[pool-2-thread-2] Test testTemplateBuilderCannotFind(org.jclouds.serverlove.compute.ServerloveManchesterTemplateBuilderLiveTest) succeeded: 0ms
Test suite progress: tests succeeded: 45, failed: 0, skipped: 0.
Starting test testTemplateBuilderCannotFind(org.jclouds.serverlove.compute.ServerloveManchesterTemplateBuilderLiveTest)
[pool-2-thread-2] Test testTemplateBuilderCannotFind(org.jclouds.serverlove.compute.ServerloveManchesterTemplateBuilderLiveTest) succeeded: 1ms
Test suite progress: tests succeeded: 46, failed: 0, skipped: 0.
Starting test testTemplateBuilderCannotFind(org.jclouds.serverlove.compute.ServerloveManchesterTemplateBuilderLiveTest)
[pool-2-thread-2] Test testTemplateBuilderCannotFind(org.jclouds.serverlove.compute.ServerloveManchesterTemplateBuilderLiveTest) succeeded: 0ms
Test suite progress: tests succeeded: 47, failed: 0, skipped: 0.
Starting test testTemplateBuilderCannotFind(org.jclouds.serverlove.compute.ServerloveManchesterTemplateBuilderLiveTest)
[pool-2-thread-2] Test testTemplateBuilderCannotFind(org.jclouds.serverlove.compute.ServerloveManchesterTemplateBuilderLiveTest) succeeded: 6ms
Test suite progress: tests succeeded: 48, failed: 0, skipped: 0.
Starting test testTemplateBuilderCannotFind(org.jclouds.serverlove.compute.ServerloveManchesterTemplateBuilderLiveTest)
[pool-2-thread-2] Test testTemplateBuilderCannotFind(org.jclouds.serverlove.compute.ServerloveManchesterTemplateBuilderLiveTest) succeeded: 2ms
Test suite progress: tests succeeded: 49, failed: 0, skipped: 0.
Starting test testTemplateBuilderCannotFind(org.jclouds.serverlove.compute.ServerloveManchesterTemplateBuilderLiveTest)
[pool-2-thread-2] Test testTemplateBuilderCannotFind(org.jclouds.serverlove.compute.ServerloveManchesterTemplateBuilderLiveTest) succeeded: 2ms
Test suite progress: tests succeeded: 50, failed: 0, skipped: 0.
Starting test testTemplateBuilderCannotFind(org.jclouds.serverlove.compute.ServerloveManchesterTemplateBuilderLiveTest)
[pool-2-thread-2] Test testTemplateBuilderCannotFind(org.jclouds.serverlove.compute.ServerloveManchesterTemplateBuilderLiveTest) succeeded: 2ms
Test suite progress: tests succeeded: 51, failed: 0, skipped: 0.
Starting test testTemplateBuilderCannotFind(org.jclouds.serverlove.compute.ServerloveManchesterTemplateBuilderLiveTest)
[pool-2-thread-2] Test testTemplateBuilderCannotFind(org.jclouds.serverlove.compute.ServerloveManchesterTemplateBuilderLiveTest) succeeded: 0ms
Test suite progress: tests succeeded: 52, failed: 0, skipped: 0.
Starting test testTemplateBuilderCannotFind(org.jclouds.serverlove.compute.ServerloveManchesterTemplateBuilderLiveTest)
[pool-2-thread-2] Test testTemplateBuilderCannotFind(org.jclouds.serverlove.compute.ServerloveManchesterTemplateBuilderLiveTest) succeeded: 2ms
Test suite progress: tests succeeded: 53, failed: 0, skipped: 0.
Starting test testTemplateBuilderCannotFind(org.jclouds.serverlove.compute.ServerloveManchesterTemplateBuilderLiveTest)
[pool-2-thread-2] Test testTemplateBuilderCannotFind(org.jclouds.serverlove.compute.ServerloveManchesterTemplateBuilderLiveTest) succeeded: 2ms
Test suite progress: tests succeeded: 54, failed: 0, skipped: 0.
Starting test testTemplateBuilderCannotFind(org.jclouds.serverlove.compute.ServerloveManchesterTemplateBuilderLiveTest)
[pool-2-thread-2] Test testTemplateBuilderCannotFind(org.jclouds.serverlove.compute.ServerloveManchesterTemplateBuilderLiveTest) succeeded: 2ms
Test suite progress: tests succeeded: 55, failed: 0, skipped: 0.
Starting test testTemplateBuilderCannotFind(org.jclouds.serverlove.compute.ServerloveManchesterTemplateBuilderLiveTest)
[pool-2-thread-2] Test testTemplateBuilderCannotFind(org.jclouds.serverlove.compute.ServerloveManchesterTemplateBuilderLiveTest) succeeded: 7ms
Test suite progress: tests succeeded: 56, failed: 0, skipped: 0.
Starting test testTemplateBuilderCannotFind(org.jclouds.serverlove.compute.ServerloveManchesterTemplateBuilderLiveTest)
[pool-2-thread-2] Test testTemplateBuilderCannotFind(org.jclouds.serverlove.compute.ServerloveManchesterTemplateBuilderLiveTest) succeeded: 1ms
Test suite progress: tests succeeded: 57, failed: 0, skipped: 0.
Starting test testTemplateBuilderCannotFind(org.jclouds.serverlove.compute.ServerloveManchesterTemplateBuilderLiveTest)
[pool-2-thread-2] Test testTemplateBuilderCannotFind(org.jclouds.serverlove.compute.ServerloveManchesterTemplateBuilderLiveTest) succeeded: 1ms
Test suite progress: tests succeeded: 58, failed: 0, skipped: 0.
Starting test testTemplateBuilderCannotFind(org.jclouds.serverlove.compute.ServerloveManchesterTemplateBuilderLiveTest)
[pool-2-thread-2] Test testTemplateBuilderCannotFind(org.jclouds.serverlove.compute.ServerloveManchesterTemplateBuilderLiveTest) succeeded: 1ms
Test suite progress: tests succeeded: 59, failed: 0, skipped: 0.
Starting test testTemplateBuilderCannotFind(org.jclouds.serverlove.compute.ServerloveManchesterTemplateBuilderLiveTest)
[pool-2-thread-2] Test testTemplateBuilderCannotFind(org.jclouds.serverlove.compute.ServerloveManchesterTemplateBuilderLiveTest) succeeded: 1ms
Test suite progress: tests succeeded: 60, failed: 0, skipped: 0.
Starting test testTemplateBuilderCannotFind(org.jclouds.serverlove.compute.ServerloveManchesterTemplateBuilderLiveTest)
[pool-2-thread-2] Test testTemplateBuilderCannotFind(org.jclouds.serverlove.compute.ServerloveManchesterTemplateBuilderLiveTest) succeeded: 1ms
Test suite progress: tests succeeded: 61, failed: 0, skipped: 0.
Starting test testTemplateBuilderCannotFind(org.jclouds.serverlove.compute.ServerloveManchesterTemplateBuilderLiveTest)
[pool-2-thread-2] Test testTemplateBuilderCannotFind(org.jclouds.serverlove.compute.ServerloveManchesterTemplateBuilderLiveTest) succeeded: 1ms
Test suite progress: tests succeeded: 62, failed: 0, skipped: 0.
Starting test testTemplateBuilderCannotFind(org.jclouds.serverlove.compute.ServerloveManchesterTemplateBuilderLiveTest)
[pool-2-thread-2] Test testTemplateBuilderCannotFind(org.jclouds.serverlove.compute.ServerloveManchesterTemplateBuilderLiveTest) succeeded: 1ms
Test suite progress: tests succeeded: 63, failed: 0, skipped: 0.
Starting test testTemplateBuilderCannotFind(org.jclouds.serverlove.compute.ServerloveManchesterTemplateBuilderLiveTest)
[pool-2-thread-2] Test testTemplateBuilderCannotFind(org.jclouds.serverlove.compute.ServerloveManchesterTemplateBuilderLiveTest) succeeded: 1ms
Test suite progress: tests succeeded: 64, failed: 0, skipped: 0.
Starting test testTemplateBuilderCannotFind(org.jclouds.serverlove.compute.ServerloveManchesterTemplateBuilderLiveTest)
[pool-2-thread-2] Test testTemplateBuilderCannotFind(org.jclouds.serverlove.compute.ServerloveManchesterTemplateBuilderLiveTest) succeeded: 1ms
Test suite progress: tests succeeded: 65, failed: 0, skipped: 0.
Starting test testTemplateBuilderCannotFind(org.jclouds.serverlove.compute.ServerloveManchesterTemplateBuilderLiveTest)
[pool-2-thread-2] Test testTemplateBuilderCannotFind(org.jclouds.serverlove.compute.ServerloveManchesterTemplateBuilderLiveTest) succeeded: 1ms
Test suite progress: tests succeeded: 66, failed: 0, skipped: 0.
Starting test testTemplateBuilderCannotFind(org.jclouds.serverlove.compute.ServerloveManchesterTemplateBuilderLiveTest)
[pool-2-thread-2] Test testTemplateBuilderCannotFind(org.jclouds.serverlove.compute.ServerloveManchesterTemplateBuilderLiveTest) succeeded: 1ms
Test suite progress: tests succeeded: 67, failed: 0, skipped: 0.
Starting test testTemplateBuilderCannotFind(org.jclouds.serverlove.compute.ServerloveManchesterTemplateBuilderLiveTest)
[pool-2-thread-2] Test testTemplateBuilderCannotFind(org.jclouds.serverlove.compute.ServerloveManchesterTemplateBuilderLiveTest) succeeded: 1ms
Test suite progress: tests succeeded: 68, failed: 0, skipped: 0.
Starting test testTemplateBuilderCannotFind(org.jclouds.serverlove.compute.ServerloveManchesterTemplateBuilderLiveTest)
[pool-2-thread-2] Test testTemplateBuilderCannotFind(org.jclouds.serverlove.compute.ServerloveManchesterTemplateBuilderLiveTest) succeeded: 1ms
Test suite progress: tests succeeded: 69, failed: 0, skipped: 0.
Starting test testTemplateBuilderCannotFind(org.jclouds.serverlove.compute.ServerloveManchesterTemplateBuilderLiveTest)
[pool-2-thread-2] Test testTemplateBuilderCannotFind(org.jclouds.serverlove.compute.ServerloveManchesterTemplateBuilderLiveTest) succeeded: 22ms
Test suite progress: tests succeeded: 70, failed: 0, skipped: 0.
Starting test testTemplateBuilderCannotFind(org.jclouds.serverlove.compute.ServerloveManchesterTemplateBuilderLiveTest)
[pool-2-thread-2] Test testTemplateBuilderCannotFind(org.jclouds.serverlove.compute.ServerloveManchesterTemplateBuilderLiveTest) succeeded: 1ms
Test suite progress: tests succeeded: 71, failed: 0, skipped: 0.
Starting test testTemplateBuilderCannotFind(org.jclouds.serverlove.compute.ServerloveManchesterTemplateBuilderLiveTest)
[pool-2-thread-2] Test testTemplateBuilderCannotFind(org.jclouds.serverlove.compute.ServerloveManchesterTemplateBuilderLiveTest) succeeded: 1ms
Test suite progress: tests succeeded: 72, failed: 0, skipped: 0.
Starting test testTemplateBuilderCannotFind(org.jclouds.serverlove.compute.ServerloveManchesterTemplateBuilderLiveTest)
[pool-2-thread-2] Test testTemplateBuilderCannotFind(org.jclouds.serverlove.compute.ServerloveManchesterTemplateBuilderLiveTest) succeeded: 1ms
Test suite progress: tests succeeded: 73, failed: 0, skipped: 0.
Starting test testTemplateBuilderCannotFind(org.jclouds.serverlove.compute.ServerloveManchesterTemplateBuilderLiveTest)
[pool-2-thread-2] Test testTemplateBuilderCannotFind(org.jclouds.serverlove.compute.ServerloveManchesterTemplateBuilderLiveTest) succeeded: 0ms
Test suite progress: tests succeeded: 74, failed: 0, skipped: 0.
Starting test testTemplateBuilderCannotFind(org.jclouds.serverlove.compute.ServerloveManchesterTemplateBuilderLiveTest)
[pool-2-thread-2] Test testTemplateBuilderCannotFind(org.jclouds.serverlove.compute.ServerloveManchesterTemplateBuilderLiveTest) succeeded: 1ms
Test suite progress: tests succeeded: 75, failed: 0, skipped: 0.
Starting test testTemplateBuilderCannotFind(org.jclouds.serverlove.compute.ServerloveManchesterTemplateBuilderLiveTest)
[pool-2-thread-2] Test testTemplateBuilderCannotFind(org.jclouds.serverlove.compute.ServerloveManchesterTemplateBuilderLiveTest) succeeded: 1ms
Test suite progress: tests succeeded: 76, failed: 0, skipped: 0.
Starting test testTemplateBuilderCannotFind(org.jclouds.serverlove.compute.ServerloveManchesterTemplateBuilderLiveTest)
[pool-2-thread-2] Test testTemplateBuilderCannotFind(org.jclouds.serverlove.compute.ServerloveManchesterTemplateBuilderLiveTest) succeeded: 1ms
Test suite progress: tests succeeded: 77, failed: 0, skipped: 0.
Starting test testTemplateBuilderCannotFind(org.jclouds.serverlove.compute.ServerloveManchesterTemplateBuilderLiveTest)
[pool-2-thread-2] Test testTemplateBuilderCannotFind(org.jclouds.serverlove.compute.ServerloveManchesterTemplateBuilderLiveTest) succeeded: 1ms
Test suite progress: tests succeeded: 78, failed: 0, skipped: 0.
Starting test testTemplateBuilderCannotFind(org.jclouds.serverlove.compute.ServerloveManchesterTemplateBuilderLiveTest)
[pool-2-thread-2] Test testTemplateBuilderCannotFind(org.jclouds.serverlove.compute.ServerloveManchesterTemplateBuilderLiveTest) succeeded: 1ms
Test suite progress: tests succeeded: 79, failed: 0, skipped: 0.
Starting test testTemplateBuilderCannotFind(org.jclouds.serverlove.compute.ServerloveManchesterTemplateBuilderLiveTest)
[pool-2-thread-2] Test testTemplateBuilderCannotFind(org.jclouds.serverlove.compute.ServerloveManchesterTemplateBuilderLiveTest) succeeded: 0ms
Test suite progress: tests succeeded: 80, failed: 0, skipped: 0.
Starting test testTemplateBuilderCannotFind(org.jclouds.serverlove.compute.ServerloveManchesterTemplateBuilderLiveTest)
[pool-2-thread-2] Test testTemplateBuilderCannotFind(org.jclouds.serverlove.compute.ServerloveManchesterTemplateBuilderLiveTest) succeeded: 7ms
Test suite progress: tests succeeded: 81, failed: 0, skipped: 0.
Starting test testTemplateBuilderCannotFind(org.jclouds.serverlove.compute.ServerloveManchesterTemplateBuilderLiveTest)
[pool-2-thread-2] Test testTemplateBuilderCannotFind(org.jclouds.serverlove.compute.ServerloveManchesterTemplateBuilderLiveTest) succeeded: 5ms
Test suite progress: tests succeeded: 82, failed: 0, skipped: 0.
Starting test testTemplateBuilderCannotFind(org.jclouds.serverlove.compute.ServerloveManchesterTemplateBuilderLiveTest)
[pool-2-thread-2] Test testTemplateBuilderCannotFind(org.jclouds.serverlove.compute.ServerloveManchesterTemplateBuilderLiveTest) succeeded: 0ms
Test suite progress: tests succeeded: 83, failed: 0, skipped: 0.
Starting test testTemplateBuilderCannotFind(org.jclouds.serverlove.compute.ServerloveManchesterTemplateBuilderLiveTest)
[pool-2-thread-2] Test testTemplateBuilderCannotFind(org.jclouds.serverlove.compute.ServerloveManchesterTemplateBuilderLiveTest) succeeded: 1ms
Test suite progress: tests succeeded: 84, failed: 0, skipped: 0.
Starting test testTemplateBuilderCannotFind(org.jclouds.serverlove.compute.ServerloveManchesterTemplateBuilderLiveTest)
[pool-2-thread-2] Test testTemplateBuilderCannotFind(org.jclouds.serverlove.compute.ServerloveManchesterTemplateBuilderLiveTest) succeeded: 1ms
Test suite progress: tests succeeded: 85, failed: 0, skipped: 0.
Starting test testTemplateBuilderCannotFind(org.jclouds.serverlove.compute.ServerloveManchesterTemplateBuilderLiveTest)
[pool-2-thread-2] Test testTemplateBuilderCannotFind(org.jclouds.serverlove.compute.ServerloveManchesterTemplateBuilderLiveTest) succeeded: 1ms
Test suite progress: tests succeeded: 86, failed: 0, skipped: 0.
Starting test testTemplateBuilderCannotFind(org.jclouds.serverlove.compute.ServerloveManchesterTemplateBuilderLiveTest)
[pool-2-thread-2] Test testTemplateBuilderCannotFind(org.jclouds.serverlove.compute.ServerloveManchesterTemplateBuilderLiveTest) succeeded: 1ms
Test suite progress: tests succeeded: 87, failed: 0, skipped: 0.
Starting test testTemplateBuilderCannotFind(org.jclouds.serverlove.compute.ServerloveManchesterTemplateBuilderLiveTest)
[pool-2-thread-2] Test testTemplateBuilderCannotFind(org.jclouds.serverlove.compute.ServerloveManchesterTemplateBuilderLiveTest) succeeded: 1ms
Test suite progress: tests succeeded: 88, failed: 0, skipped: 0.
Starting test testTemplateBuilderCannotFind(org.jclouds.serverlove.compute.ServerloveManchesterTemplateBuilderLiveTest)
[pool-2-thread-2] Test testTemplateBuilderCannotFind(org.jclouds.serverlove.compute.ServerloveManchesterTemplateBuilderLiveTest) succeeded: 1ms
Test suite progress: tests succeeded: 89, failed: 0, skipped: 0.
Starting test testTemplateBuilderCannotFind(org.jclouds.serverlove.compute.ServerloveManchesterTemplateBuilderLiveTest)
[pool-2-thread-2] Test testTemplateBuilderCannotFind(org.jclouds.serverlove.compute.ServerloveManchesterTemplateBuilderLiveTest) succeeded: 1ms
Test suite progress: tests succeeded: 90, failed: 0, skipped: 0.
Starting test testTemplateBuilderCannotFind(org.jclouds.serverlove.compute.ServerloveManchesterTemplateBuilderLiveTest)
[pool-2-thread-2] Test testTemplateBuilderCannotFind(org.jclouds.serverlove.compute.ServerloveManchesterTemplateBuilderLiveTest) succeeded: 1ms
Test suite progress: tests succeeded: 91, failed: 0, skipped: 0.
Starting test testTemplateBuilderCannotFind(org.jclouds.serverlove.compute.ServerloveManchesterTemplateBuilderLiveTest)
[pool-2-thread-2] Test testTemplateBuilderCannotFind(org.jclouds.serverlove.compute.ServerloveManchesterTemplateBuilderLiveTest) succeeded: 2ms
Test suite progress: tests succeeded: 92, failed: 0, skipped: 0.
Starting test testTemplateBuilderCannotFind(org.jclouds.serverlove.compute.ServerloveManchesterTemplateBuilderLiveTest)
[pool-2-thread-2] Test testTemplateBuilderCannotFind(org.jclouds.serverlove.compute.ServerloveManchesterTemplateBuilderLiveTest) succeeded: 1ms
Test suite progress: tests succeeded: 93, failed: 0, skipped: 0.
Starting test testTemplateBuilderCannotFind(org.jclouds.serverlove.compute.ServerloveManchesterTemplateBuilderLiveTest)
[pool-2-thread-2] Test testTemplateBuilderCannotFind(org.jclouds.serverlove.compute.ServerloveManchesterTemplateBuilderLiveTest) succeeded: 1ms
Test suite progress: tests succeeded: 94, failed: 0, skipped: 0.
Starting test testTemplateBuilderCannotFind(org.jclouds.serverlove.compute.ServerloveManchesterTemplateBuilderLiveTest)
[pool-2-thread-2] Test testTemplateBuilderCannotFind(org.jclouds.serverlove.compute.ServerloveManchesterTemplateBuilderLiveTest) succeeded: 2ms
Test suite progress: tests succeeded: 95, failed: 0, skipped: 0.
Starting test testTemplateBuilderCannotFind(org.jclouds.serverlove.compute.ServerloveManchesterTemplateBuilderLiveTest)
[pool-2-thread-2] Test testTemplateBuilderCannotFind(org.jclouds.serverlove.compute.ServerloveManchesterTemplateBuilderLiveTest) succeeded: 2ms
Test suite progress: tests succeeded: 96, failed: 0, skipped: 0.
Starting test testTemplateBuilderCannotFind(org.jclouds.serverlove.compute.ServerloveManchesterTemplateBuilderLiveTest)
[pool-2-thread-2] Test testTemplateBuilderCannotFind(org.jclouds.serverlove.compute.ServerloveManchesterTemplateBuilderLiveTest) succeeded: 1ms
Test suite progress: tests succeeded: 97, failed: 0, skipped: 0.
Starting test testTemplateBuilder(org.jclouds.serverlove.compute.ServerloveManchesterTemplateBuilderLiveTest)
[pool-2-thread-2] Test testTemplateBuilder(org.jclouds.serverlove.compute.ServerloveManchesterTemplateBuilderLiveTest) succeeded: 9ms
Test suite progress: tests succeeded: 98, failed: 0, skipped: 0.
Starting test testGetDrive(org.jclouds.serverlove.ServerloveManchesterClientLiveTest)
[pool-2-thread-2] Test testGetDrive(org.jclouds.serverlove.ServerloveManchesterClientLiveTest) succeeded: 4860ms
Test suite progress: tests succeeded: 99, failed: 0, skipped: 0.
Starting test testGetServer(org.jclouds.serverlove.ServerloveManchesterClientLiveTest)
[pool-2-thread-2] Test testGetServer(org.jclouds.serverlove.ServerloveManchesterClientLiveTest) succeeded: 3700ms
Test suite progress: tests succeeded: 100, failed: 0, skipped: 0.
Starting test testListDriveInfo(org.jclouds.serverlove.ServerloveManchesterClientLiveTest)
[pool-2-thread-2] Test testListDriveInfo(org.jclouds.serverlove.ServerloveManchesterClientLiveTest) succeeded: 942ms
Test suite progress: tests succeeded: 101, failed: 0, skipped: 0.
Starting test testListDrives(org.jclouds.serverlove.ServerloveManchesterClientLiveTest)
[pool-2-thread-2] Test testListDrives(org.jclouds.serverlove.ServerloveManchesterClientLiveTest) succeeded: 886ms
Test suite progress: tests succeeded: 102, failed: 0, skipped: 0.
Starting test testListServers(org.jclouds.serverlove.ServerloveManchesterClientLiveTest)
[pool-2-thread-2] Test testListServers(org.jclouds.serverlove.ServerloveManchesterClientLiveTest) succeeded: 881ms
Test suite progress: tests succeeded: 103, failed: 0, skipped: 0.
Starting test testListServerInfo(org.jclouds.serverlove.ServerloveManchesterClientLiveTest)
[pool-2-thread-2] Test testListServerInfo(org.jclouds.serverlove.ServerloveManchesterClientLiveTest) succeeded: 974ms
Test suite progress: tests succeeded: 104, failed: 0, skipped: 0.
Exception in thread "user thread 0" java.lang.IllegalStateException: interrupted calling get() on [[method=ElasticStackAsyncClient.destroyDrive, request=POST https://api.z1-man.serverlove.com/drives/6cb03d28-c62a-4117-82bf-0c0b43e59f19/destroy HTTP/1.1]], so could not run listeners
	at org.jclouds.concurrent.Futures$CallGetAndRunExecutionList.run(Futures.java:66)
	at java.util.concurrent.ThreadPoolExecutor$Worker.runTask(ThreadPoolExecutor.java:886)
	at java.util.concurrent.ThreadPoolExecutor$Worker.run(ThreadPoolExecutor.java:908)
	at java.lang.Thread.run(Thread.java:680)
Caused by: java.lang.InterruptedException
	at java.util.concurrent.locks.AbstractQueuedSynchronizer.doAcquireSharedInterruptibly(AbstractQueuedSynchronizer.java:979)
	at java.util.concurrent.locks.AbstractQueuedSynchronizer.acquireSharedInterruptibly(AbstractQueuedSynchronizer.java:1281)
	at java.util.concurrent.FutureTask$Sync.innerGet(FutureTask.java:218)
	at java.util.concurrent.FutureTask.get(FutureTask.java:83)
	at org.jclouds.concurrent.config.ExecutorServiceModule$DescribedFuture.get(ExecutorServiceModule.java:237)
	at org.jclouds.concurrent.Futures$CallGetAndRunExecutionList.run(Futures.java:59)
	... 3 more
Caused by: java.util.concurrent.ExecutionException: task submitted from the following trace
	at org.jclouds.concurrent.config.ExecutorServiceModule$DescribedFuture.ensureCauseHasSubmissionTrace(ExecutorServiceModule.java:270)
	at org.jclouds.concurrent.config.ExecutorServiceModule$DescribedFuture.get(ExecutorServiceModule.java:241)
	... 4 more
[pool-2-thread-1] Test testAScriptExecutionAfterBootWithBasicTemplate(org.jclouds.serverlove.compute.ServerloveManchesterComputeServiceLiveTest) succeeded: 163386ms
Test suite progress: tests succeeded: 105, failed: 0, skipped: 0.
Starting test testCorrectAuthException(org.jclouds.serverlove.compute.ServerloveManchesterComputeServiceLiveTest)
[pool-2-thread-1] Test testCorrectAuthException(org.jclouds.serverlove.compute.ServerloveManchesterComputeServiceLiveTest) succeeded: 1120ms
Test suite progress: tests succeeded: 106, failed: 0, skipped: 0.
Starting test testCreateAndRunAService(org.jclouds.serverlove.compute.ServerloveManchesterComputeServiceLiveTest)
Oct 15, 2011 5:22:19 PM org.jclouds.compute.BaseComputeServiceLiveTest testCreateAndRunAService
INFO: << available node(986db394-94ec-476d-990e-dbaf2215ddb9) os([name=Ubuntu 10.04 LTS, family=ubuntu, version=10.04, arch=null, is64Bit=true, description=img/Ubuntu 10.04 LTS/1]) in 42s
Oct 15, 2011 5:25:14 PM org.jclouds.compute.BaseComputeServiceLiveTest testCreateAndRunAService
INFO: << configured node(986db394-94ec-476d-990e-dbaf2215ddb9) with java full version "1.6.0_20-b20" in 172s
Oct 15, 2011 5:25:26 PM org.jclouds.compute.BaseComputeServiceLiveTest trackAvailabilityOfProcessOnNode
INFO: << initial start of jboss on node(986db394-94ec-476d-990e-dbaf2215ddb9) [backgroundProcessSeconds=7, socketOpenMilliseconds=8867, reportedStartupTimeMilliseconds=3173]
Oct 15, 2011 5:25:38 PM org.jclouds.compute.BaseComputeServiceLiveTest trackAvailabilityOfProcessOnNode
INFO: << warm start of jboss on node(986db394-94ec-476d-990e-dbaf2215ddb9) [backgroundProcessSeconds=4, socketOpenMilliseconds=5168, reportedStartupTimeMilliseconds=2873]
[pool-2-thread-1] Test testCreateAndRunAService(org.jclouds.serverlove.compute.ServerloveManchesterComputeServiceLiveTest) succeeded: 257927ms
Test suite progress: tests succeeded: 107, failed: 0, skipped: 0.
Starting test testCreateTwoNodesWithRunScript(org.jclouds.serverlove.compute.ServerloveManchesterComputeServiceLiveTest)
[pool-2-thread-1] Test testCreateTwoNodesWithRunScript(org.jclouds.serverlove.compute.ServerloveManchesterComputeServiceLiveTest) succeeded: 118836ms
Test suite progress: tests succeeded: 108, failed: 0, skipped: 0.
Starting test testCreateAnotherNodeWithANewContextToEnsureSharedMemIsntRequired(org.jclouds.serverlove.compute.ServerloveManchesterComputeServiceLiveTest)
Oct 15, 2011 5:27:45 PM org.jclouds.compute.BaseComputeServiceLiveTest testCreateAnotherNodeWithANewContextToEnsureSharedMemIsntRequired
INFO: creating another node based on existing nodes' location: [id=serverlove-z1-man, scope=PROVIDER, description=https://api.z1-man.serverlove.com, parent=null, iso3166Codes=[GB-MAN], metadata={}]
[pool-2-thread-1] Test testCreateAnotherNodeWithANewContextToEnsureSharedMemIsntRequired(org.jclouds.serverlove.compute.ServerloveManchesterComputeServiceLiveTest) succeeded: 99075ms
Test suite progress: tests succeeded: 109, failed: 0, skipped: 0.
Starting test testCredentialsCache(org.jclouds.serverlove.compute.ServerloveManchesterComputeServiceLiveTest)
[pool-2-thread-1] Test testCredentialsCache(org.jclouds.serverlove.compute.ServerloveManchesterComputeServiceLiveTest) succeeded: 117ms
Test suite progress: tests succeeded: 110, failed: 0, skipped: 0.
Starting test testGet(org.jclouds.serverlove.compute.ServerloveManchesterComputeServiceLiveTest)
[pool-2-thread-1] Test testGet(org.jclouds.serverlove.compute.ServerloveManchesterComputeServiceLiveTest) succeeded: 12432ms
Test suite progress: tests succeeded: 111, failed: 0, skipped: 0.
Starting test testGetAssignableLocations(org.jclouds.serverlove.compute.ServerloveManchesterComputeServiceLiveTest)
Oct 15, 2011 5:29:36 PM org.jclouds.compute.BaseComputeServiceLiveTest testGetAssignableLocations
WARNING: location [id=serverlove-z1-man, scope=PROVIDER, description=https://api.z1-man.serverlove.com, parent=null, iso3166Codes=[GB-MAN], metadata={}]
[pool-2-thread-1] Test testGetAssignableLocations(org.jclouds.serverlove.compute.ServerloveManchesterComputeServiceLiveTest) succeeded: 1ms
Test suite progress: tests succeeded: 112, failed: 0, skipped: 0.
Starting test testImagesCache(org.jclouds.serverlove.compute.ServerloveManchesterComputeServiceLiveTest)
[pool-2-thread-1] Test testImagesCache(org.jclouds.serverlove.compute.ServerloveManchesterComputeServiceLiveTest) succeeded: 0ms
Test suite progress: tests succeeded: 113, failed: 0, skipped: 0.
Starting test testListImages(org.jclouds.serverlove.compute.ServerloveManchesterComputeServiceLiveTest)
[pool-2-thread-1] Test testListImages(org.jclouds.serverlove.compute.ServerloveManchesterComputeServiceLiveTest) succeeded: 1ms
Test suite progress: tests succeeded: 114, failed: 0, skipped: 0.
Starting test testListSizes(org.jclouds.serverlove.compute.ServerloveManchesterComputeServiceLiveTest)
[pool-2-thread-1] Test testListSizes(org.jclouds.serverlove.compute.ServerloveManchesterComputeServiceLiveTest) succeeded: 1ms
Test suite progress: tests succeeded: 115, failed: 0, skipped: 0.
Starting test testReboot(org.jclouds.serverlove.compute.ServerloveManchesterComputeServiceLiveTest)
[pool-2-thread-1] Test testReboot(org.jclouds.serverlove.compute.ServerloveManchesterComputeServiceLiveTest) succeeded: 13089ms
Test suite progress: tests succeeded: 116, failed: 0, skipped: 0.
Starting test testSuspendResume(org.jclouds.serverlove.compute.ServerloveManchesterComputeServiceLiveTest)
[pool-2-thread-1] Test testSuspendResume(org.jclouds.serverlove.compute.ServerloveManchesterComputeServiceLiveTest) succeeded: 34024ms
Test suite progress: tests succeeded: 117, failed: 0, skipped: 0.
Starting test testGetNodesWithDetails(org.jclouds.serverlove.compute.ServerloveManchesterComputeServiceLiveTest)
[pool-2-thread-1] Test testGetNodesWithDetails(org.jclouds.serverlove.compute.ServerloveManchesterComputeServiceLiveTest) succeeded: 961ms
Test suite progress: tests succeeded: 118, failed: 0, skipped: 0.
Starting test testListNodes(org.jclouds.serverlove.compute.ServerloveManchesterComputeServiceLiveTest)
[pool-2-thread-1] Test testListNodes(org.jclouds.serverlove.compute.ServerloveManchesterComputeServiceLiveTest) succeeded: 939ms
Test suite progress: tests succeeded: 119, failed: 0, skipped: 0.
Starting test testDestroyNodes(org.jclouds.serverlove.compute.ServerloveManchesterComputeServiceLiveTest)
[pool-2-thread-1] Test testDestroyNodes(org.jclouds.serverlove.compute.ServerloveManchesterComputeServiceLiveTest) succeeded: 10815ms
Test suite progress: tests succeeded: 120, failed: 0, skipped: 0.
Starting test testTemplateMatch(org.jclouds.serverlove.compute.ServerloveManchesterComputeServiceLiveTest)
[pool-2-thread-1] Test testTemplateMatch(org.jclouds.serverlove.compute.ServerloveManchesterComputeServiceLiveTest) succeeded: 2ms
Test suite progress: tests succeeded: 121, failed: 0, skipped: 0.
Starting test testCorrectExceptionRunningNodesNotFound(org.jclouds.serverlove.compute.ServerloveManchesterComputeServiceLiveTest)
[pool-2-thread-1] Test testCorrectExceptionRunningNodesNotFound(org.jclouds.serverlove.compute.ServerloveManchesterComputeServiceLiveTest) succeeded: 936ms
Test suite progress: tests succeeded: 122, failed: 0, skipped: 0.
Starting test testOptionToNotBlock(org.jclouds.serverlove.compute.ServerloveManchesterComputeServiceLiveTest)
[pool-2-thread-1] Test testOptionToNotBlock(org.jclouds.serverlove.compute.ServerloveManchesterComputeServiceLiveTest) succeeded: 0ms
Test suite progress: tests succeeded: 123, failed: 0, skipped: 0.
Tests run: 123, Failures: 0, Errors: 0, Skipped: 0, Time elapsed: 728.397 sec

Results :

Tests run: 123, Failures: 0, Errors: 0, Skipped: 0

[INFO] 
[INFO] --- maven-install-plugin:2.3:install (default-install) @ serverlove-z1-man ---
[INFO] Installing /Users/adriancole/workspace/git/1.2.0/jclouds/providers/serverlove-z1-man/target/serverlove-z1-man-1.2.0-SNAPSHOT.jar to /Users/adriancole/.m2/repository/org/jclouds/provider/serverlove-z1-man/1.2.0-SNAPSHOT/serverlove-z1-man-1.2.0-SNAPSHOT.jar
[INFO] Installing /Users/adriancole/workspace/git/1.2.0/jclouds/providers/serverlove-z1-man/pom.xml to /Users/adriancole/.m2/repository/org/jclouds/provider/serverlove-z1-man/1.2.0-SNAPSHOT/serverlove-z1-man-1.2.0-SNAPSHOT.pom
[INFO] Installing /Users/adriancole/workspace/git/1.2.0/jclouds/providers/serverlove-z1-man/target/serverlove-z1-man-1.2.0-SNAPSHOT-sources.jar to /Users/adriancole/.m2/repository/org/jclouds/provider/serverlove-z1-man/1.2.0-SNAPSHOT/serverlove-z1-man-1.2.0-SNAPSHOT-sources.jar
[INFO] Installing /Users/adriancole/workspace/git/1.2.0/jclouds/providers/serverlove-z1-man/target/serverlove-z1-man-1.2.0-SNAPSHOT-tests.jar to /Users/adriancole/.m2/repository/org/jclouds/provider/serverlove-z1-man/1.2.0-SNAPSHOT/serverlove-z1-man-1.2.0-SNAPSHOT-tests.jar
[INFO] 
[INFO] --- maven-bundle-plugin:2.3.4:install (default-install) @ serverlove-z1-man ---
[INFO] Installing org/jclouds/provider/serverlove-z1-man/1.2.0-SNAPSHOT/serverlove-z1-man-1.2.0-SNAPSHOT.jar
[INFO] Writing OBR metadata
[INFO] ------------------------------------------------------------------------
[INFO] BUILD SUCCESS
[INFO] ------------------------------------------------------------------------
[INFO] Total time: 12:22.817s
[INFO] Finished at: Sat Oct 15 17:30:43 PDT 2011
[INFO] Final Memory: 19M/125M
[INFO] ------------------------------------------------------------------------
