[INFO] Scanning for projects...
[WARNING] 
[WARNING] Some problems were encountered while building the effective model for org.jclouds.provider:trmk-vcloudexpress:bundle:1.2.0-SNAPSHOT
[WARNING] 'parent.relativePath' of POM org.jclouds:jclouds-project:1.2.0-SNAPSHOT (/Users/adriancole/workspace/git/1.2.0/jclouds/project/pom.xml) points at org.jclouds:jclouds-multi instead of org.sonatype.oss:oss-parent, please verify your project structure @ org.jclouds:jclouds-project:1.2.0-SNAPSHOT, /Users/adriancole/workspace/git/1.2.0/jclouds/project/pom.xml, line 24, column 13
[WARNING] 
[WARNING] It is highly recommended to fix these problems because they threaten the stability of your build.
[WARNING] 
[WARNING] For this reason, future Maven versions might no longer support building such malformed projects.
[WARNING] 
[INFO]                                                                         
[INFO] ------------------------------------------------------------------------
[INFO] Building jclouds Terremark vCloud Express provider 1.2.0-SNAPSHOT
[INFO] ------------------------------------------------------------------------
[INFO] 
[INFO] --- maven-clean-plugin:2.4.1:clean (default-clean) @ trmk-vcloudexpress ---
[INFO] Deleting /Users/adriancole/workspace/git/1.2.0/jclouds/providers/trmk-vcloudexpress/target
[INFO] 
[INFO] --- maven-enforcer-plugin:1.0.1:enforce (enforce-maven) @ trmk-vcloudexpress ---
[INFO] 
[INFO] --- maven-enforcer-plugin:1.0.1:enforce (enforce-banned-dependencies) @ trmk-vcloudexpress ---
[INFO] 
[INFO] --- maven-enforcer-plugin:1.0.1:enforce (enforce-java) @ trmk-vcloudexpress ---
[INFO] 
[INFO] --- maven-remote-resources-plugin:1.2:process (process-remote-resources) @ trmk-vcloudexpress ---
[INFO] Setting property: classpath.resource.loader.class => 'org.codehaus.plexus.velocity.ContextClassLoaderResourceLoader'.
[INFO] Setting property: velocimacro.messages.on => 'false'.
[INFO] Setting property: resource.loader => 'classpath'.
[INFO] Setting property: resource.manager.logwhenfound => 'false'.
[INFO] 
[INFO] --- maven-resources-plugin:2.4.2:resources (default-resources) @ trmk-vcloudexpress ---
[INFO] Using 'UTF-8' encoding to copy filtered resources.
[INFO] skip non existing resourceDirectory /Users/adriancole/workspace/git/1.2.0/jclouds/providers/trmk-vcloudexpress/src/main/clojure
[INFO] Copying 1 resource
[INFO] Copying 2 resources
[INFO] 
[INFO] --- maven-compiler-plugin:2.3:compile (default-compile) @ trmk-vcloudexpress ---
[INFO] Compiling 9 source files to /Users/adriancole/workspace/git/1.2.0/jclouds/providers/trmk-vcloudexpress/target/classes
[INFO] 
[INFO] --- maven-resources-plugin:2.4.2:testResources (default-testResources) @ trmk-vcloudexpress ---
[INFO] Using 'UTF-8' encoding to copy filtered resources.
[INFO] skip non existing resourceDirectory /Users/adriancole/workspace/git/1.2.0/jclouds/providers/trmk-vcloudexpress/src/test/clojure
[INFO] Copying 1 resource
[INFO] Copying 2 resources
[INFO] 
[INFO] --- maven-compiler-plugin:2.3:testCompile (default-testCompile) @ trmk-vcloudexpress ---
[INFO] Compiling 6 source files to /Users/adriancole/workspace/git/1.2.0/jclouds/providers/trmk-vcloudexpress/target/test-classes
[INFO] 
[INFO] --- maven-surefire-plugin:2.5:test (default-test) @ trmk-vcloudexpress ---
[INFO] Surefire report directory: /Users/adriancole/workspace/git/1.2.0/jclouds/providers/trmk-vcloudexpress/target/surefire-reports

-------------------------------------------------------
 T E S T S
-------------------------------------------------------
Running TestSuite
Starting test testInRestProperties(org.jclouds.trmk.vcloudexpress.TerremarkVCloudExpressProviderTest)
Starting test testAllContains(org.jclouds.trmk.vcloudexpress.TerremarkVCloudExpressProviderTest)
Starting test testWithId(org.jclouds.trmk.vcloudexpress.TerremarkVCloudExpressProviderTest)
Starting test testOfTypeContains(org.jclouds.trmk.vcloudexpress.TerremarkVCloudExpressProviderTest)
[pool-2-thread-2] Test testWithId(org.jclouds.trmk.vcloudexpress.TerremarkVCloudExpressProviderTest) succeeded: 46ms
Test suite progress: tests succeeded: 1, failed: 0, skipped: 0.
[pool-2-thread-4] Test testOfTypeContains(org.jclouds.trmk.vcloudexpress.TerremarkVCloudExpressProviderTest) succeeded: 13ms
Test suite progress: tests succeeded: 2, failed: 0, skipped: 0.
[pool-2-thread-3] Test testAllContains(org.jclouds.trmk.vcloudexpress.TerremarkVCloudExpressProviderTest) succeeded: 52ms
Test suite progress: tests succeeded: 3, failed: 0, skipped: 0.
[pool-2-thread-1] Test testInRestProperties(org.jclouds.trmk.vcloudexpress.TerremarkVCloudExpressProviderTest) succeeded: 96ms
Test suite progress: tests succeeded: 4, failed: 0, skipped: 0.
Starting test testListOrgs(org.jclouds.trmk.vcloudexpress.TerremarkVCloudExpressAsyncClientTest)
[pool-3-thread-1] Test testListOrgs(org.jclouds.trmk.vcloudexpress.TerremarkVCloudExpressAsyncClientTest) succeeded: 14ms
Test suite progress: tests succeeded: 5, failed: 0, skipped: 0.
Starting test testAddInternetServiceToExistingIpOptions(org.jclouds.trmk.vcloudexpress.TerremarkVCloudExpressAsyncClientTest)
[pool-3-thread-1] Test testAddInternetServiceToExistingIpOptions(org.jclouds.trmk.vcloudexpress.TerremarkVCloudExpressAsyncClientTest) succeeded: 80ms
Test suite progress: tests succeeded: 6, failed: 0, skipped: 0.
Starting test testDeleteInternetService(org.jclouds.trmk.vcloudexpress.TerremarkVCloudExpressAsyncClientTest)
[pool-3-thread-1] Test testDeleteInternetService(org.jclouds.trmk.vcloudexpress.TerremarkVCloudExpressAsyncClientTest) succeeded: 9ms
Test suite progress: tests succeeded: 7, failed: 0, skipped: 0.
Starting test testGetKeyPair(org.jclouds.trmk.vcloudexpress.TerremarkVCloudExpressAsyncClientTest)
[pool-3-thread-1] Test testGetKeyPair(org.jclouds.trmk.vcloudexpress.TerremarkVCloudExpressAsyncClientTest) succeeded: 6ms
Test suite progress: tests succeeded: 8, failed: 0, skipped: 0.
Starting test testCatalog(org.jclouds.trmk.vcloudexpress.TerremarkVCloudExpressAsyncClientTest)
[pool-3-thread-1] Test testCatalog(org.jclouds.trmk.vcloudexpress.TerremarkVCloudExpressAsyncClientTest) succeeded: 7ms
Test suite progress: tests succeeded: 9, failed: 0, skipped: 0.
Starting test testConfigureNodeNoDescription(org.jclouds.trmk.vcloudexpress.TerremarkVCloudExpressAsyncClientTest)
[pool-3-thread-1] Test testConfigureNodeNoDescription(org.jclouds.trmk.vcloudexpress.TerremarkVCloudExpressAsyncClientTest) succeeded: 83ms
Test suite progress: tests succeeded: 10, failed: 0, skipped: 0.
Starting test testAddInternetService(org.jclouds.trmk.vcloudexpress.TerremarkVCloudExpressAsyncClientTest)
[pool-3-thread-1] Test testAddInternetService(org.jclouds.trmk.vcloudexpress.TerremarkVCloudExpressAsyncClientTest) succeeded: 12ms
Test suite progress: tests succeeded: 11, failed: 0, skipped: 0.
Starting test testGetVDC(org.jclouds.trmk.vcloudexpress.TerremarkVCloudExpressAsyncClientTest)
[pool-3-thread-1] Test testGetVDC(org.jclouds.trmk.vcloudexpress.TerremarkVCloudExpressAsyncClientTest) succeeded: 8ms
Test suite progress: tests succeeded: 12, failed: 0, skipped: 0.
Starting test testListKeyPairsInOrgNotFound(org.jclouds.trmk.vcloudexpress.TerremarkVCloudExpressAsyncClientTest)
[pool-3-thread-1] Test testListKeyPairsInOrgNotFound(org.jclouds.trmk.vcloudexpress.TerremarkVCloudExpressAsyncClientTest) succeeded: 9ms
Test suite progress: tests succeeded: 13, failed: 0, skipped: 0.
Starting test testListKeyPairsInOrgNull(org.jclouds.trmk.vcloudexpress.TerremarkVCloudExpressAsyncClientTest)
[pool-3-thread-1] Test testListKeyPairsInOrgNull(org.jclouds.trmk.vcloudexpress.TerremarkVCloudExpressAsyncClientTest) succeeded: 7ms
Test suite progress: tests succeeded: 14, failed: 0, skipped: 0.
Starting test testDelete(org.jclouds.trmk.vcloudexpress.TerremarkVCloudExpressAsyncClientTest)
[pool-3-thread-1] Test testDelete(org.jclouds.trmk.vcloudexpress.TerremarkVCloudExpressAsyncClientTest) succeeded: 6ms
Test suite progress: tests succeeded: 15, failed: 0, skipped: 0.
Starting test testInstantiateVAppTemplateInVDCURI(org.jclouds.trmk.vcloudexpress.TerremarkVCloudExpressAsyncClientTest)
[pool-3-thread-1] Test testInstantiateVAppTemplateInVDCURI(org.jclouds.trmk.vcloudexpress.TerremarkVCloudExpressAsyncClientTest) succeeded: 72ms
Test suite progress: tests succeeded: 16, failed: 0, skipped: 0.
Starting test testGetCustomizationOptionsOfCatalogItem(org.jclouds.trmk.vcloudexpress.TerremarkVCloudExpressAsyncClientTest)
[pool-3-thread-1] Test testGetCustomizationOptionsOfCatalogItem(org.jclouds.trmk.vcloudexpress.TerremarkVCloudExpressAsyncClientTest) succeeded: 37ms
Test suite progress: tests succeeded: 17, failed: 0, skipped: 0.
Starting test testGetInternetService(org.jclouds.trmk.vcloudexpress.TerremarkVCloudExpressAsyncClientTest)
[pool-3-thread-1] Test testGetInternetService(org.jclouds.trmk.vcloudexpress.TerremarkVCloudExpressAsyncClientTest) succeeded: 4ms
Test suite progress: tests succeeded: 18, failed: 0, skipped: 0.
Starting test testCatalogItemURI(org.jclouds.trmk.vcloudexpress.TerremarkVCloudExpressAsyncClientTest)
[pool-3-thread-1] Test testCatalogItemURI(org.jclouds.trmk.vcloudexpress.TerremarkVCloudExpressAsyncClientTest) succeeded: 34ms
Test suite progress: tests succeeded: 19, failed: 0, skipped: 0.
Starting test testAddInternetServiceToExistingIp(org.jclouds.trmk.vcloudexpress.TerremarkVCloudExpressAsyncClientTest)
[pool-3-thread-1] Test testAddInternetServiceToExistingIp(org.jclouds.trmk.vcloudexpress.TerremarkVCloudExpressAsyncClientTest) succeeded: 14ms
Test suite progress: tests succeeded: 20, failed: 0, skipped: 0.
Starting test testAddInternetServiceOptions(org.jclouds.trmk.vcloudexpress.TerremarkVCloudExpressAsyncClientTest)
[pool-3-thread-1] Test testAddInternetServiceOptions(org.jclouds.trmk.vcloudexpress.TerremarkVCloudExpressAsyncClientTest) succeeded: 12ms
Test suite progress: tests succeeded: 21, failed: 0, skipped: 0.
Starting test testDeleteKeyPair(org.jclouds.trmk.vcloudexpress.TerremarkVCloudExpressAsyncClientTest)
[pool-3-thread-1] Test testDeleteKeyPair(org.jclouds.trmk.vcloudexpress.TerremarkVCloudExpressAsyncClientTest) succeeded: 2ms
Test suite progress: tests succeeded: 22, failed: 0, skipped: 0.
Starting test testFindCatalogItemInOrgCatalogNamed(org.jclouds.trmk.vcloudexpress.TerremarkVCloudExpressAsyncClientTest)
[pool-3-thread-1] Test testFindCatalogItemInOrgCatalogNamed(org.jclouds.trmk.vcloudexpress.TerremarkVCloudExpressAsyncClientTest) succeeded: 11ms
Test suite progress: tests succeeded: 23, failed: 0, skipped: 0.
Starting test testDeleteNode(org.jclouds.trmk.vcloudexpress.TerremarkVCloudExpressAsyncClientTest)
[pool-3-thread-1] Test testDeleteNode(org.jclouds.trmk.vcloudexpress.TerremarkVCloudExpressAsyncClientTest) succeeded: 4ms
Test suite progress: tests succeeded: 24, failed: 0, skipped: 0.
Starting test testGetNode(org.jclouds.trmk.vcloudexpress.TerremarkVCloudExpressAsyncClientTest)
[pool-3-thread-1] Test testGetNode(org.jclouds.trmk.vcloudexpress.TerremarkVCloudExpressAsyncClientTest) succeeded: 27ms
Test suite progress: tests succeeded: 25, failed: 0, skipped: 0.
Starting test testAddNodeOptions(org.jclouds.trmk.vcloudexpress.TerremarkVCloudExpressAsyncClientTest)
[pool-3-thread-1] Test testAddNodeOptions(org.jclouds.trmk.vcloudexpress.TerremarkVCloudExpressAsyncClientTest) succeeded: 20ms
Test suite progress: tests succeeded: 26, failed: 0, skipped: 0.
Starting test testListKeyPairsInOrg(org.jclouds.trmk.vcloudexpress.TerremarkVCloudExpressAsyncClientTest)
[pool-3-thread-1] Test testListKeyPairsInOrg(org.jclouds.trmk.vcloudexpress.TerremarkVCloudExpressAsyncClientTest) succeeded: 2ms
Test suite progress: tests succeeded: 27, failed: 0, skipped: 0.
Starting test testGetNodes(org.jclouds.trmk.vcloudexpress.TerremarkVCloudExpressAsyncClientTest)
[pool-3-thread-1] Test testGetNodes(org.jclouds.trmk.vcloudexpress.TerremarkVCloudExpressAsyncClientTest) succeeded: 20ms
Test suite progress: tests succeeded: 28, failed: 0, skipped: 0.
Starting test testConfigureNodeWithDescription(org.jclouds.trmk.vcloudexpress.TerremarkVCloudExpressAsyncClientTest)
[pool-3-thread-1] Test testConfigureNodeWithDescription(org.jclouds.trmk.vcloudexpress.TerremarkVCloudExpressAsyncClientTest) succeeded: 6ms
Test suite progress: tests succeeded: 29, failed: 0, skipped: 0.
Starting test testGetKeyPairInOrg(org.jclouds.trmk.vcloudexpress.TerremarkVCloudExpressAsyncClientTest)
[pool-3-thread-1] Test testGetKeyPairInOrg(org.jclouds.trmk.vcloudexpress.TerremarkVCloudExpressAsyncClientTest) succeeded: 8ms
Test suite progress: tests succeeded: 30, failed: 0, skipped: 0.
Starting test testInstantiateVAppTemplateInVDCURIOptions(org.jclouds.trmk.vcloudexpress.TerremarkVCloudExpressAsyncClientTest)
[pool-3-thread-1] Test testInstantiateVAppTemplateInVDCURIOptions(org.jclouds.trmk.vcloudexpress.TerremarkVCloudExpressAsyncClientTest) succeeded: 26ms
Test suite progress: tests succeeded: 31, failed: 0, skipped: 0.
Starting test testGetAllInternetServices(org.jclouds.trmk.vcloudexpress.TerremarkVCloudExpressAsyncClientTest)
[pool-3-thread-1] Test testGetAllInternetServices(org.jclouds.trmk.vcloudexpress.TerremarkVCloudExpressAsyncClientTest) succeeded: 10ms
Test suite progress: tests succeeded: 32, failed: 0, skipped: 0.
Starting test testAddNode(org.jclouds.trmk.vcloudexpress.TerremarkVCloudExpressAsyncClientTest)
[pool-3-thread-1] Test testAddNode(org.jclouds.trmk.vcloudexpress.TerremarkVCloudExpressAsyncClientTest) succeeded: 22ms
Test suite progress: tests succeeded: 33, failed: 0, skipped: 0.
Tests run: 33, Failures: 0, Errors: 0, Skipped: 0, Time elapsed: 3.028 sec

Results :

Tests run: 33, Failures: 0, Errors: 0, Skipped: 0

[INFO] 
[INFO] --- clojure-maven-plugin:1.3.3:test (test-clojure) @ trmk-vcloudexpress ---

Testing user

Ran 0 tests containing 0 assertions.
0 failures, 0 errors.
[INFO] 
[INFO] --- maven-bundle-plugin:2.3.4:bundle (default-bundle) @ trmk-vcloudexpress ---
[WARNING] Warning building bundle org.jclouds.provider:trmk-vcloudexpress:bundle:1.2.0-SNAPSHOT : Instructions in Export-Package that are never used: org\.jclouds\.trmk\.ecloud\..*|org\.jclouds\.trmk\.ecloud
Classpath: Jar:.,Jar:trmk-common,Jar:jclouds-compute,Jar:java-xmlbuilder,Jar:oauth,Jar:aopalliance,Jar:jersey-core,Jar:guice-assistedinject,Jar:guice,Jar:javax.inject,Jar:jsr250-api,Jar:gson,Jar:guava,Jar:jsr305,Jar:jclouds-scriptbuilder,Jar:jclouds-core,Jar:clojure,Jar:tools.logging,Jar:core.incubator

[WARNING] Warning building bundle org.jclouds.provider:trmk-vcloudexpress:bundle:1.2.0-SNAPSHOT : Superfluous export-package instructions: [org.jclouds.trmk.ecloud.*]
[INFO] 
[INFO] --- maven-source-plugin:2.1.1:jar-no-fork (attach-sources) @ trmk-vcloudexpress ---
[INFO] Building jar: /Users/adriancole/workspace/git/1.2.0/jclouds/providers/trmk-vcloudexpress/target/trmk-vcloudexpress-1.2.0-SNAPSHOT-sources.jar
[INFO] 
[INFO] --- maven-javadoc-plugin:2.8:jar (javadoc) @ trmk-vcloudexpress ---
[INFO] Skipping javadoc generation
[INFO] 
[INFO] --- maven-jar-plugin:2.3.1:test-jar (default) @ trmk-vcloudexpress ---
[INFO] Building jar: /Users/adriancole/workspace/git/1.2.0/jclouds/providers/trmk-vcloudexpress/target/trmk-vcloudexpress-1.2.0-SNAPSHOT-tests.jar
[INFO] 
[INFO] --- maven-surefire-plugin:2.5:test (integration) @ trmk-vcloudexpress ---
[INFO] Surefire report directory: /Users/adriancole/workspace/git/1.2.0/jclouds/providers/trmk-vcloudexpress/target/surefire-reports

-------------------------------------------------------
 T E S T S
-------------------------------------------------------
Running TestSuite
Starting test testCompareSizes(org.jclouds.trmk.vcloudexpress.compute.TerremarkVCloudExpressComputeServiceLiveTest)
Oct 16, 2011 3:44:28 AM org.jclouds.compute.BaseComputeServiceLiveTest testCompareSizes
INFO: smallest [id=cpu=1,ram=512,disk=10, providerId=cpu=1,ram=512,disk=10, name=null, processors=[[cores=1.0, speed=1.0]], ram=512, volumes=[[id=null, type=LOCAL, size=10.0, device=null, durable=true, isBootDevice=true]], supportsImage=ALWAYS_TRUE, tags=[]]
Oct 16, 2011 3:44:28 AM org.jclouds.compute.BaseComputeServiceLiveTest testCompareSizes
INFO: fastest [id=cpu=8,ram=512,disk=10, providerId=cpu=8,ram=512,disk=10, name=null, processors=[[cores=8.0, speed=1.0]], ram=512, volumes=[[id=null, type=LOCAL, size=10.0, device=null, durable=true, isBootDevice=true]], supportsImage=ALWAYS_TRUE, tags=[]]
Oct 16, 2011 3:44:28 AM org.jclouds.compute.BaseComputeServiceLiveTest testCompareSizes
INFO: biggest [id=cpu=8,ram=16384,disk=10, providerId=cpu=8,ram=16384,disk=10, name=null, processors=[[cores=8.0, speed=1.0]], ram=16384, volumes=[[id=null, type=LOCAL, size=10.0, device=null, durable=true, isBootDevice=true]], supportsImage=ALWAYS_TRUE, tags=[]]
[pool-2-thread-1] Test testCompareSizes(org.jclouds.trmk.vcloudexpress.compute.TerremarkVCloudExpressComputeServiceLiveTest) succeeded: 8037ms
Test suite progress: tests succeeded: 1, failed: 0, skipped: 0.
Starting test testAScriptExecutionAfterBootWithBasicTemplate(org.jclouds.trmk.vcloudexpress.compute.TerremarkVCloudExpressComputeServiceLiveTest)
SLF4J: Failed to load class "org.slf4j.impl.StaticLoggerBinder".
SLF4J: Defaulting to no-operation (NOP) logger implementation
SLF4J: See http://www.slf4j.org/codes.html#StaticLoggerBinder for further details.
[pool-2-thread-1] Test testAScriptExecutionAfterBootWithBasicTemplate(org.jclouds.trmk.vcloudexpress.compute.TerremarkVCloudExpressComputeServiceLiveTest) succeeded: 444585ms
Test suite progress: tests succeeded: 2, failed: 0, skipped: 0.
Starting test testCorrectAuthException(org.jclouds.trmk.vcloudexpress.compute.TerremarkVCloudExpressComputeServiceLiveTest)
[pool-2-thread-1] Test testCorrectAuthException(org.jclouds.trmk.vcloudexpress.compute.TerremarkVCloudExpressComputeServiceLiveTest) succeeded: 832ms
Test suite progress: tests succeeded: 3, failed: 0, skipped: 0.
Starting test testCreateAndRunAService(org.jclouds.trmk.vcloudexpress.compute.TerremarkVCloudExpressComputeServiceLiveTest)
Exception in thread "user thread 1" java.lang.IllegalStateException: interrupted calling get() on [[method=TerremarkVCloudLoginAsyncClient.login, request=POST https://services.vcloudexpress.terremark.com/api/v0.8a-ext1.6/login HTTP/1.1]], so could not run listeners
	at org.jclouds.concurrent.Futures$CallGetAndRunExecutionList.run(Futures.java:66)
	at java.util.concurrent.ThreadPoolExecutor$Worker.runTask(ThreadPoolExecutor.java:886)
	at java.util.concurrent.ThreadPoolExecutor$Worker.run(ThreadPoolExecutor.java:908)
	at java.lang.Thread.run(Thread.java:680)
Caused by: java.lang.InterruptedException
	at java.util.concurrent.locks.AbstractQueuedSynchronizer.doAcquireSharedInterruptibly(AbstractQueuedSynchronizer.java:979)
	at java.util.concurrent.locks.AbstractQueuedSynchronizer.acquireSharedInterruptibly(AbstractQueuedSynchronizer.java:1281)
	at java.util.concurrent.FutureTask$Sync.innerGet(FutureTask.java:218)
	at java.util.concurrent.FutureTask.get(FutureTask.java:83)
	at org.jclouds.concurrent.config.ExecutorServiceModule$DescribedFuture.get(ExecutorServiceModule.java:237)
	at org.jclouds.concurrent.Futures$CallGetAndRunExecutionList.run(Futures.java:59)
	... 3 more
Caused by: java.util.concurrent.ExecutionException: task submitted from the following trace
	at org.jclouds.concurrent.config.ExecutorServiceModule$DescribedFuture.ensureCauseHasSubmissionTrace(ExecutorServiceModule.java:270)
	at org.jclouds.concurrent.config.ExecutorServiceModule$DescribedFuture.get(ExecutorServiceModule.java:241)
	... 4 more
Oct 16, 2011 3:54:47 AM org.jclouds.compute.BaseComputeServiceLiveTest testCreateAndRunAService
INFO: << available node(https://services.vcloudexpress.terremark.com/api/v0.8a-ext1.6/vapp/409634) os([name=46, family=ubuntu, version=, arch=null, is64Bit=true, description=Ubuntu Linux (64-bit)]) in 172s
Oct 16, 2011 3:57:47 AM org.jclouds.compute.BaseComputeServiceLiveTest testCreateAndRunAService
INFO: << configured node(https://services.vcloudexpress.terremark.com/api/v0.8a-ext1.6/vapp/409634) with java full version "1.6.0_20-b20" in 175s
Oct 16, 2011 3:58:45 AM org.jclouds.compute.BaseComputeServiceLiveTest trackAvailabilityOfProcessOnNode
INFO: << initial start of jboss on node(https://services.vcloudexpress.terremark.com/api/v0.8a-ext1.6/vapp/409634) [backgroundProcessSeconds=41, socketOpenMilliseconds=53401, reportedStartupTimeMilliseconds=2592]
Oct 16, 2011 3:59:26 AM org.jclouds.compute.BaseComputeServiceLiveTest trackAvailabilityOfProcessOnNode
INFO: << warm start of jboss on node(https://services.vcloudexpress.terremark.com/api/v0.8a-ext1.6/vapp/409634) [backgroundProcessSeconds=5, socketOpenMilliseconds=31407, reportedStartupTimeMilliseconds=2459]
[pool-2-thread-1] Test testCreateAndRunAService(org.jclouds.trmk.vcloudexpress.compute.TerremarkVCloudExpressComputeServiceLiveTest) succeeded: 518649ms
Test suite progress: tests succeeded: 4, failed: 0, skipped: 0.
Starting test testCreateTwoNodesWithRunScript(org.jclouds.trmk.vcloudexpress.compute.TerremarkVCloudExpressComputeServiceLiveTest)
[pool-2-thread-1] Test testCreateTwoNodesWithRunScript(org.jclouds.trmk.vcloudexpress.compute.TerremarkVCloudExpressComputeServiceLiveTest) succeeded: 386252ms
Test suite progress: tests succeeded: 5, failed: 0, skipped: 0.
Starting test testCreateAnotherNodeWithANewContextToEnsureSharedMemIsntRequired(org.jclouds.trmk.vcloudexpress.compute.TerremarkVCloudExpressComputeServiceLiveTest)
Oct 16, 2011 4:07:00 AM org.jclouds.compute.BaseComputeServiceLiveTest testCreateAnotherNodeWithANewContextToEnsureSharedMemIsntRequired
INFO: creating another node based on existing nodes' location: [id=https://services.vcloudexpress.terremark.com/api/v0.8a-ext1.6/vdc/32, scope=ZONE, description=Miami Environment 1, parent=https://services.vcloudexpress.terremark.com/api/v0.8a-ext1.6/org/48, iso3166Codes=[], metadata={}]
[pool-2-thread-1] Test testCreateAnotherNodeWithANewContextToEnsureSharedMemIsntRequired(org.jclouds.trmk.vcloudexpress.compute.TerremarkVCloudExpressComputeServiceLiveTest) failed.
Test suite progress: tests succeeded: 5, failed: 1, skipped: 0.
[pool-2-thread-1] Test testCredentialsCache(org.jclouds.trmk.vcloudexpress.compute.TerremarkVCloudExpressComputeServiceLiveTest) skipped.
Test suite progress: tests succeeded: 5, failed: 1, skipped: 1.
[pool-2-thread-1] Test testGet(org.jclouds.trmk.vcloudexpress.compute.TerremarkVCloudExpressComputeServiceLiveTest) skipped.
Test suite progress: tests succeeded: 5, failed: 1, skipped: 2.
Starting test testGetAssignableLocations(org.jclouds.trmk.vcloudexpress.compute.TerremarkVCloudExpressComputeServiceLiveTest)
Oct 16, 2011 4:09:52 AM org.jclouds.compute.BaseComputeServiceLiveTest testGetAssignableLocations
WARNING: location [id=https://services.vcloudexpress.terremark.com/api/v0.8a-ext1.6/vdc/32, scope=ZONE, description=Miami Environment 1, parent=https://services.vcloudexpress.terremark.com/api/v0.8a-ext1.6/org/48, iso3166Codes=[], metadata={}]
[pool-2-thread-1] Test testGetAssignableLocations(org.jclouds.trmk.vcloudexpress.compute.TerremarkVCloudExpressComputeServiceLiveTest) succeeded: 1ms
Test suite progress: tests succeeded: 6, failed: 1, skipped: 2.
Starting test testImagesCache(org.jclouds.trmk.vcloudexpress.compute.TerremarkVCloudExpressComputeServiceLiveTest)
[pool-2-thread-1] Test testImagesCache(org.jclouds.trmk.vcloudexpress.compute.TerremarkVCloudExpressComputeServiceLiveTest) succeeded: 0ms
Test suite progress: tests succeeded: 7, failed: 1, skipped: 2.
Starting test testListSizes(org.jclouds.trmk.vcloudexpress.compute.TerremarkVCloudExpressComputeServiceLiveTest)
[pool-2-thread-1] Test testListSizes(org.jclouds.trmk.vcloudexpress.compute.TerremarkVCloudExpressComputeServiceLiveTest) succeeded: 0ms
Test suite progress: tests succeeded: 8, failed: 1, skipped: 2.
Starting test testOptionToNotBlock(org.jclouds.trmk.vcloudexpress.compute.TerremarkVCloudExpressComputeServiceLiveTest)
[pool-2-thread-1] Test testOptionToNotBlock(org.jclouds.trmk.vcloudexpress.compute.TerremarkVCloudExpressComputeServiceLiveTest) succeeded: 156762ms
Test suite progress: tests succeeded: 9, failed: 1, skipped: 2.
[pool-2-thread-1] Test testReboot(org.jclouds.trmk.vcloudexpress.compute.TerremarkVCloudExpressComputeServiceLiveTest) skipped.
Test suite progress: tests succeeded: 9, failed: 1, skipped: 3.
[pool-2-thread-1] Test testSuspendResume(org.jclouds.trmk.vcloudexpress.compute.TerremarkVCloudExpressComputeServiceLiveTest) skipped.
Test suite progress: tests succeeded: 9, failed: 1, skipped: 4.
[pool-2-thread-1] Test testGetNodesWithDetails(org.jclouds.trmk.vcloudexpress.compute.TerremarkVCloudExpressComputeServiceLiveTest) skipped.
Test suite progress: tests succeeded: 9, failed: 1, skipped: 5.
Starting test testTemplateMatch(org.jclouds.trmk.vcloudexpress.compute.TerremarkVCloudExpressComputeServiceLiveTest)
[pool-2-thread-1] Test testTemplateMatch(org.jclouds.trmk.vcloudexpress.compute.TerremarkVCloudExpressComputeServiceLiveTest) succeeded: 9ms
Test suite progress: tests succeeded: 10, failed: 1, skipped: 5.
Starting test setServiceDefaults(org.jclouds.trmk.vcloudexpress.compute.TerremarkVCloudExpressComputeServiceLiveTest)
[pool-2-thread-1] Test setServiceDefaults(org.jclouds.trmk.vcloudexpress.compute.TerremarkVCloudExpressComputeServiceLiveTest) succeeded: 0ms
Test suite progress: tests succeeded: 11, failed: 1, skipped: 5.
Starting test testDestroyNodes(org.jclouds.trmk.vcloudexpress.compute.TerremarkVCloudExpressComputeServiceLiveTest)
[pool-2-thread-1] Test testDestroyNodes(org.jclouds.trmk.vcloudexpress.compute.TerremarkVCloudExpressComputeServiceLiveTest) succeeded: 33442ms
Test suite progress: tests succeeded: 12, failed: 1, skipped: 5.
Starting test testListImages(org.jclouds.trmk.vcloudexpress.compute.TerremarkVCloudExpressComputeServiceLiveTest)
[pool-2-thread-1] Test testListImages(org.jclouds.trmk.vcloudexpress.compute.TerremarkVCloudExpressComputeServiceLiveTest) succeeded: 1ms
Test suite progress: tests succeeded: 13, failed: 1, skipped: 5.
Starting test testListNodes(org.jclouds.trmk.vcloudexpress.compute.TerremarkVCloudExpressComputeServiceLiveTest)
[id=https://services.vcloudexpress.terremark.com/api/v0.8a-ext1.6/vapp/409637, providerId=https://services.vcloudexpress.terremark.com/api/v0.8a-ext1.6/vapp/409637, name=vcx--a1c, processors=[[cores=1.0, speed=1.0]], ram=512, volumes=[[id=0, type=LOCAL, size=4.0, device=null, durable=true, isBootDevice=true]], supportsImage=idEquals(https://services.vcloudexpress.terremark.com/api/v0.8a-ext1.6/vapp/409637), tags=[]]
[id=https://services.vcloudexpress.terremark.com/api/v0.8a-ext1.6/vapp/409643, providerId=https://services.vcloudexpress.terremark.com/api/v0.8a-ext1.6/vapp/409643, name=vcx--d6d, processors=[[cores=1.0, speed=1.0]], ram=512, volumes=[[id=0, type=LOCAL, size=4.0, device=null, durable=true, isBootDevice=true]], supportsImage=idEquals(https://services.vcloudexpress.terremark.com/api/v0.8a-ext1.6/vapp/409643), tags=[]]
[id=https://services.vcloudexpress.terremark.com/api/v0.8a-ext1.6/vapp/409639, providerId=https://services.vcloudexpress.terremark.com/api/v0.8a-ext1.6/vapp/409639, name=vcx--980, processors=[[cores=1.0, speed=1.0]], ram=512, volumes=[[id=0, type=LOCAL, size=4.0, device=null, durable=true, isBootDevice=true]], supportsImage=idEquals(https://services.vcloudexpress.terremark.com/api/v0.8a-ext1.6/vapp/409639), tags=[]]
[pool-2-thread-1] Test testListNodes(org.jclouds.trmk.vcloudexpress.compute.TerremarkVCloudExpressComputeServiceLiveTest) succeeded: 15529ms
Test suite progress: tests succeeded: 14, failed: 1, skipped: 5.
Starting test testCorrectExceptionRunningNodesNotFound(org.jclouds.trmk.vcloudexpress.compute.TerremarkVCloudExpressComputeServiceLiveTest)
[pool-2-thread-1] Test testCorrectExceptionRunningNodesNotFound(org.jclouds.trmk.vcloudexpress.compute.TerremarkVCloudExpressComputeServiceLiveTest) succeeded: 11325ms
Test suite progress: tests succeeded: 15, failed: 1, skipped: 5.
Starting test testGetAllInternetServices(org.jclouds.trmk.vcloudexpress.InternetServiceLiveTest)
[pool-2-thread-1] Test testGetAllInternetServices(org.jclouds.trmk.vcloudexpress.InternetServiceLiveTest) succeeded: 3650ms
Test suite progress: tests succeeded: 16, failed: 1, skipped: 5.
Starting test testGetAllPublicIps(org.jclouds.trmk.vcloudexpress.InternetServiceLiveTest)
[pool-2-thread-1] Test testGetAllPublicIps(org.jclouds.trmk.vcloudexpress.InternetServiceLiveTest) succeeded: 29178ms
Test suite progress: tests succeeded: 17, failed: 1, skipped: 5.
Starting test testDefaultTemplateBuilder(org.jclouds.trmk.vcloudexpress.compute.TerremarkVCloudExpressTemplateBuilderLiveTest)
[pool-2-thread-1] Test testDefaultTemplateBuilder(org.jclouds.trmk.vcloudexpress.compute.TerremarkVCloudExpressTemplateBuilderLiveTest) succeeded: 5724ms
Test suite progress: tests succeeded: 18, failed: 1, skipped: 5.
Starting test testTemplateBuilderCannotFind(org.jclouds.trmk.vcloudexpress.compute.TerremarkVCloudExpressTemplateBuilderLiveTest)
[pool-2-thread-1] Test testTemplateBuilderCannotFind(org.jclouds.trmk.vcloudexpress.compute.TerremarkVCloudExpressTemplateBuilderLiveTest) succeeded: 1ms
Test suite progress: tests succeeded: 19, failed: 1, skipped: 5.
Starting test testTemplateBuilderCannotFind(org.jclouds.trmk.vcloudexpress.compute.TerremarkVCloudExpressTemplateBuilderLiveTest)
[pool-2-thread-1] Test testTemplateBuilderCannotFind(org.jclouds.trmk.vcloudexpress.compute.TerremarkVCloudExpressTemplateBuilderLiveTest) succeeded: 0ms
Test suite progress: tests succeeded: 20, failed: 1, skipped: 5.
Starting test testTemplateBuilderCannotFind(org.jclouds.trmk.vcloudexpress.compute.TerremarkVCloudExpressTemplateBuilderLiveTest)
[pool-2-thread-1] Test testTemplateBuilderCannotFind(org.jclouds.trmk.vcloudexpress.compute.TerremarkVCloudExpressTemplateBuilderLiveTest) succeeded: 0ms
Test suite progress: tests succeeded: 21, failed: 1, skipped: 5.
Starting test testTemplateBuilderCannotFind(org.jclouds.trmk.vcloudexpress.compute.TerremarkVCloudExpressTemplateBuilderLiveTest)
[pool-2-thread-1] Test testTemplateBuilderCannotFind(org.jclouds.trmk.vcloudexpress.compute.TerremarkVCloudExpressTemplateBuilderLiveTest) succeeded: 2ms
Test suite progress: tests succeeded: 22, failed: 1, skipped: 5.
Starting test testTemplateBuilderCannotFind(org.jclouds.trmk.vcloudexpress.compute.TerremarkVCloudExpressTemplateBuilderLiveTest)
[pool-2-thread-1] Test testTemplateBuilderCannotFind(org.jclouds.trmk.vcloudexpress.compute.TerremarkVCloudExpressTemplateBuilderLiveTest) succeeded: 1ms
Test suite progress: tests succeeded: 23, failed: 1, skipped: 5.
Starting test testTemplateBuilderCannotFind(org.jclouds.trmk.vcloudexpress.compute.TerremarkVCloudExpressTemplateBuilderLiveTest)
[pool-2-thread-1] Test testTemplateBuilderCannotFind(org.jclouds.trmk.vcloudexpress.compute.TerremarkVCloudExpressTemplateBuilderLiveTest) succeeded: 1ms
Test suite progress: tests succeeded: 24, failed: 1, skipped: 5.
Starting test testTemplateBuilderCannotFind(org.jclouds.trmk.vcloudexpress.compute.TerremarkVCloudExpressTemplateBuilderLiveTest)
[pool-2-thread-1] Test testTemplateBuilderCannotFind(org.jclouds.trmk.vcloudexpress.compute.TerremarkVCloudExpressTemplateBuilderLiveTest) succeeded: 1ms
Test suite progress: tests succeeded: 25, failed: 1, skipped: 5.
Starting test testTemplateBuilderCannotFind(org.jclouds.trmk.vcloudexpress.compute.TerremarkVCloudExpressTemplateBuilderLiveTest)
[pool-2-thread-1] Test testTemplateBuilderCannotFind(org.jclouds.trmk.vcloudexpress.compute.TerremarkVCloudExpressTemplateBuilderLiveTest) succeeded: 0ms
Test suite progress: tests succeeded: 26, failed: 1, skipped: 5.
Starting test testTemplateBuilderCannotFind(org.jclouds.trmk.vcloudexpress.compute.TerremarkVCloudExpressTemplateBuilderLiveTest)
[pool-2-thread-1] Test testTemplateBuilderCannotFind(org.jclouds.trmk.vcloudexpress.compute.TerremarkVCloudExpressTemplateBuilderLiveTest) succeeded: 0ms
Test suite progress: tests succeeded: 27, failed: 1, skipped: 5.
Starting test testTemplateBuilderCannotFind(org.jclouds.trmk.vcloudexpress.compute.TerremarkVCloudExpressTemplateBuilderLiveTest)
[pool-2-thread-1] Test testTemplateBuilderCannotFind(org.jclouds.trmk.vcloudexpress.compute.TerremarkVCloudExpressTemplateBuilderLiveTest) succeeded: 1ms
Test suite progress: tests succeeded: 28, failed: 1, skipped: 5.
Starting test testTemplateBuilderCannotFind(org.jclouds.trmk.vcloudexpress.compute.TerremarkVCloudExpressTemplateBuilderLiveTest)
[pool-2-thread-1] Test testTemplateBuilderCannotFind(org.jclouds.trmk.vcloudexpress.compute.TerremarkVCloudExpressTemplateBuilderLiveTest) succeeded: 0ms
Test suite progress: tests succeeded: 29, failed: 1, skipped: 5.
Starting test testTemplateBuilderCannotFind(org.jclouds.trmk.vcloudexpress.compute.TerremarkVCloudExpressTemplateBuilderLiveTest)
[pool-2-thread-1] Test testTemplateBuilderCannotFind(org.jclouds.trmk.vcloudexpress.compute.TerremarkVCloudExpressTemplateBuilderLiveTest) succeeded: 1ms
Test suite progress: tests succeeded: 30, failed: 1, skipped: 5.
Starting test testTemplateBuilderCannotFind(org.jclouds.trmk.vcloudexpress.compute.TerremarkVCloudExpressTemplateBuilderLiveTest)
[pool-2-thread-1] Test testTemplateBuilderCannotFind(org.jclouds.trmk.vcloudexpress.compute.TerremarkVCloudExpressTemplateBuilderLiveTest) succeeded: 1ms
Test suite progress: tests succeeded: 31, failed: 1, skipped: 5.
Starting test testTemplateBuilderCannotFind(org.jclouds.trmk.vcloudexpress.compute.TerremarkVCloudExpressTemplateBuilderLiveTest)
[pool-2-thread-1] Test testTemplateBuilderCannotFind(org.jclouds.trmk.vcloudexpress.compute.TerremarkVCloudExpressTemplateBuilderLiveTest) succeeded: 1ms
Test suite progress: tests succeeded: 32, failed: 1, skipped: 5.
Starting test testTemplateBuilderCannotFind(org.jclouds.trmk.vcloudexpress.compute.TerremarkVCloudExpressTemplateBuilderLiveTest)
[pool-2-thread-1] Test testTemplateBuilderCannotFind(org.jclouds.trmk.vcloudexpress.compute.TerremarkVCloudExpressTemplateBuilderLiveTest) succeeded: 1ms
Test suite progress: tests succeeded: 33, failed: 1, skipped: 5.
Starting test testTemplateBuilderCannotFind(org.jclouds.trmk.vcloudexpress.compute.TerremarkVCloudExpressTemplateBuilderLiveTest)
[pool-2-thread-1] Test testTemplateBuilderCannotFind(org.jclouds.trmk.vcloudexpress.compute.TerremarkVCloudExpressTemplateBuilderLiveTest) succeeded: 2ms
Test suite progress: tests succeeded: 34, failed: 1, skipped: 5.
Starting test testTemplateBuilderCannotFind(org.jclouds.trmk.vcloudexpress.compute.TerremarkVCloudExpressTemplateBuilderLiveTest)
[pool-2-thread-1] Test testTemplateBuilderCannotFind(org.jclouds.trmk.vcloudexpress.compute.TerremarkVCloudExpressTemplateBuilderLiveTest) succeeded: 0ms
Test suite progress: tests succeeded: 35, failed: 1, skipped: 5.
Starting test testTemplateBuilderCannotFind(org.jclouds.trmk.vcloudexpress.compute.TerremarkVCloudExpressTemplateBuilderLiveTest)
[pool-2-thread-1] Test testTemplateBuilderCannotFind(org.jclouds.trmk.vcloudexpress.compute.TerremarkVCloudExpressTemplateBuilderLiveTest) succeeded: 1ms
Test suite progress: tests succeeded: 36, failed: 1, skipped: 5.
Starting test testTemplateBuilderCannotFind(org.jclouds.trmk.vcloudexpress.compute.TerremarkVCloudExpressTemplateBuilderLiveTest)
[pool-2-thread-1] Test testTemplateBuilderCannotFind(org.jclouds.trmk.vcloudexpress.compute.TerremarkVCloudExpressTemplateBuilderLiveTest) succeeded: 1ms
Test suite progress: tests succeeded: 37, failed: 1, skipped: 5.
Starting test testTemplateBuilderCannotFind(org.jclouds.trmk.vcloudexpress.compute.TerremarkVCloudExpressTemplateBuilderLiveTest)
[pool-2-thread-1] Test testTemplateBuilderCannotFind(org.jclouds.trmk.vcloudexpress.compute.TerremarkVCloudExpressTemplateBuilderLiveTest) succeeded: 1ms
Test suite progress: tests succeeded: 38, failed: 1, skipped: 5.
Starting test testTemplateBuilderCannotFind(org.jclouds.trmk.vcloudexpress.compute.TerremarkVCloudExpressTemplateBuilderLiveTest)
[pool-2-thread-1] Test testTemplateBuilderCannotFind(org.jclouds.trmk.vcloudexpress.compute.TerremarkVCloudExpressTemplateBuilderLiveTest) succeeded: 0ms
Test suite progress: tests succeeded: 39, failed: 1, skipped: 5.
Starting test testTemplateBuilderCannotFind(org.jclouds.trmk.vcloudexpress.compute.TerremarkVCloudExpressTemplateBuilderLiveTest)
[pool-2-thread-1] Test testTemplateBuilderCannotFind(org.jclouds.trmk.vcloudexpress.compute.TerremarkVCloudExpressTemplateBuilderLiveTest) succeeded: 1ms
Test suite progress: tests succeeded: 40, failed: 1, skipped: 5.
Starting test testTemplateBuilderCannotFind(org.jclouds.trmk.vcloudexpress.compute.TerremarkVCloudExpressTemplateBuilderLiveTest)
[pool-2-thread-1] Test testTemplateBuilderCannotFind(org.jclouds.trmk.vcloudexpress.compute.TerremarkVCloudExpressTemplateBuilderLiveTest) succeeded: 0ms
Test suite progress: tests succeeded: 41, failed: 1, skipped: 5.
Starting test testTemplateBuilderCannotFind(org.jclouds.trmk.vcloudexpress.compute.TerremarkVCloudExpressTemplateBuilderLiveTest)
[pool-2-thread-1] Test testTemplateBuilderCannotFind(org.jclouds.trmk.vcloudexpress.compute.TerremarkVCloudExpressTemplateBuilderLiveTest) succeeded: 1ms
Test suite progress: tests succeeded: 42, failed: 1, skipped: 5.
Starting test testTemplateBuilderCannotFind(org.jclouds.trmk.vcloudexpress.compute.TerremarkVCloudExpressTemplateBuilderLiveTest)
[pool-2-thread-1] Test testTemplateBuilderCannotFind(org.jclouds.trmk.vcloudexpress.compute.TerremarkVCloudExpressTemplateBuilderLiveTest) succeeded: 1ms
Test suite progress: tests succeeded: 43, failed: 1, skipped: 5.
Starting test testTemplateBuilderCannotFind(org.jclouds.trmk.vcloudexpress.compute.TerremarkVCloudExpressTemplateBuilderLiveTest)
[pool-2-thread-1] Test testTemplateBuilderCannotFind(org.jclouds.trmk.vcloudexpress.compute.TerremarkVCloudExpressTemplateBuilderLiveTest) succeeded: 0ms
Test suite progress: tests succeeded: 44, failed: 1, skipped: 5.
Starting test testTemplateBuilderCannotFind(org.jclouds.trmk.vcloudexpress.compute.TerremarkVCloudExpressTemplateBuilderLiveTest)
[pool-2-thread-1] Test testTemplateBuilderCannotFind(org.jclouds.trmk.vcloudexpress.compute.TerremarkVCloudExpressTemplateBuilderLiveTest) succeeded: 1ms
Test suite progress: tests succeeded: 45, failed: 1, skipped: 5.
Starting test testTemplateBuilderCannotFind(org.jclouds.trmk.vcloudexpress.compute.TerremarkVCloudExpressTemplateBuilderLiveTest)
[pool-2-thread-1] Test testTemplateBuilderCannotFind(org.jclouds.trmk.vcloudexpress.compute.TerremarkVCloudExpressTemplateBuilderLiveTest) succeeded: 1ms
Test suite progress: tests succeeded: 46, failed: 1, skipped: 5.
Starting test testTemplateBuilderCannotFind(org.jclouds.trmk.vcloudexpress.compute.TerremarkVCloudExpressTemplateBuilderLiveTest)
[pool-2-thread-1] Test testTemplateBuilderCannotFind(org.jclouds.trmk.vcloudexpress.compute.TerremarkVCloudExpressTemplateBuilderLiveTest) succeeded: 0ms
Test suite progress: tests succeeded: 47, failed: 1, skipped: 5.
Starting test testTemplateBuilderCannotFind(org.jclouds.trmk.vcloudexpress.compute.TerremarkVCloudExpressTemplateBuilderLiveTest)
[pool-2-thread-1] Test testTemplateBuilderCannotFind(org.jclouds.trmk.vcloudexpress.compute.TerremarkVCloudExpressTemplateBuilderLiveTest) succeeded: 1ms
Test suite progress: tests succeeded: 48, failed: 1, skipped: 5.
Starting test testTemplateBuilderCannotFind(org.jclouds.trmk.vcloudexpress.compute.TerremarkVCloudExpressTemplateBuilderLiveTest)
[pool-2-thread-1] Test testTemplateBuilderCannotFind(org.jclouds.trmk.vcloudexpress.compute.TerremarkVCloudExpressTemplateBuilderLiveTest) succeeded: 10ms
Test suite progress: tests succeeded: 49, failed: 1, skipped: 5.
Starting test testTemplateBuilderCannotFind(org.jclouds.trmk.vcloudexpress.compute.TerremarkVCloudExpressTemplateBuilderLiveTest)
[pool-2-thread-1] Test testTemplateBuilderCannotFind(org.jclouds.trmk.vcloudexpress.compute.TerremarkVCloudExpressTemplateBuilderLiveTest) succeeded: 1ms
Test suite progress: tests succeeded: 50, failed: 1, skipped: 5.
Starting test testTemplateBuilderCannotFind(org.jclouds.trmk.vcloudexpress.compute.TerremarkVCloudExpressTemplateBuilderLiveTest)
[pool-2-thread-1] Test testTemplateBuilderCannotFind(org.jclouds.trmk.vcloudexpress.compute.TerremarkVCloudExpressTemplateBuilderLiveTest) succeeded: 0ms
Test suite progress: tests succeeded: 51, failed: 1, skipped: 5.
Starting test testTemplateBuilderCannotFind(org.jclouds.trmk.vcloudexpress.compute.TerremarkVCloudExpressTemplateBuilderLiveTest)
[pool-2-thread-1] Test testTemplateBuilderCannotFind(org.jclouds.trmk.vcloudexpress.compute.TerremarkVCloudExpressTemplateBuilderLiveTest) succeeded: 0ms
Test suite progress: tests succeeded: 52, failed: 1, skipped: 5.
Starting test testTemplateBuilderCannotFind(org.jclouds.trmk.vcloudexpress.compute.TerremarkVCloudExpressTemplateBuilderLiveTest)
[pool-2-thread-1] Test testTemplateBuilderCannotFind(org.jclouds.trmk.vcloudexpress.compute.TerremarkVCloudExpressTemplateBuilderLiveTest) succeeded: 1ms
Test suite progress: tests succeeded: 53, failed: 1, skipped: 5.
Starting test testTemplateBuilderCannotFind(org.jclouds.trmk.vcloudexpress.compute.TerremarkVCloudExpressTemplateBuilderLiveTest)
[pool-2-thread-1] Test testTemplateBuilderCannotFind(org.jclouds.trmk.vcloudexpress.compute.TerremarkVCloudExpressTemplateBuilderLiveTest) succeeded: 0ms
Test suite progress: tests succeeded: 54, failed: 1, skipped: 5.
Starting test testTemplateBuilderCannotFind(org.jclouds.trmk.vcloudexpress.compute.TerremarkVCloudExpressTemplateBuilderLiveTest)
[pool-2-thread-1] Test testTemplateBuilderCannotFind(org.jclouds.trmk.vcloudexpress.compute.TerremarkVCloudExpressTemplateBuilderLiveTest) succeeded: 1ms
Test suite progress: tests succeeded: 55, failed: 1, skipped: 5.
Starting test testTemplateBuilderCannotFind(org.jclouds.trmk.vcloudexpress.compute.TerremarkVCloudExpressTemplateBuilderLiveTest)
[pool-2-thread-1] Test testTemplateBuilderCannotFind(org.jclouds.trmk.vcloudexpress.compute.TerremarkVCloudExpressTemplateBuilderLiveTest) succeeded: 0ms
Test suite progress: tests succeeded: 56, failed: 1, skipped: 5.
Starting test testTemplateBuilderCannotFind(org.jclouds.trmk.vcloudexpress.compute.TerremarkVCloudExpressTemplateBuilderLiveTest)
[pool-2-thread-1] Test testTemplateBuilderCannotFind(org.jclouds.trmk.vcloudexpress.compute.TerremarkVCloudExpressTemplateBuilderLiveTest) succeeded: 0ms
Test suite progress: tests succeeded: 57, failed: 1, skipped: 5.
Starting test testTemplateBuilderCannotFind(org.jclouds.trmk.vcloudexpress.compute.TerremarkVCloudExpressTemplateBuilderLiveTest)
[pool-2-thread-1] Test testTemplateBuilderCannotFind(org.jclouds.trmk.vcloudexpress.compute.TerremarkVCloudExpressTemplateBuilderLiveTest) succeeded: 1ms
Test suite progress: tests succeeded: 58, failed: 1, skipped: 5.
Starting test testTemplateBuilderCannotFind(org.jclouds.trmk.vcloudexpress.compute.TerremarkVCloudExpressTemplateBuilderLiveTest)
[pool-2-thread-1] Test testTemplateBuilderCannotFind(org.jclouds.trmk.vcloudexpress.compute.TerremarkVCloudExpressTemplateBuilderLiveTest) succeeded: 0ms
Test suite progress: tests succeeded: 59, failed: 1, skipped: 5.
Starting test testTemplateBuilderCannotFind(org.jclouds.trmk.vcloudexpress.compute.TerremarkVCloudExpressTemplateBuilderLiveTest)
[pool-2-thread-1] Test testTemplateBuilderCannotFind(org.jclouds.trmk.vcloudexpress.compute.TerremarkVCloudExpressTemplateBuilderLiveTest) succeeded: 0ms
Test suite progress: tests succeeded: 60, failed: 1, skipped: 5.
Starting test testTemplateBuilderCannotFind(org.jclouds.trmk.vcloudexpress.compute.TerremarkVCloudExpressTemplateBuilderLiveTest)
[pool-2-thread-1] Test testTemplateBuilderCannotFind(org.jclouds.trmk.vcloudexpress.compute.TerremarkVCloudExpressTemplateBuilderLiveTest) succeeded: 1ms
Test suite progress: tests succeeded: 61, failed: 1, skipped: 5.
Starting test testTemplateBuilderCannotFind(org.jclouds.trmk.vcloudexpress.compute.TerremarkVCloudExpressTemplateBuilderLiveTest)
[pool-2-thread-1] Test testTemplateBuilderCannotFind(org.jclouds.trmk.vcloudexpress.compute.TerremarkVCloudExpressTemplateBuilderLiveTest) succeeded: 1ms
Test suite progress: tests succeeded: 62, failed: 1, skipped: 5.
Starting test testTemplateBuilderCannotFind(org.jclouds.trmk.vcloudexpress.compute.TerremarkVCloudExpressTemplateBuilderLiveTest)
[pool-2-thread-1] Test testTemplateBuilderCannotFind(org.jclouds.trmk.vcloudexpress.compute.TerremarkVCloudExpressTemplateBuilderLiveTest) succeeded: 0ms
Test suite progress: tests succeeded: 63, failed: 1, skipped: 5.
Starting test testTemplateBuilderCannotFind(org.jclouds.trmk.vcloudexpress.compute.TerremarkVCloudExpressTemplateBuilderLiveTest)
[pool-2-thread-1] Test testTemplateBuilderCannotFind(org.jclouds.trmk.vcloudexpress.compute.TerremarkVCloudExpressTemplateBuilderLiveTest) succeeded: 1ms
Test suite progress: tests succeeded: 64, failed: 1, skipped: 5.
Starting test testTemplateBuilderCannotFind(org.jclouds.trmk.vcloudexpress.compute.TerremarkVCloudExpressTemplateBuilderLiveTest)
[pool-2-thread-1] Test testTemplateBuilderCannotFind(org.jclouds.trmk.vcloudexpress.compute.TerremarkVCloudExpressTemplateBuilderLiveTest) succeeded: 1ms
Test suite progress: tests succeeded: 65, failed: 1, skipped: 5.
Starting test testTemplateBuilderCannotFind(org.jclouds.trmk.vcloudexpress.compute.TerremarkVCloudExpressTemplateBuilderLiveTest)
[pool-2-thread-1] Test testTemplateBuilderCannotFind(org.jclouds.trmk.vcloudexpress.compute.TerremarkVCloudExpressTemplateBuilderLiveTest) succeeded: 1ms
Test suite progress: tests succeeded: 66, failed: 1, skipped: 5.
Starting test testTemplateBuilderCannotFind(org.jclouds.trmk.vcloudexpress.compute.TerremarkVCloudExpressTemplateBuilderLiveTest)
[pool-2-thread-1] Test testTemplateBuilderCannotFind(org.jclouds.trmk.vcloudexpress.compute.TerremarkVCloudExpressTemplateBuilderLiveTest) succeeded: 0ms
Test suite progress: tests succeeded: 67, failed: 1, skipped: 5.
Starting test testTemplateBuilderCannotFind(org.jclouds.trmk.vcloudexpress.compute.TerremarkVCloudExpressTemplateBuilderLiveTest)
[pool-2-thread-1] Test testTemplateBuilderCannotFind(org.jclouds.trmk.vcloudexpress.compute.TerremarkVCloudExpressTemplateBuilderLiveTest) succeeded: 0ms
Test suite progress: tests succeeded: 68, failed: 1, skipped: 5.
Starting test testTemplateBuilderCannotFind(org.jclouds.trmk.vcloudexpress.compute.TerremarkVCloudExpressTemplateBuilderLiveTest)
[pool-2-thread-1] Test testTemplateBuilderCannotFind(org.jclouds.trmk.vcloudexpress.compute.TerremarkVCloudExpressTemplateBuilderLiveTest) succeeded: 1ms
Test suite progress: tests succeeded: 69, failed: 1, skipped: 5.
Starting test testTemplateBuilderCannotFind(org.jclouds.trmk.vcloudexpress.compute.TerremarkVCloudExpressTemplateBuilderLiveTest)
[pool-2-thread-1] Test testTemplateBuilderCannotFind(org.jclouds.trmk.vcloudexpress.compute.TerremarkVCloudExpressTemplateBuilderLiveTest) succeeded: 1ms
Test suite progress: tests succeeded: 70, failed: 1, skipped: 5.
Starting test testTemplateBuilderCannotFind(org.jclouds.trmk.vcloudexpress.compute.TerremarkVCloudExpressTemplateBuilderLiveTest)
[pool-2-thread-1] Test testTemplateBuilderCannotFind(org.jclouds.trmk.vcloudexpress.compute.TerremarkVCloudExpressTemplateBuilderLiveTest) succeeded: 0ms
Test suite progress: tests succeeded: 71, failed: 1, skipped: 5.
Starting test testTemplateBuilderCannotFind(org.jclouds.trmk.vcloudexpress.compute.TerremarkVCloudExpressTemplateBuilderLiveTest)
[pool-2-thread-1] Test testTemplateBuilderCannotFind(org.jclouds.trmk.vcloudexpress.compute.TerremarkVCloudExpressTemplateBuilderLiveTest) succeeded: 1ms
Test suite progress: tests succeeded: 72, failed: 1, skipped: 5.
Starting test testTemplateBuilderCannotFind(org.jclouds.trmk.vcloudexpress.compute.TerremarkVCloudExpressTemplateBuilderLiveTest)
[pool-2-thread-1] Test testTemplateBuilderCannotFind(org.jclouds.trmk.vcloudexpress.compute.TerremarkVCloudExpressTemplateBuilderLiveTest) succeeded: 0ms
Test suite progress: tests succeeded: 73, failed: 1, skipped: 5.
Starting test testTemplateBuilderCannotFind(org.jclouds.trmk.vcloudexpress.compute.TerremarkVCloudExpressTemplateBuilderLiveTest)
[pool-2-thread-1] Test testTemplateBuilderCannotFind(org.jclouds.trmk.vcloudexpress.compute.TerremarkVCloudExpressTemplateBuilderLiveTest) succeeded: 0ms
Test suite progress: tests succeeded: 74, failed: 1, skipped: 5.
Starting test testTemplateBuilderCannotFind(org.jclouds.trmk.vcloudexpress.compute.TerremarkVCloudExpressTemplateBuilderLiveTest)
[pool-2-thread-1] Test testTemplateBuilderCannotFind(org.jclouds.trmk.vcloudexpress.compute.TerremarkVCloudExpressTemplateBuilderLiveTest) succeeded: 1ms
Test suite progress: tests succeeded: 75, failed: 1, skipped: 5.
Starting test testTemplateBuilderCannotFind(org.jclouds.trmk.vcloudexpress.compute.TerremarkVCloudExpressTemplateBuilderLiveTest)
[pool-2-thread-1] Test testTemplateBuilderCannotFind(org.jclouds.trmk.vcloudexpress.compute.TerremarkVCloudExpressTemplateBuilderLiveTest) succeeded: 0ms
Test suite progress: tests succeeded: 76, failed: 1, skipped: 5.
Starting test testTemplateBuilderCannotFind(org.jclouds.trmk.vcloudexpress.compute.TerremarkVCloudExpressTemplateBuilderLiveTest)
[pool-2-thread-1] Test testTemplateBuilderCannotFind(org.jclouds.trmk.vcloudexpress.compute.TerremarkVCloudExpressTemplateBuilderLiveTest) succeeded: 1ms
Test suite progress: tests succeeded: 77, failed: 1, skipped: 5.
Starting test testTemplateBuilderCannotFind(org.jclouds.trmk.vcloudexpress.compute.TerremarkVCloudExpressTemplateBuilderLiveTest)
[pool-2-thread-1] Test testTemplateBuilderCannotFind(org.jclouds.trmk.vcloudexpress.compute.TerremarkVCloudExpressTemplateBuilderLiveTest) succeeded: 0ms
Test suite progress: tests succeeded: 78, failed: 1, skipped: 5.
Starting test testTemplateBuilderCannotFind(org.jclouds.trmk.vcloudexpress.compute.TerremarkVCloudExpressTemplateBuilderLiveTest)
[pool-2-thread-1] Test testTemplateBuilderCannotFind(org.jclouds.trmk.vcloudexpress.compute.TerremarkVCloudExpressTemplateBuilderLiveTest) succeeded: 1ms
Test suite progress: tests succeeded: 79, failed: 1, skipped: 5.
Starting test testTemplateBuilderCannotFind(org.jclouds.trmk.vcloudexpress.compute.TerremarkVCloudExpressTemplateBuilderLiveTest)
[pool-2-thread-1] Test testTemplateBuilderCannotFind(org.jclouds.trmk.vcloudexpress.compute.TerremarkVCloudExpressTemplateBuilderLiveTest) succeeded: 1ms
Test suite progress: tests succeeded: 80, failed: 1, skipped: 5.
Starting test testCompareSizes(org.jclouds.trmk.vcloudexpress.compute.TerremarkVCloudExpressTemplateBuilderLiveTest)
location [id=https://services.vcloudexpress.terremark.com/api/v0.8a-ext1.6/vdc/32, scope=ZONE, description=Miami Environment 1, parent=https://services.vcloudexpress.terremark.com/api/v0.8a-ext1.6/org/48, iso3166Codes=[], metadata={}]
smallest [id=cpu=1,ram=512,disk=10, providerId=cpu=1,ram=512,disk=10, name=null, processors=[[cores=1.0, speed=1.0]], ram=512, volumes=[[id=null, type=LOCAL, size=10.0, device=null, durable=true, isBootDevice=true]], supportsImage=ALWAYS_TRUE, tags=[]]
fastest [id=cpu=8,ram=512,disk=10, providerId=cpu=8,ram=512,disk=10, name=null, processors=[[cores=8.0, speed=1.0]], ram=512, volumes=[[id=null, type=LOCAL, size=10.0, device=null, durable=true, isBootDevice=true]], supportsImage=ALWAYS_TRUE, tags=[]]
biggest [id=cpu=8,ram=16384,disk=10, providerId=cpu=8,ram=16384,disk=10, name=null, processors=[[cores=8.0, speed=1.0]], ram=16384, volumes=[[id=null, type=LOCAL, size=10.0, device=null, durable=true, isBootDevice=true]], supportsImage=ALWAYS_TRUE, tags=[]]
[pool-2-thread-1] Test testCompareSizes(org.jclouds.trmk.vcloudexpress.compute.TerremarkVCloudExpressTemplateBuilderLiveTest) succeeded: 5ms
Test suite progress: tests succeeded: 81, failed: 1, skipped: 5.
Starting test testGetAssignableLocations(org.jclouds.trmk.vcloudexpress.compute.TerremarkVCloudExpressTemplateBuilderLiveTest)
[pool-2-thread-1] Test testGetAssignableLocations(org.jclouds.trmk.vcloudexpress.compute.TerremarkVCloudExpressTemplateBuilderLiveTest) succeeded: 1ms
Test suite progress: tests succeeded: 82, failed: 1, skipped: 5.
Starting test testTemplateBuilderCanUseImageId(org.jclouds.trmk.vcloudexpress.compute.TerremarkVCloudExpressTemplateBuilderLiveTest)
[pool-2-thread-1] Test testTemplateBuilderCanUseImageId(org.jclouds.trmk.vcloudexpress.compute.TerremarkVCloudExpressTemplateBuilderLiveTest) succeeded: 2ms
Test suite progress: tests succeeded: 83, failed: 1, skipped: 5.
Starting test testFromTemplate(org.jclouds.trmk.vcloudexpress.compute.TerremarkVCloudExpressTemplateBuilderLiveTest)
[pool-2-thread-1] Test testFromTemplate(org.jclouds.trmk.vcloudexpress.compute.TerremarkVCloudExpressTemplateBuilderLiveTest) succeeded: 3ms
Test suite progress: tests succeeded: 84, failed: 1, skipped: 5.
Starting test testTemplateBuilderCanFind(org.jclouds.trmk.vcloudexpress.compute.TerremarkVCloudExpressTemplateBuilderLiveTest)
[pool-2-thread-1] Test testTemplateBuilderCanFind(org.jclouds.trmk.vcloudexpress.compute.TerremarkVCloudExpressTemplateBuilderLiveTest) succeeded: 1ms
Test suite progress: tests succeeded: 85, failed: 1, skipped: 5.
Starting test testTemplateBuilderCanFind(org.jclouds.trmk.vcloudexpress.compute.TerremarkVCloudExpressTemplateBuilderLiveTest)
[pool-2-thread-1] Test testTemplateBuilderCanFind(org.jclouds.trmk.vcloudexpress.compute.TerremarkVCloudExpressTemplateBuilderLiveTest) succeeded: 1ms
Test suite progress: tests succeeded: 86, failed: 1, skipped: 5.
Starting test testTemplateBuilderCanFind(org.jclouds.trmk.vcloudexpress.compute.TerremarkVCloudExpressTemplateBuilderLiveTest)
[pool-2-thread-1] Test testTemplateBuilderCanFind(org.jclouds.trmk.vcloudexpress.compute.TerremarkVCloudExpressTemplateBuilderLiveTest) succeeded: 1ms
Test suite progress: tests succeeded: 87, failed: 1, skipped: 5.
Starting test testTemplateBuilderCanFind(org.jclouds.trmk.vcloudexpress.compute.TerremarkVCloudExpressTemplateBuilderLiveTest)
[pool-2-thread-1] Test testTemplateBuilderCanFind(org.jclouds.trmk.vcloudexpress.compute.TerremarkVCloudExpressTemplateBuilderLiveTest) succeeded: 3ms
Test suite progress: tests succeeded: 88, failed: 1, skipped: 5.
Starting test testTemplateBuilderCanFind(org.jclouds.trmk.vcloudexpress.compute.TerremarkVCloudExpressTemplateBuilderLiveTest)
[pool-2-thread-1] Test testTemplateBuilderCanFind(org.jclouds.trmk.vcloudexpress.compute.TerremarkVCloudExpressTemplateBuilderLiveTest) succeeded: 1ms
Test suite progress: tests succeeded: 89, failed: 1, skipped: 5.
Starting test testTemplateBuilderCanFind(org.jclouds.trmk.vcloudexpress.compute.TerremarkVCloudExpressTemplateBuilderLiveTest)
[pool-2-thread-1] Test testTemplateBuilderCanFind(org.jclouds.trmk.vcloudexpress.compute.TerremarkVCloudExpressTemplateBuilderLiveTest) succeeded: 1ms
Test suite progress: tests succeeded: 90, failed: 1, skipped: 5.
Starting test testTemplateBuilderCanFind(org.jclouds.trmk.vcloudexpress.compute.TerremarkVCloudExpressTemplateBuilderLiveTest)
[pool-2-thread-1] Test testTemplateBuilderCanFind(org.jclouds.trmk.vcloudexpress.compute.TerremarkVCloudExpressTemplateBuilderLiveTest) succeeded: 1ms
Test suite progress: tests succeeded: 91, failed: 1, skipped: 5.
Starting test testTemplateBuilderCanFind(org.jclouds.trmk.vcloudexpress.compute.TerremarkVCloudExpressTemplateBuilderLiveTest)
[pool-2-thread-1] Test testTemplateBuilderCanFind(org.jclouds.trmk.vcloudexpress.compute.TerremarkVCloudExpressTemplateBuilderLiveTest) succeeded: 3ms
Test suite progress: tests succeeded: 92, failed: 1, skipped: 5.
Starting test testTemplateBuilderCanFind(org.jclouds.trmk.vcloudexpress.compute.TerremarkVCloudExpressTemplateBuilderLiveTest)
[pool-2-thread-1] Test testTemplateBuilderCanFind(org.jclouds.trmk.vcloudexpress.compute.TerremarkVCloudExpressTemplateBuilderLiveTest) succeeded: 2ms
Test suite progress: tests succeeded: 93, failed: 1, skipped: 5.
Starting test testTemplateBuilderCanFind(org.jclouds.trmk.vcloudexpress.compute.TerremarkVCloudExpressTemplateBuilderLiveTest)
[pool-2-thread-1] Test testTemplateBuilderCanFind(org.jclouds.trmk.vcloudexpress.compute.TerremarkVCloudExpressTemplateBuilderLiveTest) succeeded: 3ms
Test suite progress: tests succeeded: 94, failed: 1, skipped: 5.
Starting test testTemplateBuilderCanFind(org.jclouds.trmk.vcloudexpress.compute.TerremarkVCloudExpressTemplateBuilderLiveTest)
[pool-2-thread-1] Test testTemplateBuilderCanFind(org.jclouds.trmk.vcloudexpress.compute.TerremarkVCloudExpressTemplateBuilderLiveTest) succeeded: 1ms
Test suite progress: tests succeeded: 95, failed: 1, skipped: 5.
Starting test testTemplateBuilderCanFind(org.jclouds.trmk.vcloudexpress.compute.TerremarkVCloudExpressTemplateBuilderLiveTest)
[pool-2-thread-1] Test testTemplateBuilderCanFind(org.jclouds.trmk.vcloudexpress.compute.TerremarkVCloudExpressTemplateBuilderLiveTest) succeeded: 1ms
Test suite progress: tests succeeded: 96, failed: 1, skipped: 5.
Starting test testTemplateBuilderCanFind(org.jclouds.trmk.vcloudexpress.compute.TerremarkVCloudExpressTemplateBuilderLiveTest)
[pool-2-thread-1] Test testTemplateBuilderCanFind(org.jclouds.trmk.vcloudexpress.compute.TerremarkVCloudExpressTemplateBuilderLiveTest) succeeded: 1ms
Test suite progress: tests succeeded: 97, failed: 1, skipped: 5.
Starting test testTemplateBuilderCanFind(org.jclouds.trmk.vcloudexpress.compute.TerremarkVCloudExpressTemplateBuilderLiveTest)
[pool-2-thread-1] Test testTemplateBuilderCanFind(org.jclouds.trmk.vcloudexpress.compute.TerremarkVCloudExpressTemplateBuilderLiveTest) succeeded: 1ms
Test suite progress: tests succeeded: 98, failed: 1, skipped: 5.
Starting test testTemplateBuilderCanFind(org.jclouds.trmk.vcloudexpress.compute.TerremarkVCloudExpressTemplateBuilderLiveTest)
[pool-2-thread-1] Test testTemplateBuilderCanFind(org.jclouds.trmk.vcloudexpress.compute.TerremarkVCloudExpressTemplateBuilderLiveTest) succeeded: 10ms
Test suite progress: tests succeeded: 99, failed: 1, skipped: 5.
Starting test testTemplateBuilderCanFind(org.jclouds.trmk.vcloudexpress.compute.TerremarkVCloudExpressTemplateBuilderLiveTest)
[pool-2-thread-1] Test testTemplateBuilderCanFind(org.jclouds.trmk.vcloudexpress.compute.TerremarkVCloudExpressTemplateBuilderLiveTest) succeeded: 2ms
Test suite progress: tests succeeded: 100, failed: 1, skipped: 5.
Starting test testTemplateBuilderCanFind(org.jclouds.trmk.vcloudexpress.compute.TerremarkVCloudExpressTemplateBuilderLiveTest)
[pool-2-thread-1] Test testTemplateBuilderCanFind(org.jclouds.trmk.vcloudexpress.compute.TerremarkVCloudExpressTemplateBuilderLiveTest) succeeded: 1ms
Test suite progress: tests succeeded: 101, failed: 1, skipped: 5.
Starting test testTemplateBuilderCanFind(org.jclouds.trmk.vcloudexpress.compute.TerremarkVCloudExpressTemplateBuilderLiveTest)
[pool-2-thread-1] Test testTemplateBuilderCanFind(org.jclouds.trmk.vcloudexpress.compute.TerremarkVCloudExpressTemplateBuilderLiveTest) succeeded: 1ms
Test suite progress: tests succeeded: 102, failed: 1, skipped: 5.
Starting test testTemplateBuilderCanFind(org.jclouds.trmk.vcloudexpress.compute.TerremarkVCloudExpressTemplateBuilderLiveTest)
[pool-2-thread-1] Test testTemplateBuilderCanFind(org.jclouds.trmk.vcloudexpress.compute.TerremarkVCloudExpressTemplateBuilderLiveTest) succeeded: 1ms
Test suite progress: tests succeeded: 103, failed: 1, skipped: 5.
Starting test testTemplateBuilderCanFind(org.jclouds.trmk.vcloudexpress.compute.TerremarkVCloudExpressTemplateBuilderLiveTest)
[pool-2-thread-1] Test testTemplateBuilderCanFind(org.jclouds.trmk.vcloudexpress.compute.TerremarkVCloudExpressTemplateBuilderLiveTest) succeeded: 1ms
Test suite progress: tests succeeded: 104, failed: 1, skipped: 5.
Starting test testCatalog(org.jclouds.trmk.vcloudexpress.TerremarkVCloudExpressClientLiveTest)
[pool-2-thread-1] Test testCatalog(org.jclouds.trmk.vcloudexpress.TerremarkVCloudExpressClientLiveTest) succeeded: 1978ms
Test suite progress: tests succeeded: 105, failed: 1, skipped: 5.
Starting test testCreateInternetServiceMonitorDisabled(org.jclouds.trmk.vcloudexpress.TerremarkVCloudExpressClientLiveTest)
[pool-2-thread-1] Test testCreateInternetServiceMonitorDisabled(org.jclouds.trmk.vcloudexpress.TerremarkVCloudExpressClientLiveTest) succeeded: 7470ms
Test suite progress: tests succeeded: 106, failed: 1, skipped: 5.
Starting test testDefaultTasksList(org.jclouds.trmk.vcloudexpress.TerremarkVCloudExpressClientLiveTest)
[pool-2-thread-1] Test testDefaultTasksList(org.jclouds.trmk.vcloudexpress.TerremarkVCloudExpressClientLiveTest) succeeded: 13919ms
Test suite progress: tests succeeded: 107, failed: 1, skipped: 5.
Starting test testDefaultVDC(org.jclouds.trmk.vcloudexpress.TerremarkVCloudExpressClientLiveTest)
[pool-2-thread-1] Test testDefaultVDC(org.jclouds.trmk.vcloudexpress.TerremarkVCloudExpressClientLiveTest) succeeded: 2075ms
Test suite progress: tests succeeded: 108, failed: 1, skipped: 5.
Starting test testFindCatalogItem(org.jclouds.trmk.vcloudexpress.TerremarkVCloudExpressClientLiveTest)
[pool-2-thread-1] Test testFindCatalogItem(org.jclouds.trmk.vcloudexpress.TerremarkVCloudExpressClientLiveTest) succeeded: 30868ms
Test suite progress: tests succeeded: 109, failed: 1, skipped: 5.
Starting test testFindVAppTemplate(org.jclouds.trmk.vcloudexpress.TerremarkVCloudExpressClientLiveTest)
[pool-2-thread-1] Test testFindVAppTemplate(org.jclouds.trmk.vcloudexpress.TerremarkVCloudExpressClientLiveTest) succeeded: 73298ms
Test suite progress: tests succeeded: 110, failed: 1, skipped: 5.
Starting test testGetAllInternetServices(org.jclouds.trmk.vcloudexpress.TerremarkVCloudExpressClientLiveTest)
[pool-2-thread-1] Test testGetAllInternetServices(org.jclouds.trmk.vcloudexpress.TerremarkVCloudExpressClientLiveTest) succeeded: 1526ms
Test suite progress: tests succeeded: 111, failed: 1, skipped: 5.
Starting test testGetCatalogItem(org.jclouds.trmk.vcloudexpress.TerremarkVCloudExpressClientLiveTest)
[pool-2-thread-1] Test testGetCatalogItem(org.jclouds.trmk.vcloudexpress.TerremarkVCloudExpressClientLiveTest) succeeded: 13839ms
Test suite progress: tests succeeded: 112, failed: 1, skipped: 5.
Starting test testGetConfigCustomizationOptions(org.jclouds.trmk.vcloudexpress.TerremarkVCloudExpressClientLiveTest)
[pool-2-thread-1] Test testGetConfigCustomizationOptions(org.jclouds.trmk.vcloudexpress.TerremarkVCloudExpressClientLiveTest) succeeded: 44287ms
Test suite progress: tests succeeded: 113, failed: 1, skipped: 5.
Starting test testGetPublicIpsAssociatedWithVDC(org.jclouds.trmk.vcloudexpress.TerremarkVCloudExpressClientLiveTest)
[pool-2-thread-1] Test testGetPublicIpsAssociatedWithVDC(org.jclouds.trmk.vcloudexpress.TerremarkVCloudExpressClientLiveTest) succeeded: 50843ms
Test suite progress: tests succeeded: 114, failed: 1, skipped: 5.
Starting test testGetTask(org.jclouds.trmk.vcloudexpress.TerremarkVCloudExpressClientLiveTest)
[pool-2-thread-1] Test testGetTask(org.jclouds.trmk.vcloudexpress.TerremarkVCloudExpressClientLiveTest) succeeded: 7150ms
Test suite progress: tests succeeded: 115, failed: 1, skipped: 5.
Starting test testGetVApp(org.jclouds.trmk.vcloudexpress.TerremarkVCloudExpressClientLiveTest)
[pool-2-thread-1] Test testGetVApp(org.jclouds.trmk.vcloudexpress.TerremarkVCloudExpressClientLiveTest) succeeded: 3919ms
Test suite progress: tests succeeded: 116, failed: 1, skipped: 5.
Starting test testGetVAppTemplate(org.jclouds.trmk.vcloudexpress.TerremarkVCloudExpressClientLiveTest)
[pool-2-thread-1] Test testGetVAppTemplate(org.jclouds.trmk.vcloudexpress.TerremarkVCloudExpressClientLiveTest) succeeded: 27301ms
Test suite progress: tests succeeded: 117, failed: 1, skipped: 5.
Starting test testGetVDCNetwork(org.jclouds.trmk.vcloudexpress.TerremarkVCloudExpressClientLiveTest)
[pool-2-thread-1] Test testGetVDCNetwork(org.jclouds.trmk.vcloudexpress.TerremarkVCloudExpressClientLiveTest) succeeded: 2856ms
Test suite progress: tests succeeded: 118, failed: 1, skipped: 5.
Starting test testInstantiateAndPowerOn(org.jclouds.trmk.vcloudexpress.TerremarkVCloudExpressClientLiveTest)
1318764244804: done deploying vApp
1318764280388: done powering on vApp
[pool-2-thread-1] Test testInstantiateAndPowerOn(org.jclouds.trmk.vcloudexpress.TerremarkVCloudExpressClientLiveTest) succeeded: 316491ms
Test suite progress: tests succeeded: 119, failed: 1, skipped: 5.
Starting test testAddInternetService(org.jclouds.trmk.vcloudexpress.TerremarkVCloudExpressClientLiveTest)
[pool-2-thread-1] Test testAddInternetService(org.jclouds.trmk.vcloudexpress.TerremarkVCloudExpressClientLiveTest) succeeded: 10566ms
Test suite progress: tests succeeded: 120, failed: 1, skipped: 5.
Starting test testCloneVApp(org.jclouds.trmk.vcloudexpress.TerremarkVCloudExpressClientLiveTest)
1318764304683: done powering off vApp
1318764304683: cloning vApp
1318764390912: done cloning vApp
1318764424330: done powering on vApp
[pool-2-thread-1] Test testCloneVApp(org.jclouds.trmk.vcloudexpress.TerremarkVCloudExpressClientLiveTest) succeeded: 133936ms
Test suite progress: tests succeeded: 121, failed: 1, skipped: 5.
Starting test testKeysList(org.jclouds.trmk.vcloudexpress.TerremarkVCloudExpressClientLiveTest)
[pool-2-thread-1] Test testKeysList(org.jclouds.trmk.vcloudexpress.TerremarkVCloudExpressClientLiveTest) succeeded: 914ms
Test suite progress: tests succeeded: 122, failed: 1, skipped: 5.
Starting test testOrg(org.jclouds.trmk.vcloudexpress.TerremarkVCloudExpressClientLiveTest)
[pool-2-thread-1] Test testOrg(org.jclouds.trmk.vcloudexpress.TerremarkVCloudExpressClientLiveTest) succeeded: 852ms
Test suite progress: tests succeeded: 123, failed: 1, skipped: 5.
Starting test testPropertiesCanOverrideDefaultCatalog(org.jclouds.trmk.vcloudexpress.TerremarkVCloudExpressClientLiveTest)
[pool-2-thread-1] Test testPropertiesCanOverrideDefaultCatalog(org.jclouds.trmk.vcloudexpress.TerremarkVCloudExpressClientLiveTest) succeeded: 2886ms
Test suite progress: tests succeeded: 124, failed: 1, skipped: 5.
Starting test testPropertiesCanOverrideDefaultNetwork(org.jclouds.trmk.vcloudexpress.TerremarkVCloudExpressClientLiveTest)
[pool-2-thread-1] Test testPropertiesCanOverrideDefaultNetwork(org.jclouds.trmk.vcloudexpress.TerremarkVCloudExpressClientLiveTest) succeeded: 4241ms
Test suite progress: tests succeeded: 125, failed: 1, skipped: 5.
Starting test testPropertiesCanOverrideDefaultOrg(org.jclouds.trmk.vcloudexpress.TerremarkVCloudExpressClientLiveTest)
[pool-2-thread-1] Test testPropertiesCanOverrideDefaultOrg(org.jclouds.trmk.vcloudexpress.TerremarkVCloudExpressClientLiveTest) succeeded: 1786ms
Test suite progress: tests succeeded: 126, failed: 1, skipped: 5.
Starting test testPropertiesCanOverrideDefaultTasksList(org.jclouds.trmk.vcloudexpress.TerremarkVCloudExpressClientLiveTest)
[pool-2-thread-1] Test testPropertiesCanOverrideDefaultTasksList(org.jclouds.trmk.vcloudexpress.TerremarkVCloudExpressClientLiveTest) succeeded: 14398ms
Test suite progress: tests succeeded: 127, failed: 1, skipped: 5.
Starting test testPropertiesCanOverrideDefaultVDC(org.jclouds.trmk.vcloudexpress.TerremarkVCloudExpressClientLiveTest)
[pool-2-thread-1] Test testPropertiesCanOverrideDefaultVDC(org.jclouds.trmk.vcloudexpress.TerremarkVCloudExpressClientLiveTest) succeeded: 3419ms
Test suite progress: tests succeeded: 128, failed: 1, skipped: 5.
Starting test testPublicIp(org.jclouds.trmk.vcloudexpress.TerremarkVCloudExpressClientLiveTest)
1318764459432: [address=204.51.124.107, port=22] awaiting ssh service to start
1318764471521: [address=204.51.124.107, port=22] ssh service started
1318764472977: [address=204.51.124.107, port=22] ssh connection made
[output=Filesystem            Size  Used Avail Use% Mounted on
/dev/mapper/ubuntu-root
                      3.5G  791M  2.6G  24% /
udev                  248M  152K  247M   1% /dev
none                  248M     0  248M   0% /dev/shm
none                  248M   36K  248M   1% /var/run
none                  248M     0  248M   0% /var/lock
none                  248M     0  248M   0% /lib/init/rw
/dev/sda5             228M   15M  202M   7% /boot
, error=, exitCode=0]
[output=brw-rw---- 1 root disk 8, 0 2011-10-16 07:26 /dev/sda
brw-rw---- 1 root disk 8, 1 2011-10-16 07:26 /dev/sda1
brw-rw---- 1 root disk 8, 2 2011-10-16 07:26 /dev/sda2
brw-rw---- 1 root disk 8, 5 2011-10-16 07:26 /dev/sda5
, error=, exitCode=0]
[output=[sudo] password for vcloud: 

Disk /dev/sda: 4294 MB, 4294967296 bytes
255 heads, 63 sectors/track, 522 cylinders
Units = cylinders of 16065 * 512 = 8225280 bytes
Disk identifier: 0x00007e9e

   Device Boot      Start         End      Blocks   Id  System
/dev/sda1   *           1         491     3943926   8e  Linux LVM
/dev/sda2             492         522      249007+   5  Extended
/dev/sda5             492         522      248976   83  Linux
, error=, exitCode=0]
[pool-2-thread-1] Test testPublicIp(org.jclouds.trmk.vcloudexpress.TerremarkVCloudExpressClientLiveTest) succeeded: 20443ms
Test suite progress: tests succeeded: 129, failed: 1, skipped: 5.
Starting test testConfigureNode(org.jclouds.trmk.vcloudexpress.TerremarkVCloudExpressClientLiveTest)
[pool-2-thread-1] Test testConfigureNode(org.jclouds.trmk.vcloudexpress.TerremarkVCloudExpressClientLiveTest) succeeded: 486ms
Test suite progress: tests succeeded: 130, failed: 1, skipped: 5.
Starting test testLifeCycle(org.jclouds.trmk.vcloudexpress.TerremarkVCloudExpressClientLiveTest)
[pool-2-thread-1] Test testLifeCycle(org.jclouds.trmk.vcloudexpress.TerremarkVCloudExpressClientLiveTest) succeeded: 56864ms
Test suite progress: tests succeeded: 131, failed: 1, skipped: 5.
Starting test testConfigure(org.jclouds.trmk.vcloudexpress.TerremarkVCloudExpressClientLiveTest)
1318764600929: [address=204.51.124.107, port=22] awaiting ssh service to start
1318764614444: [address=204.51.124.107, port=22] ssh service started
1318764615522: [address=204.51.124.107, port=22] ssh connection made
[output=Filesystem            Size  Used Avail Use% Mounted on
/dev/mapper/ubuntu-root
                      3.5G  791M  2.6G  24% /
udev                  753M  160K  752M   1% /dev
none                  753M     0  753M   0% /dev/shm
none                  753M   36K  752M   1% /var/run
none                  753M     0  753M   0% /var/lock
none                  753M     0  753M   0% /lib/init/rw
/dev/sda5             228M   15M  202M   7% /boot
, error=, exitCode=0]
[output=brw-rw---- 1 root disk 8,  0 2011-10-16 07:29 /dev/sda
brw-rw---- 1 root disk 8,  1 2011-10-16 07:29 /dev/sda1
brw-rw---- 1 root disk 8,  2 2011-10-16 07:29 /dev/sda2
brw-rw---- 1 root disk 8,  5 2011-10-16 07:29 /dev/sda5
brw-rw---- 1 root disk 8, 16 2011-10-16 07:29 /dev/sdb
brw-rw---- 1 root disk 8, 32 2011-10-16 07:29 /dev/sdc
, error=, exitCode=0]
[output=[sudo] password for vcloud: 

Disk /dev/sda: 4294 MB, 4294967296 bytes
255 heads, 63 sectors/track, 522 cylinders
Units = cylinders of 16065 * 512 = 8225280 bytes
Disk identifier: 0x00007e9e

   Device Boot      Start         End      Blocks   Id  System
/dev/sda1   *           1         491     3943926   8e  Linux LVM
/dev/sda2             492         522      249007+   5  Extended
/dev/sda5             492         522      248976   83  Linux

Disk /dev/sdb: 26.8 GB, 26843545600 bytes
255 heads, 63 sectors/track, 3263 cylinders
Units = cylinders of 16065 * 512 = 8225280 bytes
Disk identifier: 0x00000000

Disk /dev/sdb doesn't contain a valid partition table

Disk /dev/sdc: 26.8 GB, 26843545600 bytes
255 heads, 63 sectors/track, 3263 cylinders
Units = cylinders of 16065 * 512 = 8225280 bytes
Disk identifier: 0x00000000

Disk /dev/sdc doesn't contain a valid partition table
, error=, exitCode=0]
1318764717237: [address=204.51.124.107, port=22] awaiting ssh service to start
1318764717328: [address=204.51.124.107, port=22] ssh service started
1318764718440: [address=204.51.124.107, port=22] ssh connection made
[output=Filesystem            Size  Used Avail Use% Mounted on
/dev/mapper/ubuntu-root
                      3.5G  791M  2.6G  24% /
udev                  753M  156K  752M   1% /dev
none                  753M     0  753M   0% /dev/shm
none                  753M   36K  752M   1% /var/run
none                  753M     0  753M   0% /var/lock
none                  753M     0  753M   0% /lib/init/rw
/dev/sda5             228M   15M  202M   7% /boot
, error=, exitCode=0]
[output=brw-rw---- 1 root disk 8,  0 2011-10-16 07:31 /dev/sda
brw-rw---- 1 root disk 8,  1 2011-10-16 07:31 /dev/sda1
brw-rw---- 1 root disk 8,  2 2011-10-16 07:31 /dev/sda2
brw-rw---- 1 root disk 8,  5 2011-10-16 07:31 /dev/sda5
brw-rw---- 1 root disk 8, 16 2011-10-16 07:31 /dev/sdb
, error=, exitCode=0]
[output=[sudo] password for vcloud: 

Disk /dev/sda: 4294 MB, 4294967296 bytes
255 heads, 63 sectors/track, 522 cylinders
Units = cylinders of 16065 * 512 = 8225280 bytes
Disk identifier: 0x00007e9e

   Device Boot      Start         End      Blocks   Id  System
/dev/sda1   *           1         491     3943926   8e  Linux LVM
/dev/sda2             492         522      249007+   5  Extended
/dev/sda5             492         522      248976   83  Linux

Disk /dev/sdb: 26.8 GB, 26843545600 bytes
255 heads, 63 sectors/track, 3263 cylinders
Units = cylinders of 16065 * 512 = 8225280 bytes
Disk identifier: 0x00000000

Disk /dev/sdb doesn't contain a valid partition table
, error=, exitCode=0]
[pool-2-thread-1] Test testConfigure(org.jclouds.trmk.vcloudexpress.TerremarkVCloudExpressClientLiveTest) succeeded: 187893ms
Test suite progress: tests succeeded: 132, failed: 1, skipped: 5.
Tests run: 139, Failures: 2, Errors: 0, Skipped: 5, Time elapsed: 2,863.737 sec <<< FAILURE!

Results :

Failed tests: 
  testCreateAnotherNodeWithANewContextToEnsureSharedMemIsntRequired(org.jclouds.trmk.vcloudexpress.compute.TerremarkVCloudExpressComputeServiceLiveTest)
  cleanup1(org.jclouds.trmk.vcloudexpress.TerremarkVCloudExpressClientLiveTest)

Tests run: 139, Failures: 2, Errors: 0, Skipped: 5

[INFO] ------------------------------------------------------------------------
[INFO] BUILD FAILURE
[INFO] ------------------------------------------------------------------------
[INFO] Total time: 48:06.451s
[INFO] Finished at: Sun Oct 16 04:32:00 PDT 2011
[INFO] Final Memory: 20M/125M
[INFO] ------------------------------------------------------------------------
[ERROR] Failed to execute goal org.apache.maven.plugins:maven-surefire-plugin:2.5:test (integration) on project trmk-vcloudexpress: There are test failures.
[ERROR] 
[ERROR] Please refer to /Users/adriancole/workspace/git/1.2.0/jclouds/providers/trmk-vcloudexpress/target/surefire-reports for the individual test results.
[ERROR] -> [Help 1]
[ERROR] 
[ERROR] To see the full stack trace of the errors, re-run Maven with the -e switch.
[ERROR] Re-run Maven using the -X switch to enable full debug logging.
[ERROR] 
[ERROR] For more information about the errors and possible solutions, please read the following articles:
[ERROR] [Help 1] http://cwiki.apache.org/confluence/display/MAVEN/MojoFailureException
