[INFO] Scanning for projects...
[WARNING] 
[WARNING] Some problems were encountered while building the effective model for org.jclouds.api:cloudstack:bundle:1.3.0-SNAPSHOT
[WARNING] 'parent.relativePath' of POM org.jclouds:jclouds-project:1.3.0-SNAPSHOT (/Users/adriancole/workspace/git/jclouds/project/pom.xml) points at org.jclouds:jclouds-multi instead of org.sonatype.oss:oss-parent, please verify your project structure @ org.jclouds:jclouds-project:1.3.0-SNAPSHOT, /Users/adriancole/workspace/git/jclouds/project/pom.xml, line 24, column 13
[WARNING] 
[WARNING] It is highly recommended to fix these problems because they threaten the stability of your build.
[WARNING] 
[WARNING] For this reason, future Maven versions might no longer support building such malformed projects.
[WARNING] 
[INFO]                                                                         
[INFO] ------------------------------------------------------------------------
[INFO] Building jclouds cloudstack core 1.3.0-SNAPSHOT
[INFO] ------------------------------------------------------------------------
[INFO] 
[INFO] --- maven-clean-plugin:2.4.1:clean (default-clean) @ cloudstack ---
[INFO] Deleting /Users/adriancole/workspace/git/jclouds/apis/cloudstack/target
[INFO] 
[INFO] --- maven-enforcer-plugin:1.0.1:enforce (enforce-maven) @ cloudstack ---
[INFO] 
[INFO] --- maven-enforcer-plugin:1.0.1:enforce (enforce-banned-dependencies) @ cloudstack ---
[INFO] 
[INFO] --- maven-enforcer-plugin:1.0.1:enforce (enforce-java) @ cloudstack ---
[INFO] 
[INFO] --- maven-remote-resources-plugin:1.2:process (process-remote-resources) @ cloudstack ---
[INFO] Setting property: classpath.resource.loader.class => 'org.codehaus.plexus.velocity.ContextClassLoaderResourceLoader'.
[INFO] Setting property: velocimacro.messages.on => 'false'.
[INFO] Setting property: resource.loader => 'classpath'.
[INFO] Setting property: resource.manager.logwhenfound => 'false'.
[INFO] 
[INFO] --- maven-resources-plugin:2.4.2:resources (default-resources) @ cloudstack ---
[INFO] Using 'UTF-8' encoding to copy filtered resources.
[INFO] skip non existing resourceDirectory /Users/adriancole/workspace/git/jclouds/apis/cloudstack/src/main/clojure
[INFO] skip non existing resourceDirectory /Users/adriancole/workspace/git/jclouds/apis/cloudstack/src/main/resources
[INFO] Copying 2 resources
[INFO] 
[INFO] --- maven-compiler-plugin:2.3:compile (default-compile) @ cloudstack ---
[INFO] Compiling 229 source files to /Users/adriancole/workspace/git/jclouds/apis/cloudstack/target/classes
[INFO] 
[INFO] --- maven-resources-plugin:2.4.2:testResources (default-testResources) @ cloudstack ---
[INFO] Using 'UTF-8' encoding to copy filtered resources.
[INFO] skip non existing resourceDirectory /Users/adriancole/workspace/git/jclouds/apis/cloudstack/src/test/clojure
[INFO] Copying 36 resources
[INFO] Copying 2 resources
[INFO] 
[INFO] --- maven-compiler-plugin:2.3:testCompile (default-testCompile) @ cloudstack ---
[INFO] Compiling 153 source files to /Users/adriancole/workspace/git/jclouds/apis/cloudstack/target/test-classes
[INFO] 
[INFO] --- maven-surefire-plugin:2.10:test (default-test) @ cloudstack ---
[INFO] Surefire report directory: /Users/adriancole/workspace/git/jclouds/apis/cloudstack/target/surefire-reports
[INFO] Using configured provider org.apache.maven.surefire.testng.TestNGProvider

-------------------------------------------------------
 T E S T S
-------------------------------------------------------
Running TestSuite
Starting test testSync(org.jclouds.cloudstack.CloudStackAsyncClientTest)
Starting test testAsync(org.jclouds.cloudstack.CloudStackAsyncClientTest)
[pool-2-thread-1] Test testAsync(org.jclouds.cloudstack.CloudStackAsyncClientTest) succeeded: 929ms
Test suite progress: tests succeeded: 1, failed: 0, skipped: 0.
[pool-2-thread-2] Test testSync(org.jclouds.cloudstack.CloudStackAsyncClientTest) succeeded: 943ms
Test suite progress: tests succeeded: 2, failed: 0, skipped: 0.
Starting test testIdStatic(org.jclouds.cloudstack.options.ListTemplatesOptionsTest)
[pool-3-thread-1] Test testIdStatic(org.jclouds.cloudstack.options.ListTemplatesOptionsTest) succeeded: 5ms
Test suite progress: tests succeeded: 3, failed: 0, skipped: 0.
Starting test testFilter(org.jclouds.cloudstack.options.ListTemplatesOptionsTest)
[pool-3-thread-2] Test testFilter(org.jclouds.cloudstack.options.ListTemplatesOptionsTest) succeeded: 0ms
Test suite progress: tests succeeded: 4, failed: 0, skipped: 0.
Starting test testAccountInDomainId(org.jclouds.cloudstack.options.ListTemplatesOptionsTest)
[pool-3-thread-2] Test testAccountInDomainId(org.jclouds.cloudstack.options.ListTemplatesOptionsTest) succeeded: 1ms
Test suite progress: tests succeeded: 5, failed: 0, skipped: 0.
Starting test testName(org.jclouds.cloudstack.options.ListTemplatesOptionsTest)
[pool-3-thread-2] Test testName(org.jclouds.cloudstack.options.ListTemplatesOptionsTest) succeeded: 0ms
Test suite progress: tests succeeded: 6, failed: 0, skipped: 0.
Starting test testZoneId(org.jclouds.cloudstack.options.ListTemplatesOptionsTest)
[pool-3-thread-2] Test testZoneId(org.jclouds.cloudstack.options.ListTemplatesOptionsTest) succeeded: 1ms
Test suite progress: tests succeeded: 7, failed: 0, skipped: 0.
Starting test testHypervisorStatic(org.jclouds.cloudstack.options.ListTemplatesOptionsTest)
Starting test testNameStatic(org.jclouds.cloudstack.options.ListTemplatesOptionsTest)
[pool-3-thread-2] Test testHypervisorStatic(org.jclouds.cloudstack.options.ListTemplatesOptionsTest) succeeded: 1ms
Test suite progress: tests succeeded: 8, failed: 0, skipped: 0.
[pool-3-thread-1] Test testNameStatic(org.jclouds.cloudstack.options.ListTemplatesOptionsTest) succeeded: 1ms
Test suite progress: tests succeeded: 9, failed: 0, skipped: 0.
Starting test testDomainIdStatic(org.jclouds.cloudstack.options.ListTemplatesOptionsTest)
Starting test testAccountInDomainIdStatic(org.jclouds.cloudstack.options.ListTemplatesOptionsTest)
[pool-3-thread-2] Test testDomainIdStatic(org.jclouds.cloudstack.options.ListTemplatesOptionsTest) succeeded: 0ms
Test suite progress: tests succeeded: 10, failed: 0, skipped: 0.
[pool-3-thread-1] Test testAccountInDomainIdStatic(org.jclouds.cloudstack.options.ListTemplatesOptionsTest) succeeded: 0ms
Test suite progress: tests succeeded: 11, failed: 0, skipped: 0.
Starting test testId(org.jclouds.cloudstack.options.ListTemplatesOptionsTest)
Starting test testZoneIdStatic(org.jclouds.cloudstack.options.ListTemplatesOptionsTest)
[pool-3-thread-1] Test testZoneIdStatic(org.jclouds.cloudstack.options.ListTemplatesOptionsTest) succeeded: 0ms
Test suite progress: tests succeeded: 12, failed: 0, skipped: 0.
Starting test testFilterStatic(org.jclouds.cloudstack.options.ListTemplatesOptionsTest)
[pool-3-thread-1] Test testFilterStatic(org.jclouds.cloudstack.options.ListTemplatesOptionsTest) succeeded: 0ms
Test suite progress: tests succeeded: 13, failed: 0, skipped: 0.
Starting test testZoneIdStatic(org.jclouds.cloudstack.options.ListHostsOptionsTest)
[pool-3-thread-1] Test testZoneIdStatic(org.jclouds.cloudstack.options.ListHostsOptionsTest) succeeded: 1ms
Test suite progress: tests succeeded: 14, failed: 0, skipped: 0.
Starting test testClusterIdStatic(org.jclouds.cloudstack.options.ListHostsOptionsTest)
[pool-3-thread-1] Test testClusterIdStatic(org.jclouds.cloudstack.options.ListHostsOptionsTest) succeeded: 0ms
Test suite progress: tests succeeded: 15, failed: 0, skipped: 0.
Starting test testVirtualMachineId(org.jclouds.cloudstack.options.ListHostsOptionsTest)
[pool-3-thread-1] Test testVirtualMachineId(org.jclouds.cloudstack.options.ListHostsOptionsTest) succeeded: 0ms
Test suite progress: tests succeeded: 16, failed: 0, skipped: 0.
Starting test testKeywordStatic(org.jclouds.cloudstack.options.ListHostsOptionsTest)
[pool-3-thread-1] Test testKeywordStatic(org.jclouds.cloudstack.options.ListHostsOptionsTest) succeeded: 0ms
Test suite progress: tests succeeded: 17, failed: 0, skipped: 0.
Starting test testZoneId(org.jclouds.cloudstack.options.ListHostsOptionsTest)
[pool-3-thread-1] Test testZoneId(org.jclouds.cloudstack.options.ListHostsOptionsTest) succeeded: 0ms
Test suite progress: tests succeeded: 18, failed: 0, skipped: 0.
Starting test testPodIdStatic(org.jclouds.cloudstack.options.ListHostsOptionsTest)
[pool-3-thread-1] Test testPodIdStatic(org.jclouds.cloudstack.options.ListHostsOptionsTest) succeeded: 0ms
Test suite progress: tests succeeded: 19, failed: 0, skipped: 0.
Starting test testPage(org.jclouds.cloudstack.options.ListHostsOptionsTest)
[pool-3-thread-1] Test testPage(org.jclouds.cloudstack.options.ListHostsOptionsTest) succeeded: 0ms
Test suite progress: tests succeeded: 20, failed: 0, skipped: 0.
Starting test testKeyword(org.jclouds.cloudstack.options.ListHostsOptionsTest)
[pool-3-thread-1] Test testKeyword(org.jclouds.cloudstack.options.ListHostsOptionsTest) succeeded: 0ms
Test suite progress: tests succeeded: 21, failed: 0, skipped: 0.
Starting test testId(org.jclouds.cloudstack.options.ListHostsOptionsTest)
[pool-3-thread-1] Test testId(org.jclouds.cloudstack.options.ListHostsOptionsTest) succeeded: 0ms
Test suite progress: tests succeeded: 22, failed: 0, skipped: 0.
Starting test testName(org.jclouds.cloudstack.options.ListHostsOptionsTest)
[pool-3-thread-1] Test testName(org.jclouds.cloudstack.options.ListHostsOptionsTest) succeeded: 0ms
Test suite progress: tests succeeded: 23, failed: 0, skipped: 0.
Starting test testAllocationState(org.jclouds.cloudstack.options.ListHostsOptionsTest)
[pool-3-thread-1] Test testAllocationState(org.jclouds.cloudstack.options.ListHostsOptionsTest) succeeded: 0ms
Test suite progress: tests succeeded: 24, failed: 0, skipped: 0.
Starting test testTypeStatic(org.jclouds.cloudstack.options.ListHostsOptionsTest)
[pool-3-thread-2] Test testId(org.jclouds.cloudstack.options.ListTemplatesOptionsTest) succeeded: 9ms
Test suite progress: tests succeeded: 25, failed: 0, skipped: 0.
Starting test testPageSize(org.jclouds.cloudstack.options.ListHostsOptionsTest)
[pool-3-thread-2] Test testPageSize(org.jclouds.cloudstack.options.ListHostsOptionsTest) succeeded: 0ms
Test suite progress: tests succeeded: 26, failed: 0, skipped: 0.
Starting test testPageStatic(org.jclouds.cloudstack.options.ListHostsOptionsTest)
[pool-3-thread-2] Test testPageStatic(org.jclouds.cloudstack.options.ListHostsOptionsTest) succeeded: 0ms
Test suite progress: tests succeeded: 27, failed: 0, skipped: 0.
Starting test testState(org.jclouds.cloudstack.options.ListHostsOptionsTest)
[pool-3-thread-2] Test testState(org.jclouds.cloudstack.options.ListHostsOptionsTest) succeeded: 0ms
Test suite progress: tests succeeded: 28, failed: 0, skipped: 0.
Starting test testVirtualMachineIdStatic(org.jclouds.cloudstack.options.ListHostsOptionsTest)
[pool-3-thread-2] Test testVirtualMachineIdStatic(org.jclouds.cloudstack.options.ListHostsOptionsTest) succeeded: 0ms
Test suite progress: tests succeeded: 29, failed: 0, skipped: 0.
Starting test testClusterId(org.jclouds.cloudstack.options.ListHostsOptionsTest)
[pool-3-thread-2] Test testClusterId(org.jclouds.cloudstack.options.ListHostsOptionsTest) succeeded: 0ms
Test suite progress: tests succeeded: 30, failed: 0, skipped: 0.
Starting test testStateStatic(org.jclouds.cloudstack.options.ListHostsOptionsTest)
[pool-3-thread-2] Test testStateStatic(org.jclouds.cloudstack.options.ListHostsOptionsTest) succeeded: 0ms
Test suite progress: tests succeeded: 31, failed: 0, skipped: 0.
Starting test testType(org.jclouds.cloudstack.options.ListHostsOptionsTest)
Starting test testFilterDefault(org.jclouds.cloudstack.options.ListTemplatesOptionsTest)
[pool-3-thread-3] Test testFilterDefault(org.jclouds.cloudstack.options.ListTemplatesOptionsTest) succeeded: 0ms
Test suite progress: tests succeeded: 32, failed: 0, skipped: 0.
Starting test testNameStatic(org.jclouds.cloudstack.options.ListHostsOptionsTest)
[pool-3-thread-3] Test testNameStatic(org.jclouds.cloudstack.options.ListHostsOptionsTest) succeeded: 0ms
Test suite progress: tests succeeded: 33, failed: 0, skipped: 0.
Starting test testPodId(org.jclouds.cloudstack.options.ListHostsOptionsTest)
[pool-3-thread-3] Test testPodId(org.jclouds.cloudstack.options.ListHostsOptionsTest) succeeded: 0ms
Test suite progress: tests succeeded: 34, failed: 0, skipped: 0.
Starting test testIdStatic(org.jclouds.cloudstack.options.ListHostsOptionsTest)
Starting test testDomainId(org.jclouds.cloudstack.options.ListTemplatesOptionsTest)
[pool-3-thread-3] Test testIdStatic(org.jclouds.cloudstack.options.ListHostsOptionsTest) succeeded: 0ms
Test suite progress: tests succeeded: 35, failed: 0, skipped: 0.
[pool-3-thread-4] Test testDomainId(org.jclouds.cloudstack.options.ListTemplatesOptionsTest) succeeded: 0ms
Test suite progress: tests succeeded: 36, failed: 0, skipped: 0.
Starting test testPageSizeStatic(org.jclouds.cloudstack.options.ListHostsOptionsTest)
Starting test testAllocationStateStatic(org.jclouds.cloudstack.options.ListHostsOptionsTest)
[pool-3-thread-4] Test testPageSizeStatic(org.jclouds.cloudstack.options.ListHostsOptionsTest) succeeded: 0ms
Test suite progress: tests succeeded: 37, failed: 0, skipped: 0.
Starting test testHypervisor(org.jclouds.cloudstack.options.ListTemplatesOptionsTest)
Starting test testTrafficTypeStatic(org.jclouds.cloudstack.options.ListNetworkOfferingsOptionsTest)
[pool-3-thread-5] Test testHypervisor(org.jclouds.cloudstack.options.ListTemplatesOptionsTest) succeeded: 0ms
Test suite progress: tests succeeded: 38, failed: 0, skipped: 0.
Starting test testZoneId(org.jclouds.cloudstack.options.ListNetworkOfferingsOptionsTest)
[pool-3-thread-5] Test testZoneId(org.jclouds.cloudstack.options.ListNetworkOfferingsOptionsTest) succeeded: 1ms
Test suite progress: tests succeeded: 39, failed: 0, skipped: 0.
[pool-3-thread-4] Test testTrafficTypeStatic(org.jclouds.cloudstack.options.ListNetworkOfferingsOptionsTest) succeeded: 1ms
Starting test testAvailability(org.jclouds.cloudstack.options.ListNetworkOfferingsOptionsTest)
Test suite progress: tests succeeded: 40, failed: 0, skipped: 0.
[pool-3-thread-3] Test testAllocationStateStatic(org.jclouds.cloudstack.options.ListHostsOptionsTest) succeeded: 2ms
Test suite progress: tests succeeded: 41, failed: 0, skipped: 0.
Starting test testName(org.jclouds.cloudstack.options.ListNetworkOfferingsOptionsTest)
[pool-3-thread-3] Test testName(org.jclouds.cloudstack.options.ListNetworkOfferingsOptionsTest) succeeded: 0ms
Test suite progress: tests succeeded: 42, failed: 0, skipped: 0.
Starting test testAvailabilityStatic(org.jclouds.cloudstack.options.ListNetworkOfferingsOptionsTest)
[pool-3-thread-5] Test testAvailability(org.jclouds.cloudstack.options.ListNetworkOfferingsOptionsTest) succeeded: 1ms
Test suite progress: tests succeeded: 43, failed: 0, skipped: 0.
Starting test testIsDefaultStatic(org.jclouds.cloudstack.options.ListNetworkOfferingsOptionsTest)
[pool-3-thread-5] Test testIsDefaultStatic(org.jclouds.cloudstack.options.ListNetworkOfferingsOptionsTest) succeeded: 0ms
Test suite progress: tests succeeded: 44, failed: 0, skipped: 0.
Starting test testId(org.jclouds.cloudstack.options.ListNetworkOfferingsOptionsTest)
[pool-3-thread-5] Test testId(org.jclouds.cloudstack.options.ListNetworkOfferingsOptionsTest) succeeded: 1ms
Test suite progress: tests succeeded: 45, failed: 0, skipped: 0.
Starting test testNameStatic(org.jclouds.cloudstack.options.ListNetworkOfferingsOptionsTest)
[pool-3-thread-5] Test testNameStatic(org.jclouds.cloudstack.options.ListNetworkOfferingsOptionsTest) succeeded: 0ms
Test suite progress: tests succeeded: 46, failed: 0, skipped: 0.
Starting test testIdStatic(org.jclouds.cloudstack.options.ListNetworkOfferingsOptionsTest)
[pool-3-thread-5] Test testIdStatic(org.jclouds.cloudstack.options.ListNetworkOfferingsOptionsTest) succeeded: 0ms
Test suite progress: tests succeeded: 47, failed: 0, skipped: 0.
Starting test testZoneIdStatic(org.jclouds.cloudstack.options.ListNetworkOfferingsOptionsTest)
[pool-3-thread-5] Test testZoneIdStatic(org.jclouds.cloudstack.options.ListNetworkOfferingsOptionsTest) succeeded: 0ms
Test suite progress: tests succeeded: 48, failed: 0, skipped: 0.
Starting test testIsShared(org.jclouds.cloudstack.options.ListNetworkOfferingsOptionsTest)
[pool-3-thread-5] Test testIsShared(org.jclouds.cloudstack.options.ListNetworkOfferingsOptionsTest) succeeded: 0ms
Test suite progress: tests succeeded: 49, failed: 0, skipped: 0.
Starting test testTrafficType(org.jclouds.cloudstack.options.ListNetworkOfferingsOptionsTest)
[pool-3-thread-5] Test testTrafficType(org.jclouds.cloudstack.options.ListNetworkOfferingsOptionsTest) succeeded: 0ms
Test suite progress: tests succeeded: 50, failed: 0, skipped: 0.
Starting test testDisplayTextStatic(org.jclouds.cloudstack.options.ListNetworkOfferingsOptionsTest)
[pool-3-thread-5] Test testDisplayTextStatic(org.jclouds.cloudstack.options.ListNetworkOfferingsOptionsTest) succeeded: 1ms
Test suite progress: tests succeeded: 51, failed: 0, skipped: 0.
[pool-3-thread-3] Test testAvailabilityStatic(org.jclouds.cloudstack.options.ListNetworkOfferingsOptionsTest) succeeded: 10ms
Test suite progress: tests succeeded: 52, failed: 0, skipped: 0.
Starting test testSpecifyVLAN(org.jclouds.cloudstack.options.ListNetworkOfferingsOptionsTest)
[pool-3-thread-5] Test testSpecifyVLAN(org.jclouds.cloudstack.options.ListNetworkOfferingsOptionsTest) succeeded: 0ms
Test suite progress: tests succeeded: 53, failed: 0, skipped: 0.
Starting test testIsSharedStatic(org.jclouds.cloudstack.options.ListNetworkOfferingsOptionsTest)
[pool-3-thread-3] Test testIsSharedStatic(org.jclouds.cloudstack.options.ListNetworkOfferingsOptionsTest) succeeded: 0ms
Test suite progress: tests succeeded: 54, failed: 0, skipped: 0.
Starting test testDisplayText(org.jclouds.cloudstack.options.ListNetworkOfferingsOptionsTest)
[pool-3-thread-3] Test testDisplayText(org.jclouds.cloudstack.options.ListNetworkOfferingsOptionsTest) succeeded: 0ms
Test suite progress: tests succeeded: 55, failed: 0, skipped: 0.
Starting test testSpecifyVLANStatic(org.jclouds.cloudstack.options.ListNetworkOfferingsOptionsTest)
[pool-3-thread-4] Test testSpecifyVLANStatic(org.jclouds.cloudstack.options.ListNetworkOfferingsOptionsTest) succeeded: 0ms
Test suite progress: tests succeeded: 56, failed: 0, skipped: 0.
Starting test testIdStatic(org.jclouds.cloudstack.options.ListAlertsOptionsTest)
Starting test testIsDefault(org.jclouds.cloudstack.options.ListNetworkOfferingsOptionsTest)
[pool-3-thread-3] Test testIsDefault(org.jclouds.cloudstack.options.ListNetworkOfferingsOptionsTest) succeeded: 0ms
Test suite progress: tests succeeded: 57, failed: 0, skipped: 0.
[pool-3-thread-4] Test testIdStatic(org.jclouds.cloudstack.options.ListAlertsOptionsTest) succeeded: 1ms
Test suite progress: tests succeeded: 58, failed: 0, skipped: 0.
Starting test testKeyword(org.jclouds.cloudstack.options.ListAlertsOptionsTest)
[pool-3-thread-4] Test testKeyword(org.jclouds.cloudstack.options.ListAlertsOptionsTest) succeeded: 0ms
Test suite progress: tests succeeded: 59, failed: 0, skipped: 0.
Starting test testTypeStatic(org.jclouds.cloudstack.options.ListAlertsOptionsTest)
Starting test testKeywordStatic(org.jclouds.cloudstack.options.ListAlertsOptionsTest)
[pool-3-thread-3] Test testTypeStatic(org.jclouds.cloudstack.options.ListAlertsOptionsTest) succeeded: 1ms
Test suite progress: tests succeeded: 60, failed: 0, skipped: 0.
[pool-3-thread-4] Test testKeywordStatic(org.jclouds.cloudstack.options.ListAlertsOptionsTest) succeeded: 0ms
Test suite progress: tests succeeded: 61, failed: 0, skipped: 0.
Starting test testType(org.jclouds.cloudstack.options.ListAlertsOptionsTest)
[pool-3-thread-1] Test testTypeStatic(org.jclouds.cloudstack.options.ListHostsOptionsTest) succeeded: 29ms
Test suite progress: tests succeeded: 62, failed: 0, skipped: 0.
Starting test testDiskSizeInGBStatic(org.jclouds.cloudstack.options.CreateDiskOfferingOptionsTest)
Starting test testId(org.jclouds.cloudstack.options.ListAlertsOptionsTest)
[pool-3-thread-4] Test testType(org.jclouds.cloudstack.options.ListAlertsOptionsTest) succeeded: 4ms
Test suite progress: tests succeeded: 63, failed: 0, skipped: 0.
[pool-3-thread-5] Test testId(org.jclouds.cloudstack.options.ListAlertsOptionsTest) succeeded: 0ms
Test suite progress: tests succeeded: 64, failed: 0, skipped: 0.
Starting test testTags(org.jclouds.cloudstack.options.CreateDiskOfferingOptionsTest)
Starting test testTagsStatic(org.jclouds.cloudstack.options.CreateDiskOfferingOptionsTest)
[pool-3-thread-2] Test testType(org.jclouds.cloudstack.options.ListHostsOptionsTest) succeeded: 30ms
Test suite progress: tests succeeded: 65, failed: 0, skipped: 0.
Starting test testCustomizedStatic(org.jclouds.cloudstack.options.CreateDiskOfferingOptionsTest)
Starting test testDiskSizeInGB(org.jclouds.cloudstack.options.CreateDiskOfferingOptionsTest)
[pool-3-thread-1] Test testDiskSizeInGBStatic(org.jclouds.cloudstack.options.CreateDiskOfferingOptionsTest) succeeded: 3ms
Test suite progress: tests succeeded: 66, failed: 0, skipped: 0.
Starting test testCustomized(org.jclouds.cloudstack.options.CreateDiskOfferingOptionsTest)
[pool-3-thread-1] Test testCustomized(org.jclouds.cloudstack.options.CreateDiskOfferingOptionsTest) succeeded: 0ms
Test suite progress: tests succeeded: 67, failed: 0, skipped: 0.
Starting test testNetworkId(org.jclouds.cloudstack.options.ListVirtualMachesOptionsTest)
[pool-3-thread-1] Test testNetworkId(org.jclouds.cloudstack.options.ListVirtualMachesOptionsTest) succeeded: 0ms
Test suite progress: tests succeeded: 68, failed: 0, skipped: 0.
Starting test testUsingVirtualNetwork(org.jclouds.cloudstack.options.ListVirtualMachesOptionsTest)
[pool-3-thread-1] Test testUsingVirtualNetwork(org.jclouds.cloudstack.options.ListVirtualMachesOptionsTest) succeeded: 0ms
Test suite progress: tests succeeded: 69, failed: 0, skipped: 0.
Starting test testZoneIdStatic(org.jclouds.cloudstack.options.ListVirtualMachesOptionsTest)
[pool-3-thread-1] Test testZoneIdStatic(org.jclouds.cloudstack.options.ListVirtualMachesOptionsTest) succeeded: 1ms
Test suite progress: tests succeeded: 70, failed: 0, skipped: 0.
Starting test testHostIdStatic(org.jclouds.cloudstack.options.ListVirtualMachesOptionsTest)
[pool-3-thread-1] Test testHostIdStatic(org.jclouds.cloudstack.options.ListVirtualMachesOptionsTest) succeeded: 0ms
Test suite progress: tests succeeded: 71, failed: 0, skipped: 0.
Starting test testZoneId(org.jclouds.cloudstack.options.ListVirtualMachesOptionsTest)
[pool-3-thread-1] Test testZoneId(org.jclouds.cloudstack.options.ListVirtualMachesOptionsTest) succeeded: 0ms
Test suite progress: tests succeeded: 72, failed: 0, skipped: 0.
Starting test testGroupIdStatic(org.jclouds.cloudstack.options.ListVirtualMachesOptionsTest)
[pool-3-thread-1] Test testGroupIdStatic(org.jclouds.cloudstack.options.ListVirtualMachesOptionsTest) succeeded: 0ms
Test suite progress: tests succeeded: 73, failed: 0, skipped: 0.
Starting test testPodIdStatic(org.jclouds.cloudstack.options.ListVirtualMachesOptionsTest)
[pool-3-thread-2] Test testDiskSizeInGB(org.jclouds.cloudstack.options.CreateDiskOfferingOptionsTest) succeeded: 7ms
Test suite progress: tests succeeded: 74, failed: 0, skipped: 0.
Starting test testName(org.jclouds.cloudstack.options.ListVirtualMachesOptionsTest)
[pool-3-thread-2] Test testName(org.jclouds.cloudstack.options.ListVirtualMachesOptionsTest) succeeded: 1ms
Test suite progress: tests succeeded: 75, failed: 0, skipped: 0.
Starting test testHostId(org.jclouds.cloudstack.options.ListVirtualMachesOptionsTest)
[pool-3-thread-4] Test testTags(org.jclouds.cloudstack.options.CreateDiskOfferingOptionsTest) succeeded: 9ms
Test suite progress: tests succeeded: 76, failed: 0, skipped: 0.
[pool-3-thread-2] Test testHostId(org.jclouds.cloudstack.options.ListVirtualMachesOptionsTest) succeeded: 0ms
Test suite progress: tests succeeded: 77, failed: 0, skipped: 0.
Starting test testId(org.jclouds.cloudstack.options.ListVirtualMachesOptionsTest)
[pool-3-thread-4] Test testId(org.jclouds.cloudstack.options.ListVirtualMachesOptionsTest) succeeded: 0ms
Starting test testGroupId(org.jclouds.cloudstack.options.ListVirtualMachesOptionsTest)
Test suite progress: tests succeeded: 78, failed: 0, skipped: 0.
[pool-3-thread-2] Test testGroupId(org.jclouds.cloudstack.options.ListVirtualMachesOptionsTest) succeeded: 0ms
Test suite progress: tests succeeded: 79, failed: 0, skipped: 0.
[pool-3-thread-1] Test testPodIdStatic(org.jclouds.cloudstack.options.ListVirtualMachesOptionsTest) succeeded: 2ms
Starting test testAccountInDomainIdStatic(org.jclouds.cloudstack.options.ListVirtualMachesOptionsTest)
Starting test testDomainIdStatic(org.jclouds.cloudstack.options.ListVirtualMachesOptionsTest)
Test suite progress: tests succeeded: 80, failed: 0, skipped: 0.
Starting test testNetworkIdStatic(org.jclouds.cloudstack.options.ListVirtualMachesOptionsTest)
[pool-3-thread-5] Test testCustomizedStatic(org.jclouds.cloudstack.options.CreateDiskOfferingOptionsTest) succeeded: 11ms
Test suite progress: tests succeeded: 81, failed: 0, skipped: 0.
Starting test testStateStatic(org.jclouds.cloudstack.options.ListVirtualMachesOptionsTest)
[pool-3-thread-3] Test testTagsStatic(org.jclouds.cloudstack.options.CreateDiskOfferingOptionsTest) succeeded: 13ms
Test suite progress: tests succeeded: 82, failed: 0, skipped: 0.
Starting test testPodId(org.jclouds.cloudstack.options.ListVirtualMachesOptionsTest)
[pool-3-thread-3] Test testPodId(org.jclouds.cloudstack.options.ListVirtualMachesOptionsTest) succeeded: 0ms
Test suite progress: tests succeeded: 83, failed: 0, skipped: 0.
Starting test testState(org.jclouds.cloudstack.options.ListVirtualMachesOptionsTest)
[pool-3-thread-3] Test testState(org.jclouds.cloudstack.options.ListVirtualMachesOptionsTest) succeeded: 0ms
Test suite progress: tests succeeded: 84, failed: 0, skipped: 0.
Starting test testNameStatic(org.jclouds.cloudstack.options.ListVirtualMachesOptionsTest)
[pool-3-thread-3] Test testNameStatic(org.jclouds.cloudstack.options.ListVirtualMachesOptionsTest) succeeded: 0ms
Test suite progress: tests succeeded: 85, failed: 0, skipped: 0.
Starting test testAccountInDomainId(org.jclouds.cloudstack.options.ListVirtualMachesOptionsTest)
[pool-3-thread-3] Test testAccountInDomainId(org.jclouds.cloudstack.options.ListVirtualMachesOptionsTest) succeeded: 1ms
Test suite progress: tests succeeded: 86, failed: 0, skipped: 0.
Starting test testIdStatic(org.jclouds.cloudstack.options.ListVirtualMachesOptionsTest)
[pool-3-thread-3] Test testIdStatic(org.jclouds.cloudstack.options.ListVirtualMachesOptionsTest) succeeded: 0ms
Test suite progress: tests succeeded: 87, failed: 0, skipped: 0.
Starting test testUsingVirtualNetworkStatic(org.jclouds.cloudstack.options.ListVirtualMachesOptionsTest)
[pool-3-thread-3] Test testUsingVirtualNetworkStatic(org.jclouds.cloudstack.options.ListVirtualMachesOptionsTest) succeeded: 0ms
Test suite progress: tests succeeded: 88, failed: 0, skipped: 0.
Starting test testDomainId(org.jclouds.cloudstack.options.ListVirtualMachesOptionsTest)
[pool-3-thread-5] Test testStateStatic(org.jclouds.cloudstack.options.ListVirtualMachesOptionsTest) succeeded: 7ms
Test suite progress: tests succeeded: 89, failed: 0, skipped: 0.
Starting test testId(org.jclouds.cloudstack.options.ListServiceOfferingsOptionsTest)
[pool-3-thread-5] Test testId(org.jclouds.cloudstack.options.ListServiceOfferingsOptionsTest) succeeded: 0ms
Test suite progress: tests succeeded: 90, failed: 0, skipped: 0.
Starting test testNameStatic(org.jclouds.cloudstack.options.ListServiceOfferingsOptionsTest)
[pool-3-thread-5] Test testNameStatic(org.jclouds.cloudstack.options.ListServiceOfferingsOptionsTest) succeeded: 0ms
Test suite progress: tests succeeded: 91, failed: 0, skipped: 0.
[pool-3-thread-1] Test testNetworkIdStatic(org.jclouds.cloudstack.options.ListVirtualMachesOptionsTest) succeeded: 19ms
Test suite progress: tests succeeded: 92, failed: 0, skipped: 0.
Starting test testVirtualMachineIdStatic(org.jclouds.cloudstack.options.ListServiceOfferingsOptionsTest)
Starting test testDomainIdStatic(org.jclouds.cloudstack.options.ListServiceOfferingsOptionsTest)
[pool-3-thread-5] Test testVirtualMachineIdStatic(org.jclouds.cloudstack.options.ListServiceOfferingsOptionsTest) succeeded: 0ms
Test suite progress: tests succeeded: 93, failed: 0, skipped: 0.
[pool-3-thread-2] Test testDomainIdStatic(org.jclouds.cloudstack.options.ListVirtualMachesOptionsTest) succeeded: 21ms
Test suite progress: tests succeeded: 94, failed: 0, skipped: 0.
[pool-3-thread-4] Test testAccountInDomainIdStatic(org.jclouds.cloudstack.options.ListVirtualMachesOptionsTest) succeeded: 22ms
Test suite progress: tests succeeded: 95, failed: 0, skipped: 0.
Starting test testIdStatic(org.jclouds.cloudstack.options.ListServiceOfferingsOptionsTest)
[pool-3-thread-5] Test testIdStatic(org.jclouds.cloudstack.options.ListServiceOfferingsOptionsTest) succeeded: 0ms
Test suite progress: tests succeeded: 96, failed: 0, skipped: 0.
Starting test testVirtualMachineId(org.jclouds.cloudstack.options.ListServiceOfferingsOptionsTest)
[pool-3-thread-4] Test testVirtualMachineId(org.jclouds.cloudstack.options.ListServiceOfferingsOptionsTest) succeeded: 0ms
Starting test testDomainId(org.jclouds.cloudstack.options.ListServiceOfferingsOptionsTest)
Test suite progress: tests succeeded: 97, failed: 0, skipped: 0.
[pool-3-thread-5] Test testDomainId(org.jclouds.cloudstack.options.ListServiceOfferingsOptionsTest) succeeded: 1ms
Test suite progress: tests succeeded: 98, failed: 0, skipped: 0.
Starting test testName(org.jclouds.cloudstack.options.ListServiceOfferingsOptionsTest)
[pool-3-thread-4] Test testName(org.jclouds.cloudstack.options.ListServiceOfferingsOptionsTest) succeeded: 0ms
Starting test testIdStatic(org.jclouds.cloudstack.options.ListOSTypesOptionsTest)
Test suite progress: tests succeeded: 99, failed: 0, skipped: 0.
Starting test testOSCategoryIdStatic(org.jclouds.cloudstack.options.ListOSTypesOptionsTest)
[pool-3-thread-4] Test testOSCategoryIdStatic(org.jclouds.cloudstack.options.ListOSTypesOptionsTest) succeeded: 1ms
Test suite progress: tests succeeded: 100, failed: 0, skipped: 0.
Starting test testOSCategoryId(org.jclouds.cloudstack.options.ListOSTypesOptionsTest)
[pool-3-thread-5] Test testIdStatic(org.jclouds.cloudstack.options.ListOSTypesOptionsTest) succeeded: 1ms
Test suite progress: tests succeeded: 101, failed: 0, skipped: 0.
[pool-3-thread-1] Test testDomainIdStatic(org.jclouds.cloudstack.options.ListServiceOfferingsOptionsTest) succeeded: 4ms
Test suite progress: tests succeeded: 102, failed: 0, skipped: 0.
Starting test testPodId(org.jclouds.cloudstack.options.ListCapacityOptionsTest)
Starting test testId(org.jclouds.cloudstack.options.ListOSTypesOptionsTest)
[pool-3-thread-3] Test testDomainId(org.jclouds.cloudstack.options.ListVirtualMachesOptionsTest) succeeded: 15ms
Starting test testType(org.jclouds.cloudstack.options.ListCapacityOptionsTest)
Test suite progress: tests succeeded: 103, failed: 0, skipped: 0.
Starting test testTypeStatic(org.jclouds.cloudstack.options.ListCapacityOptionsTest)
[pool-3-thread-5] Test testType(org.jclouds.cloudstack.options.ListCapacityOptionsTest) succeeded: 1ms
Test suite progress: tests succeeded: 104, failed: 0, skipped: 0.
Starting test testKeywordStatic(org.jclouds.cloudstack.options.ListCapacityOptionsTest)
[pool-3-thread-3] Test testTypeStatic(org.jclouds.cloudstack.options.ListCapacityOptionsTest) succeeded: 1ms
Test suite progress: tests succeeded: 105, failed: 0, skipped: 0.
[pool-3-thread-2] Test testId(org.jclouds.cloudstack.options.ListOSTypesOptionsTest) succeeded: 7ms
Starting test testHostId(org.jclouds.cloudstack.options.ListCapacityOptionsTest)
Test suite progress: tests succeeded: 106, failed: 0, skipped: 0.
Starting test testZoneId(org.jclouds.cloudstack.options.ListCapacityOptionsTest)
[pool-3-thread-2] Test testZoneId(org.jclouds.cloudstack.options.ListCapacityOptionsTest) succeeded: 0ms
Test suite progress: tests succeeded: 107, failed: 0, skipped: 0.
Starting test testPodIdStatic(org.jclouds.cloudstack.options.ListCapacityOptionsTest)
[pool-3-thread-2] Test testPodIdStatic(org.jclouds.cloudstack.options.ListCapacityOptionsTest) succeeded: 0ms
Test suite progress: tests succeeded: 108, failed: 0, skipped: 0.
Starting test testZoneIdStatic(org.jclouds.cloudstack.options.ListCapacityOptionsTest)
[pool-3-thread-2] Test testZoneIdStatic(org.jclouds.cloudstack.options.ListCapacityOptionsTest) succeeded: 0ms
Test suite progress: tests succeeded: 109, failed: 0, skipped: 0.
Starting test testHostIdStatic(org.jclouds.cloudstack.options.ListCapacityOptionsTest)
[pool-3-thread-2] Test testHostIdStatic(org.jclouds.cloudstack.options.ListCapacityOptionsTest) succeeded: 0ms
Test suite progress: tests succeeded: 110, failed: 0, skipped: 0.
Starting test testKeyword(org.jclouds.cloudstack.options.ListCapacityOptionsTest)
[pool-3-thread-2] Test testKeyword(org.jclouds.cloudstack.options.ListCapacityOptionsTest) succeeded: 0ms
Test suite progress: tests succeeded: 111, failed: 0, skipped: 0.
Starting test testId(org.jclouds.cloudstack.options.ListLoadBalancerRulesOptionsTest)
[pool-3-thread-2] Test testId(org.jclouds.cloudstack.options.ListLoadBalancerRulesOptionsTest) succeeded: 0ms
Test suite progress: tests succeeded: 112, failed: 0, skipped: 0.
Starting test testAccountStatic(org.jclouds.cloudstack.options.ListLoadBalancerRulesOptionsTest)
[pool-3-thread-2] Test testAccountStatic(org.jclouds.cloudstack.options.ListLoadBalancerRulesOptionsTest) succeeded: 1ms
Test suite progress: tests succeeded: 113, failed: 0, skipped: 0.
[pool-3-thread-1] Test testPodId(org.jclouds.cloudstack.options.ListCapacityOptionsTest) succeeded: 12ms
Test suite progress: tests succeeded: 114, failed: 0, skipped: 0.
[pool-3-thread-4] Test testOSCategoryId(org.jclouds.cloudstack.options.ListOSTypesOptionsTest) succeeded: 14ms
Starting test testVirtualMachineIdStatic(org.jclouds.cloudstack.options.ListLoadBalancerRulesOptionsTest)
Test suite progress: tests succeeded: 115, failed: 0, skipped: 0.
[pool-3-thread-2] Test testVirtualMachineIdStatic(org.jclouds.cloudstack.options.ListLoadBalancerRulesOptionsTest) succeeded: 0ms
Test suite progress: tests succeeded: 116, failed: 0, skipped: 0.
[pool-3-thread-3] Test testHostId(org.jclouds.cloudstack.options.ListCapacityOptionsTest) succeeded: 6ms
Test suite progress: tests succeeded: 117, failed: 0, skipped: 0.
Starting test testDomainIdStatic(org.jclouds.cloudstack.options.ListLoadBalancerRulesOptionsTest)
[pool-3-thread-4] Test testDomainIdStatic(org.jclouds.cloudstack.options.ListLoadBalancerRulesOptionsTest) succeeded: 0ms
Test suite progress: tests succeeded: 118, failed: 0, skipped: 0.
Starting test testPublicIPId(org.jclouds.cloudstack.options.ListLoadBalancerRulesOptionsTest)
[pool-3-thread-5] Test testKeywordStatic(org.jclouds.cloudstack.options.ListCapacityOptionsTest) succeeded: 8ms
Test suite progress: tests succeeded: 119, failed: 0, skipped: 0.
Starting test testIdStatic(org.jclouds.cloudstack.options.ListLoadBalancerRulesOptionsTest)
[pool-3-thread-4] Test testPublicIPId(org.jclouds.cloudstack.options.ListLoadBalancerRulesOptionsTest) succeeded: 0ms
Test suite progress: tests succeeded: 120, failed: 0, skipped: 0.
[pool-3-thread-3] Test testIdStatic(org.jclouds.cloudstack.options.ListLoadBalancerRulesOptionsTest) succeeded: 0ms
Test suite progress: tests succeeded: 121, failed: 0, skipped: 0.
Starting test testDomainId(org.jclouds.cloudstack.options.ListLoadBalancerRulesOptionsTest)
Starting test testPublicIPIdStatic(org.jclouds.cloudstack.options.ListLoadBalancerRulesOptionsTest)
[pool-3-thread-4] Test testDomainId(org.jclouds.cloudstack.options.ListLoadBalancerRulesOptionsTest) succeeded: 0ms
Test suite progress: tests succeeded: 122, failed: 0, skipped: 0.
Starting test testName(org.jclouds.cloudstack.options.ListLoadBalancerRulesOptionsTest)
[pool-3-thread-4] Test testName(org.jclouds.cloudstack.options.ListLoadBalancerRulesOptionsTest) succeeded: 1ms
Test suite progress: tests succeeded: 123, failed: 0, skipped: 0.
Starting test testAccount(org.jclouds.cloudstack.options.ListLoadBalancerRulesOptionsTest)
Starting test testNameStatic(org.jclouds.cloudstack.options.ListLoadBalancerRulesOptionsTest)
[pool-3-thread-4] Test testNameStatic(org.jclouds.cloudstack.options.ListLoadBalancerRulesOptionsTest) succeeded: 0ms
Test suite progress: tests succeeded: 124, failed: 0, skipped: 0.
[pool-3-thread-3] Test testAccount(org.jclouds.cloudstack.options.ListLoadBalancerRulesOptionsTest) succeeded: 1ms
Starting test testNameStatic(org.jclouds.cloudstack.options.ListIPForwardingRulesOptionsTest)
Test suite progress: tests succeeded: 125, failed: 0, skipped: 0.
Starting test testDomainIdStatic(org.jclouds.cloudstack.options.ListIPForwardingRulesOptionsTest)
[pool-3-thread-4] Test testNameStatic(org.jclouds.cloudstack.options.ListIPForwardingRulesOptionsTest) succeeded: 0ms
Test suite progress: tests succeeded: 126, failed: 0, skipped: 0.
[pool-3-thread-3] Test testDomainIdStatic(org.jclouds.cloudstack.options.ListIPForwardingRulesOptionsTest) succeeded: 0ms
Test suite progress: tests succeeded: 127, failed: 0, skipped: 0.
Starting test testAccountStatic(org.jclouds.cloudstack.options.ListIPForwardingRulesOptionsTest)
[pool-3-thread-4] Test testAccountStatic(org.jclouds.cloudstack.options.ListIPForwardingRulesOptionsTest) succeeded: 0ms
Test suite progress: tests succeeded: 128, failed: 0, skipped: 0.
Starting test testVirtualMachineIdStatic(org.jclouds.cloudstack.options.ListIPForwardingRulesOptionsTest)
Starting test testId(org.jclouds.cloudstack.options.ListIPForwardingRulesOptionsTest)
Starting test testVirtualMachineId(org.jclouds.cloudstack.options.ListLoadBalancerRulesOptionsTest)
Starting test testName(org.jclouds.cloudstack.options.ListIPForwardingRulesOptionsTest)
[pool-3-thread-4] Test testId(org.jclouds.cloudstack.options.ListIPForwardingRulesOptionsTest) succeeded: 0ms
Test suite progress: tests succeeded: 129, failed: 0, skipped: 0.
[pool-3-thread-2] Test testPublicIPIdStatic(org.jclouds.cloudstack.options.ListLoadBalancerRulesOptionsTest) succeeded: 5ms
Test suite progress: tests succeeded: 130, failed: 0, skipped: 0.
Starting test testDomainId(org.jclouds.cloudstack.options.ListIPForwardingRulesOptionsTest)
[pool-3-thread-3] Test testVirtualMachineIdStatic(org.jclouds.cloudstack.options.ListIPForwardingRulesOptionsTest) succeeded: 2ms
Test suite progress: tests succeeded: 131, failed: 0, skipped: 0.
Starting test testVirtualMachineId(org.jclouds.cloudstack.options.ListIPForwardingRulesOptionsTest)
[pool-3-thread-3] Test testVirtualMachineId(org.jclouds.cloudstack.options.ListIPForwardingRulesOptionsTest) succeeded: 0ms
Test suite progress: tests succeeded: 132, failed: 0, skipped: 0.
Starting test testAccount(org.jclouds.cloudstack.options.ListIPForwardingRulesOptionsTest)
Starting test testIdStatic(org.jclouds.cloudstack.options.ListIPForwardingRulesOptionsTest)
[pool-3-thread-2] Test testAccount(org.jclouds.cloudstack.options.ListIPForwardingRulesOptionsTest) succeeded: 0ms
Test suite progress: tests succeeded: 133, failed: 0, skipped: 0.
Starting test testNameStatic(org.jclouds.cloudstack.options.UpdateAccountOptionsTest)
[pool-3-thread-2] Test testNameStatic(org.jclouds.cloudstack.options.UpdateAccountOptionsTest) succeeded: 1ms
Test suite progress: tests succeeded: 134, failed: 0, skipped: 0.
Starting test testNetworkDomain(org.jclouds.cloudstack.options.UpdateAccountOptionsTest)
[pool-3-thread-2] Test testNetworkDomain(org.jclouds.cloudstack.options.UpdateAccountOptionsTest) succeeded: 1ms
Test suite progress: tests succeeded: 135, failed: 0, skipped: 0.
Starting test testNetworkId(org.jclouds.cloudstack.options.CreateIPForwardingRuleOptionsTest)
[pool-3-thread-1] Test testName(org.jclouds.cloudstack.options.ListIPForwardingRulesOptionsTest) succeeded: 5ms
Test suite progress: tests succeeded: 136, failed: 0, skipped: 0.
[pool-3-thread-5] Test testVirtualMachineId(org.jclouds.cloudstack.options.ListLoadBalancerRulesOptionsTest) succeeded: 6ms
Test suite progress: tests succeeded: 137, failed: 0, skipped: 0.
[pool-3-thread-2] Test testNetworkId(org.jclouds.cloudstack.options.CreateIPForwardingRuleOptionsTest) succeeded: 1ms
Test suite progress: tests succeeded: 138, failed: 0, skipped: 0.
Starting test testClusterId(org.jclouds.cloudstack.options.ListStoragePoolsOptionsTest)
Starting test testIdStatic(org.jclouds.cloudstack.options.ListStoragePoolsOptionsTest)
[pool-3-thread-2] Test testClusterId(org.jclouds.cloudstack.options.ListStoragePoolsOptionsTest) succeeded: 0ms
Test suite progress: tests succeeded: 139, failed: 0, skipped: 0.
[pool-3-thread-5] Test testIdStatic(org.jclouds.cloudstack.options.ListStoragePoolsOptionsTest) succeeded: 1ms
Test suite progress: tests succeeded: 140, failed: 0, skipped: 0.
[pool-3-thread-3] Test testIdStatic(org.jclouds.cloudstack.options.ListIPForwardingRulesOptionsTest) succeeded: 5ms
Test suite progress: tests succeeded: 141, failed: 0, skipped: 0.
Starting test testIpAddress(org.jclouds.cloudstack.options.ListStoragePoolsOptionsTest)
[pool-3-thread-4] Test testDomainId(org.jclouds.cloudstack.options.ListIPForwardingRulesOptionsTest) succeeded: 7ms
Test suite progress: tests succeeded: 142, failed: 0, skipped: 0.
Starting test testZoneIdStatic(org.jclouds.cloudstack.options.ListStoragePoolsOptionsTest)
[pool-3-thread-4] Test testZoneIdStatic(org.jclouds.cloudstack.options.ListStoragePoolsOptionsTest) succeeded: 0ms
Test suite progress: tests succeeded: 143, failed: 0, skipped: 0.
Starting test testPodIdStatic(org.jclouds.cloudstack.options.ListStoragePoolsOptionsTest)
[pool-3-thread-4] Test testPodIdStatic(org.jclouds.cloudstack.options.ListStoragePoolsOptionsTest) succeeded: 0ms
Test suite progress: tests succeeded: 144, failed: 0, skipped: 0.
Starting test testZoneId(org.jclouds.cloudstack.options.ListStoragePoolsOptionsTest)
[pool-3-thread-5] Test testZoneId(org.jclouds.cloudstack.options.ListStoragePoolsOptionsTest) succeeded: 0ms
Starting test testKeyword(org.jclouds.cloudstack.options.ListStoragePoolsOptionsTest)
Test suite progress: tests succeeded: 145, failed: 0, skipped: 0.
[pool-3-thread-4] Test testKeyword(org.jclouds.cloudstack.options.ListStoragePoolsOptionsTest) succeeded: 0ms
Test suite progress: tests succeeded: 146, failed: 0, skipped: 0.
[pool-3-thread-2] Test testIpAddress(org.jclouds.cloudstack.options.ListStoragePoolsOptionsTest) succeeded: 2ms
Test suite progress: tests succeeded: 147, failed: 0, skipped: 0.
Starting test testIpAddressStatic(org.jclouds.cloudstack.options.ListStoragePoolsOptionsTest)
[pool-3-thread-2] Test testIpAddressStatic(org.jclouds.cloudstack.options.ListStoragePoolsOptionsTest) succeeded: 0ms
Test suite progress: tests succeeded: 148, failed: 0, skipped: 0.
Starting test testNetworkIdStatic(org.jclouds.cloudstack.options.CreateIPForwardingRuleOptionsTest)
Starting test testKeywordStatic(org.jclouds.cloudstack.options.ListStoragePoolsOptionsTest)
[pool-3-thread-4] Test testKeywordStatic(org.jclouds.cloudstack.options.ListStoragePoolsOptionsTest) succeeded: 1ms
Test suite progress: tests succeeded: 149, failed: 0, skipped: 0.
[pool-3-thread-1] Test testNetworkIdStatic(org.jclouds.cloudstack.options.CreateIPForwardingRuleOptionsTest) succeeded: 1ms
Test suite progress: tests succeeded: 150, failed: 0, skipped: 0.
Starting test testClusterIdStatic(org.jclouds.cloudstack.options.ListStoragePoolsOptionsTest)
Starting test testPodId(org.jclouds.cloudstack.options.ListStoragePoolsOptionsTest)
[pool-3-thread-5] Test testClusterIdStatic(org.jclouds.cloudstack.options.ListStoragePoolsOptionsTest) succeeded: 0ms
Test suite progress: tests succeeded: 151, failed: 0, skipped: 0.
Starting test testPath(org.jclouds.cloudstack.options.ListStoragePoolsOptionsTest)
[pool-3-thread-3] Test testPodId(org.jclouds.cloudstack.options.ListStoragePoolsOptionsTest) succeeded: 1ms
Test suite progress: tests succeeded: 152, failed: 0, skipped: 0.
Starting test testPathStatic(org.jclouds.cloudstack.options.ListStoragePoolsOptionsTest)
Starting test testNameStatic(org.jclouds.cloudstack.options.ListStoragePoolsOptionsTest)
[pool-3-thread-5] Test testPathStatic(org.jclouds.cloudstack.options.ListStoragePoolsOptionsTest) succeeded: 0ms
Test suite progress: tests succeeded: 153, failed: 0, skipped: 0.
Starting test testId(org.jclouds.cloudstack.options.ListStoragePoolsOptionsTest)
[pool-3-thread-4] Test testId(org.jclouds.cloudstack.options.ListStoragePoolsOptionsTest) succeeded: 0ms
Test suite progress: tests succeeded: 154, failed: 0, skipped: 0.
[pool-3-thread-2] Test testPath(org.jclouds.cloudstack.options.ListStoragePoolsOptionsTest) succeeded: 1ms
Test suite progress: tests succeeded: 155, failed: 0, skipped: 0.
[pool-3-thread-3] Test testNameStatic(org.jclouds.cloudstack.options.ListStoragePoolsOptionsTest) succeeded: 1ms
Test suite progress: tests succeeded: 156, failed: 0, skipped: 0.
Starting test testName(org.jclouds.cloudstack.options.ListStoragePoolsOptionsTest)
Starting test testSupportsPortForwardingAndStaticNATWhenFirewallHasFeatures(org.jclouds.cloudstack.predicates.NetworkPredicatesTest)
[pool-3-thread-1] Test testName(org.jclouds.cloudstack.options.ListStoragePoolsOptionsTest) succeeded: 0ms
Test suite progress: tests succeeded: 157, failed: 0, skipped: 0.
Starting test testHasLoadBalancerService(org.jclouds.cloudstack.predicates.NetworkPredicatesTest)
Starting test testSupportsPortForwardingFindsWhenFirewallHasPortForwardingFeature(org.jclouds.cloudstack.predicates.NetworkPredicatesTest)
Starting test testNoSupport(org.jclouds.cloudstack.predicates.NetworkPredicatesTest)
Starting test testSupportsStaticNATFindsWhenFirewallHasStaticNatFeature(org.jclouds.cloudstack.predicates.NetworkPredicatesTest)
[pool-3-thread-1] Test testHasLoadBalancerService(org.jclouds.cloudstack.predicates.NetworkPredicatesTest) succeeded: 14ms
Test suite progress: tests succeeded: 158, failed: 0, skipped: 0.
Starting test testDomainIdStatic(org.jclouds.cloudstack.options.CreateUserOptionsTest)
[pool-3-thread-1] Test testDomainIdStatic(org.jclouds.cloudstack.options.CreateUserOptionsTest) succeeded: 28ms
Test suite progress: tests succeeded: 159, failed: 0, skipped: 0.
Starting test testDomainId(org.jclouds.cloudstack.options.CreateUserOptionsTest)
[pool-3-thread-1] Test testDomainId(org.jclouds.cloudstack.options.CreateUserOptionsTest) succeeded: 0ms
Test suite progress: tests succeeded: 160, failed: 0, skipped: 0.
Starting test testTimezone(org.jclouds.cloudstack.options.CreateUserOptionsTest)
[pool-3-thread-1] Test testTimezone(org.jclouds.cloudstack.options.CreateUserOptionsTest) succeeded: 0ms
Test suite progress: tests succeeded: 161, failed: 0, skipped: 0.
Starting test testTimezoneStatic(org.jclouds.cloudstack.options.CreateUserOptionsTest)
[pool-3-thread-1] Test testTimezoneStatic(org.jclouds.cloudstack.options.CreateUserOptionsTest) succeeded: 0ms
Test suite progress: tests succeeded: 162, failed: 0, skipped: 0.
[pool-3-thread-2] Test testSupportsPortForwardingAndStaticNATWhenFirewallHasFeatures(org.jclouds.cloudstack.predicates.NetworkPredicatesTest) succeeded: 68ms
Test suite progress: tests succeeded: 163, failed: 0, skipped: 0.
Starting test testIsDefault(org.jclouds.cloudstack.options.CreateNetworkOptionsTest)
[pool-3-thread-4] Test testNoSupport(org.jclouds.cloudstack.predicates.NetworkPredicatesTest) succeeded: 57ms
Test suite progress: tests succeeded: 164, failed: 0, skipped: 0.
Starting test testEndIP(org.jclouds.cloudstack.options.CreateNetworkOptionsTest)
[pool-3-thread-3] Test testSupportsStaticNATFindsWhenFirewallHasStaticNatFeature(org.jclouds.cloudstack.predicates.NetworkPredicatesTest) succeeded: 58ms
Test suite progress: tests succeeded: 165, failed: 0, skipped: 0.
[pool-3-thread-2] Test testIsDefault(org.jclouds.cloudstack.options.CreateNetworkOptionsTest) succeeded: 2ms
Test suite progress: tests succeeded: 166, failed: 0, skipped: 0.
Starting test testIsDefaultStatic(org.jclouds.cloudstack.options.CreateNetworkOptionsTest)
Starting test testStartIP(org.jclouds.cloudstack.options.CreateNetworkOptionsTest)
[pool-3-thread-2] Test testStartIP(org.jclouds.cloudstack.options.CreateNetworkOptionsTest) succeeded: 0ms
Test suite progress: tests succeeded: 167, failed: 0, skipped: 0.
[pool-3-thread-3] Test testIsDefaultStatic(org.jclouds.cloudstack.options.CreateNetworkOptionsTest) succeeded: 1ms
Test suite progress: tests succeeded: 168, failed: 0, skipped: 0.
Starting test testVlan(org.jclouds.cloudstack.options.CreateNetworkOptionsTest)
[pool-3-thread-2] Test testVlan(org.jclouds.cloudstack.options.CreateNetworkOptionsTest) succeeded: 0ms
Test suite progress: tests succeeded: 169, failed: 0, skipped: 0.
Starting test testNetmaskStatic(org.jclouds.cloudstack.options.CreateNetworkOptionsTest)
[pool-3-thread-3] Test testNetmaskStatic(org.jclouds.cloudstack.options.CreateNetworkOptionsTest) succeeded: 0ms
Test suite progress: tests succeeded: 170, failed: 0, skipped: 0.
Starting test testNetworkDomainStatic(org.jclouds.cloudstack.options.CreateNetworkOptionsTest)
[pool-3-thread-2] Test testNetworkDomainStatic(org.jclouds.cloudstack.options.CreateNetworkOptionsTest) succeeded: 0ms
Test suite progress: tests succeeded: 171, failed: 0, skipped: 0.
Starting test testAccountInDomainIdStatic(org.jclouds.cloudstack.options.CreateNetworkOptionsTest)
[pool-3-thread-3] Test testAccountInDomainIdStatic(org.jclouds.cloudstack.options.CreateNetworkOptionsTest) succeeded: 0ms
Test suite progress: tests succeeded: 172, failed: 0, skipped: 0.
Starting test testGatewayStatic(org.jclouds.cloudstack.options.CreateNetworkOptionsTest)
[pool-3-thread-2] Test testGatewayStatic(org.jclouds.cloudstack.options.CreateNetworkOptionsTest) succeeded: 0ms
Test suite progress: tests succeeded: 173, failed: 0, skipped: 0.
Starting test testIsSharedStatic(org.jclouds.cloudstack.options.CreateNetworkOptionsTest)
[pool-3-thread-2] Test testIsSharedStatic(org.jclouds.cloudstack.options.CreateNetworkOptionsTest) succeeded: 0ms
Test suite progress: tests succeeded: 174, failed: 0, skipped: 0.
Starting test testNetworkDomain(org.jclouds.cloudstack.options.CreateNetworkOptionsTest)
[pool-3-thread-2] Test testNetworkDomain(org.jclouds.cloudstack.options.CreateNetworkOptionsTest) succeeded: 0ms
Test suite progress: tests succeeded: 175, failed: 0, skipped: 0.
[pool-3-thread-4] Test testEndIP(org.jclouds.cloudstack.options.CreateNetworkOptionsTest) succeeded: 4ms
Test suite progress: tests succeeded: 176, failed: 0, skipped: 0.
Starting test testNetmask(org.jclouds.cloudstack.options.CreateNetworkOptionsTest)
Starting test testAccountInDomainId(org.jclouds.cloudstack.options.CreateNetworkOptionsTest)
[pool-3-thread-2] Test testNetmask(org.jclouds.cloudstack.options.CreateNetworkOptionsTest) succeeded: 1ms
Test suite progress: tests succeeded: 177, failed: 0, skipped: 0.
[pool-3-thread-4] Test testAccountInDomainId(org.jclouds.cloudstack.options.CreateNetworkOptionsTest) succeeded: 0ms
Test suite progress: tests succeeded: 178, failed: 0, skipped: 0.
Starting test testStartIPStatic(org.jclouds.cloudstack.options.CreateNetworkOptionsTest)
[pool-3-thread-2] Test testStartIPStatic(org.jclouds.cloudstack.options.CreateNetworkOptionsTest) succeeded: 0ms
Starting test testGateway(org.jclouds.cloudstack.options.CreateNetworkOptionsTest)
Test suite progress: tests succeeded: 179, failed: 0, skipped: 0.
[pool-3-thread-4] Test testGateway(org.jclouds.cloudstack.options.CreateNetworkOptionsTest) succeeded: 0ms
Test suite progress: tests succeeded: 180, failed: 0, skipped: 0.
Starting test testIsShared(org.jclouds.cloudstack.options.CreateNetworkOptionsTest)
Starting test testHighlyAvailable(org.jclouds.cloudstack.options.CreateServiceOfferingOptionsTest)
[pool-3-thread-4] Test testHighlyAvailable(org.jclouds.cloudstack.options.CreateServiceOfferingOptionsTest) succeeded: 1ms
Test suite progress: tests succeeded: 181, failed: 0, skipped: 0.
Starting test testHostTags(org.jclouds.cloudstack.options.CreateServiceOfferingOptionsTest)
[pool-3-thread-4] Test testHostTags(org.jclouds.cloudstack.options.CreateServiceOfferingOptionsTest) succeeded: 0ms
Test suite progress: tests succeeded: 182, failed: 0, skipped: 0.
Starting test testStorageType(org.jclouds.cloudstack.options.CreateServiceOfferingOptionsTest)
Starting test testEndIPStatic(org.jclouds.cloudstack.options.CreateNetworkOptionsTest)
[pool-3-thread-4] Test testStorageType(org.jclouds.cloudstack.options.CreateServiceOfferingOptionsTest) succeeded: 1ms
Test suite progress: tests succeeded: 183, failed: 0, skipped: 0.
Starting test testSystemVmType(org.jclouds.cloudstack.options.CreateServiceOfferingOptionsTest)
[pool-3-thread-3] Test testEndIPStatic(org.jclouds.cloudstack.options.CreateNetworkOptionsTest) succeeded: 2ms
Test suite progress: tests succeeded: 184, failed: 0, skipped: 0.
Starting test testSystemVmTypeStatic(org.jclouds.cloudstack.options.CreateServiceOfferingOptionsTest)
[pool-3-thread-5] Test testSupportsPortForwardingFindsWhenFirewallHasPortForwardingFeature(org.jclouds.cloudstack.predicates.NetworkPredicatesTest) succeeded: 71ms
Test suite progress: tests succeeded: 185, failed: 0, skipped: 0.
Starting test testHighlyAvailableStatic(org.jclouds.cloudstack.options.CreateServiceOfferingOptionsTest)
[pool-3-thread-3] Test testSystemVmTypeStatic(org.jclouds.cloudstack.options.CreateServiceOfferingOptionsTest) succeeded: 2ms
Test suite progress: tests succeeded: 186, failed: 0, skipped: 0.
Starting test testIsSystemStatic(org.jclouds.cloudstack.options.CreateServiceOfferingOptionsTest)
[pool-3-thread-2] Test testIsShared(org.jclouds.cloudstack.options.CreateNetworkOptionsTest) succeeded: 7ms
Test suite progress: tests succeeded: 187, failed: 0, skipped: 0.
Starting test testIsSystem(org.jclouds.cloudstack.options.CreateServiceOfferingOptionsTest)
[pool-3-thread-2] Test testIsSystem(org.jclouds.cloudstack.options.CreateServiceOfferingOptionsTest) succeeded: 0ms
Test suite progress: tests succeeded: 188, failed: 0, skipped: 0.
Starting test testLimitCpuUseStatic(org.jclouds.cloudstack.options.CreateServiceOfferingOptionsTest)
[pool-3-thread-2] Test testLimitCpuUseStatic(org.jclouds.cloudstack.options.CreateServiceOfferingOptionsTest) succeeded: 1ms
Test suite progress: tests succeeded: 189, failed: 0, skipped: 0.
Starting test testTags(org.jclouds.cloudstack.options.CreateServiceOfferingOptionsTest)
[pool-3-thread-2] Test testTags(org.jclouds.cloudstack.options.CreateServiceOfferingOptionsTest) succeeded: 0ms
Test suite progress: tests succeeded: 190, failed: 0, skipped: 0.
Starting test testNetworkRateStatic(org.jclouds.cloudstack.options.CreateServiceOfferingOptionsTest)
[pool-3-thread-2] Test testNetworkRateStatic(org.jclouds.cloudstack.options.CreateServiceOfferingOptionsTest) succeeded: 0ms
Test suite progress: tests succeeded: 191, failed: 0, skipped: 0.
[pool-3-thread-4] Test testSystemVmType(org.jclouds.cloudstack.options.CreateServiceOfferingOptionsTest) succeeded: 6ms
Test suite progress: tests succeeded: 192, failed: 0, skipped: 0.
[pool-3-thread-3] Test testIsSystemStatic(org.jclouds.cloudstack.options.CreateServiceOfferingOptionsTest) succeeded: 3ms
Test suite progress: tests succeeded: 193, failed: 0, skipped: 0.
[pool-3-thread-5] Test testHighlyAvailableStatic(org.jclouds.cloudstack.options.CreateServiceOfferingOptionsTest) succeeded: 4ms
Test suite progress: tests succeeded: 194, failed: 0, skipped: 0.
Starting test testTagsStatic(org.jclouds.cloudstack.options.CreateServiceOfferingOptionsTest)
[pool-3-thread-3] Test testTagsStatic(org.jclouds.cloudstack.options.CreateServiceOfferingOptionsTest) succeeded: 0ms
Test suite progress: tests succeeded: 195, failed: 0, skipped: 0.
Starting test testHostTagsStatic(org.jclouds.cloudstack.options.CreateServiceOfferingOptionsTest)
[pool-3-thread-4] Test testHostTagsStatic(org.jclouds.cloudstack.options.CreateServiceOfferingOptionsTest) succeeded: 0ms
Test suite progress: tests succeeded: 196, failed: 0, skipped: 0.
Starting test testStorageTypeStatic(org.jclouds.cloudstack.options.CreateServiceOfferingOptionsTest)
[pool-3-thread-3] Test testStorageTypeStatic(org.jclouds.cloudstack.options.CreateServiceOfferingOptionsTest) succeeded: 1ms
Test suite progress: tests succeeded: 197, failed: 0, skipped: 0.
Starting test testDomainIdStatic(org.jclouds.cloudstack.options.ListZonesOptionsTest)
[pool-3-thread-3] Test testDomainIdStatic(org.jclouds.cloudstack.options.ListZonesOptionsTest) succeeded: 1ms
Test suite progress: tests succeeded: 198, failed: 0, skipped: 0.
Starting test testAvailableStatic(org.jclouds.cloudstack.options.ListZonesOptionsTest)
[pool-3-thread-3] Test testAvailableStatic(org.jclouds.cloudstack.options.ListZonesOptionsTest) succeeded: 0ms
Test suite progress: tests succeeded: 199, failed: 0, skipped: 0.
Starting test testDomainId(org.jclouds.cloudstack.options.ListZonesOptionsTest)
[pool-3-thread-3] Test testDomainId(org.jclouds.cloudstack.options.ListZonesOptionsTest) succeeded: 1ms
Test suite progress: tests succeeded: 200, failed: 0, skipped: 0.
Starting test testIdStatic(org.jclouds.cloudstack.options.ListZonesOptionsTest)
[pool-3-thread-3] Test testIdStatic(org.jclouds.cloudstack.options.ListZonesOptionsTest) succeeded: 0ms
Test suite progress: tests succeeded: 201, failed: 0, skipped: 0.
Starting test testId(org.jclouds.cloudstack.options.ListZonesOptionsTest)
[pool-3-thread-3] Test testId(org.jclouds.cloudstack.options.ListZonesOptionsTest) succeeded: 0ms
Test suite progress: tests succeeded: 202, failed: 0, skipped: 0.
Starting test testAvailable(org.jclouds.cloudstack.options.ListZonesOptionsTest)
[pool-3-thread-3] Test testAvailable(org.jclouds.cloudstack.options.ListZonesOptionsTest) succeeded: 0ms
Test suite progress: tests succeeded: 203, failed: 0, skipped: 0.
Starting test testReuseWorks(org.jclouds.cloudstack.functions.ReuseOrAssociateNewPublicIPAddressTest)
Starting test testLimitCpuUse(org.jclouds.cloudstack.options.CreateServiceOfferingOptionsTest)
[pool-3-thread-4] Test testLimitCpuUse(org.jclouds.cloudstack.options.CreateServiceOfferingOptionsTest) succeeded: 0ms
Test suite progress: tests succeeded: 204, failed: 0, skipped: 0.
Starting test testAssociateWorks(org.jclouds.cloudstack.functions.ReuseOrAssociateNewPublicIPAddressTest)
Starting test testNetworkRate(org.jclouds.cloudstack.options.CreateServiceOfferingOptionsTest)
[pool-3-thread-2] Test testNetworkRate(org.jclouds.cloudstack.options.CreateServiceOfferingOptionsTest) succeeded: 1ms
Test suite progress: tests succeeded: 205, failed: 0, skipped: 0.
Starting test testRecursive(org.jclouds.cloudstack.options.ListAccountsOptionsTest)
Starting test testRecursiveStatic(org.jclouds.cloudstack.options.ListAccountsOptionsTest)
Starting test testVlanStatic(org.jclouds.cloudstack.options.CreateNetworkOptionsTest)
[pool-3-thread-1] Test testVlanStatic(org.jclouds.cloudstack.options.CreateNetworkOptionsTest) succeeded: 0ms
Test suite progress: tests succeeded: 206, failed: 0, skipped: 0.
Starting test testStateStatic(org.jclouds.cloudstack.options.ListAccountsOptionsTest)
[pool-3-thread-2] Test testRecursive(org.jclouds.cloudstack.options.ListAccountsOptionsTest) succeeded: 11ms
Test suite progress: tests succeeded: 207, failed: 0, skipped: 0.
Starting test testNameStatic(org.jclouds.cloudstack.options.ListAccountsOptionsTest)
[pool-3-thread-1] Test testStateStatic(org.jclouds.cloudstack.options.ListAccountsOptionsTest) succeeded: 5ms
Test suite progress: tests succeeded: 208, failed: 0, skipped: 0.
Starting test testId(org.jclouds.cloudstack.options.ListAccountsOptionsTest)
[pool-3-thread-1] Test testId(org.jclouds.cloudstack.options.ListAccountsOptionsTest) succeeded: 0ms
Test suite progress: tests succeeded: 209, failed: 0, skipped: 0.
Starting test testDomainIdStatic(org.jclouds.cloudstack.options.ListAccountsOptionsTest)
[pool-3-thread-1] Test testDomainIdStatic(org.jclouds.cloudstack.options.ListAccountsOptionsTest) succeeded: 0ms
Test suite progress: tests succeeded: 210, failed: 0, skipped: 0.
Starting test testAccountInDomainIdStatic(org.jclouds.cloudstack.options.ListAccountsOptionsTest)
[pool-3-thread-1] Test testAccountInDomainIdStatic(org.jclouds.cloudstack.options.ListAccountsOptionsTest) succeeded: 0ms
Test suite progress: tests succeeded: 211, failed: 0, skipped: 0.
Starting test testIdStatic(org.jclouds.cloudstack.options.ListAccountsOptionsTest)
[pool-3-thread-1] Test testIdStatic(org.jclouds.cloudstack.options.ListAccountsOptionsTest) succeeded: 0ms
Test suite progress: tests succeeded: 212, failed: 0, skipped: 0.
Starting test testCleanupRequired(org.jclouds.cloudstack.options.ListAccountsOptionsTest)
[pool-3-thread-1] Test testCleanupRequired(org.jclouds.cloudstack.options.ListAccountsOptionsTest) succeeded: 0ms
Test suite progress: tests succeeded: 213, failed: 0, skipped: 0.
Starting test testName(org.jclouds.cloudstack.options.ListAccountsOptionsTest)
[pool-3-thread-1] Test testName(org.jclouds.cloudstack.options.ListAccountsOptionsTest) succeeded: 0ms
Test suite progress: tests succeeded: 214, failed: 0, skipped: 0.
Starting test testDomainId(org.jclouds.cloudstack.options.ListAccountsOptionsTest)
[pool-3-thread-1] Test testDomainId(org.jclouds.cloudstack.options.ListAccountsOptionsTest) succeeded: 0ms
Test suite progress: tests succeeded: 215, failed: 0, skipped: 0.
Starting test testCleanupRequiredStatic(org.jclouds.cloudstack.options.ListAccountsOptionsTest)
[pool-3-thread-1] Test testCleanupRequiredStatic(org.jclouds.cloudstack.options.ListAccountsOptionsTest) succeeded: 0ms
Test suite progress: tests succeeded: 216, failed: 0, skipped: 0.
Starting test testAccountInDomainId(org.jclouds.cloudstack.options.ListAccountsOptionsTest)
[pool-3-thread-1] Test testAccountInDomainId(org.jclouds.cloudstack.options.ListAccountsOptionsTest) succeeded: 0ms
Test suite progress: tests succeeded: 217, failed: 0, skipped: 0.
Starting test testState(org.jclouds.cloudstack.options.ListAccountsOptionsTest)
[pool-3-thread-1] Test testState(org.jclouds.cloudstack.options.ListAccountsOptionsTest) succeeded: 0ms
Test suite progress: tests succeeded: 218, failed: 0, skipped: 0.
[pool-3-thread-5] Test testRecursiveStatic(org.jclouds.cloudstack.options.ListAccountsOptionsTest) succeeded: 54ms
Test suite progress: tests succeeded: 219, failed: 0, skipped: 0.
Starting test testDomainIdStatic(org.jclouds.cloudstack.options.ListPortForwardingRulesOptionsTest)
[pool-3-thread-5] Test testDomainIdStatic(org.jclouds.cloudstack.options.ListPortForwardingRulesOptionsTest) succeeded: 0ms
Test suite progress: tests succeeded: 220, failed: 0, skipped: 0.
Starting test testNameStatic(org.jclouds.cloudstack.options.ListPortForwardingRulesOptionsTest)
[pool-3-thread-5] Test testNameStatic(org.jclouds.cloudstack.options.ListPortForwardingRulesOptionsTest) succeeded: 0ms
Test suite progress: tests succeeded: 221, failed: 0, skipped: 0.
Starting test testDomainId(org.jclouds.cloudstack.options.ListPortForwardingRulesOptionsTest)
[pool-3-thread-5] Test testDomainId(org.jclouds.cloudstack.options.ListPortForwardingRulesOptionsTest) succeeded: 0ms
Test suite progress: tests succeeded: 222, failed: 0, skipped: 0.
Starting test testAccountStatic(org.jclouds.cloudstack.options.ListPortForwardingRulesOptionsTest)
[pool-3-thread-5] Test testAccountStatic(org.jclouds.cloudstack.options.ListPortForwardingRulesOptionsTest) succeeded: 0ms
Test suite progress: tests succeeded: 223, failed: 0, skipped: 0.
Starting test testName(org.jclouds.cloudstack.options.ListPortForwardingRulesOptionsTest)
[pool-3-thread-5] Test testName(org.jclouds.cloudstack.options.ListPortForwardingRulesOptionsTest) succeeded: 1ms
Test suite progress: tests succeeded: 224, failed: 0, skipped: 0.
Starting test testAccount(org.jclouds.cloudstack.options.ListPortForwardingRulesOptionsTest)
[pool-3-thread-5] Test testAccount(org.jclouds.cloudstack.options.ListPortForwardingRulesOptionsTest) succeeded: 0ms
Test suite progress: tests succeeded: 225, failed: 0, skipped: 0.
Starting test testTimezoneStatic(org.jclouds.cloudstack.options.UpdateUserOptionsTest)
[pool-3-thread-5] Test testTimezoneStatic(org.jclouds.cloudstack.options.UpdateUserOptionsTest) succeeded: 0ms
Test suite progress: tests succeeded: 226, failed: 0, skipped: 0.
Starting test testUserNameStatic(org.jclouds.cloudstack.options.UpdateUserOptionsTest)
[pool-3-thread-5] Test testUserNameStatic(org.jclouds.cloudstack.options.UpdateUserOptionsTest) succeeded: 0ms
Test suite progress: tests succeeded: 227, failed: 0, skipped: 0.
Starting test testUserApiKey(org.jclouds.cloudstack.options.UpdateUserOptionsTest)
[pool-3-thread-5] Test testUserApiKey(org.jclouds.cloudstack.options.UpdateUserOptionsTest) succeeded: 0ms
Test suite progress: tests succeeded: 228, failed: 0, skipped: 0.
Starting test testUserSecretKey(org.jclouds.cloudstack.options.UpdateUserOptionsTest)
[pool-3-thread-5] Test testUserSecretKey(org.jclouds.cloudstack.options.UpdateUserOptionsTest) succeeded: 0ms
Test suite progress: tests succeeded: 229, failed: 0, skipped: 0.
Starting test testFirstStatic(org.jclouds.cloudstack.options.UpdateUserOptionsTest)
[pool-3-thread-5] Test testFirstStatic(org.jclouds.cloudstack.options.UpdateUserOptionsTest) succeeded: 0ms
Test suite progress: tests succeeded: 230, failed: 0, skipped: 0.
Starting test testUserSecretKeyStatic(org.jclouds.cloudstack.options.UpdateUserOptionsTest)
[pool-3-thread-5] Test testUserSecretKeyStatic(org.jclouds.cloudstack.options.UpdateUserOptionsTest) succeeded: 0ms
Test suite progress: tests succeeded: 231, failed: 0, skipped: 0.
Starting test testEmailStatic(org.jclouds.cloudstack.options.UpdateUserOptionsTest)
[pool-3-thread-5] Test testEmailStatic(org.jclouds.cloudstack.options.UpdateUserOptionsTest) succeeded: 0ms
Test suite progress: tests succeeded: 232, failed: 0, skipped: 0.
Starting test testUserApiKeyStatic(org.jclouds.cloudstack.options.UpdateUserOptionsTest)
[pool-3-thread-5] Test testUserApiKeyStatic(org.jclouds.cloudstack.options.UpdateUserOptionsTest) succeeded: 0ms
Test suite progress: tests succeeded: 233, failed: 0, skipped: 0.
Starting test testTimezone(org.jclouds.cloudstack.options.UpdateUserOptionsTest)
[pool-3-thread-5] Test testTimezone(org.jclouds.cloudstack.options.UpdateUserOptionsTest) succeeded: 0ms
Test suite progress: tests succeeded: 234, failed: 0, skipped: 0.
Starting test testEmail(org.jclouds.cloudstack.options.UpdateUserOptionsTest)
[pool-3-thread-5] Test testEmail(org.jclouds.cloudstack.options.UpdateUserOptionsTest) succeeded: 0ms
Test suite progress: tests succeeded: 235, failed: 0, skipped: 0.
Starting test testUserName(org.jclouds.cloudstack.options.UpdateUserOptionsTest)
[pool-3-thread-5] Test testUserName(org.jclouds.cloudstack.options.UpdateUserOptionsTest) succeeded: 0ms
Test suite progress: tests succeeded: 236, failed: 0, skipped: 0.
Starting test testLastNameStatic(org.jclouds.cloudstack.options.UpdateUserOptionsTest)
[pool-3-thread-5] Test testLastNameStatic(org.jclouds.cloudstack.options.UpdateUserOptionsTest) succeeded: 0ms
Test suite progress: tests succeeded: 237, failed: 0, skipped: 0.
Starting test testFirstName(org.jclouds.cloudstack.options.UpdateUserOptionsTest)
[pool-3-thread-5] Test testFirstName(org.jclouds.cloudstack.options.UpdateUserOptionsTest) succeeded: 0ms
Test suite progress: tests succeeded: 238, failed: 0, skipped: 0.
Starting test testLastName(org.jclouds.cloudstack.options.UpdateUserOptionsTest)
[pool-3-thread-5] Test testLastName(org.jclouds.cloudstack.options.UpdateUserOptionsTest) succeeded: 0ms
Test suite progress: tests succeeded: 239, failed: 0, skipped: 0.
Starting test testOverloadedKeyName(org.jclouds.cloudstack.functions.ParseAsyncJobFromHttpResponseTest)
[pool-3-thread-2] Test testNameStatic(org.jclouds.cloudstack.options.ListAccountsOptionsTest) succeeded: 67ms
Test suite progress: tests succeeded: 240, failed: 0, skipped: 0.
Starting test testPublicIPAddress(org.jclouds.cloudstack.functions.ParseAsyncJobFromHttpResponseTest)
Starting test testTemplateInAcceptableCategory(org.jclouds.cloudstack.predicates.OSCategoryInTest)
[pool-3-thread-1] Test testTemplateInAcceptableCategory(org.jclouds.cloudstack.predicates.OSCategoryInTest) succeeded: 8ms
Test suite progress: tests succeeded: 241, failed: 0, skipped: 0.
Starting test testTemplateNotInAcceptableCategory(org.jclouds.cloudstack.predicates.OSCategoryInTest)
[pool-3-thread-1] Test testTemplateNotInAcceptableCategory(org.jclouds.cloudstack.predicates.OSCategoryInTest) succeeded: 2ms
Test suite progress: tests succeeded: 242, failed: 0, skipped: 0.
Starting test testWithNoResult(org.jclouds.cloudstack.functions.ParseAsyncJobFromHttpResponseTest)
[pool-3-thread-1] Test testWithNoResult(org.jclouds.cloudstack.functions.ParseAsyncJobFromHttpResponseTest) succeeded: 46ms
Test suite progress: tests succeeded: 243, failed: 0, skipped: 0.
Starting test testIPForwardingRule(org.jclouds.cloudstack.functions.ParseAsyncJobFromHttpResponseTest)
[pool-3-thread-1] Test testIPForwardingRule(org.jclouds.cloudstack.functions.ParseAsyncJobFromHttpResponseTest) succeeded: 13ms
Test suite progress: tests succeeded: 244, failed: 0, skipped: 0.
Starting test testWithUnknownResultReturnsStringifiedJson(org.jclouds.cloudstack.functions.ParseAsyncJobFromHttpResponseTest)
[pool-3-thread-1] Test testWithUnknownResultReturnsStringifiedJson(org.jclouds.cloudstack.functions.ParseAsyncJobFromHttpResponseTest) succeeded: 1ms
Test suite progress: tests succeeded: 245, failed: 0, skipped: 0.
Starting test testWithSuccessTrueResultSetsNullResult(org.jclouds.cloudstack.functions.ParseAsyncJobFromHttpResponseTest)
[pool-3-thread-1] Test testWithSuccessTrueResultSetsNullResult(org.jclouds.cloudstack.functions.ParseAsyncJobFromHttpResponseTest) succeeded: 1ms
Test suite progress: tests succeeded: 246, failed: 0, skipped: 0.
Starting test testWithBadResultReturnsMap(org.jclouds.cloudstack.functions.ParseAsyncJobFromHttpResponseTest)
[pool-3-thread-1] Test testWithBadResultReturnsMap(org.jclouds.cloudstack.functions.ParseAsyncJobFromHttpResponseTest) succeeded: 3ms
Test suite progress: tests succeeded: 247, failed: 0, skipped: 0.
Starting test testWithErrorSetsResultNullSoToAvoidClassCastExceptions(org.jclouds.cloudstack.functions.ParseAsyncJobFromHttpResponseTest)
[pool-3-thread-1] Test testWithErrorSetsResultNullSoToAvoidClassCastExceptions(org.jclouds.cloudstack.functions.ParseAsyncJobFromHttpResponseTest) succeeded: 3ms
Test suite progress: tests succeeded: 248, failed: 0, skipped: 0.
Starting test testSupportsSecurityGroups(org.jclouds.cloudstack.predicates.ZonePredicatesTest)
[pool-3-thread-1] Test testSupportsSecurityGroups(org.jclouds.cloudstack.predicates.ZonePredicatesTest) succeeded: 11ms
Test suite progress: tests succeeded: 249, failed: 0, skipped: 0.
Starting test testSupportsAdvancedNetworks(org.jclouds.cloudstack.predicates.ZonePredicatesTest)
[pool-3-thread-1] Test testSupportsAdvancedNetworks(org.jclouds.cloudstack.predicates.ZonePredicatesTest) succeeded: 8ms
Test suite progress: tests succeeded: 250, failed: 0, skipped: 0.
Starting test testAvailabilityStatic(org.jclouds.cloudstack.options.UpdateNetworkOfferingOptionsTest)
[pool-3-thread-1] Test testAvailabilityStatic(org.jclouds.cloudstack.options.UpdateNetworkOfferingOptionsTest) succeeded: 13ms
Test suite progress: tests succeeded: 251, failed: 0, skipped: 0.
[pool-3-thread-2] Test testPublicIPAddress(org.jclouds.cloudstack.functions.ParseAsyncJobFromHttpResponseTest) succeeded: 115ms
Test suite progress: tests succeeded: 252, failed: 0, skipped: 0.
Starting test testAvailability(org.jclouds.cloudstack.options.UpdateNetworkOfferingOptionsTest)
Starting test testDisplayTextStatic(org.jclouds.cloudstack.options.UpdateNetworkOfferingOptionsTest)
[pool-3-thread-1] Test testAvailability(org.jclouds.cloudstack.options.UpdateNetworkOfferingOptionsTest) succeeded: 1ms
Test suite progress: tests succeeded: 253, failed: 0, skipped: 0.
Starting test testName(org.jclouds.cloudstack.options.UpdateNetworkOfferingOptionsTest)
[pool-3-thread-2] Test testDisplayTextStatic(org.jclouds.cloudstack.options.UpdateNetworkOfferingOptionsTest) succeeded: 1ms
Test suite progress: tests succeeded: 254, failed: 0, skipped: 0.
Starting test testDisplayText(org.jclouds.cloudstack.options.UpdateNetworkOfferingOptionsTest)
[pool-3-thread-2] Test testDisplayText(org.jclouds.cloudstack.options.UpdateNetworkOfferingOptionsTest) succeeded: 0ms
Test suite progress: tests succeeded: 255, failed: 0, skipped: 0.
Starting test testNameStatic(org.jclouds.cloudstack.options.UpdateNetworkOfferingOptionsTest)
[pool-3-thread-2] Test testNameStatic(org.jclouds.cloudstack.options.UpdateNetworkOfferingOptionsTest) succeeded: 0ms
Test suite progress: tests succeeded: 256, failed: 0, skipped: 0.
Starting test testStartDate(org.jclouds.cloudstack.options.ListAsyncJobsOptionsTest)
[pool-3-thread-1] Test testName(org.jclouds.cloudstack.options.UpdateNetworkOfferingOptionsTest) succeeded: 2ms
Test suite progress: tests succeeded: 257, failed: 0, skipped: 0.
Starting test testDomainId(org.jclouds.cloudstack.options.ListAsyncJobsOptionsTest)
[pool-3-thread-1] Test testDomainId(org.jclouds.cloudstack.options.ListAsyncJobsOptionsTest) succeeded: 0ms
Test suite progress: tests succeeded: 258, failed: 0, skipped: 0.
[pool-3-thread-2] Test testStartDate(org.jclouds.cloudstack.options.ListAsyncJobsOptionsTest) succeeded: 1ms
Starting test testDomainIdStatic(org.jclouds.cloudstack.options.ListAsyncJobsOptionsTest)
Test suite progress: tests succeeded: 259, failed: 0, skipped: 0.
Starting test testAccountInDomainIdStatic(org.jclouds.cloudstack.options.ListAsyncJobsOptionsTest)
[pool-3-thread-1] Test testDomainIdStatic(org.jclouds.cloudstack.options.ListAsyncJobsOptionsTest) succeeded: 1ms
Test suite progress: tests succeeded: 260, failed: 0, skipped: 0.
[pool-3-thread-2] Test testAccountInDomainIdStatic(org.jclouds.cloudstack.options.ListAsyncJobsOptionsTest) succeeded: 0ms
Test suite progress: tests succeeded: 261, failed: 0, skipped: 0.
Starting test testAccountInDomainId(org.jclouds.cloudstack.options.ListAsyncJobsOptionsTest)
Starting test testStartDateStatic(org.jclouds.cloudstack.options.ListAsyncJobsOptionsTest)
[pool-3-thread-1] Test testAccountInDomainId(org.jclouds.cloudstack.options.ListAsyncJobsOptionsTest) succeeded: 0ms
Test suite progress: tests succeeded: 262, failed: 0, skipped: 0.
[pool-3-thread-2] Test testStartDateStatic(org.jclouds.cloudstack.options.ListAsyncJobsOptionsTest) succeeded: 1ms
Test suite progress: tests succeeded: 263, failed: 0, skipped: 0.
Starting test testFailedJobComplete(org.jclouds.cloudstack.predicates.JobCompleteTest)
Starting test testAccountInDomainId(org.jclouds.cloudstack.options.ListUsersOptionsTest)
[pool-3-thread-1] Test testFailedJobComplete(org.jclouds.cloudstack.predicates.JobCompleteTest) succeeded: 0ms
Test suite progress: tests succeeded: 264, failed: 0, skipped: 0.
[pool-3-thread-2] Test testAccountInDomainId(org.jclouds.cloudstack.options.ListUsersOptionsTest) succeeded: 1ms
Test suite progress: tests succeeded: 265, failed: 0, skipped: 0.
Starting test testJobComplete(org.jclouds.cloudstack.predicates.JobCompleteTest)
Starting test testPage(org.jclouds.cloudstack.options.ListUsersOptionsTest)
[pool-3-thread-2] Test testPage(org.jclouds.cloudstack.options.ListUsersOptionsTest) succeeded: 0ms
Test suite progress: tests succeeded: 266, failed: 0, skipped: 0.
Starting test testPageSizeStatic(org.jclouds.cloudstack.options.ListUsersOptionsTest)
[pool-3-thread-1] Test testJobComplete(org.jclouds.cloudstack.predicates.JobCompleteTest) succeeded: 1ms
Test suite progress: tests succeeded: 267, failed: 0, skipped: 0.
[pool-3-thread-2] Test testPageSizeStatic(org.jclouds.cloudstack.options.ListUsersOptionsTest) succeeded: 1ms
Test suite progress: tests succeeded: 268, failed: 0, skipped: 0.
Starting test testAccountInDomainIdStatic(org.jclouds.cloudstack.options.ListUsersOptionsTest)
[pool-3-thread-1] Test testAccountInDomainIdStatic(org.jclouds.cloudstack.options.ListUsersOptionsTest) succeeded: 0ms
Starting test testId(org.jclouds.cloudstack.options.ListUsersOptionsTest)
Test suite progress: tests succeeded: 269, failed: 0, skipped: 0.
Starting test testPageSize(org.jclouds.cloudstack.options.ListUsersOptionsTest)
[pool-3-thread-2] Test testId(org.jclouds.cloudstack.options.ListUsersOptionsTest) succeeded: 1ms
Test suite progress: tests succeeded: 270, failed: 0, skipped: 0.
[pool-3-thread-1] Test testPageSize(org.jclouds.cloudstack.options.ListUsersOptionsTest) succeeded: 0ms
Test suite progress: tests succeeded: 271, failed: 0, skipped: 0.
Starting test testKeywordStatic(org.jclouds.cloudstack.options.ListUsersOptionsTest)
[pool-3-thread-2] Test testKeywordStatic(org.jclouds.cloudstack.options.ListUsersOptionsTest) succeeded: 0ms
Test suite progress: tests succeeded: 272, failed: 0, skipped: 0.
Starting test testAccountTypeStatic(org.jclouds.cloudstack.options.ListUsersOptionsTest)
[pool-3-thread-2] Test testAccountTypeStatic(org.jclouds.cloudstack.options.ListUsersOptionsTest) succeeded: 0ms
Test suite progress: tests succeeded: 273, failed: 0, skipped: 0.
Starting test testDomainIdStatic(org.jclouds.cloudstack.options.ListUsersOptionsTest)
[pool-3-thread-2] Test testDomainIdStatic(org.jclouds.cloudstack.options.ListUsersOptionsTest) succeeded: 0ms
Test suite progress: tests succeeded: 274, failed: 0, skipped: 0.
Starting test testIdStatic(org.jclouds.cloudstack.options.ListUsersOptionsTest)
[pool-3-thread-2] Test testIdStatic(org.jclouds.cloudstack.options.ListUsersOptionsTest) succeeded: 0ms
Test suite progress: tests succeeded: 275, failed: 0, skipped: 0.
Starting test testStateStatic(org.jclouds.cloudstack.options.ListUsersOptionsTest)
[pool-3-thread-2] Test testStateStatic(org.jclouds.cloudstack.options.ListUsersOptionsTest) succeeded: 1ms
Test suite progress: tests succeeded: 276, failed: 0, skipped: 0.
Starting test testAccountType(org.jclouds.cloudstack.options.ListUsersOptionsTest)
Starting test testPageStatic(org.jclouds.cloudstack.options.ListUsersOptionsTest)
[pool-3-thread-2] Test testAccountType(org.jclouds.cloudstack.options.ListUsersOptionsTest) succeeded: 0ms
Test suite progress: tests succeeded: 277, failed: 0, skipped: 0.
[pool-3-thread-1] Test testPageStatic(org.jclouds.cloudstack.options.ListUsersOptionsTest) succeeded: 0ms
Test suite progress: tests succeeded: 278, failed: 0, skipped: 0.
Starting test testState(org.jclouds.cloudstack.options.ListUsersOptionsTest)
Starting test testKeyword(org.jclouds.cloudstack.options.ListUsersOptionsTest)
[pool-3-thread-2] Test testState(org.jclouds.cloudstack.options.ListUsersOptionsTest) succeeded: 0ms
Test suite progress: tests succeeded: 279, failed: 0, skipped: 0.
[pool-3-thread-1] Test testKeyword(org.jclouds.cloudstack.options.ListUsersOptionsTest) succeeded: 0ms
Test suite progress: tests succeeded: 280, failed: 0, skipped: 0.
Starting test testUserNameStatic(org.jclouds.cloudstack.options.ListUsersOptionsTest)
[pool-3-thread-2] Test testUserNameStatic(org.jclouds.cloudstack.options.ListUsersOptionsTest) succeeded: 0ms
Test suite progress: tests succeeded: 281, failed: 0, skipped: 0.
Starting test testUserName(org.jclouds.cloudstack.options.ListUsersOptionsTest)
[pool-3-thread-1] Test testUserName(org.jclouds.cloudstack.options.ListUsersOptionsTest) succeeded: 0ms
Test suite progress: tests succeeded: 282, failed: 0, skipped: 0.
Starting test testNetworkDomain(org.jclouds.cloudstack.options.CreateAccountOptionsTest)
[pool-3-thread-1] Test testNetworkDomain(org.jclouds.cloudstack.options.CreateAccountOptionsTest) succeeded: 0ms
Test suite progress: tests succeeded: 283, failed: 0, skipped: 0.
Starting test testAccountStatic(org.jclouds.cloudstack.options.CreateAccountOptionsTest)
Starting test testDomainIdStatic(org.jclouds.cloudstack.options.CreateAccountOptionsTest)
[pool-3-thread-2] Test testAccountStatic(org.jclouds.cloudstack.options.CreateAccountOptionsTest) succeeded: 1ms
Test suite progress: tests succeeded: 284, failed: 0, skipped: 0.
Starting test testNetworkDomainStatic(org.jclouds.cloudstack.options.CreateAccountOptionsTest)
[pool-3-thread-1] Test testDomainIdStatic(org.jclouds.cloudstack.options.CreateAccountOptionsTest) succeeded: 1ms
Test suite progress: tests succeeded: 285, failed: 0, skipped: 0.
Starting test testAccountDomain(org.jclouds.cloudstack.options.CreateAccountOptionsTest)
[pool-3-thread-2] Test testNetworkDomainStatic(org.jclouds.cloudstack.options.CreateAccountOptionsTest) succeeded: 1ms
Test suite progress: tests succeeded: 286, failed: 0, skipped: 0.
[pool-3-thread-1] Test testAccountDomain(org.jclouds.cloudstack.options.CreateAccountOptionsTest) succeeded: 0ms
Test suite progress: tests succeeded: 287, failed: 0, skipped: 0.
Starting test testAccount(org.jclouds.cloudstack.options.CreateAccountOptionsTest)
Starting test testIdStatic(org.jclouds.cloudstack.options.ListNetworksOptionsTest)
[pool-3-thread-2] Test testAccount(org.jclouds.cloudstack.options.CreateAccountOptionsTest) succeeded: 0ms
Test suite progress: tests succeeded: 288, failed: 0, skipped: 0.
Starting test testZoneId(org.jclouds.cloudstack.options.ListNetworksOptionsTest)
[pool-3-thread-2] Test testZoneId(org.jclouds.cloudstack.options.ListNetworksOptionsTest) succeeded: 0ms
Test suite progress: tests succeeded: 289, failed: 0, skipped: 0.
[pool-3-thread-1] Test testIdStatic(org.jclouds.cloudstack.options.ListNetworksOptionsTest) succeeded: 1ms
Test suite progress: tests succeeded: 290, failed: 0, skipped: 0.
Starting test testName(org.jclouds.cloudstack.options.ListNetworksOptionsTest)
Starting test testDomainId(org.jclouds.cloudstack.options.ListNetworksOptionsTest)
[pool-3-thread-2] Test testName(org.jclouds.cloudstack.options.ListNetworksOptionsTest) succeeded: 0ms
Test suite progress: tests succeeded: 291, failed: 0, skipped: 0.
Starting test testTrafficTypeStatic(org.jclouds.cloudstack.options.ListNetworksOptionsTest)
[pool-3-thread-2] Test testTrafficTypeStatic(org.jclouds.cloudstack.options.ListNetworksOptionsTest) succeeded: 0ms
Test suite progress: tests succeeded: 292, failed: 0, skipped: 0.
Starting test testIsSystem(org.jclouds.cloudstack.options.ListNetworksOptionsTest)
[pool-3-thread-1] Test testDomainId(org.jclouds.cloudstack.options.ListNetworksOptionsTest) succeeded: 1ms
Test suite progress: tests succeeded: 293, failed: 0, skipped: 0.
[pool-3-thread-2] Test testIsSystem(org.jclouds.cloudstack.options.ListNetworksOptionsTest) succeeded: 0ms
Test suite progress: tests succeeded: 294, failed: 0, skipped: 0.
Starting test testIsSystemStatic(org.jclouds.cloudstack.options.ListNetworksOptionsTest)
[pool-3-thread-2] Test testIsSystemStatic(org.jclouds.cloudstack.options.ListNetworksOptionsTest) succeeded: 0ms
Test suite progress: tests succeeded: 295, failed: 0, skipped: 0.
Starting test testZoneIdStatic(org.jclouds.cloudstack.options.ListNetworksOptionsTest)
[pool-3-thread-2] Test testZoneIdStatic(org.jclouds.cloudstack.options.ListNetworksOptionsTest) succeeded: 0ms
Test suite progress: tests succeeded: 296, failed: 0, skipped: 0.
Starting test testIsDefaultStatic(org.jclouds.cloudstack.options.ListNetworksOptionsTest)
Starting test testAccountIdStatic(org.jclouds.cloudstack.options.ListNetworksOptionsTest)
[pool-3-thread-2] Test testIsDefaultStatic(org.jclouds.cloudstack.options.ListNetworksOptionsTest) succeeded: 2ms
Test suite progress: tests succeeded: 297, failed: 0, skipped: 0.
Starting test testDomainIdStatic(org.jclouds.cloudstack.options.ListNetworksOptionsTest)
[pool-3-thread-2] Test testDomainIdStatic(org.jclouds.cloudstack.options.ListNetworksOptionsTest) succeeded: 0ms
Test suite progress: tests succeeded: 298, failed: 0, skipped: 0.
Starting test testAccountId(org.jclouds.cloudstack.options.ListNetworksOptionsTest)
[pool-3-thread-2] Test testAccountId(org.jclouds.cloudstack.options.ListNetworksOptionsTest) succeeded: 0ms
Test suite progress: tests succeeded: 299, failed: 0, skipped: 0.
Starting test testIsDefault(org.jclouds.cloudstack.options.ListNetworksOptionsTest)
[pool-3-thread-2] Test testIsDefault(org.jclouds.cloudstack.options.ListNetworksOptionsTest) succeeded: 1ms
Test suite progress: tests succeeded: 300, failed: 0, skipped: 0.
Starting test testTypeStatic(org.jclouds.cloudstack.options.ListNetworksOptionsTest)
[pool-3-thread-2] Test testTypeStatic(org.jclouds.cloudstack.options.ListNetworksOptionsTest) succeeded: 0ms
Test suite progress: tests succeeded: 301, failed: 0, skipped: 0.
[pool-3-thread-1] Test testAccountIdStatic(org.jclouds.cloudstack.options.ListNetworksOptionsTest) succeeded: 5ms
Test suite progress: tests succeeded: 302, failed: 0, skipped: 0.
Starting test testNameStatic(org.jclouds.cloudstack.options.ListNetworksOptionsTest)
Starting test testIsSharedStatic(org.jclouds.cloudstack.options.ListNetworksOptionsTest)
[pool-3-thread-1] Test testNameStatic(org.jclouds.cloudstack.options.ListNetworksOptionsTest) succeeded: 0ms
Test suite progress: tests succeeded: 303, failed: 0, skipped: 0.
[pool-3-thread-2] Test testIsSharedStatic(org.jclouds.cloudstack.options.ListNetworksOptionsTest) succeeded: 0ms
Test suite progress: tests succeeded: 304, failed: 0, skipped: 0.
Starting test testType(org.jclouds.cloudstack.options.ListNetworksOptionsTest)
Starting test testId(org.jclouds.cloudstack.options.ListNetworksOptionsTest)
[pool-3-thread-1] Test testType(org.jclouds.cloudstack.options.ListNetworksOptionsTest) succeeded: 0ms
Test suite progress: tests succeeded: 305, failed: 0, skipped: 0.
Starting test testTrafficType(org.jclouds.cloudstack.options.ListNetworksOptionsTest)
[pool-3-thread-1] Test testTrafficType(org.jclouds.cloudstack.options.ListNetworksOptionsTest) succeeded: 1ms
Test suite progress: tests succeeded: 306, failed: 0, skipped: 0.
Starting test testIsShared(org.jclouds.cloudstack.options.ListNetworksOptionsTest)
[pool-3-thread-1] Test testIsShared(org.jclouds.cloudstack.options.ListNetworksOptionsTest) succeeded: 0ms
Test suite progress: tests succeeded: 307, failed: 0, skipped: 0.
Starting test testZoneId(org.jclouds.cloudstack.options.ListPublicIPAddressesOptionsTest)
[pool-3-thread-2] Test testId(org.jclouds.cloudstack.options.ListNetworksOptionsTest) succeeded: 2ms
Test suite progress: tests succeeded: 308, failed: 0, skipped: 0.
Starting test testVLANId(org.jclouds.cloudstack.options.ListPublicIPAddressesOptionsTest)
[pool-3-thread-5] Test testOverloadedKeyName(org.jclouds.cloudstack.functions.ParseAsyncJobFromHttpResponseTest) succeeded: 169ms
Test suite progress: tests succeeded: 309, failed: 0, skipped: 0.
[pool-3-thread-2] Test testVLANId(org.jclouds.cloudstack.options.ListPublicIPAddressesOptionsTest) succeeded: 7ms
Test suite progress: tests succeeded: 310, failed: 0, skipped: 0.
Starting test testZoneIdStatic(org.jclouds.cloudstack.options.ListPublicIPAddressesOptionsTest)
Starting test testDomainId(org.jclouds.cloudstack.options.ListPublicIPAddressesOptionsTest)
[pool-3-thread-2] Test testDomainId(org.jclouds.cloudstack.options.ListPublicIPAddressesOptionsTest) succeeded: 0ms
Test suite progress: tests succeeded: 311, failed: 0, skipped: 0.
Starting test testVLANIdStatic(org.jclouds.cloudstack.options.ListPublicIPAddressesOptionsTest)
[pool-3-thread-5] Test testZoneIdStatic(org.jclouds.cloudstack.options.ListPublicIPAddressesOptionsTest) succeeded: 5ms
Test suite progress: tests succeeded: 312, failed: 0, skipped: 0.
[pool-3-thread-1] Test testZoneId(org.jclouds.cloudstack.options.ListPublicIPAddressesOptionsTest) succeeded: 13ms
Test suite progress: tests succeeded: 313, failed: 0, skipped: 0.
Starting test testAllocatedOnly(org.jclouds.cloudstack.options.ListPublicIPAddressesOptionsTest)
[pool-3-thread-2] Test testVLANIdStatic(org.jclouds.cloudstack.options.ListPublicIPAddressesOptionsTest) succeeded: 5ms
Test suite progress: tests succeeded: 314, failed: 0, skipped: 0.
[pool-3-thread-5] Test testAllocatedOnly(org.jclouds.cloudstack.options.ListPublicIPAddressesOptionsTest) succeeded: 0ms
Test suite progress: tests succeeded: 315, failed: 0, skipped: 0.
Starting test testAccountInDomainId(org.jclouds.cloudstack.options.ListPublicIPAddressesOptionsTest)
Starting test testUsingVirtualNetwork(org.jclouds.cloudstack.options.ListPublicIPAddressesOptionsTest)
[pool-3-thread-2] Test testAccountInDomainId(org.jclouds.cloudstack.options.ListPublicIPAddressesOptionsTest) succeeded: 0ms
Test suite progress: tests succeeded: 316, failed: 0, skipped: 0.
Starting test testAccountInDomainIdStatic(org.jclouds.cloudstack.options.ListPublicIPAddressesOptionsTest)
[pool-3-thread-2] Test testAccountInDomainIdStatic(org.jclouds.cloudstack.options.ListPublicIPAddressesOptionsTest) succeeded: 1ms
Test suite progress: tests succeeded: 317, failed: 0, skipped: 0.
[pool-3-thread-5] Test testUsingVirtualNetwork(org.jclouds.cloudstack.options.ListPublicIPAddressesOptionsTest) succeeded: 1ms
Test suite progress: tests succeeded: 318, failed: 0, skipped: 0.
Starting test testId(org.jclouds.cloudstack.options.ListPublicIPAddressesOptionsTest)
[pool-3-thread-2] Test testId(org.jclouds.cloudstack.options.ListPublicIPAddressesOptionsTest) succeeded: 0ms
Starting test testIPAddress(org.jclouds.cloudstack.options.ListPublicIPAddressesOptionsTest)
Starting test testUsingVirtualNetworkStatic(org.jclouds.cloudstack.options.ListPublicIPAddressesOptionsTest)
Test suite progress: tests succeeded: 319, failed: 0, skipped: 0.
Starting test testIPAddressStatic(org.jclouds.cloudstack.options.ListPublicIPAddressesOptionsTest)
[pool-3-thread-2] Test testIPAddressStatic(org.jclouds.cloudstack.options.ListPublicIPAddressesOptionsTest) succeeded: 0ms
Test suite progress: tests succeeded: 320, failed: 0, skipped: 0.
Starting test testAllocatedOnlyStatic(org.jclouds.cloudstack.options.ListPublicIPAddressesOptionsTest)
[pool-3-thread-2] Test testAllocatedOnlyStatic(org.jclouds.cloudstack.options.ListPublicIPAddressesOptionsTest) succeeded: 0ms
Test suite progress: tests succeeded: 321, failed: 0, skipped: 0.
Starting test testNetworkIdStatic(org.jclouds.cloudstack.options.ListPublicIPAddressesOptionsTest)
[pool-3-thread-2] Test testNetworkIdStatic(org.jclouds.cloudstack.options.ListPublicIPAddressesOptionsTest) succeeded: 0ms
Test suite progress: tests succeeded: 322, failed: 0, skipped: 0.
Starting test testNetworkId(org.jclouds.cloudstack.options.ListPublicIPAddressesOptionsTest)
[pool-3-thread-2] Test testNetworkId(org.jclouds.cloudstack.options.ListPublicIPAddressesOptionsTest) succeeded: 0ms
Test suite progress: tests succeeded: 323, failed: 0, skipped: 0.
Starting test testIdStatic(org.jclouds.cloudstack.options.ListPublicIPAddressesOptionsTest)
[pool-3-thread-2] Test testIdStatic(org.jclouds.cloudstack.options.ListPublicIPAddressesOptionsTest) succeeded: 0ms
Test suite progress: tests succeeded: 324, failed: 0, skipped: 0.
Starting test testDomainIdStatic(org.jclouds.cloudstack.options.ListPublicIPAddressesOptionsTest)
[pool-3-thread-2] Test testDomainIdStatic(org.jclouds.cloudstack.options.ListPublicIPAddressesOptionsTest) succeeded: 0ms
Test suite progress: tests succeeded: 325, failed: 0, skipped: 0.
Starting test testIsNotAvailableWhenNotAllocated(org.jclouds.cloudstack.predicates.PublicIPAddressPredicatesTest)
[pool-3-thread-2] Test testIsNotAvailableWhenNotAllocated(org.jclouds.cloudstack.predicates.PublicIPAddressPredicatesTest) succeeded: 1ms
Test suite progress: tests succeeded: 326, failed: 0, skipped: 0.
Starting test testIsNotAvailableWhenAssignedToVM(org.jclouds.cloudstack.predicates.PublicIPAddressPredicatesTest)
[pool-3-thread-2] Test testIsNotAvailableWhenAssignedToVM(org.jclouds.cloudstack.predicates.PublicIPAddressPredicatesTest) succeeded: 0ms
Test suite progress: tests succeeded: 327, failed: 0, skipped: 0.
Starting test testIsNotAvailableWhenStaticNAT(org.jclouds.cloudstack.predicates.PublicIPAddressPredicatesTest)
[pool-3-thread-2] Test testIsNotAvailableWhenStaticNAT(org.jclouds.cloudstack.predicates.PublicIPAddressPredicatesTest) succeeded: 0ms
Test suite progress: tests succeeded: 328, failed: 0, skipped: 0.
Starting test testIsAvailableWhenAllocated(org.jclouds.cloudstack.predicates.PublicIPAddressPredicatesTest)
[pool-3-thread-2] Test testIsAvailableWhenAllocated(org.jclouds.cloudstack.predicates.PublicIPAddressPredicatesTest) succeeded: 0ms
Test suite progress: tests succeeded: 329, failed: 0, skipped: 0.
Starting test testIsNotAvailableWhenSourceNAT(org.jclouds.cloudstack.predicates.PublicIPAddressPredicatesTest)
[pool-3-thread-2] Test testIsNotAvailableWhenSourceNAT(org.jclouds.cloudstack.predicates.PublicIPAddressPredicatesTest) succeeded: 0ms
Test suite progress: tests succeeded: 330, failed: 0, skipped: 0.
Starting test testTemplateIsPasswordEnabled(org.jclouds.cloudstack.predicates.TemplatePredicatesTest)
[pool-3-thread-2] Test testTemplateIsPasswordEnabled(org.jclouds.cloudstack.predicates.TemplatePredicatesTest) succeeded: 1ms
Test suite progress: tests succeeded: 331, failed: 0, skipped: 0.
Starting test testTemplateIsReady(org.jclouds.cloudstack.predicates.TemplatePredicatesTest)
[pool-3-thread-5] Test testIPAddress(org.jclouds.cloudstack.options.ListPublicIPAddressesOptionsTest) succeeded: 6ms
Test suite progress: tests succeeded: 332, failed: 0, skipped: 0.
[pool-3-thread-2] Test testTemplateIsReady(org.jclouds.cloudstack.predicates.TemplatePredicatesTest) succeeded: 1ms
Test suite progress: tests succeeded: 333, failed: 0, skipped: 0.
Starting test testNameStatic(org.jclouds.cloudstack.options.UpdateDiskOfferingOptionsTest)
Starting test testDisplayText(org.jclouds.cloudstack.options.UpdateDiskOfferingOptionsTest)
[pool-3-thread-1] Test testUsingVirtualNetworkStatic(org.jclouds.cloudstack.options.ListPublicIPAddressesOptionsTest) succeeded: 8ms
Test suite progress: tests succeeded: 334, failed: 0, skipped: 0.
Starting test testDisplayTextStatic(org.jclouds.cloudstack.options.UpdateDiskOfferingOptionsTest)
[pool-3-thread-5] Test testNameStatic(org.jclouds.cloudstack.options.UpdateDiskOfferingOptionsTest) succeeded: 2ms
Test suite progress: tests succeeded: 335, failed: 0, skipped: 0.
Starting test testName(org.jclouds.cloudstack.options.UpdateDiskOfferingOptionsTest)
[pool-3-thread-5] Test testName(org.jclouds.cloudstack.options.UpdateDiskOfferingOptionsTest) succeeded: 0ms
Test suite progress: tests succeeded: 336, failed: 0, skipped: 0.
Starting test testName(org.jclouds.cloudstack.options.ListDiskOfferingsOptionsTest)
[pool-3-thread-5] Test testName(org.jclouds.cloudstack.options.ListDiskOfferingsOptionsTest) succeeded: 0ms
Test suite progress: tests succeeded: 337, failed: 0, skipped: 0.
Starting test testDomainId(org.jclouds.cloudstack.options.ListDiskOfferingsOptionsTest)
[pool-3-thread-2] Test testDisplayText(org.jclouds.cloudstack.options.UpdateDiskOfferingOptionsTest) succeeded: 3ms
Test suite progress: tests succeeded: 338, failed: 0, skipped: 0.
Starting test testNameStatic(org.jclouds.cloudstack.options.ListDiskOfferingsOptionsTest)
[pool-3-thread-1] Test testDisplayTextStatic(org.jclouds.cloudstack.options.UpdateDiskOfferingOptionsTest) succeeded: 4ms
Test suite progress: tests succeeded: 339, failed: 0, skipped: 0.
Starting test testIdStatic(org.jclouds.cloudstack.options.ListDiskOfferingsOptionsTest)
[pool-3-thread-2] Test testNameStatic(org.jclouds.cloudstack.options.ListDiskOfferingsOptionsTest) succeeded: 1ms
Test suite progress: tests succeeded: 340, failed: 0, skipped: 0.
[pool-3-thread-1] Test testIdStatic(org.jclouds.cloudstack.options.ListDiskOfferingsOptionsTest) succeeded: 1ms
Test suite progress: tests succeeded: 341, failed: 0, skipped: 0.
Starting test testDomainIdStatic(org.jclouds.cloudstack.options.ListDiskOfferingsOptionsTest)
Starting test testId(org.jclouds.cloudstack.options.ListDiskOfferingsOptionsTest)
[pool-3-thread-1] Test testDomainIdStatic(org.jclouds.cloudstack.options.ListDiskOfferingsOptionsTest) succeeded: 0ms
Test suite progress: tests succeeded: 342, failed: 0, skipped: 0.
Starting test testDomainIdStatic(org.jclouds.cloudstack.options.ListSecurityGroupsOptionsTest)
[pool-3-thread-5] Test testDomainId(org.jclouds.cloudstack.options.ListDiskOfferingsOptionsTest) succeeded: 4ms
Test suite progress: tests succeeded: 343, failed: 0, skipped: 0.
[pool-3-thread-1] Test testDomainIdStatic(org.jclouds.cloudstack.options.ListSecurityGroupsOptionsTest) succeeded: 1ms
Test suite progress: tests succeeded: 344, failed: 0, skipped: 0.
[pool-3-thread-2] Test testId(org.jclouds.cloudstack.options.ListDiskOfferingsOptionsTest) succeeded: 2ms
Test suite progress: tests succeeded: 345, failed: 0, skipped: 0.
Starting test testVirtualMachineIdStatic(org.jclouds.cloudstack.options.ListSecurityGroupsOptionsTest)
Starting test testId(org.jclouds.cloudstack.options.ListSecurityGroupsOptionsTest)
Starting test testNameStatic(org.jclouds.cloudstack.options.ListSecurityGroupsOptionsTest)
[pool-3-thread-1] Test testVirtualMachineIdStatic(org.jclouds.cloudstack.options.ListSecurityGroupsOptionsTest) succeeded: 0ms
Test suite progress: tests succeeded: 346, failed: 0, skipped: 0.
Starting test testAccount(org.jclouds.cloudstack.options.ListSecurityGroupsOptionsTest)
[pool-3-thread-5] Test testNameStatic(org.jclouds.cloudstack.options.ListSecurityGroupsOptionsTest) succeeded: 6ms
Test suite progress: tests succeeded: 347, failed: 0, skipped: 0.
[pool-3-thread-1] Test testAccount(org.jclouds.cloudstack.options.ListSecurityGroupsOptionsTest) succeeded: 0ms
Test suite progress: tests succeeded: 348, failed: 0, skipped: 0.
Starting test testAccountStatic(org.jclouds.cloudstack.options.ListSecurityGroupsOptionsTest)
[pool-3-thread-2] Test testId(org.jclouds.cloudstack.options.ListSecurityGroupsOptionsTest) succeeded: 10ms
Test suite progress: tests succeeded: 349, failed: 0, skipped: 0.
Starting test testIdStatic(org.jclouds.cloudstack.options.ListSecurityGroupsOptionsTest)
[pool-3-thread-2] Test testIdStatic(org.jclouds.cloudstack.options.ListSecurityGroupsOptionsTest) succeeded: 1ms
Test suite progress: tests succeeded: 350, failed: 0, skipped: 0.
Starting test testDomainId(org.jclouds.cloudstack.options.ListSecurityGroupsOptionsTest)
[pool-3-thread-2] Test testDomainId(org.jclouds.cloudstack.options.ListSecurityGroupsOptionsTest) succeeded: 0ms
Test suite progress: tests succeeded: 351, failed: 0, skipped: 0.
Starting test testVirtualMachineId(org.jclouds.cloudstack.options.ListSecurityGroupsOptionsTest)
[pool-3-thread-2] Test testVirtualMachineId(org.jclouds.cloudstack.options.ListSecurityGroupsOptionsTest) succeeded: 0ms
Test suite progress: tests succeeded: 352, failed: 0, skipped: 0.
Starting test test431MakesIllegalStateException(org.jclouds.cloudstack.handlers.CloudStackErrorHandlerTest)
[pool-3-thread-1] Test testAccountStatic(org.jclouds.cloudstack.options.ListSecurityGroupsOptionsTest) succeeded: 3ms
Test suite progress: tests succeeded: 353, failed: 0, skipped: 0.
Starting test test400MakesIllegalArgumentException(org.jclouds.cloudstack.handlers.CloudStackErrorHandlerTest)
Starting test testName(org.jclouds.cloudstack.options.ListSecurityGroupsOptionsTest)
[pool-3-thread-1] Test test400MakesIllegalArgumentException(org.jclouds.cloudstack.handlers.CloudStackErrorHandlerTest) succeeded: 7ms
Test suite progress: tests succeeded: 354, failed: 0, skipped: 0.
Starting test test537MakesIllegalStateException(org.jclouds.cloudstack.handlers.CloudStackErrorHandlerTest)
[pool-3-thread-5] Test testName(org.jclouds.cloudstack.options.ListSecurityGroupsOptionsTest) succeeded: 1ms
Test suite progress: tests succeeded: 355, failed: 0, skipped: 0.
Starting test test405MakesIllegalArgumentException(org.jclouds.cloudstack.handlers.CloudStackErrorHandlerTest)
[pool-3-thread-1] Test test537MakesIllegalStateException(org.jclouds.cloudstack.handlers.CloudStackErrorHandlerTest) succeeded: 1ms
Test suite progress: tests succeeded: 356, failed: 0, skipped: 0.
Starting test test409MakesIllegalStateException(org.jclouds.cloudstack.handlers.CloudStackErrorHandlerTest)
[pool-3-thread-5] Test test405MakesIllegalArgumentException(org.jclouds.cloudstack.handlers.CloudStackErrorHandlerTest) succeeded: 1ms
Test suite progress: tests succeeded: 357, failed: 0, skipped: 0.
Starting test test401MakesAuthorizationException(org.jclouds.cloudstack.handlers.CloudStackErrorHandlerTest)
[pool-3-thread-5] Test test401MakesAuthorizationException(org.jclouds.cloudstack.handlers.CloudStackErrorHandlerTest) succeeded: 1ms
Test suite progress: tests succeeded: 358, failed: 0, skipped: 0.
Starting test test431MakesResourceNotFoundExceptionOnDelete(org.jclouds.cloudstack.handlers.CloudStackErrorHandlerTest)
[pool-3-thread-2] Test test431MakesIllegalStateException(org.jclouds.cloudstack.handlers.CloudStackErrorHandlerTest) succeeded: 12ms
Test suite progress: tests succeeded: 359, failed: 0, skipped: 0.
Starting test test404MakesResourceNotFoundException(org.jclouds.cloudstack.handlers.CloudStackErrorHandlerTest)
[pool-3-thread-5] Test test431MakesResourceNotFoundExceptionOnDelete(org.jclouds.cloudstack.handlers.CloudStackErrorHandlerTest) succeeded: 2ms
Test suite progress: tests succeeded: 360, failed: 0, skipped: 0.
Starting test testAccountType(org.jclouds.cloudstack.predicates.UserPredicatesTest)
[pool-3-thread-5] Test testAccountType(org.jclouds.cloudstack.predicates.UserPredicatesTest) succeeded: 1ms
Test suite progress: tests succeeded: 361, failed: 0, skipped: 0.
Starting test testAccountType(org.jclouds.cloudstack.predicates.UserPredicatesTest)
[pool-3-thread-5] Test testAccountType(org.jclouds.cloudstack.predicates.UserPredicatesTest) succeeded: 0ms
Test suite progress: tests succeeded: 362, failed: 0, skipped: 0.
Starting test testAccountType(org.jclouds.cloudstack.predicates.UserPredicatesTest)
[pool-3-thread-5] Test testAccountType(org.jclouds.cloudstack.predicates.UserPredicatesTest) succeeded: 0ms
Test suite progress: tests succeeded: 363, failed: 0, skipped: 0.
Starting test testAccountType(org.jclouds.cloudstack.predicates.UserPredicatesTest)
[pool-3-thread-5] Test testAccountType(org.jclouds.cloudstack.predicates.UserPredicatesTest) succeeded: 0ms
Test suite progress: tests succeeded: 364, failed: 0, skipped: 0.
Starting test testMatchApiKey(org.jclouds.cloudstack.predicates.UserPredicatesTest)
[pool-3-thread-5] Test testMatchApiKey(org.jclouds.cloudstack.predicates.UserPredicatesTest) succeeded: 0ms
Test suite progress: tests succeeded: 365, failed: 0, skipped: 0.
Starting test testDisplayTextStatic(org.jclouds.cloudstack.options.UpdateServiceOfferingOptionsTest)
[pool-3-thread-2] Test test404MakesResourceNotFoundException(org.jclouds.cloudstack.handlers.CloudStackErrorHandlerTest) succeeded: 13ms
Test suite progress: tests succeeded: 366, failed: 0, skipped: 0.
Starting test testName(org.jclouds.cloudstack.options.UpdateServiceOfferingOptionsTest)
[pool-3-thread-2] Test testName(org.jclouds.cloudstack.options.UpdateServiceOfferingOptionsTest) succeeded: 0ms
Test suite progress: tests succeeded: 367, failed: 0, skipped: 0.
Starting test testNameStatic(org.jclouds.cloudstack.options.UpdateServiceOfferingOptionsTest)
[pool-3-thread-1] Test test409MakesIllegalStateException(org.jclouds.cloudstack.handlers.CloudStackErrorHandlerTest) succeeded: 17ms
Test suite progress: tests succeeded: 368, failed: 0, skipped: 0.
Starting test testDisplayText(org.jclouds.cloudstack.options.UpdateServiceOfferingOptionsTest)
[pool-3-thread-1] Test testDisplayText(org.jclouds.cloudstack.options.UpdateServiceOfferingOptionsTest) succeeded: 0ms
Test suite progress: tests succeeded: 369, failed: 0, skipped: 0.
Starting test test(org.jclouds.cloudstack.parse.RegisterUserKeysResponseTest)
[pool-3-thread-5] Test testDisplayTextStatic(org.jclouds.cloudstack.options.UpdateServiceOfferingOptionsTest) succeeded: 8ms
Test suite progress: tests succeeded: 370, failed: 0, skipped: 0.
Starting test test(org.jclouds.cloudstack.parse.ListPublicIPAddressesResponseTest)
[pool-3-thread-2] Test testNameStatic(org.jclouds.cloudstack.options.UpdateServiceOfferingOptionsTest) succeeded: 1ms
Test suite progress: tests succeeded: 371, failed: 0, skipped: 0.
Starting test test(org.jclouds.cloudstack.parse.ListCapacityResponseTest)
[pool-3-thread-1] Test test(org.jclouds.cloudstack.parse.RegisterUserKeysResponseTest) succeeded: 19ms
Test suite progress: tests succeeded: 372, failed: 0, skipped: 0.
Starting test test(org.jclouds.cloudstack.parse.ListNetworksResponseTest)
[pool-3-thread-5] Test test(org.jclouds.cloudstack.parse.ListPublicIPAddressesResponseTest) succeeded: 31ms
Test suite progress: tests succeeded: 373, failed: 0, skipped: 0.
Starting test test(org.jclouds.cloudstack.parse.ListAccountsResponseTest)
[pool-3-thread-2] Test test(org.jclouds.cloudstack.parse.ListCapacityResponseTest) succeeded: 53ms
Test suite progress: tests succeeded: 374, failed: 0, skipped: 0.
Starting test test(org.jclouds.cloudstack.parse.ListHypervisorsResponseTest)
[pool-3-thread-2] Test test(org.jclouds.cloudstack.parse.ListHypervisorsResponseTest) succeeded: 12ms
Test suite progress: tests succeeded: 375, failed: 0, skipped: 0.
Starting test test(org.jclouds.cloudstack.parse.ListVirtualMachinesResponseTest)
[pool-3-thread-1] Test test(org.jclouds.cloudstack.parse.ListNetworksResponseTest) succeeded: 56ms
Test suite progress: tests succeeded: 376, failed: 0, skipped: 0.
Starting test test(org.jclouds.cloudstack.parse.ListDiskOfferingsResponseTest)
[pool-3-thread-1] Test test(org.jclouds.cloudstack.parse.ListDiskOfferingsResponseTest) succeeded: 11ms
Test suite progress: tests succeeded: 377, failed: 0, skipped: 0.
Starting test test(org.jclouds.cloudstack.parse.ListNetworkOfferingsResponseTest)
[pool-3-thread-2] Test test(org.jclouds.cloudstack.parse.ListVirtualMachinesResponseTest) succeeded: 32ms
Test suite progress: tests succeeded: 378, failed: 0, skipped: 0.
Starting test test(org.jclouds.cloudstack.parse.ListCapabilitiesResponseTest)
[pool-3-thread-3] Test testReuseWorks(org.jclouds.cloudstack.functions.ReuseOrAssociateNewPublicIPAddressTest) succeeded: 425ms
Test suite progress: tests succeeded: 379, failed: 0, skipped: 0.
[pool-3-thread-4] Test testAssociateWorks(org.jclouds.cloudstack.functions.ReuseOrAssociateNewPublicIPAddressTest) succeeded: 423ms
Test suite progress: tests succeeded: 380, failed: 0, skipped: 0.
Starting test test(org.jclouds.cloudstack.parse.ListSSHKeyPairsResponseTest)
Starting test test(org.jclouds.cloudstack.parse.ListIPForwardingRulesResponseTest)
[pool-3-thread-5] Test test(org.jclouds.cloudstack.parse.ListAccountsResponseTest) succeeded: 88ms
Test suite progress: tests succeeded: 381, failed: 0, skipped: 0.
Starting test test(org.jclouds.cloudstack.parse.ListSecurityGroupsResponseTest)
[pool-3-thread-1] Test test(org.jclouds.cloudstack.parse.ListNetworkOfferingsResponseTest) succeeded: 43ms
Test suite progress: tests succeeded: 382, failed: 0, skipped: 0.
Starting test test(org.jclouds.cloudstack.parse.ListServiceOfferingsResponseTest)
[pool-3-thread-5] Test test(org.jclouds.cloudstack.parse.ListSecurityGroupsResponseTest) succeeded: 26ms
Test suite progress: tests succeeded: 383, failed: 0, skipped: 0.
Starting test test(org.jclouds.cloudstack.parse.ListPortForwardingRulesResponseTest)
[pool-3-thread-4] Test test(org.jclouds.cloudstack.parse.ListSSHKeyPairsResponseTest) succeeded: 47ms
Test suite progress: tests succeeded: 384, failed: 0, skipped: 0.
Starting test test(org.jclouds.cloudstack.parse.ListZonesResponseTest)
[pool-3-thread-4] Test test(org.jclouds.cloudstack.parse.ListZonesResponseTest) succeeded: 5ms
Test suite progress: tests succeeded: 385, failed: 0, skipped: 0.
Starting test test(org.jclouds.cloudstack.parse.ListAlertsResponseTest)
[pool-3-thread-3] Test test(org.jclouds.cloudstack.parse.ListIPForwardingRulesResponseTest) succeeded: 55ms
Test suite progress: tests succeeded: 386, failed: 0, skipped: 0.
Starting test test(org.jclouds.cloudstack.parse.ListStoragePoolsResponseTest)
[pool-3-thread-5] Test test(org.jclouds.cloudstack.parse.ListPortForwardingRulesResponseTest) succeeded: 32ms
Test suite progress: tests succeeded: 387, failed: 0, skipped: 0.
Starting test test(org.jclouds.cloudstack.parse.ListOSCategoriesResponseTest)
[pool-3-thread-5] Test test(org.jclouds.cloudstack.parse.ListOSCategoriesResponseTest) succeeded: 10ms
Test suite progress: tests succeeded: 388, failed: 0, skipped: 0.
Starting test test(org.jclouds.cloudstack.parse.ListTemplatesResponseTest)
[pool-3-thread-2] Test test(org.jclouds.cloudstack.parse.ListCapabilitiesResponseTest) succeeded: 93ms
Test suite progress: tests succeeded: 389, failed: 0, skipped: 0.
Starting test test(org.jclouds.cloudstack.parse.ListOSTypesResponseTest)
[pool-3-thread-4] Test test(org.jclouds.cloudstack.parse.ListAlertsResponseTest) succeeded: 48ms
Test suite progress: tests succeeded: 390, failed: 0, skipped: 0.
Starting test test(org.jclouds.cloudstack.parse.ListHostsResponseTest)
[pool-3-thread-3] Test test(org.jclouds.cloudstack.parse.ListStoragePoolsResponseTest) succeeded: 44ms
Test suite progress: tests succeeded: 391, failed: 0, skipped: 0.
Starting test testNetworkIdStatic(org.jclouds.cloudstack.options.AssociateIPAddressOptionsTest)
[pool-3-thread-3] Test testNetworkIdStatic(org.jclouds.cloudstack.options.AssociateIPAddressOptionsTest) succeeded: 1ms
Test suite progress: tests succeeded: 392, failed: 0, skipped: 0.
Starting test testAccountInDomainId(org.jclouds.cloudstack.options.AssociateIPAddressOptionsTest)
[pool-3-thread-3] Test testAccountInDomainId(org.jclouds.cloudstack.options.AssociateIPAddressOptionsTest) succeeded: 0ms
Test suite progress: tests succeeded: 393, failed: 0, skipped: 0.
Starting test testNetworkId(org.jclouds.cloudstack.options.AssociateIPAddressOptionsTest)
[pool-3-thread-3] Test testNetworkId(org.jclouds.cloudstack.options.AssociateIPAddressOptionsTest) succeeded: 0ms
Test suite progress: tests succeeded: 394, failed: 0, skipped: 0.
Starting test testAccountInDomainIdStatic(org.jclouds.cloudstack.options.AssociateIPAddressOptionsTest)
[pool-3-thread-3] Test testAccountInDomainIdStatic(org.jclouds.cloudstack.options.AssociateIPAddressOptionsTest) succeeded: 0ms
Test suite progress: tests succeeded: 395, failed: 0, skipped: 0.
Starting test test(org.jclouds.cloudstack.compute.functions.ZoneToLocationTest)
[pool-3-thread-1] Test test(org.jclouds.cloudstack.parse.ListServiceOfferingsResponseTest) succeeded: 99ms
Test suite progress: tests succeeded: 396, failed: 0, skipped: 0.
Starting test test(org.jclouds.cloudstack.compute.functions.ServiceOfferingToHardwareTest)
[pool-3-thread-4] Test test(org.jclouds.cloudstack.parse.ListHostsResponseTest) succeeded: 18ms
Test suite progress: tests succeeded: 397, failed: 0, skipped: 0.
Starting test test(org.jclouds.cloudstack.compute.functions.TemplateToOperatingSystemTest)
[pool-3-thread-3] Test test(org.jclouds.cloudstack.compute.functions.ZoneToLocationTest) succeeded: 13ms
Test suite progress: tests succeeded: 398, failed: 0, skipped: 0.
Starting test test(org.jclouds.cloudstack.compute.functions.TemplateToImageTest)
[pool-3-thread-4] Test test(org.jclouds.cloudstack.compute.functions.TemplateToOperatingSystemTest) succeeded: 2ms
Test suite progress: tests succeeded: 399, failed: 0, skipped: 0.
Starting test testCanParse(org.jclouds.cloudstack.functions.ParseAsyncJobsFromHttpResponseTest)
[pool-3-thread-3] Test test(org.jclouds.cloudstack.compute.functions.TemplateToImageTest) succeeded: 2ms
Test suite progress: tests succeeded: 400, failed: 0, skipped: 0.
[pool-3-thread-1] Test test(org.jclouds.cloudstack.compute.functions.ServiceOfferingToHardwareTest) succeeded: 5ms
Test suite progress: tests succeeded: 401, failed: 0, skipped: 0.
[pool-3-thread-2] Test test(org.jclouds.cloudstack.parse.ListOSTypesResponseTest) succeeded: 77ms
Test suite progress: tests succeeded: 402, failed: 0, skipped: 0.
[pool-3-thread-5] Test test(org.jclouds.cloudstack.parse.ListTemplatesResponseTest) succeeded: 106ms
Test suite progress: tests succeeded: 403, failed: 0, skipped: 0.
[pool-3-thread-4] Test testCanParse(org.jclouds.cloudstack.functions.ParseAsyncJobsFromHttpResponseTest) succeeded: 316ms
Test suite progress: tests succeeded: 404, failed: 0, skipped: 0.
Starting test testApplyWhereVirtualMachineWithIPForwardingRule(org.jclouds.cloudstack.compute.functions.VirtualMachineToNodeMetadataTest)
[pool-4-thread-1] Test testApplyWhereVirtualMachineWithIPForwardingRule(org.jclouds.cloudstack.compute.functions.VirtualMachineToNodeMetadataTest) succeeded: 6ms
Test suite progress: tests succeeded: 405, failed: 0, skipped: 0.
Starting test testApplyWhereVirtualMachineWithNoPassword(org.jclouds.cloudstack.compute.functions.VirtualMachineToNodeMetadataTest)
[pool-4-thread-2] Test testApplyWhereVirtualMachineWithNoPassword(org.jclouds.cloudstack.compute.functions.VirtualMachineToNodeMetadataTest) succeeded: 2ms
Test suite progress: tests succeeded: 406, failed: 0, skipped: 0.
Starting test testKeyPair(org.jclouds.cloudstack.compute.options.CloudStackTemplateOptionsTest)
[pool-5-thread-1] Test testKeyPair(org.jclouds.cloudstack.compute.options.CloudStackTemplateOptionsTest) succeeded: 1ms
Test suite progress: tests succeeded: 407, failed: 0, skipped: 0.
Starting test testSecurityGroupId(org.jclouds.cloudstack.compute.options.CloudStackTemplateOptionsTest)
[pool-5-thread-2] Test testSecurityGroupId(org.jclouds.cloudstack.compute.options.CloudStackTemplateOptionsTest) succeeded: 0ms
Test suite progress: tests succeeded: 408, failed: 0, skipped: 0.
Starting test testNetworkIdStatic(org.jclouds.cloudstack.compute.options.CloudStackTemplateOptionsTest)
[pool-5-thread-3] Test testNetworkIdStatic(org.jclouds.cloudstack.compute.options.CloudStackTemplateOptionsTest) succeeded: 0ms
Test suite progress: tests succeeded: 409, failed: 0, skipped: 0.
Starting test testNetworkIds(org.jclouds.cloudstack.compute.options.CloudStackTemplateOptionsTest)
[pool-5-thread-4] Test testNetworkIds(org.jclouds.cloudstack.compute.options.CloudStackTemplateOptionsTest) succeeded: 0ms
Test suite progress: tests succeeded: 410, failed: 0, skipped: 0.
Starting test testSecurityGroupIds(org.jclouds.cloudstack.compute.options.CloudStackTemplateOptionsTest)
[pool-5-thread-5] Test testSecurityGroupIds(org.jclouds.cloudstack.compute.options.CloudStackTemplateOptionsTest) succeeded: 0ms
Test suite progress: tests succeeded: 411, failed: 0, skipped: 0.
Starting test testNetworkIdsStatic(org.jclouds.cloudstack.compute.options.CloudStackTemplateOptionsTest)
[pool-5-thread-5] Test testNetworkIdsStatic(org.jclouds.cloudstack.compute.options.CloudStackTemplateOptionsTest) succeeded: 0ms
Test suite progress: tests succeeded: 412, failed: 0, skipped: 0.
Starting test testDefaultSecurityGroupIds(org.jclouds.cloudstack.compute.options.CloudStackTemplateOptionsTest)
[pool-5-thread-5] Test testDefaultSecurityGroupIds(org.jclouds.cloudstack.compute.options.CloudStackTemplateOptionsTest) succeeded: 0ms
Test suite progress: tests succeeded: 413, failed: 0, skipped: 0.
Starting test testSetupStaticNatDefaultsTrue(org.jclouds.cloudstack.compute.options.CloudStackTemplateOptionsTest)
[pool-5-thread-5] Test testSetupStaticNatDefaultsTrue(org.jclouds.cloudstack.compute.options.CloudStackTemplateOptionsTest) succeeded: 0ms
Test suite progress: tests succeeded: 414, failed: 0, skipped: 0.
Starting test testSecurityGroupIdsNullHasDecentMessage(org.jclouds.cloudstack.compute.options.CloudStackTemplateOptionsTest)
[pool-5-thread-5] Test testSecurityGroupIdsNullHasDecentMessage(org.jclouds.cloudstack.compute.options.CloudStackTemplateOptionsTest) succeeded: 0ms
Test suite progress: tests succeeded: 415, failed: 0, skipped: 0.
Starting test testSecurityGroupIdStatic(org.jclouds.cloudstack.compute.options.CloudStackTemplateOptionsTest)
[pool-5-thread-5] Test testSecurityGroupIdStatic(org.jclouds.cloudstack.compute.options.CloudStackTemplateOptionsTest) succeeded: 0ms
Test suite progress: tests succeeded: 416, failed: 0, skipped: 0.
Starting test testAs(org.jclouds.cloudstack.compute.options.CloudStackTemplateOptionsTest)
[pool-5-thread-5] Test testAs(org.jclouds.cloudstack.compute.options.CloudStackTemplateOptionsTest) succeeded: 0ms
Test suite progress: tests succeeded: 417, failed: 0, skipped: 0.
Starting test testIpOnDefaultNetworkStatic(org.jclouds.cloudstack.compute.options.CloudStackTemplateOptionsTest)
Starting test testIpsToNetwork(org.jclouds.cloudstack.compute.options.CloudStackTemplateOptionsTest)
[pool-5-thread-5] Test testIpOnDefaultNetworkStatic(org.jclouds.cloudstack.compute.options.CloudStackTemplateOptionsTest) succeeded: 0ms
Test suite progress: tests succeeded: 418, failed: 0, skipped: 0.
[pool-5-thread-1] Test testIpsToNetwork(org.jclouds.cloudstack.compute.options.CloudStackTemplateOptionsTest) succeeded: 0ms
Test suite progress: tests succeeded: 419, failed: 0, skipped: 0.
Starting test testDefaultNetworkIds(org.jclouds.cloudstack.compute.options.CloudStackTemplateOptionsTest)
Starting test testSetupStaticNat(org.jclouds.cloudstack.compute.options.CloudStackTemplateOptionsTest)
[pool-5-thread-5] Test testDefaultNetworkIds(org.jclouds.cloudstack.compute.options.CloudStackTemplateOptionsTest) succeeded: 0ms
Test suite progress: tests succeeded: 420, failed: 0, skipped: 0.
[pool-5-thread-1] Test testSetupStaticNat(org.jclouds.cloudstack.compute.options.CloudStackTemplateOptionsTest) succeeded: 0ms
Test suite progress: tests succeeded: 421, failed: 0, skipped: 0.
Starting test testIpOnDefaultNetwork(org.jclouds.cloudstack.compute.options.CloudStackTemplateOptionsTest)
Starting test testSecurityGroupIdsStatic(org.jclouds.cloudstack.compute.options.CloudStackTemplateOptionsTest)
[pool-5-thread-5] Test testIpOnDefaultNetwork(org.jclouds.cloudstack.compute.options.CloudStackTemplateOptionsTest) succeeded: 0ms
Test suite progress: tests succeeded: 422, failed: 0, skipped: 0.
[pool-5-thread-1] Test testSecurityGroupIdsStatic(org.jclouds.cloudstack.compute.options.CloudStackTemplateOptionsTest) succeeded: 0ms
Test suite progress: tests succeeded: 423, failed: 0, skipped: 0.
Starting test testNetworkId(org.jclouds.cloudstack.compute.options.CloudStackTemplateOptionsTest)
Starting test testSetupStaticNatStatic(org.jclouds.cloudstack.compute.options.CloudStackTemplateOptionsTest)
Starting test testIpsToNetworkStatic(org.jclouds.cloudstack.compute.options.CloudStackTemplateOptionsTest)
[pool-5-thread-5] Test testNetworkId(org.jclouds.cloudstack.compute.options.CloudStackTemplateOptionsTest) succeeded: 0ms
Test suite progress: tests succeeded: 424, failed: 0, skipped: 0.
[pool-5-thread-4] Test testIpsToNetworkStatic(org.jclouds.cloudstack.compute.options.CloudStackTemplateOptionsTest) succeeded: 1ms
Test suite progress: tests succeeded: 425, failed: 0, skipped: 0.
[pool-5-thread-1] Test testSetupStaticNatStatic(org.jclouds.cloudstack.compute.options.CloudStackTemplateOptionsTest) succeeded: 2ms
Test suite progress: tests succeeded: 426, failed: 0, skipped: 0.
Starting test testCpuUsed(org.jclouds.cloudstack.domain.VirtualMachineTest)
[pool-6-thread-1] Test testCpuUsed(org.jclouds.cloudstack.domain.VirtualMachineTest) succeeded: 1ms
Test suite progress: tests succeeded: 427, failed: 0, skipped: 0.
Starting test testGetAccount(org.jclouds.cloudstack.features.AccountAsyncClientTest)
Starting test testListAccountsOptions(org.jclouds.cloudstack.features.AccountAsyncClientTest)
Starting test testListAccounts(org.jclouds.cloudstack.features.AccountAsyncClientTest)
[pool-7-thread-2] Test testListAccountsOptions(org.jclouds.cloudstack.features.AccountAsyncClientTest) succeeded: 89ms
Test suite progress: tests succeeded: 428, failed: 0, skipped: 0.
[pool-7-thread-1] Test testListAccounts(org.jclouds.cloudstack.features.AccountAsyncClientTest) succeeded: 87ms
Test suite progress: tests succeeded: 429, failed: 0, skipped: 0.
[pool-7-thread-3] Test testGetAccount(org.jclouds.cloudstack.features.AccountAsyncClientTest) succeeded: 98ms
Test suite progress: tests succeeded: 430, failed: 0, skipped: 0.
Starting test testAssociateIPAddressInZone(org.jclouds.cloudstack.features.AddressAsyncClientTest)
Starting test testGetPublicIPAddress(org.jclouds.cloudstack.features.AddressAsyncClientTest)
Starting test testListPublicIPAddressesOptions(org.jclouds.cloudstack.features.AddressAsyncClientTest)
Starting test testListPublicIPAddresses(org.jclouds.cloudstack.features.AddressAsyncClientTest)
[pool-8-thread-4] Test testAssociateIPAddressInZone(org.jclouds.cloudstack.features.AddressAsyncClientTest) succeeded: 6ms
Test suite progress: tests succeeded: 431, failed: 0, skipped: 0.
[pool-8-thread-2] Test testGetPublicIPAddress(org.jclouds.cloudstack.features.AddressAsyncClientTest) succeeded: 5ms
Test suite progress: tests succeeded: 432, failed: 0, skipped: 0.
[pool-8-thread-5] Test testListPublicIPAddresses(org.jclouds.cloudstack.features.AddressAsyncClientTest) succeeded: 2ms
Test suite progress: tests succeeded: 433, failed: 0, skipped: 0.
[pool-8-thread-3] Test testListPublicIPAddressesOptions(org.jclouds.cloudstack.features.AddressAsyncClientTest) succeeded: 3ms
Test suite progress: tests succeeded: 434, failed: 0, skipped: 0.
Starting test testDisassociateIPAddress(org.jclouds.cloudstack.features.AddressAsyncClientTest)
[pool-8-thread-1] Test testDisassociateIPAddress(org.jclouds.cloudstack.features.AddressAsyncClientTest) succeeded: 7ms
Test suite progress: tests succeeded: 435, failed: 0, skipped: 0.
Starting test testListAsyncJobsOptions(org.jclouds.cloudstack.features.AsyncJobAsyncClientTest)
Starting test testListAsyncJobs(org.jclouds.cloudstack.features.AsyncJobAsyncClientTest)
[pool-9-thread-3] Test testListAsyncJobsOptions(org.jclouds.cloudstack.features.AsyncJobAsyncClientTest) succeeded: 7ms
Test suite progress: tests succeeded: 436, failed: 0, skipped: 0.
[pool-9-thread-2] Test testListAsyncJobs(org.jclouds.cloudstack.features.AsyncJobAsyncClientTest) succeeded: 11ms
Test suite progress: tests succeeded: 437, failed: 0, skipped: 0.
Starting test testGetAsyncJob(org.jclouds.cloudstack.features.AsyncJobAsyncClientTest)
[pool-9-thread-1] Test testGetAsyncJob(org.jclouds.cloudstack.features.AsyncJobAsyncClientTest) succeeded: 3ms
Test suite progress: tests succeeded: 438, failed: 0, skipped: 0.
Starting test testListCapabilities(org.jclouds.cloudstack.features.ConfigurationAsyncClientTest)
[pool-10-thread-1] Test testListCapabilities(org.jclouds.cloudstack.features.ConfigurationAsyncClientTest) succeeded: 3ms
Test suite progress: tests succeeded: 439, failed: 0, skipped: 0.
Starting test testEnableAccount(org.jclouds.cloudstack.features.DomainAccountAsyncClientTest)
Starting test testDisableAccount(org.jclouds.cloudstack.features.DomainAccountAsyncClientTest)
[pool-11-thread-2] Test testDisableAccount(org.jclouds.cloudstack.features.DomainAccountAsyncClientTest) succeeded: 4ms
Test suite progress: tests succeeded: 440, failed: 0, skipped: 0.
[pool-11-thread-1] Test testEnableAccount(org.jclouds.cloudstack.features.DomainAccountAsyncClientTest) succeeded: 4ms
Test suite progress: tests succeeded: 441, failed: 0, skipped: 0.
Starting test testUpdateResourceLimit(org.jclouds.cloudstack.features.DomainLimitAsyncClientTest)
[pool-12-thread-1] Test testUpdateResourceLimit(org.jclouds.cloudstack.features.DomainLimitAsyncClientTest) succeeded: 8ms
Test suite progress: tests succeeded: 442, failed: 0, skipped: 0.
Starting test testListEvents(org.jclouds.cloudstack.features.EventAsyncClientTest)
Starting test testEventsListOptions(org.jclouds.cloudstack.features.EventAsyncClientTest)
[pool-13-thread-2] Test testListEvents(org.jclouds.cloudstack.features.EventAsyncClientTest) succeeded: 3ms
Test suite progress: tests succeeded: 443, failed: 0, skipped: 0.
[pool-13-thread-1] Test testEventsListOptions(org.jclouds.cloudstack.features.EventAsyncClientTest) succeeded: 3ms
Test suite progress: tests succeeded: 444, failed: 0, skipped: 0.
Starting test testListEventTypes(org.jclouds.cloudstack.features.EventAsyncClientTest)
[pool-13-thread-3] Test testListEventTypes(org.jclouds.cloudstack.features.EventAsyncClientTest) succeeded: 5ms
Test suite progress: tests succeeded: 445, failed: 0, skipped: 0.
Starting test testDeletePortForwardingRule(org.jclouds.cloudstack.features.FirewallAsyncClientTest)
Starting test testListPortForwardingRules(org.jclouds.cloudstack.features.FirewallAsyncClientTest)
Starting test testListPortForwardingRulesOptions(org.jclouds.cloudstack.features.FirewallAsyncClientTest)
Starting test testCreatePortForwardingRuleForVirtualMachine(org.jclouds.cloudstack.features.FirewallAsyncClientTest)
[pool-14-thread-4] Test testCreatePortForwardingRuleForVirtualMachine(org.jclouds.cloudstack.features.FirewallAsyncClientTest) succeeded: 11ms
Test suite progress: tests succeeded: 446, failed: 0, skipped: 0.
[pool-14-thread-2] Test testListPortForwardingRules(org.jclouds.cloudstack.features.FirewallAsyncClientTest) succeeded: 12ms
Test suite progress: tests succeeded: 447, failed: 0, skipped: 0.
[pool-14-thread-3] Test testListPortForwardingRulesOptions(org.jclouds.cloudstack.features.FirewallAsyncClientTest) succeeded: 13ms
Test suite progress: tests succeeded: 448, failed: 0, skipped: 0.
[pool-14-thread-1] Test testDeletePortForwardingRule(org.jclouds.cloudstack.features.FirewallAsyncClientTest) succeeded: 5ms
Test suite progress: tests succeeded: 449, failed: 0, skipped: 0.
Starting test testCreateAccount(org.jclouds.cloudstack.features.GlobalAccountAsyncClientTest)
Starting test testDeleteAccount(org.jclouds.cloudstack.features.GlobalAccountAsyncClientTest)
Starting test testUpdateAccount(org.jclouds.cloudstack.features.GlobalAccountAsyncClientTest)
[pool-15-thread-2] Test testDeleteAccount(org.jclouds.cloudstack.features.GlobalAccountAsyncClientTest) succeeded: 4ms
Test suite progress: tests succeeded: 450, failed: 0, skipped: 0.
[pool-15-thread-3] Test testCreateAccount(org.jclouds.cloudstack.features.GlobalAccountAsyncClientTest) succeeded: 8ms
Test suite progress: tests succeeded: 451, failed: 0, skipped: 0.
[pool-15-thread-1] Test testUpdateAccount(org.jclouds.cloudstack.features.GlobalAccountAsyncClientTest) succeeded: 6ms
Test suite progress: tests succeeded: 452, failed: 0, skipped: 0.
Starting test testListAlertsOptions(org.jclouds.cloudstack.features.GlobalAlertAsyncClientTest)
[pool-16-thread-2] Test testListAlertsOptions(org.jclouds.cloudstack.features.GlobalAlertAsyncClientTest) succeeded: 5ms
Test suite progress: tests succeeded: 453, failed: 0, skipped: 0.
Starting test testListAlerts(org.jclouds.cloudstack.features.GlobalAlertAsyncClientTest)
[pool-16-thread-1] Test testListAlerts(org.jclouds.cloudstack.features.GlobalAlertAsyncClientTest) succeeded: 2ms
Test suite progress: tests succeeded: 454, failed: 0, skipped: 0.
Starting test testListCapacity(org.jclouds.cloudstack.features.GlobalCapacityAsyncClientTest)
Starting test testListCapacityOptions(org.jclouds.cloudstack.features.GlobalCapacityAsyncClientTest)
[pool-17-thread-2] Test testListCapacityOptions(org.jclouds.cloudstack.features.GlobalCapacityAsyncClientTest) succeeded: 5ms
Test suite progress: tests succeeded: 455, failed: 0, skipped: 0.
[pool-17-thread-1] Test testListCapacity(org.jclouds.cloudstack.features.GlobalCapacityAsyncClientTest) succeeded: 5ms
Test suite progress: tests succeeded: 456, failed: 0, skipped: 0.
Starting test testListHosts(org.jclouds.cloudstack.features.GlobalHostAsyncClientTest)
[pool-18-thread-1] Test testListHosts(org.jclouds.cloudstack.features.GlobalHostAsyncClientTest) succeeded: 4ms
Test suite progress: tests succeeded: 457, failed: 0, skipped: 0.
Starting test testUpdateNetworkOffering(org.jclouds.cloudstack.features.GlobalOfferingAsyncClientTest)
Starting test testUpdateDiskOffering(org.jclouds.cloudstack.features.GlobalOfferingAsyncClientTest)
Starting test testCreateServiceOffering(org.jclouds.cloudstack.features.GlobalOfferingAsyncClientTest)
Starting test testDeleteServiceOffering(org.jclouds.cloudstack.features.GlobalOfferingAsyncClientTest)
[pool-19-thread-2] Test testDeleteServiceOffering(org.jclouds.cloudstack.features.GlobalOfferingAsyncClientTest) succeeded: 4ms
Test suite progress: tests succeeded: 458, failed: 0, skipped: 0.
[pool-19-thread-3] Test testCreateServiceOffering(org.jclouds.cloudstack.features.GlobalOfferingAsyncClientTest) succeeded: 7ms
Test suite progress: tests succeeded: 459, failed: 0, skipped: 0.
Starting test testDeleteDiskOffering(org.jclouds.cloudstack.features.GlobalOfferingAsyncClientTest)
[pool-19-thread-5] Test testUpdateNetworkOffering(org.jclouds.cloudstack.features.GlobalOfferingAsyncClientTest) succeeded: 12ms
Test suite progress: tests succeeded: 460, failed: 0, skipped: 0.
Starting test testCreateDiskOffering(org.jclouds.cloudstack.features.GlobalOfferingAsyncClientTest)
[pool-19-thread-3] Test testDeleteDiskOffering(org.jclouds.cloudstack.features.GlobalOfferingAsyncClientTest) succeeded: 1ms
Test suite progress: tests succeeded: 461, failed: 0, skipped: 0.
[pool-19-thread-5] Test testCreateDiskOffering(org.jclouds.cloudstack.features.GlobalOfferingAsyncClientTest) succeeded: 2ms
Test suite progress: tests succeeded: 462, failed: 0, skipped: 0.
[pool-19-thread-4] Test testUpdateDiskOffering(org.jclouds.cloudstack.features.GlobalOfferingAsyncClientTest) succeeded: 13ms
Test suite progress: tests succeeded: 463, failed: 0, skipped: 0.
Starting test testUpdateServiceOffering(org.jclouds.cloudstack.features.GlobalOfferingAsyncClientTest)
[pool-19-thread-1] Test testUpdateServiceOffering(org.jclouds.cloudstack.features.GlobalOfferingAsyncClientTest) succeeded: 3ms
Test suite progress: tests succeeded: 464, failed: 0, skipped: 0.
Starting test testListStoragePoolsOptions(org.jclouds.cloudstack.features.GlobalStoragePoolAsyncClientTest)
Starting test testListStoragePools(org.jclouds.cloudstack.features.GlobalStoragePoolAsyncClientTest)
[pool-20-thread-2] Test testListStoragePoolsOptions(org.jclouds.cloudstack.features.GlobalStoragePoolAsyncClientTest) succeeded: 4ms
Test suite progress: tests succeeded: 465, failed: 0, skipped: 0.
[pool-20-thread-1] Test testListStoragePools(org.jclouds.cloudstack.features.GlobalStoragePoolAsyncClientTest) succeeded: 5ms
Test suite progress: tests succeeded: 466, failed: 0, skipped: 0.
Starting test testUpdateUser(org.jclouds.cloudstack.features.GlobalUserAsyncClientTest)
Starting test testCreateAccount(org.jclouds.cloudstack.features.GlobalUserAsyncClientTest)
Starting test testDeleteUser(org.jclouds.cloudstack.features.GlobalUserAsyncClientTest)
[pool-21-thread-3] Test testCreateAccount(org.jclouds.cloudstack.features.GlobalUserAsyncClientTest) succeeded: 4ms
Test suite progress: tests succeeded: 467, failed: 0, skipped: 0.
[pool-21-thread-2] Test testDeleteUser(org.jclouds.cloudstack.features.GlobalUserAsyncClientTest) succeeded: 3ms
Test suite progress: tests succeeded: 468, failed: 0, skipped: 0.
[pool-21-thread-1] Test testUpdateUser(org.jclouds.cloudstack.features.GlobalUserAsyncClientTest) succeeded: 7ms
Test suite progress: tests succeeded: 469, failed: 0, skipped: 0.
Starting test testListOSTypes(org.jclouds.cloudstack.features.GuestOSAsyncClientTest)
Starting test testListOSTypesOptions(org.jclouds.cloudstack.features.GuestOSAsyncClientTest)
Starting test testGetOSType(org.jclouds.cloudstack.features.GuestOSAsyncClientTest)
Starting test testListOSCategories(org.jclouds.cloudstack.features.GuestOSAsyncClientTest)
Starting test testGetOSCategory(org.jclouds.cloudstack.features.GuestOSAsyncClientTest)
[pool-22-thread-5] Test testListOSCategories(org.jclouds.cloudstack.features.GuestOSAsyncClientTest) succeeded: 4ms
Test suite progress: tests succeeded: 470, failed: 0, skipped: 0.
[pool-22-thread-3] Test testGetOSType(org.jclouds.cloudstack.features.GuestOSAsyncClientTest) succeeded: 5ms
Test suite progress: tests succeeded: 471, failed: 0, skipped: 0.
[pool-22-thread-1] Test testListOSTypes(org.jclouds.cloudstack.features.GuestOSAsyncClientTest) succeeded: 7ms
Test suite progress: tests succeeded: 472, failed: 0, skipped: 0.
[pool-22-thread-4] Test testListOSTypesOptions(org.jclouds.cloudstack.features.GuestOSAsyncClientTest) succeeded: 8ms
Test suite progress: tests succeeded: 473, failed: 0, skipped: 0.
[pool-22-thread-2] Test testGetOSCategory(org.jclouds.cloudstack.features.GuestOSAsyncClientTest) succeeded: 9ms
Test suite progress: tests succeeded: 474, failed: 0, skipped: 0.
Starting test testListHypervisors(org.jclouds.cloudstack.features.HypervisorAsyncClientTest)
Starting test testListHypervisorsInZon(org.jclouds.cloudstack.features.HypervisorAsyncClientTest)
[pool-23-thread-2] Test testListHypervisors(org.jclouds.cloudstack.features.HypervisorAsyncClientTest) succeeded: 5ms
Test suite progress: tests succeeded: 475, failed: 0, skipped: 0.
[pool-23-thread-1] Test testListHypervisorsInZon(org.jclouds.cloudstack.features.HypervisorAsyncClientTest) succeeded: 7ms
Test suite progress: tests succeeded: 476, failed: 0, skipped: 0.
Starting test testRegisterISO(org.jclouds.cloudstack.features.ISOAsyncClientTest)
Starting test testUpdateISO(org.jclouds.cloudstack.features.ISOAsyncClientTest)
Starting test testAttachISO(org.jclouds.cloudstack.features.ISOAsyncClientTest)
Starting test testDeleteISO(org.jclouds.cloudstack.features.ISOAsyncClientTest)
[pool-24-thread-5] Test testRegisterISO(org.jclouds.cloudstack.features.ISOAsyncClientTest) succeeded: 9ms
Test suite progress: tests succeeded: 477, failed: 0, skipped: 0.
Starting test testDeleteISOOptions(org.jclouds.cloudstack.features.ISOAsyncClientTest)
[pool-24-thread-3] Test testDeleteISO(org.jclouds.cloudstack.features.ISOAsyncClientTest) succeeded: 5ms
Test suite progress: tests succeeded: 478, failed: 0, skipped: 0.
Starting test testUpdateISOPermissionsOptions(org.jclouds.cloudstack.features.ISOAsyncClientTest)
[pool-24-thread-5] Test testDeleteISOOptions(org.jclouds.cloudstack.features.ISOAsyncClientTest) succeeded: 2ms
Test suite progress: tests succeeded: 479, failed: 0, skipped: 0.
Starting test testCopyISO(org.jclouds.cloudstack.features.ISOAsyncClientTest)
[pool-24-thread-3] Test testUpdateISOPermissionsOptions(org.jclouds.cloudstack.features.ISOAsyncClientTest) succeeded: 3ms
Test suite progress: tests succeeded: 480, failed: 0, skipped: 0.
Starting test testExtractISO(org.jclouds.cloudstack.features.ISOAsyncClientTest)
[pool-24-thread-5] Test testCopyISO(org.jclouds.cloudstack.features.ISOAsyncClientTest) succeeded: 2ms
Test suite progress: tests succeeded: 481, failed: 0, skipped: 0.
[pool-24-thread-3] Test testExtractISO(org.jclouds.cloudstack.features.ISOAsyncClientTest) succeeded: 3ms
Test suite progress: tests succeeded: 482, failed: 0, skipped: 0.
[pool-24-thread-4] Test testAttachISO(org.jclouds.cloudstack.features.ISOAsyncClientTest) succeeded: 13ms
Test suite progress: tests succeeded: 483, failed: 0, skipped: 0.
Starting test testGetISO(org.jclouds.cloudstack.features.ISOAsyncClientTest)
Starting test testListISOs(org.jclouds.cloudstack.features.ISOAsyncClientTest)
Starting test testExtractISOOptions(org.jclouds.cloudstack.features.ISOAsyncClientTest)
[pool-24-thread-2] Test testGetISO(org.jclouds.cloudstack.features.ISOAsyncClientTest) succeeded: 2ms
Test suite progress: tests succeeded: 484, failed: 0, skipped: 0.
Starting test testListISOPermissionsOptions(org.jclouds.cloudstack.features.ISOAsyncClientTest)
Starting test testUpdateISOPermissions(org.jclouds.cloudstack.features.ISOAsyncClientTest)
[pool-24-thread-4] Test testListISOs(org.jclouds.cloudstack.features.ISOAsyncClientTest) succeeded: 4ms
Test suite progress: tests succeeded: 485, failed: 0, skipped: 0.
[pool-24-thread-5] Test testUpdateISOPermissions(org.jclouds.cloudstack.features.ISOAsyncClientTest) succeeded: 2ms
Test suite progress: tests succeeded: 486, failed: 0, skipped: 0.
Starting test testUpdateISOOptions(org.jclouds.cloudstack.features.ISOAsyncClientTest)
[pool-24-thread-2] Test testListISOPermissionsOptions(org.jclouds.cloudstack.features.ISOAsyncClientTest) succeeded: 5ms
Test suite progress: tests succeeded: 487, failed: 0, skipped: 0.
Starting test testListISOsOptions(org.jclouds.cloudstack.features.ISOAsyncClientTest)
[pool-24-thread-4] Test testUpdateISOOptions(org.jclouds.cloudstack.features.ISOAsyncClientTest) succeeded: 5ms
Test suite progress: tests succeeded: 488, failed: 0, skipped: 0.
Starting test testDetachISO(org.jclouds.cloudstack.features.ISOAsyncClientTest)
[pool-24-thread-2] Test testListISOsOptions(org.jclouds.cloudstack.features.ISOAsyncClientTest) succeeded: 3ms
Test suite progress: tests succeeded: 489, failed: 0, skipped: 0.
Starting test testRegisterISOOptions(org.jclouds.cloudstack.features.ISOAsyncClientTest)
[pool-24-thread-4] Test testDetachISO(org.jclouds.cloudstack.features.ISOAsyncClientTest) succeeded: 1ms
Test suite progress: tests succeeded: 490, failed: 0, skipped: 0.
Starting test testListISOPermissions(org.jclouds.cloudstack.features.ISOAsyncClientTest)
[pool-24-thread-4] Test testListISOPermissions(org.jclouds.cloudstack.features.ISOAsyncClientTest) succeeded: 2ms
Test suite progress: tests succeeded: 491, failed: 0, skipped: 0.
[pool-24-thread-3] Test testExtractISOOptions(org.jclouds.cloudstack.features.ISOAsyncClientTest) succeeded: 11ms
Test suite progress: tests succeeded: 492, failed: 0, skipped: 0.
[pool-24-thread-2] Test testRegisterISOOptions(org.jclouds.cloudstack.features.ISOAsyncClientTest) succeeded: 3ms
Test suite progress: tests succeeded: 493, failed: 0, skipped: 0.
[pool-24-thread-1] Test testUpdateISO(org.jclouds.cloudstack.features.ISOAsyncClientTest) succeeded: 33ms
Test suite progress: tests succeeded: 494, failed: 0, skipped: 0.
Starting test testListResourceLimits(org.jclouds.cloudstack.features.LimitAsyncClientTest)
Starting test testListResourceLimitsOptions(org.jclouds.cloudstack.features.LimitAsyncClientTest)
[pool-25-thread-2] Test testListResourceLimitsOptions(org.jclouds.cloudstack.features.LimitAsyncClientTest) succeeded: 4ms
Test suite progress: tests succeeded: 495, failed: 0, skipped: 0.
[pool-25-thread-1] Test testListResourceLimits(org.jclouds.cloudstack.features.LimitAsyncClientTest) succeeded: 5ms
Test suite progress: tests succeeded: 496, failed: 0, skipped: 0.
Starting test testListLoadBalancerRulesOptions(org.jclouds.cloudstack.features.LoadBalancerAsyncClientTest)
Starting test testListLoadBalancerRules(org.jclouds.cloudstack.features.LoadBalancerAsyncClientTest)
Starting test testDeleteLoadBalancerRule(org.jclouds.cloudstack.features.LoadBalancerAsyncClientTest)
Starting test testListVirtualMachinesAssignedToLoadBalancerRule(org.jclouds.cloudstack.features.LoadBalancerAsyncClientTest)
Starting test testCreateLoadBalancerRuleForPublicIP(org.jclouds.cloudstack.features.LoadBalancerAsyncClientTest)
[pool-26-thread-4] Test testListLoadBalancerRules(org.jclouds.cloudstack.features.LoadBalancerAsyncClientTest) succeeded: 7ms
Test suite progress: tests succeeded: 497, failed: 0, skipped: 0.
[pool-26-thread-2] Test testCreateLoadBalancerRuleForPublicIP(org.jclouds.cloudstack.features.LoadBalancerAsyncClientTest) succeeded: 7ms
Test suite progress: tests succeeded: 498, failed: 0, skipped: 0.
[pool-26-thread-3] Test testListVirtualMachinesAssignedToLoadBalancerRule(org.jclouds.cloudstack.features.LoadBalancerAsyncClientTest) succeeded: 9ms
Test suite progress: tests succeeded: 499, failed: 0, skipped: 0.
[pool-26-thread-5] Test testDeleteLoadBalancerRule(org.jclouds.cloudstack.features.LoadBalancerAsyncClientTest) succeeded: 10ms
Test suite progress: tests succeeded: 500, failed: 0, skipped: 0.
[pool-26-thread-1] Test testListLoadBalancerRulesOptions(org.jclouds.cloudstack.features.LoadBalancerAsyncClientTest) succeeded: 13ms
Test suite progress: tests succeeded: 501, failed: 0, skipped: 0.
Starting test testListIPForwardingRulesOptions(org.jclouds.cloudstack.features.NATAsyncClientTest)
Starting test testListIPForwardingRules(org.jclouds.cloudstack.features.NATAsyncClientTest)
Starting test testDeleteIPForwardingRule(org.jclouds.cloudstack.features.NATAsyncClientTest)
Starting test testCreateIPForwardingRuleForVirtualMachine(org.jclouds.cloudstack.features.NATAsyncClientTest)
[pool-27-thread-4] Test testListIPForwardingRulesOptions(org.jclouds.cloudstack.features.NATAsyncClientTest) succeeded: 9ms
Test suite progress: tests succeeded: 502, failed: 0, skipped: 0.
Starting test testGetIPForwardingRule(org.jclouds.cloudstack.features.NATAsyncClientTest)
Starting test testCreateIPForwardingRuleForVirtualMachineOptions(org.jclouds.cloudstack.features.NATAsyncClientTest)
[pool-27-thread-2] Test testCreateIPForwardingRuleForVirtualMachine(org.jclouds.cloudstack.features.NATAsyncClientTest) succeeded: 5ms
Test suite progress: tests succeeded: 503, failed: 0, skipped: 0.
Starting test testEnableStaticNATForVirtualMachine(org.jclouds.cloudstack.features.NATAsyncClientTest)
[pool-27-thread-5] Test testDeleteIPForwardingRule(org.jclouds.cloudstack.features.NATAsyncClientTest) succeeded: 14ms
Test suite progress: tests succeeded: 504, failed: 0, skipped: 0.
[pool-27-thread-2] Test testEnableStaticNATForVirtualMachine(org.jclouds.cloudstack.features.NATAsyncClientTest) succeeded: 2ms
Test suite progress: tests succeeded: 505, failed: 0, skipped: 0.
Starting test testDisableStaticNATOnPublicIP(org.jclouds.cloudstack.features.NATAsyncClientTest)
[pool-27-thread-5] Test testDisableStaticNATOnPublicIP(org.jclouds.cloudstack.features.NATAsyncClientTest) succeeded: 2ms
Test suite progress: tests succeeded: 506, failed: 0, skipped: 0.
[pool-27-thread-3] Test testListIPForwardingRules(org.jclouds.cloudstack.features.NATAsyncClientTest) succeeded: 16ms
Test suite progress: tests succeeded: 507, failed: 0, skipped: 0.
[pool-27-thread-4] Test testCreateIPForwardingRuleForVirtualMachineOptions(org.jclouds.cloudstack.features.NATAsyncClientTest) succeeded: 4ms
Test suite progress: tests succeeded: 508, failed: 0, skipped: 0.
[pool-27-thread-1] Test testGetIPForwardingRule(org.jclouds.cloudstack.features.NATAsyncClientTest) succeeded: 7ms
Test suite progress: tests succeeded: 509, failed: 0, skipped: 0.
Starting test testCreateNetworkInZone(org.jclouds.cloudstack.features.NetworkAsyncClientTest)
Starting test testCreateNetworkInZoneOptions(org.jclouds.cloudstack.features.NetworkAsyncClientTest)
Starting test testGetNetwork(org.jclouds.cloudstack.features.NetworkAsyncClientTest)
Starting test testListNetworksOptions(org.jclouds.cloudstack.features.NetworkAsyncClientTest)
Starting test testListNetworks(org.jclouds.cloudstack.features.NetworkAsyncClientTest)
[pool-28-thread-4] Test testListNetworksOptions(org.jclouds.cloudstack.features.NetworkAsyncClientTest) succeeded: 3ms
Test suite progress: tests succeeded: 510, failed: 0, skipped: 0.
Starting test testDeleteNetwork(org.jclouds.cloudstack.features.NetworkAsyncClientTest)
[pool-28-thread-3] Test testGetNetwork(org.jclouds.cloudstack.features.NetworkAsyncClientTest) succeeded: 5ms
Test suite progress: tests succeeded: 511, failed: 0, skipped: 0.
[pool-28-thread-2] Test testListNetworks(org.jclouds.cloudstack.features.NetworkAsyncClientTest) succeeded: 5ms
Test suite progress: tests succeeded: 512, failed: 0, skipped: 0.
[pool-28-thread-5] Test testCreateNetworkInZone(org.jclouds.cloudstack.features.NetworkAsyncClientTest) succeeded: 7ms
Test suite progress: tests succeeded: 513, failed: 0, skipped: 0.
[pool-28-thread-4] Test testDeleteNetwork(org.jclouds.cloudstack.features.NetworkAsyncClientTest) succeeded: 3ms
Test suite progress: tests succeeded: 514, failed: 0, skipped: 0.
[pool-28-thread-1] Test testCreateNetworkInZoneOptions(org.jclouds.cloudstack.features.NetworkAsyncClientTest) succeeded: 10ms
Test suite progress: tests succeeded: 515, failed: 0, skipped: 0.
Starting test testListDiskOfferings(org.jclouds.cloudstack.features.OfferingAsyncClientTest)
Starting test testListDiskOfferingsOptions(org.jclouds.cloudstack.features.OfferingAsyncClientTest)
Starting test testListNetworkOfferingsOptions(org.jclouds.cloudstack.features.OfferingAsyncClientTest)
Starting test testGetServiceOffering(org.jclouds.cloudstack.features.OfferingAsyncClientTest)
[pool-29-thread-3] Test testListNetworkOfferingsOptions(org.jclouds.cloudstack.features.OfferingAsyncClientTest) succeeded: 3ms
Test suite progress: tests succeeded: 516, failed: 0, skipped: 0.
Starting test testGetDiskOffering(org.jclouds.cloudstack.features.OfferingAsyncClientTest)
[pool-29-thread-1] Test testGetServiceOffering(org.jclouds.cloudstack.features.OfferingAsyncClientTest) succeeded: 5ms
Test suite progress: tests succeeded: 517, failed: 0, skipped: 0.
[pool-29-thread-2] Test testGetDiskOffering(org.jclouds.cloudstack.features.OfferingAsyncClientTest) succeeded: 2ms
Test suite progress: tests succeeded: 518, failed: 0, skipped: 0.
[pool-29-thread-5] Test testListDiskOfferings(org.jclouds.cloudstack.features.OfferingAsyncClientTest) succeeded: 9ms
Test suite progress: tests succeeded: 519, failed: 0, skipped: 0.
Starting test testListServiceOfferings(org.jclouds.cloudstack.features.OfferingAsyncClientTest)
[pool-29-thread-5] Test testListServiceOfferings(org.jclouds.cloudstack.features.OfferingAsyncClientTest) succeeded: 2ms
Test suite progress: tests succeeded: 520, failed: 0, skipped: 0.
Starting test testGetNetworkOffering(org.jclouds.cloudstack.features.OfferingAsyncClientTest)
[pool-29-thread-5] Test testGetNetworkOffering(org.jclouds.cloudstack.features.OfferingAsyncClientTest) succeeded: 2ms
Test suite progress: tests succeeded: 521, failed: 0, skipped: 0.
Starting test testListNetworkOfferings(org.jclouds.cloudstack.features.OfferingAsyncClientTest)
[pool-29-thread-5] Test testListNetworkOfferings(org.jclouds.cloudstack.features.OfferingAsyncClientTest) succeeded: 2ms
Test suite progress: tests succeeded: 522, failed: 0, skipped: 0.
Starting test testListServiceOfferingsOptions(org.jclouds.cloudstack.features.OfferingAsyncClientTest)
[pool-29-thread-5] Test testListServiceOfferingsOptions(org.jclouds.cloudstack.features.OfferingAsyncClientTest) succeeded: 2ms
Test suite progress: tests succeeded: 523, failed: 0, skipped: 0.
[pool-29-thread-4] Test testListDiskOfferingsOptions(org.jclouds.cloudstack.features.OfferingAsyncClientTest) succeeded: 19ms
Test suite progress: tests succeeded: 524, failed: 0, skipped: 0.
Starting test testAuthorizeIngressICMPToCIDRs(org.jclouds.cloudstack.features.SecurityGroupAsyncClientTest)
Starting test testDeleteSecurityGroup(org.jclouds.cloudstack.features.SecurityGroupAsyncClientTest)
Starting test testGetSecurityGroup(org.jclouds.cloudstack.features.SecurityGroupAsyncClientTest)
Starting test testListSecurityGroups(org.jclouds.cloudstack.features.SecurityGroupAsyncClientTest)
[pool-30-thread-3] Test testListSecurityGroups(org.jclouds.cloudstack.features.SecurityGroupAsyncClientTest) succeeded: 4ms
Test suite progress: tests succeeded: 525, failed: 0, skipped: 0.
Starting test testAuthorizeIngressPortsToSecurityGroups(org.jclouds.cloudstack.features.SecurityGroupAsyncClientTest)
[pool-30-thread-2] Test testGetSecurityGroup(org.jclouds.cloudstack.features.SecurityGroupAsyncClientTest) succeeded: 12ms
Test suite progress: tests succeeded: 526, failed: 0, skipped: 0.
Starting test testRevokeIngressRule(org.jclouds.cloudstack.features.SecurityGroupAsyncClientTest)
[pool-30-thread-5] Test testDeleteSecurityGroup(org.jclouds.cloudstack.features.SecurityGroupAsyncClientTest) succeeded: 15ms
Test suite progress: tests succeeded: 527, failed: 0, skipped: 0.
Starting test testListSecurityGroupsOptions(org.jclouds.cloudstack.features.SecurityGroupAsyncClientTest)
[pool-30-thread-2] Test testRevokeIngressRule(org.jclouds.cloudstack.features.SecurityGroupAsyncClientTest) succeeded: 3ms
Test suite progress: tests succeeded: 528, failed: 0, skipped: 0.
Starting test testAuthorizeIngressICMPToSecurityGroups(org.jclouds.cloudstack.features.SecurityGroupAsyncClientTest)
Starting test testAuthorizeIngressPortsToCIDRs(org.jclouds.cloudstack.features.SecurityGroupAsyncClientTest)
[pool-30-thread-5] Test testListSecurityGroupsOptions(org.jclouds.cloudstack.features.SecurityGroupAsyncClientTest) succeeded: 1ms
Test suite progress: tests succeeded: 529, failed: 0, skipped: 0.
Starting test testCreateSecurityGroup(org.jclouds.cloudstack.features.SecurityGroupAsyncClientTest)
[pool-30-thread-3] Test testAuthorizeIngressPortsToCIDRs(org.jclouds.cloudstack.features.SecurityGroupAsyncClientTest) succeeded: 9ms
Test suite progress: tests succeeded: 530, failed: 0, skipped: 0.
[pool-30-thread-4] Test testAuthorizeIngressPortsToSecurityGroups(org.jclouds.cloudstack.features.SecurityGroupAsyncClientTest) succeeded: 18ms
Test suite progress: tests succeeded: 531, failed: 0, skipped: 0.
[pool-30-thread-2] Test testAuthorizeIngressICMPToSecurityGroups(org.jclouds.cloudstack.features.SecurityGroupAsyncClientTest) succeeded: 11ms
Test suite progress: tests succeeded: 532, failed: 0, skipped: 0.
[pool-30-thread-5] Test testCreateSecurityGroup(org.jclouds.cloudstack.features.SecurityGroupAsyncClientTest) succeeded: 10ms
Test suite progress: tests succeeded: 533, failed: 0, skipped: 0.
[pool-30-thread-1] Test testAuthorizeIngressICMPToCIDRs(org.jclouds.cloudstack.features.SecurityGroupAsyncClientTest) succeeded: 28ms
Test suite progress: tests succeeded: 534, failed: 0, skipped: 0.
Starting test testListSnapshotsOptions(org.jclouds.cloudstack.features.SnapshotAsyncClientTest)
Starting test testListSnapshotPoliciesOptions(org.jclouds.cloudstack.features.SnapshotAsyncClientTest)
Starting test testCreateSnapshotOptions(org.jclouds.cloudstack.features.SnapshotAsyncClientTest)
Starting test testListSnapshotPolicies(org.jclouds.cloudstack.features.SnapshotAsyncClientTest)
[pool-31-thread-2] Test testCreateSnapshotOptions(org.jclouds.cloudstack.features.SnapshotAsyncClientTest) succeeded: 9ms
Test suite progress: tests succeeded: 535, failed: 0, skipped: 0.
[pool-31-thread-4] Test testListSnapshotPolicies(org.jclouds.cloudstack.features.SnapshotAsyncClientTest) succeeded: 10ms
Test suite progress: tests succeeded: 536, failed: 0, skipped: 0.
Starting test testCreateSnapshot(org.jclouds.cloudstack.features.SnapshotAsyncClientTest)
[pool-31-thread-4] Test testCreateSnapshot(org.jclouds.cloudstack.features.SnapshotAsyncClientTest) succeeded: 2ms
Test suite progress: tests succeeded: 537, failed: 0, skipped: 0.
Starting test testDeleteSnapshot(org.jclouds.cloudstack.features.SnapshotAsyncClientTest)
[pool-31-thread-4] Test testDeleteSnapshot(org.jclouds.cloudstack.features.SnapshotAsyncClientTest) succeeded: 2ms
Test suite progress: tests succeeded: 538, failed: 0, skipped: 0.
Starting test testDeleteSnapshotPolicy(org.jclouds.cloudstack.features.SnapshotAsyncClientTest)
[pool-31-thread-5] Test testListSnapshotsOptions(org.jclouds.cloudstack.features.SnapshotAsyncClientTest) succeeded: 15ms
Test suite progress: tests succeeded: 539, failed: 0, skipped: 0.
Starting test testGetSnapshot(org.jclouds.cloudstack.features.SnapshotAsyncClientTest)
[pool-31-thread-4] Test testDeleteSnapshotPolicy(org.jclouds.cloudstack.features.SnapshotAsyncClientTest) succeeded: 1ms
Test suite progress: tests succeeded: 540, failed: 0, skipped: 0.
Starting test testCreateSnapshotPolicy(org.jclouds.cloudstack.features.SnapshotAsyncClientTest)
[pool-31-thread-5] Test testGetSnapshot(org.jclouds.cloudstack.features.SnapshotAsyncClientTest) succeeded: 1ms
Test suite progress: tests succeeded: 541, failed: 0, skipped: 0.
Starting test testListSnapshots(org.jclouds.cloudstack.features.SnapshotAsyncClientTest)
[pool-31-thread-5] Test testListSnapshots(org.jclouds.cloudstack.features.SnapshotAsyncClientTest) succeeded: 2ms
Test suite progress: tests succeeded: 542, failed: 0, skipped: 0.
Starting test testDeleteSnapshotPolicies(org.jclouds.cloudstack.features.SnapshotAsyncClientTest)
[pool-31-thread-4] Test testCreateSnapshotPolicy(org.jclouds.cloudstack.features.SnapshotAsyncClientTest) succeeded: 5ms
Test suite progress: tests succeeded: 543, failed: 0, skipped: 0.
[pool-31-thread-3] Test testListSnapshotPoliciesOptions(org.jclouds.cloudstack.features.SnapshotAsyncClientTest) succeeded: 21ms
Test suite progress: tests succeeded: 544, failed: 0, skipped: 0.
[pool-31-thread-1] Test testDeleteSnapshotPolicies(org.jclouds.cloudstack.features.SnapshotAsyncClientTest) succeeded: 4ms
Test suite progress: tests succeeded: 545, failed: 0, skipped: 0.
Starting test testDeleteSSHKeyPair(org.jclouds.cloudstack.features.SSHKeyPairAsyncClientTest)
Starting test testListSSHKeyPairsOptions(org.jclouds.cloudstack.features.SSHKeyPairAsyncClientTest)
Starting test testGetSSHKeyPair(org.jclouds.cloudstack.features.SSHKeyPairAsyncClientTest)
[pool-32-thread-5] Test testDeleteSSHKeyPair(org.jclouds.cloudstack.features.SSHKeyPairAsyncClientTest) succeeded: 4ms
Test suite progress: tests succeeded: 546, failed: 0, skipped: 0.
[pool-32-thread-1] Test testListSSHKeyPairsOptions(org.jclouds.cloudstack.features.SSHKeyPairAsyncClientTest) succeeded: 6ms
Test suite progress: tests succeeded: 547, failed: 0, skipped: 0.
[pool-32-thread-4] Test testGetSSHKeyPair(org.jclouds.cloudstack.features.SSHKeyPairAsyncClientTest) succeeded: 6ms
Test suite progress: tests succeeded: 548, failed: 0, skipped: 0.
Starting test testListSSHKeyPairs(org.jclouds.cloudstack.features.SSHKeyPairAsyncClientTest)
Starting test testRegisterSSHKeyPair(org.jclouds.cloudstack.features.SSHKeyPairAsyncClientTest)
[pool-32-thread-3] Test testListSSHKeyPairs(org.jclouds.cloudstack.features.SSHKeyPairAsyncClientTest) succeeded: 5ms
Test suite progress: tests succeeded: 549, failed: 0, skipped: 0.
[pool-32-thread-2] Test testRegisterSSHKeyPair(org.jclouds.cloudstack.features.SSHKeyPairAsyncClientTest) succeeded: 988ms
Test suite progress: tests succeeded: 550, failed: 0, skipped: 0.
Starting test testUpdateTemplateOptions(org.jclouds.cloudstack.features.TemplateAsyncClientTest)
[pool-33-thread-1] Test testUpdateTemplateOptions(org.jclouds.cloudstack.features.TemplateAsyncClientTest) succeeded: 4ms
Test suite progress: tests succeeded: 551, failed: 0, skipped: 0.
Starting test testCreateTemplateOptions(org.jclouds.cloudstack.features.TemplateAsyncClientTest)
Starting test testListTemplatePermissions(org.jclouds.cloudstack.features.TemplateAsyncClientTest)
[pool-33-thread-4] Test testListTemplatePermissions(org.jclouds.cloudstack.features.TemplateAsyncClientTest) succeeded: 7ms
Test suite progress: tests succeeded: 552, failed: 0, skipped: 0.
Starting test testListTemplatesOptions(org.jclouds.cloudstack.features.TemplateAsyncClientTest)
[pool-33-thread-5] Test testCreateTemplateOptions(org.jclouds.cloudstack.features.TemplateAsyncClientTest) succeeded: 19ms
Test suite progress: tests succeeded: 553, failed: 0, skipped: 0.
Starting test testRegisterTemplateOptions(org.jclouds.cloudstack.features.TemplateAsyncClientTest)
[pool-33-thread-5] Test testRegisterTemplateOptions(org.jclouds.cloudstack.features.TemplateAsyncClientTest) succeeded: 4ms
Test suite progress: tests succeeded: 554, failed: 0, skipped: 0.
Starting test testExtractTemplate(org.jclouds.cloudstack.features.TemplateAsyncClientTest)
[pool-33-thread-5] Test testExtractTemplate(org.jclouds.cloudstack.features.TemplateAsyncClientTest) succeeded: 1ms
Test suite progress: tests succeeded: 555, failed: 0, skipped: 0.
Starting test testRegisterTemplate(org.jclouds.cloudstack.features.TemplateAsyncClientTest)
Starting test testDeleteTemplateOptions(org.jclouds.cloudstack.features.TemplateAsyncClientTest)
[pool-33-thread-3] Test testDeleteTemplateOptions(org.jclouds.cloudstack.features.TemplateAsyncClientTest) succeeded: 2ms
Test suite progress: tests succeeded: 556, failed: 0, skipped: 0.
Starting test testDeleteTemplate(org.jclouds.cloudstack.features.TemplateAsyncClientTest)
[pool-33-thread-3] Test testDeleteTemplate(org.jclouds.cloudstack.features.TemplateAsyncClientTest) succeeded: 1ms
Test suite progress: tests succeeded: 557, failed: 0, skipped: 0.
Starting test testUpdateTemplate(org.jclouds.cloudstack.features.TemplateAsyncClientTest)
[pool-33-thread-4] Test testListTemplatesOptions(org.jclouds.cloudstack.features.TemplateAsyncClientTest) succeeded: 16ms
Test suite progress: tests succeeded: 558, failed: 0, skipped: 0.
[pool-33-thread-3] Test testUpdateTemplate(org.jclouds.cloudstack.features.TemplateAsyncClientTest) succeeded: 2ms
Test suite progress: tests succeeded: 559, failed: 0, skipped: 0.
Starting test testUpdateTemplatePermissionsOptions(org.jclouds.cloudstack.features.TemplateAsyncClientTest)
Starting test testListTemplatePermissionsOptions(org.jclouds.cloudstack.features.TemplateAsyncClientTest)
[pool-33-thread-3] Test testListTemplatePermissionsOptions(org.jclouds.cloudstack.features.TemplateAsyncClientTest) succeeded: 1ms
Test suite progress: tests succeeded: 560, failed: 0, skipped: 0.
Starting test testGetTemplate(org.jclouds.cloudstack.features.TemplateAsyncClientTest)
[pool-33-thread-4] Test testUpdateTemplatePermissionsOptions(org.jclouds.cloudstack.features.TemplateAsyncClientTest) succeeded: 2ms
Test suite progress: tests succeeded: 561, failed: 0, skipped: 0.
Starting test testCopyTemplate(org.jclouds.cloudstack.features.TemplateAsyncClientTest)
Starting test testListTemplates(org.jclouds.cloudstack.features.TemplateAsyncClientTest)
[pool-33-thread-3] Test testGetTemplate(org.jclouds.cloudstack.features.TemplateAsyncClientTest) succeeded: 1ms
Test suite progress: tests succeeded: 562, failed: 0, skipped: 0.
Starting test testUpdateTemplatePermissions(org.jclouds.cloudstack.features.TemplateAsyncClientTest)
[pool-33-thread-2] Test testListTemplates(org.jclouds.cloudstack.features.TemplateAsyncClientTest) succeeded: 1ms
Test suite progress: tests succeeded: 563, failed: 0, skipped: 0.
Starting test testExtractTemplateOptions(org.jclouds.cloudstack.features.TemplateAsyncClientTest)
[pool-33-thread-3] Test testUpdateTemplatePermissions(org.jclouds.cloudstack.features.TemplateAsyncClientTest) succeeded: 1ms
Test suite progress: tests succeeded: 564, failed: 0, skipped: 0.
Starting test testCreateTemplate(org.jclouds.cloudstack.features.TemplateAsyncClientTest)
[pool-33-thread-3] Test testCreateTemplate(org.jclouds.cloudstack.features.TemplateAsyncClientTest) succeeded: 1ms
Test suite progress: tests succeeded: 565, failed: 0, skipped: 0.
[pool-33-thread-2] Test testExtractTemplateOptions(org.jclouds.cloudstack.features.TemplateAsyncClientTest) succeeded: 1ms
Test suite progress: tests succeeded: 566, failed: 0, skipped: 0.
[pool-33-thread-4] Test testCopyTemplate(org.jclouds.cloudstack.features.TemplateAsyncClientTest) succeeded: 6ms
Test suite progress: tests succeeded: 567, failed: 0, skipped: 0.
[pool-33-thread-5] Test testRegisterTemplate(org.jclouds.cloudstack.features.TemplateAsyncClientTest) succeeded: 18ms
Test suite progress: tests succeeded: 568, failed: 0, skipped: 0.
Starting test testDeployVirtualMachineInZone(org.jclouds.cloudstack.features.VirtualMachineAsyncClientTest)
Starting test testChangeServiceForVirtualMachine(org.jclouds.cloudstack.features.VirtualMachineAsyncClientTest)
Starting test testStartVirtualMachine(org.jclouds.cloudstack.features.VirtualMachineAsyncClientTest)
Starting test testGetVirtualMachine(org.jclouds.cloudstack.features.VirtualMachineAsyncClientTest)
[pool-34-thread-2] Test testChangeServiceForVirtualMachine(org.jclouds.cloudstack.features.VirtualMachineAsyncClientTest) succeeded: 6ms
Test suite progress: tests succeeded: 569, failed: 0, skipped: 0.
Starting test testDestroyVirtualMachine(org.jclouds.cloudstack.features.VirtualMachineAsyncClientTest)
[pool-34-thread-5] Test testGetVirtualMachine(org.jclouds.cloudstack.features.VirtualMachineAsyncClientTest) succeeded: 2ms
Test suite progress: tests succeeded: 570, failed: 0, skipped: 0.
Starting test testListVirtualMachines(org.jclouds.cloudstack.features.VirtualMachineAsyncClientTest)
[pool-34-thread-5] Test testListVirtualMachines(org.jclouds.cloudstack.features.VirtualMachineAsyncClientTest) succeeded: 1ms
Test suite progress: tests succeeded: 571, failed: 0, skipped: 0.
Starting test testListVirtualMachinesOptions(org.jclouds.cloudstack.features.VirtualMachineAsyncClientTest)
[pool-34-thread-5] Test testListVirtualMachinesOptions(org.jclouds.cloudstack.features.VirtualMachineAsyncClientTest) succeeded: 1ms
Test suite progress: tests succeeded: 572, failed: 0, skipped: 0.
Starting test testRebootVirtualMachine(org.jclouds.cloudstack.features.VirtualMachineAsyncClientTest)
[pool-34-thread-5] Test testRebootVirtualMachine(org.jclouds.cloudstack.features.VirtualMachineAsyncClientTest) succeeded: 1ms
Test suite progress: tests succeeded: 573, failed: 0, skipped: 0.
Starting test testStopVirtualMachine(org.jclouds.cloudstack.features.VirtualMachineAsyncClientTest)
[pool-34-thread-5] Test testStopVirtualMachine(org.jclouds.cloudstack.features.VirtualMachineAsyncClientTest) succeeded: 2ms
Test suite progress: tests succeeded: 574, failed: 0, skipped: 0.
Starting test testUpdateVirtualMachine(org.jclouds.cloudstack.features.VirtualMachineAsyncClientTest)
[pool-34-thread-5] Test testUpdateVirtualMachine(org.jclouds.cloudstack.features.VirtualMachineAsyncClientTest) succeeded: 1ms
Test suite progress: tests succeeded: 575, failed: 0, skipped: 0.
[pool-34-thread-3] Test testDeployVirtualMachineInZone(org.jclouds.cloudstack.features.VirtualMachineAsyncClientTest) succeeded: 20ms
Test suite progress: tests succeeded: 576, failed: 0, skipped: 0.
[pool-34-thread-4] Test testDestroyVirtualMachine(org.jclouds.cloudstack.features.VirtualMachineAsyncClientTest) succeeded: 10ms
Test suite progress: tests succeeded: 577, failed: 0, skipped: 0.
Starting test testResetPasswordForVirtualMachine(org.jclouds.cloudstack.features.VirtualMachineAsyncClientTest)
[pool-34-thread-2] Test testResetPasswordForVirtualMachine(org.jclouds.cloudstack.features.VirtualMachineAsyncClientTest) succeeded: 3ms
Test suite progress: tests succeeded: 578, failed: 0, skipped: 0.
[pool-34-thread-1] Test testStartVirtualMachine(org.jclouds.cloudstack.features.VirtualMachineAsyncClientTest) succeeded: 5ms
Test suite progress: tests succeeded: 579, failed: 0, skipped: 0.
Starting test testCreateVMGroup(org.jclouds.cloudstack.features.VMGroupAsyncClientTest)
Starting test testDeleteVMGroup(org.jclouds.cloudstack.features.VMGroupAsyncClientTest)
Starting test testListVMGroups(org.jclouds.cloudstack.features.VMGroupAsyncClientTest)
Starting test testCreateVMGroupOptions(org.jclouds.cloudstack.features.VMGroupAsyncClientTest)
[pool-35-thread-3] Test testCreateVMGroupOptions(org.jclouds.cloudstack.features.VMGroupAsyncClientTest) succeeded: 3ms
Test suite progress: tests succeeded: 580, failed: 0, skipped: 0.
Starting test testGetVMGroup(org.jclouds.cloudstack.features.VMGroupAsyncClientTest)
[pool-35-thread-2] Test testGetVMGroup(org.jclouds.cloudstack.features.VMGroupAsyncClientTest) succeeded: 1ms
Test suite progress: tests succeeded: 581, failed: 0, skipped: 0.
Starting test testUpdateVMGroup(org.jclouds.cloudstack.features.VMGroupAsyncClientTest)
Starting test testListVMGroupsOptions(org.jclouds.cloudstack.features.VMGroupAsyncClientTest)
[pool-35-thread-5] Test testDeleteVMGroup(org.jclouds.cloudstack.features.VMGroupAsyncClientTest) succeeded: 8ms
Test suite progress: tests succeeded: 582, failed: 0, skipped: 0.
[pool-35-thread-2] Test testUpdateVMGroup(org.jclouds.cloudstack.features.VMGroupAsyncClientTest) succeeded: 6ms
Test suite progress: tests succeeded: 583, failed: 0, skipped: 0.
[pool-35-thread-4] Test testListVMGroups(org.jclouds.cloudstack.features.VMGroupAsyncClientTest) succeeded: 13ms
Test suite progress: tests succeeded: 584, failed: 0, skipped: 0.
[pool-35-thread-1] Test testCreateVMGroup(org.jclouds.cloudstack.features.VMGroupAsyncClientTest) succeeded: 14ms
Test suite progress: tests succeeded: 585, failed: 0, skipped: 0.
[pool-35-thread-3] Test testListVMGroupsOptions(org.jclouds.cloudstack.features.VMGroupAsyncClientTest) succeeded: 8ms
Test suite progress: tests succeeded: 586, failed: 0, skipped: 0.
Starting test testAttachVolume(org.jclouds.cloudstack.features.VolumeAsyncClientTest)
Starting test testListVolumes(org.jclouds.cloudstack.features.VolumeAsyncClientTest)
Starting test testGetVolume(org.jclouds.cloudstack.features.VolumeAsyncClientTest)
Starting test testDeleteVolume(org.jclouds.cloudstack.features.VolumeAsyncClientTest)
Starting test testCreateVolumeFromDiskOffering(org.jclouds.cloudstack.features.VolumeAsyncClientTest)
[pool-36-thread-5] Test testGetVolume(org.jclouds.cloudstack.features.VolumeAsyncClientTest) succeeded: 2ms
Test suite progress: tests succeeded: 587, failed: 0, skipped: 0.
[pool-36-thread-3] Test testCreateVolumeFromDiskOffering(org.jclouds.cloudstack.features.VolumeAsyncClientTest) succeeded: 0ms
Test suite progress: tests succeeded: 588, failed: 0, skipped: 0.
Starting test testDetachVolume(org.jclouds.cloudstack.features.VolumeAsyncClientTest)
[pool-36-thread-4] Test testDeleteVolume(org.jclouds.cloudstack.features.VolumeAsyncClientTest) succeeded: 3ms
Test suite progress: tests succeeded: 589, failed: 0, skipped: 0.
[pool-36-thread-3] Test testDetachVolume(org.jclouds.cloudstack.features.VolumeAsyncClientTest) succeeded: 1ms
Test suite progress: tests succeeded: 590, failed: 0, skipped: 0.
Starting test testCreateVolumeWithSnapshot(org.jclouds.cloudstack.features.VolumeAsyncClientTest)
[pool-36-thread-2] Test testListVolumes(org.jclouds.cloudstack.features.VolumeAsyncClientTest) succeeded: 6ms
Test suite progress: tests succeeded: 591, failed: 0, skipped: 0.
[pool-36-thread-1] Test testAttachVolume(org.jclouds.cloudstack.features.VolumeAsyncClientTest) succeeded: 9ms
Test suite progress: tests succeeded: 592, failed: 0, skipped: 0.
[pool-36-thread-5] Test testCreateVolumeWithSnapshot(org.jclouds.cloudstack.features.VolumeAsyncClientTest) succeeded: 2ms
Test suite progress: tests succeeded: 593, failed: 0, skipped: 0.
Starting test testGetZone(org.jclouds.cloudstack.features.ZoneAsyncClientTest)
Starting test testListZones(org.jclouds.cloudstack.features.ZoneAsyncClientTest)
Starting test testListZonesOptions(org.jclouds.cloudstack.features.ZoneAsyncClientTest)
[pool-37-thread-3] Test testGetZone(org.jclouds.cloudstack.features.ZoneAsyncClientTest) succeeded: 3ms
Test suite progress: tests succeeded: 594, failed: 0, skipped: 0.
[pool-37-thread-1] Test testListZonesOptions(org.jclouds.cloudstack.features.ZoneAsyncClientTest) succeeded: 1ms
Test suite progress: tests succeeded: 595, failed: 0, skipped: 0.
[pool-37-thread-2] Test testListZones(org.jclouds.cloudstack.features.ZoneAsyncClientTest) succeeded: 309ms
Test suite progress: tests succeeded: 596, failed: 0, skipped: 0.
Starting test testFilter(org.jclouds.cloudstack.filters.QuerySignerTest)
Starting test testCreateStringToSign(org.jclouds.cloudstack.filters.QuerySignerTest)
Starting test testFilterTwice(org.jclouds.cloudstack.filters.QuerySignerTest)
[pool-38-thread-2] Test testCreateStringToSign(org.jclouds.cloudstack.filters.QuerySignerTest) succeeded: 46ms
Test suite progress: tests succeeded: 597, failed: 0, skipped: 0.
[pool-38-thread-1] Test testFilter(org.jclouds.cloudstack.filters.QuerySignerTest) succeeded: 50ms
Test suite progress: tests succeeded: 598, failed: 0, skipped: 0.
[pool-38-thread-3] Test testFilterTwice(org.jclouds.cloudstack.filters.QuerySignerTest) succeeded: 38ms
Test suite progress: tests succeeded: 599, failed: 0, skipped: 0.
Starting test testJobDoesntCompleteThrowsIllegalStateException(org.jclouds.cloudstack.functions.BlockUntilJobCompletesAndReturnResultTest)
[pool-39-thread-1] Test testJobDoesntCompleteThrowsIllegalStateException(org.jclouds.cloudstack.functions.BlockUntilJobCompletesAndReturnResultTest) succeeded: 0ms
Test suite progress: tests succeeded: 600, failed: 0, skipped: 0.
Starting test testJobWithErrorThrowsUncheckedExecutionException(org.jclouds.cloudstack.functions.BlockUntilJobCompletesAndReturnResultTest)
[pool-39-thread-2] Test testJobWithErrorThrowsUncheckedExecutionException(org.jclouds.cloudstack.functions.BlockUntilJobCompletesAndReturnResultTest) succeeded: 1ms
Test suite progress: tests succeeded: 601, failed: 0, skipped: 0.
Starting test testApply(org.jclouds.cloudstack.functions.BlockUntilJobCompletesAndReturnResultTest)
[pool-39-thread-3] Test testApply(org.jclouds.cloudstack.functions.BlockUntilJobCompletesAndReturnResultTest) succeeded: 0ms
Test suite progress: tests succeeded: 602, failed: 0, skipped: 0.
Starting test test(org.jclouds.cloudstack.parse.DeleteIPForwardingRuleResponseTest)
[pool-40-thread-1] Test test(org.jclouds.cloudstack.parse.DeleteIPForwardingRuleResponseTest) succeeded: 3ms
Test suite progress: tests succeeded: 603, failed: 0, skipped: 0.
Starting test test(org.jclouds.cloudstack.parse.JobResultResponseTest)
[pool-41-thread-1] Test test(org.jclouds.cloudstack.parse.JobResultResponseTest) succeeded: 3ms
Test suite progress: tests succeeded: 604, failed: 0, skipped: 0.
Starting test test(org.jclouds.cloudstack.parse.DeleteNetworkResponseTest)
[pool-41-thread-2] Test test(org.jclouds.cloudstack.parse.DeleteNetworkResponseTest) succeeded: 2ms
Test suite progress: tests succeeded: 605, failed: 0, skipped: 0.
Starting test test(org.jclouds.cloudstack.parse.DisableStaticNATResponseTest)
[pool-42-thread-1] Test test(org.jclouds.cloudstack.parse.DisableStaticNATResponseTest) succeeded: 3ms
Test suite progress: tests succeeded: 606, failed: 0, skipped: 0.
Starting test test(org.jclouds.cloudstack.parse.EnableStaticNATResponseWhereResponseDoesntHaveJobTest)
[pool-43-thread-1] Test test(org.jclouds.cloudstack.parse.EnableStaticNATResponseWhereResponseDoesntHaveJobTest) succeeded: 3ms
Test suite progress: tests succeeded: 607, failed: 0, skipped: 0.
Starting test testStillRunning(org.jclouds.cloudstack.predicates.VirtualMachineDestroyedTest)
[pool-44-thread-1] Test testStillRunning(org.jclouds.cloudstack.predicates.VirtualMachineDestroyedTest) succeeded: 0ms
Test suite progress: tests succeeded: 608, failed: 0, skipped: 0.
Starting test testIsDestroyed(org.jclouds.cloudstack.predicates.VirtualMachineDestroyedTest)
[pool-44-thread-1] Test testIsDestroyed(org.jclouds.cloudstack.predicates.VirtualMachineDestroyedTest) succeeded: 0ms
Test suite progress: tests succeeded: 609, failed: 0, skipped: 0.
Starting test testWaitForVirtualMachineToBeExpunged(org.jclouds.cloudstack.predicates.VirtualMachineExpungedTest)
[pool-45-thread-1] Test testWaitForVirtualMachineToBeExpunged(org.jclouds.cloudstack.predicates.VirtualMachineExpungedTest) succeeded: 1ms
Test suite progress: tests succeeded: 610, failed: 0, skipped: 0.
Starting test testNoRemovedYet(org.jclouds.cloudstack.predicates.VirtualMachineExpungedTest)
[pool-45-thread-1] Test testNoRemovedYet(org.jclouds.cloudstack.predicates.VirtualMachineExpungedTest) succeeded: 0ms
Test suite progress: tests succeeded: 611, failed: 0, skipped: 0.
Starting test testWaitForVirtualMachineToBeRunning(org.jclouds.cloudstack.predicates.VirtualMachineRunningTest)
[pool-46-thread-1] Test testWaitForVirtualMachineToBeRunning(org.jclouds.cloudstack.predicates.VirtualMachineRunningTest) succeeded: 1ms
Test suite progress: tests succeeded: 612, failed: 0, skipped: 0.
Starting test testWaitForVirtualMachineToBeRunning(org.jclouds.cloudstack.predicates.VirtualMachineRunningTest)
[pool-46-thread-1] Test testWaitForVirtualMachineToBeRunning(org.jclouds.cloudstack.predicates.VirtualMachineRunningTest) succeeded: 1ms
Test suite progress: tests succeeded: 613, failed: 0, skipped: 0.
Starting test testWaitForVirtualMachineToBeRunning(org.jclouds.cloudstack.predicates.VirtualMachineRunningTest)
[pool-46-thread-1] Test testWaitForVirtualMachineToBeRunning(org.jclouds.cloudstack.predicates.VirtualMachineRunningTest) succeeded: 0ms
Test suite progress: tests succeeded: 614, failed: 0, skipped: 0.
Starting test testWaitForVirtualMachineToBeRunning(org.jclouds.cloudstack.predicates.VirtualMachineRunningTest)
[pool-46-thread-1] Test testWaitForVirtualMachineToBeRunning(org.jclouds.cloudstack.predicates.VirtualMachineRunningTest) succeeded: 0ms
Test suite progress: tests succeeded: 615, failed: 0, skipped: 0.
Starting test testWaitForVirtualMachineToBeRunning(org.jclouds.cloudstack.predicates.VirtualMachineRunningTest)
[pool-46-thread-1] Test testWaitForVirtualMachineToBeRunning(org.jclouds.cloudstack.predicates.VirtualMachineRunningTest) succeeded: 0ms
Test suite progress: tests succeeded: 616, failed: 0, skipped: 0.
Starting test testWaitForVirtualMachineToBeRunning(org.jclouds.cloudstack.predicates.VirtualMachineRunningTest)
[pool-46-thread-1] Test testWaitForVirtualMachineToBeRunning(org.jclouds.cloudstack.predicates.VirtualMachineRunningTest) succeeded: 0ms
Test suite progress: tests succeeded: 617, failed: 0, skipped: 0.
Starting test testWaitForVirtualMachineToBeRunning(org.jclouds.cloudstack.predicates.VirtualMachineRunningTest)
[pool-46-thread-1] Test testWaitForVirtualMachineToBeRunning(org.jclouds.cloudstack.predicates.VirtualMachineRunningTest) succeeded: 0ms
Test suite progress: tests succeeded: 618, failed: 0, skipped: 0.
Starting test testWaitForVirtualMachineToBeRunning(org.jclouds.cloudstack.predicates.VirtualMachineRunningTest)
[pool-46-thread-1] Test testWaitForVirtualMachineToBeRunning(org.jclouds.cloudstack.predicates.VirtualMachineRunningTest) succeeded: 0ms
Test suite progress: tests succeeded: 619, failed: 0, skipped: 0.
Starting test testThrowExceptionOnErrorState(org.jclouds.cloudstack.predicates.VirtualMachineRunningTest)
[pool-46-thread-1] Test testThrowExceptionOnErrorState(org.jclouds.cloudstack.predicates.VirtualMachineRunningTest) succeeded: 0ms
Test suite progress: tests succeeded: 620, failed: 0, skipped: 0.
Tests run: 620, Failures: 0, Errors: 0, Skipped: 0, Time elapsed: 10.747 sec

Results :

Tests run: 620, Failures: 0, Errors: 0, Skipped: 0

[INFO] 
[INFO] --- clojure-maven-plugin:1.3.3:test (test-clojure) @ cloudstack ---

Testing user

Ran 0 tests containing 0 assertions.
0 failures, 0 errors.
[INFO] 
[INFO] --- maven-bundle-plugin:2.3.4:bundle (default-bundle) @ cloudstack ---
[INFO] 
[INFO] --- maven-source-plugin:2.1.1:jar-no-fork (attach-sources) @ cloudstack ---
[INFO] Building jar: /Users/adriancole/workspace/git/jclouds/apis/cloudstack/target/cloudstack-1.3.0-SNAPSHOT-sources.jar
[INFO] 
[INFO] --- maven-javadoc-plugin:2.8:jar (javadoc) @ cloudstack ---
[INFO] Skipping javadoc generation
[INFO] 
[INFO] --- maven-jar-plugin:2.3.1:test-jar (default) @ cloudstack ---
[INFO] Building jar: /Users/adriancole/workspace/git/jclouds/apis/cloudstack/target/cloudstack-1.3.0-SNAPSHOT-tests.jar
[INFO] 
[INFO] --- maven-surefire-plugin:2.10:test (integration) @ cloudstack ---
[INFO] Surefire report directory: /Users/adriancole/workspace/git/jclouds/apis/cloudstack/target/surefire-reports
[INFO] Using configured provider org.apache.maven.surefire.testng.TestNGProvider

-------------------------------------------------------
 T E S T S
-------------------------------------------------------
Running TestSuite
Starting test testCreateNodeWithGroupEncodedIntoName(org.jclouds.cloudstack.compute.CloudStackComputeServiceAdapterLiveTest)
Starting test testOptionToNotBlock(org.jclouds.cloudstack.compute.CloudStackComputeServiceLiveTest)
[pool-2-thread-2] Test testOptionToNotBlock(org.jclouds.cloudstack.compute.CloudStackComputeServiceLiveTest) succeeded: 0ms
Test suite progress: tests succeeded: 1, failed: 0, skipped: 0.
Starting test setServiceDefaults(org.jclouds.cloudstack.compute.CloudStackComputeServiceLiveTest)
[pool-2-thread-2] Test setServiceDefaults(org.jclouds.cloudstack.compute.CloudStackComputeServiceLiveTest) succeeded: 0ms
Test suite progress: tests succeeded: 2, failed: 0, skipped: 0.
Starting test testCompareSizes(org.jclouds.cloudstack.compute.CloudStackComputeServiceLiveTest)
Dec 14, 2011 6:06:44 PM org.jclouds.compute.BaseComputeServiceLiveTest testCompareSizes
INFO: smallest [id=10, providerId=10, name=Micro Instance, processors=[[cores=1.0, speed=500.0]], ram=256, volumes=[], supportsImage=ALWAYS_TRUE, tags=[]]
Dec 14, 2011 6:06:44 PM org.jclouds.compute.BaseComputeServiceLiveTest testCompareSizes
INFO: fastest [id=2, providerId=2, name=Medium Instance, processors=[[cores=1.0, speed=1000.0]], ram=1024, volumes=[], supportsImage=ALWAYS_TRUE, tags=[]]
Dec 14, 2011 6:06:44 PM org.jclouds.compute.BaseComputeServiceLiveTest testCompareSizes
INFO: biggest [id=13, providerId=13, name=Very Large Instance, processors=[[cores=1.0, speed=500.0]], ram=8192, volumes=[], supportsImage=ALWAYS_TRUE, tags=[]]
[pool-2-thread-2] Test testCompareSizes(org.jclouds.cloudstack.compute.CloudStackComputeServiceLiveTest) succeeded: 4077ms
Test suite progress: tests succeeded: 3, failed: 0, skipped: 0.
Starting test testAScriptExecutionAfterBootWithBasicTemplate(org.jclouds.cloudstack.compute.CloudStackComputeServiceLiveTest)
[pool-2-thread-1] Test testCreateNodeWithGroupEncodedIntoName(org.jclouds.cloudstack.compute.CloudStackComputeServiceAdapterLiveTest) failed.
Test suite progress: tests succeeded: 3, failed: 1, skipped: 0.
Starting test testListHardwareProfiles(org.jclouds.cloudstack.compute.CloudStackComputeServiceAdapterLiveTest)
[pool-2-thread-1] Test testListHardwareProfiles(org.jclouds.cloudstack.compute.CloudStackComputeServiceAdapterLiveTest) succeeded: 50ms
Test suite progress: tests succeeded: 4, failed: 1, skipped: 0.
Starting test testListImages(org.jclouds.cloudstack.compute.CloudStackComputeServiceAdapterLiveTest)
[pool-2-thread-1] Test testListImages(org.jclouds.cloudstack.compute.CloudStackComputeServiceAdapterLiveTest) succeeded: 102ms
Test suite progress: tests succeeded: 5, failed: 1, skipped: 0.
Starting test testListLocations(org.jclouds.cloudstack.compute.CloudStackComputeServiceAdapterLiveTest)
[pool-2-thread-1] Test testListLocations(org.jclouds.cloudstack.compute.CloudStackComputeServiceAdapterLiveTest) succeeded: 44ms
Test suite progress: tests succeeded: 6, failed: 1, skipped: 0.
Starting test testAndExperiment(org.jclouds.cloudstack.compute.CloudStackExperimentLiveTest)
Dec 14, 2011 6:06:46 PM org.jclouds.cloudstack.compute.CloudStackExperimentLiveTest testAndExperiment
SEVERE: domainAdmin credentials not present, skipping test
[pool-2-thread-1] Test testAndExperiment(org.jclouds.cloudstack.compute.CloudStackExperimentLiveTest) succeeded: 1ms
Test suite progress: tests succeeded: 7, failed: 1, skipped: 0.
Starting test testListAccounts(org.jclouds.cloudstack.features.AccountClientLiveTest)
[pool-2-thread-1] Test testListAccounts(org.jclouds.cloudstack.features.AccountClientLiveTest) succeeded: 672ms
Test suite progress: tests succeeded: 8, failed: 1, skipped: 0.
Starting test testAssociateDisassociatePublicIPAddress(org.jclouds.cloudstack.features.AddressClientLiveTest)
[pool-2-thread-1] Test testAssociateDisassociatePublicIPAddress(org.jclouds.cloudstack.features.AddressClientLiveTest) succeeded: 10073ms
Test suite progress: tests succeeded: 9, failed: 1, skipped: 0.
Starting test testListPublicIPAddresss(org.jclouds.cloudstack.features.AddressClientLiveTest)
[pool-2-thread-1] Test testListPublicIPAddresss(org.jclouds.cloudstack.features.AddressClientLiveTest) succeeded: 975ms
Test suite progress: tests succeeded: 10, failed: 1, skipped: 0.
Starting test testListAsyncJobs(org.jclouds.cloudstack.features.AsyncJobClientLiveTest)
[pool-2-thread-1] Test testListAsyncJobs(org.jclouds.cloudstack.features.AsyncJobClientLiveTest) failed.
Test suite progress: tests succeeded: 10, failed: 2, skipped: 0.
Starting test testListCapabilities(org.jclouds.cloudstack.features.ConfigurationClientLiveTest)
[pool-2-thread-1] Test testListCapabilities(org.jclouds.cloudstack.features.ConfigurationClientLiveTest) succeeded: 503ms
Test suite progress: tests succeeded: 11, failed: 2, skipped: 0.
Starting test testEnableDisableAccount(org.jclouds.cloudstack.features.DomainAccountClientLiveTest)
[pool-2-thread-1] Test testEnableDisableAccount(org.jclouds.cloudstack.features.DomainAccountClientLiveTest) failed.
Test suite progress: tests succeeded: 11, failed: 3, skipped: 0.
Starting test testEnableDisableUser(org.jclouds.cloudstack.features.DomainUserClientLiveTest)
[pool-2-thread-1] Test testEnableDisableUser(org.jclouds.cloudstack.features.DomainUserClientLiveTest) failed.
Test suite progress: tests succeeded: 11, failed: 4, skipped: 0.
Starting test testListUsers(org.jclouds.cloudstack.features.DomainUserClientLiveTest)
[pool-2-thread-1] Test testListUsers(org.jclouds.cloudstack.features.DomainUserClientLiveTest) failed.
Test suite progress: tests succeeded: 11, failed: 5, skipped: 0.
Starting test testlistEventTypes(org.jclouds.cloudstack.features.EventClientLiveTest)
[pool-2-thread-1] Test testlistEventTypes(org.jclouds.cloudstack.features.EventClientLiveTest) succeeded: 578ms
Test suite progress: tests succeeded: 12, failed: 5, skipped: 0.
Starting test testlistEvents(org.jclouds.cloudstack.features.EventClientLiveTest)
[pool-2-thread-1] Test testlistEvents(org.jclouds.cloudstack.features.EventClientLiveTest) succeeded: 1554ms
Test suite progress: tests succeeded: 13, failed: 5, skipped: 0.
serviceOfferingId 10, templateId 202, zoneId 1, options [formParameters={}, headers={}, matrixParameters={}, pathSuffix=null, payload=null, queryParameters={networkids=[225]}]
Starting test testCreatePortForwardingRule(org.jclouds.cloudstack.features.FirewallClientLiveTest)
[pool-2-thread-1] Test testCreatePortForwardingRule(org.jclouds.cloudstack.features.FirewallClientLiveTest) failed.
Test suite progress: tests succeeded: 13, failed: 6, skipped: 0.
Starting test testListPortForwardingRules(org.jclouds.cloudstack.features.FirewallClientLiveTest)
[pool-2-thread-1] Test testListPortForwardingRules(org.jclouds.cloudstack.features.FirewallClientLiveTest) failed.
Test suite progress: tests succeeded: 13, failed: 7, skipped: 0.
Starting test testCreateAndRemoveAccount(org.jclouds.cloudstack.features.GlobalAccountClientLiveTest)
[pool-2-thread-1] Test testCreateAndRemoveAccount(org.jclouds.cloudstack.features.GlobalAccountClientLiveTest) failed.
Test suite progress: tests succeeded: 13, failed: 8, skipped: 0.
Starting test testListAlerts(org.jclouds.cloudstack.features.GlobalAlertClientLiveTest)
[pool-2-thread-1] Test testListAlerts(org.jclouds.cloudstack.features.GlobalAlertClientLiveTest) failed.
Test suite progress: tests succeeded: 13, failed: 9, skipped: 0.
Starting test testListCapacity(org.jclouds.cloudstack.features.GlobalCapacityClientLiveTest)
[pool-2-thread-1] Test testListCapacity(org.jclouds.cloudstack.features.GlobalCapacityClientLiveTest) failed.
Test suite progress: tests succeeded: 13, failed: 10, skipped: 0.
Starting test testListHosts(org.jclouds.cloudstack.features.GlobalHostClientLiveTest)
[pool-2-thread-1] Test testListHosts(org.jclouds.cloudstack.features.GlobalHostClientLiveTest) failed.
Test suite progress: tests succeeded: 13, failed: 11, skipped: 0.
Starting test testCreateDiskOffering(org.jclouds.cloudstack.features.GlobalOfferingClientLiveTest)
[pool-2-thread-1] Test testCreateDiskOffering(org.jclouds.cloudstack.features.GlobalOfferingClientLiveTest) failed.
Test suite progress: tests succeeded: 13, failed: 12, skipped: 0.
Starting test testCreateServiceOffering(org.jclouds.cloudstack.features.GlobalOfferingClientLiveTest)
[pool-2-thread-1] Test testCreateServiceOffering(org.jclouds.cloudstack.features.GlobalOfferingClientLiveTest) failed.
Test suite progress: tests succeeded: 13, failed: 13, skipped: 0.
Starting test testUpdateNetworkOffering(org.jclouds.cloudstack.features.GlobalOfferingClientLiveTest)
[pool-2-thread-1] Test testUpdateNetworkOffering(org.jclouds.cloudstack.features.GlobalOfferingClientLiveTest) failed.
Test suite progress: tests succeeded: 13, failed: 14, skipped: 0.
Starting test testListStoragePools(org.jclouds.cloudstack.features.GlobalStoragePoolClientLiveTest)
[pool-2-thread-1] Test testListStoragePools(org.jclouds.cloudstack.features.GlobalStoragePoolClientLiveTest) failed.
Test suite progress: tests succeeded: 13, failed: 15, skipped: 0.
Starting test testCreateUser(org.jclouds.cloudstack.features.GlobalUserClientLiveTest)
[pool-2-thread-1] Test testCreateUser(org.jclouds.cloudstack.features.GlobalUserClientLiveTest) failed.
Test suite progress: tests succeeded: 13, failed: 16, skipped: 0.
Starting test testListOSCategories(org.jclouds.cloudstack.features.GuestOSClientLiveTest)
[pool-2-thread-1] Test testListOSCategories(org.jclouds.cloudstack.features.GuestOSClientLiveTest) succeeded: 6316ms
Test suite progress: tests succeeded: 14, failed: 16, skipped: 0.
Starting test testListOSTypes(org.jclouds.cloudstack.features.GuestOSClientLiveTest)
[pool-2-thread-2] Test testAScriptExecutionAfterBootWithBasicTemplate(org.jclouds.cloudstack.compute.CloudStackComputeServiceLiveTest) failed.
Test suite progress: tests succeeded: 14, failed: 17, skipped: 0.
Starting test testCorrectAuthException(org.jclouds.cloudstack.compute.CloudStackComputeServiceLiveTest)
[pool-2-thread-2] Test testCorrectAuthException(org.jclouds.cloudstack.compute.CloudStackComputeServiceLiveTest) succeeded: 502ms
Test suite progress: tests succeeded: 15, failed: 17, skipped: 0.
Starting test testCreateAndRunAService(org.jclouds.cloudstack.compute.CloudStackComputeServiceLiveTest)
[pool-2-thread-1] Test testListOSTypes(org.jclouds.cloudstack.features.GuestOSClientLiveTest) succeeded: 86520ms
Test suite progress: tests succeeded: 16, failed: 17, skipped: 0.
Starting test testListHypervisors(org.jclouds.cloudstack.features.HypervisorClientLiveTest)
[pool-2-thread-1] Test testListHypervisors(org.jclouds.cloudstack.features.HypervisorClientLiveTest) succeeded: 1004ms
Test suite progress: tests succeeded: 17, failed: 17, skipped: 0.
Starting test testListResourceLimits(org.jclouds.cloudstack.features.LimitClientLiveTest)
[pool-2-thread-1] Test testListResourceLimits(org.jclouds.cloudstack.features.LimitClientLiveTest) succeeded: 392ms
Test suite progress: tests succeeded: 18, failed: 17, skipped: 0.
serviceOfferingId 10, templateId 202, zoneId 1, options [formParameters={}, headers={}, matrixParameters={}, pathSuffix=null, payload=null, queryParameters={networkids=[229]}]
Dec 14, 2011 6:09:19 PM org.jclouds.compute.BaseComputeServiceLiveTest testCreateAndRunAService
INFO: << available node(741) os(null) in 83s
SLF4J: Failed to load class "org.slf4j.impl.StaticLoggerBinder".
SLF4J: Defaulting to no-operation (NOP) logger implementation
SLF4J: See http://www.slf4j.org/codes.html#StaticLoggerBinder for further details.
Starting test testCreateLoadBalancerRule(org.jclouds.cloudstack.features.LoadBalancerClientLiveTest)
[pool-2-thread-1] Test testCreateLoadBalancerRule(org.jclouds.cloudstack.features.LoadBalancerClientLiveTest) failed.
Test suite progress: tests succeeded: 18, failed: 18, skipped: 0.
[pool-2-thread-1] Test testAssignToLoadBalancerRule(org.jclouds.cloudstack.features.LoadBalancerClientLiveTest) skipped.
Test suite progress: tests succeeded: 18, failed: 18, skipped: 1.
Starting test testListLoadBalancerRules(org.jclouds.cloudstack.features.LoadBalancerClientLiveTest)
[pool-2-thread-1] Test testListLoadBalancerRules(org.jclouds.cloudstack.features.LoadBalancerClientLiveTest) succeeded: 611ms
Test suite progress: tests succeeded: 19, failed: 18, skipped: 1.
[pool-2-thread-1] Test testRemoveFromLoadBalancerRule(org.jclouds.cloudstack.features.LoadBalancerClientLiveTest) skipped.
Test suite progress: tests succeeded: 19, failed: 18, skipped: 2.
Starting test testCreateGuestVirtualNetwork(org.jclouds.cloudstack.features.NetworkClientLiveTest)
Dec 14, 2011 6:09:57 PM org.jclouds.cloudstack.features.NetworkClientLiveTest testCreateGuestVirtualNetwork
SEVERE: couldn't create a network, skipping test
java.lang.IllegalStateException: { "createnetworkresponse" : {"errorcode" : 431, "errortext" : "Found existing network configuration for offering [Network Offering [6-Guest-DefaultVirtualizedNetworkOffering]: Ntwk[225|Guest|6]"}  }
	at org.jclouds.cloudstack.handlers.CloudStackErrorHandler.handleError(CloudStackErrorHandler.java:77)
	at org.jclouds.http.handlers.DelegatingErrorHandler.handleError(DelegatingErrorHandler.java:69)
	at org.jclouds.http.internal.BaseHttpCommandExecutorService$HttpResponseCallable.shouldContinue(BaseHttpCommandExecutorService.java:200)
	at org.jclouds.http.internal.BaseHttpCommandExecutorService$HttpResponseCallable.call(BaseHttpCommandExecutorService.java:165)
	at org.jclouds.http.internal.BaseHttpCommandExecutorService$HttpResponseCallable.call(BaseHttpCommandExecutorService.java:134)
	at java.util.concurrent.FutureTask$Sync.innerRun(FutureTask.java:303)
	at java.util.concurrent.FutureTask.run(FutureTask.java:138)
	at java.util.concurrent.ThreadPoolExecutor$Worker.runTask(ThreadPoolExecutor.java:886)
	at java.util.concurrent.ThreadPoolExecutor$Worker.run(ThreadPoolExecutor.java:908)
	at java.lang.Thread.run(Thread.java:680)
	at org.jclouds.concurrent.config.ExecutorServiceModule$DescribingExecutorService.submit(ExecutorServiceModule.java:182)
	at org.jclouds.http.internal.BaseHttpCommandExecutorService.submit(BaseHttpCommandExecutorService.java:131)
	at org.jclouds.http.TransformingHttpCommandExecutorServiceImpl.submit(TransformingHttpCommandExecutorServiceImpl.java:54)
	at org.jclouds.http.TransformingHttpCommandImpl.execute(TransformingHttpCommandImpl.java:72)
	at org.jclouds.rest.internal.AsyncRestClientProxy.createListenableFuture(AsyncRestClientProxy.java:156)
	at org.jclouds.rest.internal.AsyncRestClientProxy.invoke(AsyncRestClientProxy.java:126)
	at $Proxy99.createNetworkInZone(Unknown Source)
	at sun.reflect.NativeMethodAccessorImpl.invoke0(Native Method)
	at sun.reflect.NativeMethodAccessorImpl.invoke(NativeMethodAccessorImpl.java:39)
	at sun.reflect.DelegatingMethodAccessorImpl.invoke(DelegatingMethodAccessorImpl.java:25)
	at java.lang.reflect.Method.invoke(Method.java:597)
	at org.jclouds.concurrent.internal.SyncProxy.invoke(SyncProxy.java:140)
	at $Proxy100.createNetworkInZone(Unknown Source)
	at org.jclouds.cloudstack.features.NetworkClientLiveTest.testCreateGuestVirtualNetwork(NetworkClientLiveTest.java:82)
	at sun.reflect.NativeMethodAccessorImpl.invoke0(Native Method)
	at sun.reflect.NativeMethodAccessorImpl.invoke(NativeMethodAccessorImpl.java:39)
	at sun.reflect.DelegatingMethodAccessorImpl.invoke(DelegatingMethodAccessorImpl.java:25)
	at java.lang.reflect.Method.invoke(Method.java:597)
	at org.testng.internal.MethodInvocationHelper.invokeMethod(MethodInvocationHelper.java:76)
	at org.testng.internal.Invoker.invokeMethod(Invoker.java:673)
	at org.testng.internal.Invoker.invokeTestMethod(Invoker.java:846)
	at org.testng.internal.Invoker.invokeTestMethods(Invoker.java:1170)
	at org.testng.internal.TestMethodWorker.invokeTestMethods(TestMethodWorker.java:125)
	at org.testng.internal.TestMethodWorker.run(TestMethodWorker.java:109)
	at org.testng.TestRunner.runWorkers(TestRunner.java:1147)
	at org.testng.TestRunner.privateRun(TestRunner.java:749)
	at org.testng.TestRunner.run(TestRunner.java:600)
	at org.testng.SuiteRunner.runTest(SuiteRunner.java:317)
	at org.testng.SuiteRunner.access$000(SuiteRunner.java:34)
	at org.testng.SuiteRunner$SuiteWorker.run(SuiteRunner.java:351)
	at org.testng.internal.thread.ThreadUtil$CountDownLatchedRunnable.run(ThreadUtil.java:147)
	at java.util.concurrent.ThreadPoolExecutor$Worker.runTask(ThreadPoolExecutor.java:886)
	at java.util.concurrent.ThreadPoolExecutor$Worker.run(ThreadPoolExecutor.java:908)
	at java.lang.Thread.run(Thread.java:680)
	at org.jclouds.concurrent.config.ExecutorServiceModule$DescribingExecutorService.submit(ExecutorServiceModule.java:182)
	at org.jclouds.http.internal.BaseHttpCommandExecutorService.submit(BaseHttpCommandExecutorService.java:131)
	at org.jclouds.http.TransformingHttpCommandExecutorServiceImpl.submit(TransformingHttpCommandExecutorServiceImpl.java:54)
	at org.jclouds.http.TransformingHttpCommandImpl.execute(TransformingHttpCommandImpl.java:72)
	at org.jclouds.rest.internal.AsyncRestClientProxy.createListenableFuture(AsyncRestClientProxy.java:156)
	at org.jclouds.rest.internal.AsyncRestClientProxy.invoke(AsyncRestClientProxy.java:126)
	at $Proxy99.createNetworkInZone(Unknown Source)
	at sun.reflect.NativeMethodAccessorImpl.invoke0(Native Method)
	at sun.reflect.NativeMethodAccessorImpl.invoke(NativeMethodAccessorImpl.java:39)
	at sun.reflect.DelegatingMethodAccessorImpl.invoke(DelegatingMethodAccessorImpl.java:25)
	at java.lang.reflect.Method.invoke(Method.java:597)
	at org.jclouds.concurrent.internal.SyncProxy.invoke(SyncProxy.java:140)
	at $Proxy100.createNetworkInZone(Unknown Source)
	at org.jclouds.cloudstack.features.NetworkClientLiveTest.testCreateGuestVirtualNetwork(NetworkClientLiveTest.java:82)
	at sun.reflect.NativeMethodAccessorImpl.invoke0(Native Method)
	at sun.reflect.NativeMethodAccessorImpl.invoke(NativeMethodAccessorImpl.java:39)
	at sun.reflect.DelegatingMethodAccessorImpl.invoke(DelegatingMethodAccessorImpl.java:25)
	at java.lang.reflect.Method.invoke(Method.java:597)
	at org.testng.internal.MethodInvocationHelper.invokeMethod(MethodInvocationHelper.java:76)
	at org.testng.internal.Invoker.invokeMethod(Invoker.java:673)
	at org.testng.internal.Invoker.invokeTestMethod(Invoker.java:846)
	at org.testng.internal.Invoker.invokeTestMethods(Invoker.java:1170)
	at org.testng.internal.TestMethodWorker.invokeTestMethods(TestMethodWorker.java:125)
	at org.testng.internal.TestMethodWorker.run(TestMethodWorker.java:109)
	at org.testng.TestRunner.runWorkers(TestRunner.java:1147)
	at org.testng.TestRunner.privateRun(TestRunner.java:749)
	at org.testng.TestRunner.run(TestRunner.java:600)
	at org.testng.SuiteRunner.runTest(SuiteRunner.java:317)
	at org.testng.SuiteRunner.access$000(SuiteRunner.java:34)
	at org.testng.SuiteRunner$SuiteWorker.run(SuiteRunner.java:351)
	at org.testng.internal.thread.ThreadUtil$CountDownLatchedRunnable.run(ThreadUtil.java:147)
	at java.util.concurrent.ThreadPoolExecutor$Worker.runTask(ThreadPoolExecutor.java:886)
	at java.util.concurrent.ThreadPoolExecutor$Worker.run(ThreadPoolExecutor.java:908)
	at java.lang.Thread.run(Thread.java:680)
Caused by: org.jclouds.http.HttpResponseException: command: GET http://72.52.126.25/client/api?response=json&command=createNetwork&zoneid=1&name=adriancole-virtual&networkofferingid=6&displaytext=adriancole-virtual HTTP/1.1 failed with response: HTTP/1.1 431 null; content: [{ "createnetworkresponse" : {"errorcode" : 431, "errortext" : "Found existing network configuration for offering [Network Offering [6-Guest-DefaultVirtualizedNetworkOffering]: Ntwk[225|Guest|6]"}  }]
	at org.jclouds.cloudstack.handlers.CloudStackErrorHandler.handleError(CloudStackErrorHandler.java:51)
	at org.jclouds.http.handlers.DelegatingErrorHandler.handleError(DelegatingErrorHandler.java:69)
	at org.jclouds.http.internal.BaseHttpCommandExecutorService$HttpResponseCallable.shouldContinue(BaseHttpCommandExecutorService.java:200)
	at org.jclouds.http.internal.BaseHttpCommandExecutorService$HttpResponseCallable.call(BaseHttpCommandExecutorService.java:165)
	at org.jclouds.http.internal.BaseHttpCommandExecutorService$HttpResponseCallable.call(BaseHttpCommandExecutorService.java:134)
	at java.util.concurrent.FutureTask$Sync.innerRun(FutureTask.java:303)
	at java.util.concurrent.FutureTask.run(FutureTask.java:138)
	... 3 more
[pool-2-thread-1] Test testCreateGuestVirtualNetwork(org.jclouds.cloudstack.features.NetworkClientLiveTest) succeeded: 1200ms
Test suite progress: tests succeeded: 20, failed: 18, skipped: 2.
Starting test testCreateVLANNetwork(org.jclouds.cloudstack.features.NetworkClientLiveTest)
Dec 14, 2011 6:09:57 PM org.jclouds.cloudstack.features.NetworkClientLiveTest testCreateVLANNetwork
SEVERE: domainAdmin credentials not present, skipping test
[pool-2-thread-1] Test testCreateVLANNetwork(org.jclouds.cloudstack.features.NetworkClientLiveTest) succeeded: 0ms
Test suite progress: tests succeeded: 21, failed: 18, skipped: 2.
Starting test testListNetworks(org.jclouds.cloudstack.features.NetworkClientLiveTest)
[pool-2-thread-1] Test testListNetworks(org.jclouds.cloudstack.features.NetworkClientLiveTest) failed.
Test suite progress: tests succeeded: 21, failed: 19, skipped: 2.
Starting test testListDiskOfferings(org.jclouds.cloudstack.features.OfferingClientLiveTest)
[pool-2-thread-1] Test testListDiskOfferings(org.jclouds.cloudstack.features.OfferingClientLiveTest) succeeded: 2361ms
Test suite progress: tests succeeded: 22, failed: 19, skipped: 2.
Starting test testListNetworkOfferings(org.jclouds.cloudstack.features.OfferingClientLiveTest)
[pool-2-thread-1] Test testListNetworkOfferings(org.jclouds.cloudstack.features.OfferingClientLiveTest) succeeded: 1017ms
Test suite progress: tests succeeded: 23, failed: 19, skipped: 2.
Starting test testListServiceOfferings(org.jclouds.cloudstack.features.OfferingClientLiveTest)
[pool-2-thread-1] Test testListServiceOfferings(org.jclouds.cloudstack.features.OfferingClientLiveTest) succeeded: 4717ms
Test suite progress: tests succeeded: 24, failed: 19, skipped: 2.
Starting test testCreateDestroySecurityGroup(org.jclouds.cloudstack.features.SecurityGroupClientLiveTest)
java.util.NoSuchElementException
	at com.google.common.collect.AbstractIterator.next(AbstractIterator.java:152)
	at com.google.common.collect.Iterators.find(Iterators.java:715)
	at com.google.common.collect.Iterables.find(Iterables.java:638)
	at org.jclouds.cloudstack.features.SecurityGroupClientLiveTest.testCreateDestroySecurityGroup(SecurityGroupClientLiveTest.java:63)
	at sun.reflect.NativeMethodAccessorImpl.invoke0(Native Method)
	at sun.reflect.NativeMethodAccessorImpl.invoke(NativeMethodAccessorImpl.java:39)
	at sun.reflect.DelegatingMethodAccessorImpl.invoke(DelegatingMethodAccessorImpl.java:25)
	at java.lang.reflect.Method.invoke(Method.java:597)
	at org.testng.internal.MethodInvocationHelper.invokeMethod(MethodInvocationHelper.java:76)
	at org.testng.internal.Invoker.invokeMethod(Invoker.java:673)
	at org.testng.internal.Invoker.invokeTestMethod(Invoker.java:846)
	at org.testng.internal.Invoker.invokeTestMethods(Invoker.java:1170)
	at org.testng.internal.TestMethodWorker.invokeTestMethods(TestMethodWorker.java:125)
	at org.testng.internal.TestMethodWorker.run(TestMethodWorker.java:109)
	at org.testng.TestRunner.runWorkers(TestRunner.java:1147)
	at org.testng.TestRunner.privateRun(TestRunner.java:749)
	at org.testng.TestRunner.run(TestRunner.java:600)
	at org.testng.SuiteRunner.runTest(SuiteRunner.java:317)
	at org.testng.SuiteRunner.access$000(SuiteRunner.java:34)
	at org.testng.SuiteRunner$SuiteWorker.run(SuiteRunner.java:351)
	at org.testng.internal.thread.ThreadUtil$CountDownLatchedRunnable.run(ThreadUtil.java:147)
	at java.util.concurrent.ThreadPoolExecutor$Worker.runTask(ThreadPoolExecutor.java:886)
	at java.util.concurrent.ThreadPoolExecutor$Worker.run(ThreadPoolExecutor.java:908)
	at java.lang.Thread.run(Thread.java:680)
[pool-2-thread-1] Test testCreateDestroySecurityGroup(org.jclouds.cloudstack.features.SecurityGroupClientLiveTest) succeeded: 51ms
Test suite progress: tests succeeded: 25, failed: 19, skipped: 2.
Starting test testCreateIngress(org.jclouds.cloudstack.features.SecurityGroupClientLiveTest)
[pool-2-thread-1] Test testCreateIngress(org.jclouds.cloudstack.features.SecurityGroupClientLiveTest) succeeded: 0ms
Test suite progress: tests succeeded: 26, failed: 19, skipped: 2.
Starting test testCreateVMInSecurityGroup(org.jclouds.cloudstack.features.SecurityGroupClientLiveTest)
[pool-2-thread-1] Test testCreateVMInSecurityGroup(org.jclouds.cloudstack.features.SecurityGroupClientLiveTest) succeeded: 0ms
Test suite progress: tests succeeded: 27, failed: 19, skipped: 2.
Starting test testListSecurityGroup(org.jclouds.cloudstack.features.SecurityGroupClientLiveTest)
[pool-2-thread-1] Test testListSecurityGroup(org.jclouds.cloudstack.features.SecurityGroupClientLiveTest) succeeded: 0ms
Test suite progress: tests succeeded: 28, failed: 19, skipped: 2.
Starting test testCreateSnapshotFromVolume(org.jclouds.cloudstack.features.SnapshotClientLiveTest)
[pool-2-thread-1] Test testCreateSnapshotFromVolume(org.jclouds.cloudstack.features.SnapshotClientLiveTest) succeeded: 245061ms
Test suite progress: tests succeeded: 29, failed: 19, skipped: 2.
Starting test testGetSnapshotById(org.jclouds.cloudstack.features.SnapshotClientLiveTest)
[pool-2-thread-1] Test testGetSnapshotById(org.jclouds.cloudstack.features.SnapshotClientLiveTest) succeeded: 3852ms
Test suite progress: tests succeeded: 30, failed: 19, skipped: 2.
Starting test testGetSnapshotNonexistantId(org.jclouds.cloudstack.features.SnapshotClientLiveTest)
[pool-2-thread-1] Test testGetSnapshotNonexistantId(org.jclouds.cloudstack.features.SnapshotClientLiveTest) succeeded: 299ms
Test suite progress: tests succeeded: 31, failed: 19, skipped: 2.
Starting test testListSnapshots(org.jclouds.cloudstack.features.SnapshotClientLiveTest)
[pool-2-thread-1] Test testListSnapshots(org.jclouds.cloudstack.features.SnapshotClientLiveTest) succeeded: 80ms
Test suite progress: tests succeeded: 32, failed: 19, skipped: 2.
Starting test testListSnapshotsById(org.jclouds.cloudstack.features.SnapshotClientLiveTest)
[pool-2-thread-1] Test testListSnapshotsById(org.jclouds.cloudstack.features.SnapshotClientLiveTest) succeeded: 449ms
Test suite progress: tests succeeded: 33, failed: 19, skipped: 2.
Starting test testListSnapshotsNonexistantId(org.jclouds.cloudstack.features.SnapshotClientLiveTest)
[pool-2-thread-1] Test testListSnapshotsNonexistantId(org.jclouds.cloudstack.features.SnapshotClientLiveTest) succeeded: 29ms
Test suite progress: tests succeeded: 34, failed: 19, skipped: 2.
Starting test testCreateDeleteSSHKeyPair(org.jclouds.cloudstack.features.SSHKeyPairClientLiveTest)
[pool-2-thread-1] Test testCreateDeleteSSHKeyPair(org.jclouds.cloudstack.features.SSHKeyPairClientLiveTest) failed.
Test suite progress: tests succeeded: 34, failed: 20, skipped: 2.
Starting test testListSSHKeyPairs(org.jclouds.cloudstack.features.SSHKeyPairClientLiveTest)
[pool-2-thread-1] Test testListSSHKeyPairs(org.jclouds.cloudstack.features.SSHKeyPairClientLiveTest) succeeded: 316ms
Test suite progress: tests succeeded: 35, failed: 20, skipped: 2.
Starting test testRegisterDeleteSSHKeyPair(org.jclouds.cloudstack.features.SSHKeyPairClientLiveTest)
[pool-2-thread-1] Test testRegisterDeleteSSHKeyPair(org.jclouds.cloudstack.features.SSHKeyPairClientLiveTest) succeeded: 1423ms
Test suite progress: tests succeeded: 36, failed: 20, skipped: 2.
Starting test testListTemplates(org.jclouds.cloudstack.features.TemplateClientLiveTest)
INFO: Checking template: Template{id=241, displayText='CentOS 5.3 Default', domain='ROOT', domainId=1, account='admin', accountId=0, zone='Demo5', zoneId=1, OSType='CentOS 5.3 (64-bit)', OSTypeId=12, name='CentOS 5.3 Default', type=USER, status='null', format=VHD, hypervisor='XenServer', size=8589934592, created=Tue Nov 08 15:19:54 PST 2011, removed=null, crossZones=false, bootable=false, extractable=false, featured=true, ispublic=true, ready=true, passwordEnabled=false, jobId=null, jobStatus='null', checksum='null', hostId=null, hostName='null', sourceTemplateId=null, templateTag='null'}
INFO: Checking template: Template{id=202, displayText='New Default Template', domain='ROOT', domainId=1, account='admin', accountId=0, zone='Demo5', zoneId=1, OSType='CentOS 5.3 (64-bit)', OSTypeId=12, name='New Default Template', type=USER, status='null', format=VHD, hypervisor='XenServer', size=8589934592, created=Mon Oct 17 15:39:45 PDT 2011, removed=null, crossZones=false, bootable=false, extractable=true, featured=true, ispublic=true, ready=true, passwordEnabled=true, jobId=null, jobStatus='null', checksum='4a31ca53f8e1d78d436bef024326ede7', hostId=null, hostName='null', sourceTemplateId=2, templateTag='null'}
INFO: Checking template: Template{id=240, displayText='CentOS 5.3 Default', domain='ROOT', domainId=1, account='admin', accountId=0, zone='Demo5', zoneId=1, OSType='CentOS 5.3 (64-bit)', OSTypeId=12, name='CentOS 5.3 Default', type=USER, status='null', format=VHD, hypervisor='XenServer', size=8589934592, created=Tue Nov 08 15:02:05 PST 2011, removed=null, crossZones=false, bootable=false, extractable=false, featured=true, ispublic=true, ready=true, passwordEnabled=false, jobId=null, jobStatus='null', checksum='null', hostId=null, hostName='null', sourceTemplateId=null, templateTag='null'}
INFO: Checking template: Template{id=299, displayText='jclouds live testCreateTemplate', domain='jCloud', domainId=11, account='jcloud2', accountId=0, zone='Demo5', zoneId=1, OSType='CentOS 5.3 (64-bit)', OSTypeId=12, name='jclouds-6d4bdc29', type=USER, status='Download Complete', format=VHD, hypervisor='XenServer', size=8589934592, created=Thu Dec 01 11:38:46 PST 2011, removed=null, crossZones=false, bootable=false, extractable=true, featured=false, ispublic=false, ready=true, passwordEnabled=false, jobId=null, jobStatus='null', checksum='b5f279469f8e8a7aa4d9d86621705239', hostId=null, hostName='null', sourceTemplateId=202, templateTag='null'}
[pool-2-thread-1] Test testListTemplates(org.jclouds.cloudstack.features.TemplateClientLiveTest) succeeded: 4306ms
Test suite progress: tests succeeded: 37, failed: 20, skipped: 2.
Starting test testRegisterTemplate(org.jclouds.cloudstack.features.TemplateClientLiveTest)
INFO: 
INFO: 
INFO: 
INFO: 
INFO: 
INFO: 
INFO: 
INFO: 
INFO: 
INFO: 96% Downloaded
INFO: 96% Downloaded
INFO: 96% Downloaded
INFO: 96% Downloaded
INFO: 96% Downloaded
INFO: 96% Downloaded
INFO: 96% Downloaded
INFO: 96% Downloaded
INFO: 96% Downloaded
INFO: 96% Downloaded
INFO: 96% Downloaded
INFO: 96% Downloaded
INFO: 96% Downloaded
INFO: 96% Downloaded
INFO: 96% Downloaded
INFO: 96% Downloaded
INFO: 96% Downloaded
INFO: 96% Downloaded
INFO: 96% Downloaded
INFO: 96% Downloaded
INFO: 96% Downloaded
INFO: 96% Downloaded
INFO: 96% Downloaded
INFO: 96% Downloaded
INFO: 96% Downloaded
INFO: 96% Downloaded
INFO: 96% Downloaded
INFO: 96% Downloaded
INFO: Download Complete
serviceOfferingId 10, templateId 335, zoneId 1, options [formParameters={}, headers={}, matrixParameters={}, pathSuffix=null, payload=null, queryParameters={networkids=[225]}]
[pool-2-thread-1] Test testRegisterTemplate(org.jclouds.cloudstack.features.TemplateClientLiveTest) succeeded: 80180ms
Test suite progress: tests succeeded: 38, failed: 20, skipped: 2.
Starting test testExtractTemplate(org.jclouds.cloudstack.features.TemplateClientLiveTest)
[pool-2-thread-1] Test testExtractTemplate(org.jclouds.cloudstack.features.TemplateClientLiveTest) succeeded: 1617ms
Test suite progress: tests succeeded: 39, failed: 20, skipped: 2.
Starting test testCreateTemplate(org.jclouds.cloudstack.features.TemplateClientLiveTest)
serviceOfferingId 10, templateId 202, zoneId 1, options [formParameters={}, headers={}, matrixParameters={}, pathSuffix=null, payload=null, queryParameters={networkids=[225]}]
[pool-2-thread-1] Test testCreateTemplate(org.jclouds.cloudstack.features.TemplateClientLiveTest) failed.
Test suite progress: tests succeeded: 39, failed: 21, skipped: 2.
Starting test testCreateVirtualMachine(org.jclouds.cloudstack.features.VirtualMachineClientLiveTest)
serviceOfferingId 10, templateId 202, zoneId 1, options [formParameters={}, headers={}, matrixParameters={}, pathSuffix=null, payload=null, queryParameters={networkids=[229]}]
testing socket [address=72.52.67.19, port=22]
testing ssh [address=72.52.67.19, port=22]
[pool-2-thread-1] Test testCreateVirtualMachine(org.jclouds.cloudstack.features.VirtualMachineClientLiveTest) failed.
Test suite progress: tests succeeded: 39, failed: 22, skipped: 2.
[pool-2-thread-1] Test testLifeCycle(org.jclouds.cloudstack.features.VirtualMachineClientLiveTest) skipped.
Test suite progress: tests succeeded: 39, failed: 22, skipped: 3.
Starting test testListVirtualMachines(org.jclouds.cloudstack.features.VirtualMachineClientLiveTest)
[pool-2-thread-1] Test testListVirtualMachines(org.jclouds.cloudstack.features.VirtualMachineClientLiveTest) succeeded: 10648ms
Test suite progress: tests succeeded: 40, failed: 22, skipped: 3.
Starting test testCreateVirtualMachineWithSpecificIp(org.jclouds.cloudstack.features.VirtualMachineClientLiveTest)
Dec 14, 2011 6:17:17 PM org.jclouds.cloudstack.features.VirtualMachineClientLiveTest testCreateVirtualMachineWithSpecificIp
INFO: Using template: Template{id=202, displayText='New Default Template', domain='ROOT', domainId=1, account='admin', accountId=0, zone='Demo5', zoneId=1, OSType='CentOS 5.3 (64-bit)', OSTypeId=12, name='New Default Template', type=USER, status='null', format=VHD, hypervisor='XenServer', size=8589934592, created=Mon Oct 17 15:39:45 PDT 2011, removed=null, crossZones=false, bootable=false, extractable=true, featured=true, ispublic=true, ready=true, passwordEnabled=true, jobId=null, jobStatus='null', checksum='4a31ca53f8e1d78d436bef024326ede7', hostId=null, hostName='null', sourceTemplateId=2, templateTag='null'}
[pool-2-thread-1] Test testCreateVirtualMachineWithSpecificIp(org.jclouds.cloudstack.features.VirtualMachineClientLiveTest) failed.
Test suite progress: tests succeeded: 40, failed: 23, skipped: 3.
Starting test testCreateListDestroyVMGroup(org.jclouds.cloudstack.features.VMGroupClientLiveTest)
[pool-2-thread-1] Test testCreateListDestroyVMGroup(org.jclouds.cloudstack.features.VMGroupClientLiveTest) succeeded: 1421ms
Test suite progress: tests succeeded: 41, failed: 23, skipped: 3.
Starting test testCreateVolumeFromDiskofferingInZoneAndAttachVolumeToVirtualMachineAndDetachAndDelete(org.jclouds.cloudstack.features.VolumeClientLiveTest)
[pool-2-thread-1] Test testCreateVolumeFromDiskofferingInZoneAndAttachVolumeToVirtualMachineAndDetachAndDelete(org.jclouds.cloudstack.features.VolumeClientLiveTest) failed.
Test suite progress: tests succeeded: 41, failed: 24, skipped: 3.
Starting test testCreateVolumeFromDiskofferingInZoneAndDeleteVolume(org.jclouds.cloudstack.features.VolumeClientLiveTest)
[pool-2-thread-1] Test testCreateVolumeFromDiskofferingInZoneAndDeleteVolume(org.jclouds.cloudstack.features.VolumeClientLiveTest) failed.
Test suite progress: tests succeeded: 41, failed: 25, skipped: 3.
Starting test testCreateVolumeFromSnapshotInZoneAndDeleteVolume(org.jclouds.cloudstack.features.VolumeClientLiveTest)
[pool-2-thread-1] Test testCreateVolumeFromSnapshotInZoneAndDeleteVolume(org.jclouds.cloudstack.features.VolumeClientLiveTest) failed.
Test suite progress: tests succeeded: 41, failed: 26, skipped: 3.
Starting test testGetVolumeById(org.jclouds.cloudstack.features.VolumeClientLiveTest)
[pool-2-thread-1] Test testGetVolumeById(org.jclouds.cloudstack.features.VolumeClientLiveTest) succeeded: 11559ms
Test suite progress: tests succeeded: 42, failed: 26, skipped: 3.
Starting test testGetVolumeNonexistantId(org.jclouds.cloudstack.features.VolumeClientLiveTest)
[pool-2-thread-1] Test testGetVolumeNonexistantId(org.jclouds.cloudstack.features.VolumeClientLiveTest) succeeded: 482ms
Test suite progress: tests succeeded: 43, failed: 26, skipped: 3.
Starting test testListVolumes(org.jclouds.cloudstack.features.VolumeClientLiveTest)
[pool-2-thread-1] Test testListVolumes(org.jclouds.cloudstack.features.VolumeClientLiveTest) succeeded: 338ms
Test suite progress: tests succeeded: 44, failed: 26, skipped: 3.
Starting test testListVolumesById(org.jclouds.cloudstack.features.VolumeClientLiveTest)
[pool-2-thread-1] Test testListVolumesById(org.jclouds.cloudstack.features.VolumeClientLiveTest) succeeded: 1382ms
Test suite progress: tests succeeded: 45, failed: 26, skipped: 3.
Starting test testListVolumesNonexistantId(org.jclouds.cloudstack.features.VolumeClientLiveTest)
[pool-2-thread-1] Test testListVolumesNonexistantId(org.jclouds.cloudstack.features.VolumeClientLiveTest) succeeded: 32ms
Test suite progress: tests succeeded: 46, failed: 26, skipped: 3.
Starting test testListZones(org.jclouds.cloudstack.features.ZoneClientLiveTest)
[pool-2-thread-1] Test testListZones(org.jclouds.cloudstack.features.ZoneClientLiveTest) succeeded: 611ms
Test suite progress: tests succeeded: 47, failed: 26, skipped: 3.
serviceOfferingId 10, templateId 202, zoneId 1, options [formParameters={}, headers={}, matrixParameters={}, pathSuffix=null, payload=null, queryParameters={networkids=[225]}]
Starting test testCreateIPForwardingRule(org.jclouds.cloudstack.functions.StaticNATVirtualMachineInNetworkLiveTest)
[pool-2-thread-1] Test testCreateIPForwardingRule(org.jclouds.cloudstack.functions.StaticNATVirtualMachineInNetworkLiveTest) skipped.
Test suite progress: tests succeeded: 47, failed: 26, skipped: 4.
[pool-2-thread-2] Test testCreateAndRunAService(org.jclouds.cloudstack.compute.CloudStackComputeServiceLiveTest) failed.
Test suite progress: tests succeeded: 47, failed: 27, skipped: 4.
Starting test testCreateTwoNodesWithRunScript(org.jclouds.cloudstack.compute.CloudStackComputeServiceLiveTest)
[pool-2-thread-2] Test testCreateTwoNodesWithRunScript(org.jclouds.cloudstack.compute.CloudStackComputeServiceLiveTest) succeeded: 99292ms
Test suite progress: tests succeeded: 48, failed: 27, skipped: 4.
Starting test testCreateAnotherNodeWithANewContextToEnsureSharedMemIsntRequired(org.jclouds.cloudstack.compute.CloudStackComputeServiceLiveTest)
Dec 14, 2011 6:32:37 PM org.jclouds.compute.BaseComputeServiceLiveTest testCreateAnotherNodeWithANewContextToEnsureSharedMemIsntRequired
INFO: creating another node based on existing nodes' location: [id=1, scope=ZONE, description=Demo5, parent=cloudstack, iso3166Codes=[], metadata={}]
[pool-2-thread-2] Test testCreateAnotherNodeWithANewContextToEnsureSharedMemIsntRequired(org.jclouds.cloudstack.compute.CloudStackComputeServiceLiveTest) failed.
Test suite progress: tests succeeded: 48, failed: 28, skipped: 4.
[pool-2-thread-2] Test testCredentialsCache(org.jclouds.cloudstack.compute.CloudStackComputeServiceLiveTest) skipped.
Test suite progress: tests succeeded: 48, failed: 28, skipped: 5.
[pool-2-thread-2] Test testGet(org.jclouds.cloudstack.compute.CloudStackComputeServiceLiveTest) skipped.
Test suite progress: tests succeeded: 48, failed: 28, skipped: 6.
Starting test testGetAssignableLocations(org.jclouds.cloudstack.compute.CloudStackComputeServiceLiveTest)
Dec 14, 2011 6:32:51 PM org.jclouds.compute.BaseComputeServiceLiveTest testGetAssignableLocations
WARNING: location [id=1, scope=ZONE, description=Demo5, parent=cloudstack, iso3166Codes=[], metadata={}]
[pool-2-thread-2] Test testGetAssignableLocations(org.jclouds.cloudstack.compute.CloudStackComputeServiceLiveTest) succeeded: 18ms
Test suite progress: tests succeeded: 49, failed: 28, skipped: 6.
Starting test testImagesCache(org.jclouds.cloudstack.compute.CloudStackComputeServiceLiveTest)
[pool-2-thread-2] Test testImagesCache(org.jclouds.cloudstack.compute.CloudStackComputeServiceLiveTest) succeeded: 0ms
Test suite progress: tests succeeded: 50, failed: 28, skipped: 6.
Starting test testListImages(org.jclouds.cloudstack.compute.CloudStackComputeServiceLiveTest)
[pool-2-thread-2] Test testListImages(org.jclouds.cloudstack.compute.CloudStackComputeServiceLiveTest) succeeded: 1ms
Test suite progress: tests succeeded: 51, failed: 28, skipped: 6.
Starting test testListSizes(org.jclouds.cloudstack.compute.CloudStackComputeServiceLiveTest)
[pool-2-thread-2] Test testListSizes(org.jclouds.cloudstack.compute.CloudStackComputeServiceLiveTest) succeeded: 0ms
Test suite progress: tests succeeded: 52, failed: 28, skipped: 6.
[pool-2-thread-2] Test testReboot(org.jclouds.cloudstack.compute.CloudStackComputeServiceLiveTest) skipped.
Test suite progress: tests succeeded: 52, failed: 28, skipped: 7.
[pool-2-thread-2] Test testSuspendResume(org.jclouds.cloudstack.compute.CloudStackComputeServiceLiveTest) skipped.
Test suite progress: tests succeeded: 52, failed: 28, skipped: 8.
[pool-2-thread-2] Test testGetNodesWithDetails(org.jclouds.cloudstack.compute.CloudStackComputeServiceLiveTest) skipped.
Test suite progress: tests succeeded: 52, failed: 28, skipped: 9.
[pool-2-thread-2] Test testListNodes(org.jclouds.cloudstack.compute.CloudStackComputeServiceLiveTest) skipped.
Test suite progress: tests succeeded: 52, failed: 28, skipped: 10.
[pool-2-thread-2] Test testDestroyNodes(org.jclouds.cloudstack.compute.CloudStackComputeServiceLiveTest) skipped.
Test suite progress: tests succeeded: 52, failed: 28, skipped: 11.
Starting test testTemplateMatch(org.jclouds.cloudstack.compute.CloudStackComputeServiceLiveTest)
[pool-2-thread-2] Test testTemplateMatch(org.jclouds.cloudstack.compute.CloudStackComputeServiceLiveTest) succeeded: 1ms
Test suite progress: tests succeeded: 53, failed: 28, skipped: 11.
Starting test testAssignability(org.jclouds.cloudstack.compute.CloudStackComputeServiceLiveTest)
[pool-2-thread-2] Test testAssignability(org.jclouds.cloudstack.compute.CloudStackComputeServiceLiveTest) succeeded: 68ms
Test suite progress: tests succeeded: 54, failed: 28, skipped: 11.
Starting test testCorrectExceptionRunningNodesNotFound(org.jclouds.cloudstack.compute.CloudStackComputeServiceLiveTest)
[pool-2-thread-2] Test testCorrectExceptionRunningNodesNotFound(org.jclouds.cloudstack.compute.CloudStackComputeServiceLiveTest) succeeded: 100ms
Test suite progress: tests succeeded: 55, failed: 28, skipped: 11.
Tests run: 96, Failures: 29, Errors: 0, Skipped: 12, Time elapsed: 1,611.913 sec <<< FAILURE!

Results :

Failed tests:   testCreateNodeWithGroupEncodedIntoName(org.jclouds.cloudstack.compute.CloudStackComputeServiceAdapterLiveTest): { "deployvirtualmachineresponse" : {"errorcode" : 431, "errortext" : "Invalid name. Vm name can contain ASCII letters 'a' through 'z', the digits '0' through '9', and the hyphen ('-'), must be between 1 and 63 characters long, and can't start or end with "-" and can't start with digit"}  }
  testListAsyncJobs(org.jclouds.cloudstack.features.AsyncJobClientLiveTest): AsyncJob{accountId=-1, cmd='null', created=null, id=5362, instanceId=-1, instanceType='null', progress=0, result=null, resultCode=SUCCESS, resultType='null', status=IN_PROGRESS, userId=-1, error=null}
  testEnableDisableAccount(org.jclouds.cloudstack.features.DomainAccountClientLiveTest)
  testEnableDisableUser(org.jclouds.cloudstack.features.DomainUserClientLiveTest)
  testListUsers(org.jclouds.cloudstack.features.DomainUserClientLiveTest)
  testCreatePortForwardingRule(org.jclouds.cloudstack.features.FirewallClientLiveTest): expected:<true> but was:<false>
  testListPortForwardingRules(org.jclouds.cloudstack.features.FirewallClientLiveTest): This is not a JSON Array.
  testCreateAndRemoveAccount(org.jclouds.cloudstack.features.GlobalAccountClientLiveTest)
  testListAlerts(org.jclouds.cloudstack.features.GlobalAlertClientLiveTest): Test cannot run without global admin identity and credentials expected:<true> but was:<false>
  testListCapacity(org.jclouds.cloudstack.features.GlobalCapacityClientLiveTest): Test cannot run without global admin identity and credentials expected:<true> but was:<false>
  testListHosts(org.jclouds.cloudstack.features.GlobalHostClientLiveTest): Test cannot run without global admin identity and credentials expected:<true> but was:<false>
  testCreateDiskOffering(org.jclouds.cloudstack.features.GlobalOfferingClientLiveTest): Test cannot run without global admin identity and credentials expected:<true> but was:<false>
  testCreateServiceOffering(org.jclouds.cloudstack.features.GlobalOfferingClientLiveTest): Test cannot run without global admin identity and credentials expected:<true> but was:<false>
  testUpdateNetworkOffering(org.jclouds.cloudstack.features.GlobalOfferingClientLiveTest): Test cannot run without global admin identity and credentials expected:<true> but was:<false>
  testListStoragePools(org.jclouds.cloudstack.features.GlobalStoragePoolClientLiveTest): Test cannot run without global admin identity and credentials expected:<true> but was:<false>
  testCreateUser(org.jclouds.cloudstack.features.GlobalUserClientLiveTest)
  testAScriptExecutionAfterBootWithBasicTemplate(org.jclouds.cloudstack.compute.CloudStackComputeServiceLiveTest): error running 1 node tag(cloudstack-r) location(1) image(202) size(10) options([inboundPorts=[22], privateKey=false, publicKey=false, runScript=false, blockUntilRunning=true, blockOnComplete=true, port:seconds=22:120, userMetadata: {}])
  testCreateLoadBalancerRule(org.jclouds.cloudstack.features.LoadBalancerClientLiveTest): { "associateipaddressresponse" : {"errorcode" : 431, "errortext" : "The owner of the network is not the same as owner of the IP"}  }
  testListNetworks(org.jclouds.cloudstack.features.NetworkClientLiveTest): Network{id=229, account='null', broadcastDomainType='Vlan', broadcastURI=vlan://67, displayText='Direct-67', DNS1='72.52.126.11', DNS2='null', domain='null', domainId=0, endIP='72.52.67.31', gateway='72.52.67.1', isDefault=true, isShared=true, isSystem=false, netmask='255.255.255.224', networkDomain='cs1cloud.internal', networkOfferingAvailability='Optional', networkOfferingDisplayText='Direct', networkOfferingId=7, networkOfferingName='DefaultDirectNetworkOffering', related=229, startIP='72.52.67.2', name='Direct-67', state='Setup', guestIPType=Direct, VLAN='67', trafficType=Guest, zoneId=1, tags='null', securityGroupEnabled=false, services=[NetworkService{name='Dhcp', capabilities=[]}, NetworkService{name='Dns', capabilities=[[name=AllowDnsSuffixModification, value=true]]}, NetworkService{name='Lb', capabilities=[[name=SupportedLbAlgorithms, value=roundrobin,leastconn,source], [name=SupportedProtocols, value=tcp, udp]]}, NetworkService{name='UserData', capabilities=[]}]}
  testCreateDeleteSSHKeyPair(org.jclouds.cloudstack.features.SSHKeyPairClientLiveTest): expected:<SshKeyPair{fingerprint='b2:2c:1c:1b:d3:62:07:76:b5:1e:99:0a:e4:0d:69:26', name='adriancole-jclouds-keypair', privateKey='null'}> but was:<SshKeyPair{fingerprint='b2:2c:1c:1b:d3:62:07:76:b5:1e:99:0a:e4:0d:69:26', name='adriancole-jclouds-keypair', privateKey='-----BEGIN RSA PRIVATE KEY-----
  testCreateTemplate(org.jclouds.cloudstack.features.TemplateClientLiveTest): command: GET http://72.52.126.25/client/api?response=json&command=deployVirtualMachine&zoneid=1&templateid=202&serviceofferingid=10&networkids=225 HTTP/1.1 failed with response: HTTP/1.1 534 null; content: [{ "deployvirtualmachineresponse" : {"errorcode" : 534, "errortext" : "Maximum number of virtual machines for account: jcloud2 has been exceeded."}  }]
  testCreateVirtualMachine(org.jclouds.cloudstack.features.VirtualMachineClientLiveTest): (root:password@72.52.67.19:22) (root:password@72.52.67.19:22) error acquiring SSHClient(timeout=60000) (not retryable): Exhausted available authentication methods
  testCreateVirtualMachineWithSpecificIp(org.jclouds.cloudstack.features.VirtualMachineClientLiveTest)
  testCreateVolumeFromDiskofferingInZoneAndAttachVolumeToVirtualMachineAndDetachAndDelete(org.jclouds.cloudstack.features.VolumeClientLiveTest): failed to create volume
  testCreateVolumeFromDiskofferingInZoneAndDeleteVolume(org.jclouds.cloudstack.features.VolumeClientLiveTest): failed to create volume
  testCreateVolumeFromSnapshotInZoneAndDeleteVolume(org.jclouds.cloudstack.features.VolumeClientLiveTest): failed to create volume
  setupClient(org.jclouds.cloudstack.functions.StaticNATVirtualMachineInNetworkLiveTest): command: GET http://72.52.126.25/client/api?response=json&command=deployVirtualMachine&zoneid=1&templateid=202&serviceofferingid=10&networkids=225 HTTP/1.1 failed with response: HTTP/1.1 534 null; content: [{ "deployvirtualmachineresponse" : {"errorcode" : 534, "errortext" : "Maximum number of virtual machines for account: jcloud2 has been exceeded."}  }]
  testCreateAndRunAService(org.jclouds.cloudstack.compute.CloudStackComputeServiceLiveTest): could not connect to any ip address port 22 on node [id=741, providerId=741, group=cloudstack-s, name=cloudstack-s-cc3, location=[id=1, scope=ZONE, description=Demo5, parent=cloudstack, iso3166Codes=[], metadata={}], uri=null, imageId=null, os=null, state=RUNNING, loginPort=22, hostname=cloudstack-s-cc3, privateAddresses=[10.1.1.111], publicAddresses=[72.52.126.94], hardware=[id=10, providerId=10, name=Micro Instance, processors=[[cores=1.0, speed=500.0]], ram=256, volumes=[], supportsImage=ALWAYS_TRUE, tags=[]], loginUser=web, userMetadata={}, tags=[]]
  testCreateAnotherNodeWithANewContextToEnsureSharedMemIsntRequired(org.jclouds.cloudstack.compute.CloudStackComputeServiceLiveTest): error running 1 node tag(cloudstack-) location(1) image(202) size(10) options([inboundPorts=[22], privateKey=false, publicKey=false, runScript=true, blockUntilRunning=true, blockOnComplete=true, port:seconds=-1:-1, userMetadata: {}])

Tests run: 96, Failures: 29, Errors: 0, Skipped: 12

[INFO] ------------------------------------------------------------------------
[INFO] BUILD FAILURE
[INFO] ------------------------------------------------------------------------
[INFO] Total time: 27:23.587s
[INFO] Finished at: Wed Dec 14 18:33:26 PST 2011
[INFO] Final Memory: 21M/265M
[INFO] ------------------------------------------------------------------------
[ERROR] Failed to execute goal org.apache.maven.plugins:maven-surefire-plugin:2.10:test (integration) on project cloudstack: There are test failures.
[ERROR] 
[ERROR] Please refer to /Users/adriancole/workspace/git/jclouds/apis/cloudstack/target/surefire-reports for the individual test results.
[ERROR] -> [Help 1]
[ERROR] 
[ERROR] To see the full stack trace of the errors, re-run Maven with the -e switch.
[ERROR] Re-run Maven using the -X switch to enable full debug logging.
[ERROR] 
[ERROR] For more information about the errors and possible solutions, please read the following articles:
[ERROR] [Help 1] http://cwiki.apache.org/confluence/display/MAVEN/MojoFailureException
